
                    ----------Backbone bond lenths----------                   

  All bonds within 4.0 sigma of ideal values.

                    ----------Backbone bond angles----------                   

  All angles within 4.0 sigma of ideal values.

                        ----------Sugar pucker----------                       

  residue                  delta   outlier   epsilon   outlier
   A 299    G               78.3        no     143.9       yes
  1/134 pucker outliers present

                  ----------Backbone torsion suites----------                  

  Suite ID                 suite  suiteness  triaged angle
     C A 212                  !!      0.000     gamma
     G A 213                  !!      0.000      None
     C A 228                  !!      0.000      None
     G A 232                  !!      0.000     alpha
     A A 238                  !!      0.000      None
     U A 246                  !!      0.000      None
     C A 252                  !!      0.000      None
     U A 266                  !!      0.000      None
     U A 267                  !!      0.000      None
     C A 268                  !!      0.000      None
     G A 269                  !!      0.000      None
     G A 270                  !!      0.000      None
     U A 280                  !!      0.000      None
     A A 300                  !!      0.000  epsilon-1
     U A 311                  !!      0.000      None
     G A 312                  !!      0.000      None
     G A 314                  !!      0.000      None
  3 suites triaged and 0 incomplete leaving 132 suites
  17/135 suite outliers present
  Average suiteness: 0.784
