
                    ----------Backbone bond lenths----------                   

  All bonds within 4.0 sigma of ideal values.

                    ----------Backbone bond angles----------                   

  All angles within 4.0 sigma of ideal values.

                        ----------Sugar pucker----------                       

  residue                  delta   outlier   epsilon   outlier
   A 299    G               77.8        no      30.9       yes
  1/134 pucker outliers present

                  ----------Backbone torsion suites----------                  

  Suite ID                 suite  suiteness  triaged angle
     C A 228                  !!      0.000      None
     G A 232                  !!      0.000     alpha
     C A 249                  !!      0.000      None
     C A 268                  !!      0.000      None
     G A 270                  !!      0.000      None
     A A 300                  !!      0.000  epsilon-1
     G A 312                  !!      0.000      None
     C A 313                  !!      0.000      None
     G A 314                  !!      0.000      None
  2 suites triaged and 0 incomplete leaving 133 suites
  9/135 suite outliers present
  Average suiteness: 0.813
