
                    ----------Backbone bond lenths----------                   

  All bonds within 4.0 sigma of ideal values.

                    ----------Backbone bond angles----------                   

  All angles within 4.0 sigma of ideal values.

                        ----------Sugar pucker----------                       

  residue                  delta   outlier   epsilon   outlier
   A 299    G               77.6        no     141.4       yes
  1/134 pucker outliers present

                  ----------Backbone torsion suites----------                  

  Suite ID                 suite  suiteness  triaged angle
     C A 212                  !!      0.000      None
     C A 228                  !!      0.000      None
     A A 238                  !!      0.000      None
     U A 239                  !!      0.000      None
     U A 248                  !!      0.000      None
     C A 268                  !!      0.000      None
     G A 269                  !!      0.000     gamma
     U A 280                  !!      0.000      None
     G A 281                  !!      0.000      None
     C A 287                  !!      0.000      None
     G A 288                  !!      0.000      None
     A A 300                  !!      0.000  epsilon-1
  2 suites triaged and 0 incomplete leaving 133 suites
  12/135 suite outliers present
  Average suiteness: 0.798
