
Using nuclear cloud x-H distances and vdW radii

Using input model H/D atoms...

Bad Clashes >= 0.4 Angstrom:
 A 243    C  H3'  A 243    C  OP2 :1.142
 A 227    U  O2'  A 228    C  OP1 :1.013
 A 310    G  H8   A 310    G  OP2 :0.810
 A 310    G  C8   A 310    G  OP2 :0.731
 A 286    U  O2'  A 287    C  O5' :0.682
 A 231    G  C2'  A 232    G  OP2 :0.682
 A 286    U  O2'  A 287    C  P   :0.667
 A 243    C  C3'  A 243    C  OP2 :0.623
 A 243    C  C6   A 243    C  OP2 :0.601
 A 332    A  C2'  A 333    G  O5' :0.576
 A 238    A  H8   A 238    A  P   :0.573
 A 231    G  O2'  A 232    G  OP2 :0.572
 A 241    C  O3'  A 242    A  O4' :0.569
 A 332    A  H2'  A 333    G  O5' :0.564
 A 271    G  O2'  A 273    C  OP1 :0.556
 A 307    A  O2'  A 308    A  O4' :0.514
 A 312    G  H8   A 312    G  O5' :0.509
 A 242    A  N3   A 243    C  N4  :0.505
 A 238    A  C8   A 238    A  P   :0.500
 A 287    C  H6   A 287    C  P   :0.495
 A 243    C  C6   A 243    C  P   :0.481
 A 251    U  H6   A 251    U  O5' :0.462
 A 306    C  H2'  A 307    A  O4' :0.460
 A 243    C  H6   A 243    C  P   :0.450
 A 272    G  H2'  A 272    G  N3  :0.442
 A 313    C  H6   A 313    C  O5' :0.441
 A 299    G  O2'  A 300    A  O5' :0.431
 A 243    C  H3'  A 243    C  P   :0.431
 A 216    U  O4   A 217    C  C4  :0.423
 A 238    A  C8   A 238    A  OP1 :0.422
 A 242    A  C8   A 242    A  OP2 :0.421
 A 286    U  H4'  A 287    C  OP1 :0.413
 A 242    A  O4'  A 242    A  P   :0.411
 A 227    U  O2'  A 228    C  P   :0.409
 A 307    A  C2   A 314    G  C6  :0.407
 A 213    G  N1   A 326    U  OP2 :0.405
clashscore = 8.34
