
Using nuclear cloud x-H distances and vdW radii

Using input model H/D atoms...

Bad Clashes >= 0.4 Angstrom:
 A 227    U  O2'  A 228    C  OP1 :1.015
 A 249    C  O4'  A 249    C  OP1 :1.002
 A 267    U  O2'  A 268    C  P   :0.767
 A 231    G  C2'  A 232    G  OP2 :0.683
 A 309    G  H8   A 309    G  OP2 :0.675
 A 286    U  C6   A 286    U  OP1 :0.674
 A 248    U  O2'  A 249    C  O5' :0.672
 A 267    U  O2'  A 268    C  O5' :0.668
 A 267    U  O2'  A 268    C  OP2 :0.641
 A 249    C  O4'  A 249    C  P   :0.636
 A 258    C  H6   A 258    C  O5' :0.623
 A 286    U  H6   A 286    U  OP1 :0.610
 A 250    G  H8   A 250    G  OP2 :0.609
 A 272    G  H2'  A 272    G  N3  :0.577
 A 332    A  C2'  A 333    G  O5' :0.576
 A 231    G  O2'  A 232    G  OP2 :0.573
 A 332    A  H2'  A 333    G  O5' :0.565
 A 270    G  N2   A 272    G  N7  :0.561
 A 213    G  C2   A 333    G  C2  :0.517
 A 239    U  H6   A 239    U  OP1 :0.497
 A 213    G  N1   A 333    G  C2  :0.472
 A 239    U  C6   A 239    U  OP1 :0.448
 A 272    G  H2'  A 273    C  H5' :0.445
 A 250    G  C8   A 250    G  OP2 :0.443
 A 257    G  C6   A 258    C  C2  :0.441
 A 299    G  O2'  A 300    A  O5' :0.432
 A 288    G  H8   A 288    G  OP2 :0.420
 A 213    G  N2   A 333    G  N3  :0.419
 A 213    G  C2   A 214    U  C4  :0.414
 A 272    G  N2   A 273    C  O4' :0.412
 A 227    U  O2'  A 228    C  P   :0.409
 A 216    U  O4   A 217    C  C4  :0.400
clashscore = 7.41
