
Using nuclear cloud x-H distances and vdW radii

Using input model H/D atoms...

Bad Clashes >= 0.4 Angstrom:
 A 227    U  O2'  A 228    C  OP1 :1.015
 A 271    G  O2'  A 272    G  OP2 :0.873
 A 271    G  O2'  A 272    G  P   :0.775
 A 272    G  H2'  A 272    G  N3  :0.764
 A 249    C  O2'  A 250    G  O5' :0.711
 A 231    G  C2'  A 232    G  OP2 :0.683
 A 312    G  C8   A 312    G  OP1 :0.654
 A 309    G  N2   A 314    G  O4' :0.616
 A 285    U  H6   A 285    U  OP2 :0.589
 A 216    U  H4'  A 216    U  OP1 :0.584
 A 249    C  H4'  A 250    G  OP1 :0.582
 A 332    A  C2'  A 333    G  O5' :0.575
 A 231    G  O2'  A 232    G  OP2 :0.573
 A 332    A  H2'  A 333    G  O5' :0.565
 A 271    G  C2'  A 272    G  OP2 :0.560
 A 242    A  N7   A 255    G  N2  :0.544
 A 285    U  C6   A 285    U  OP2 :0.523
 A 249    C  C4'  A 250    G  OP1 :0.477
 A 271    G  O2'  A 272    G  O5' :0.472
 A 221    U  H3'  A 221    U  H6  :0.449
 A 215    G  N1   A 216    U  C4  :0.435
 A 299    G  O2'  A 300    A  O5' :0.431
 A 280    U  H3'  A 281    G H5'' :0.419
 A 227    U  O2'  A 228    C  P   :0.411
 A 247    U  H6   A 247    U  O5' :0.406
 A 216    U  C4   A 217    C  C4  :0.403
 A 220    U  O2   A 328    G  N1  :0.402
 A 271    G  H1'  A 272    G  N7  :0.400
clashscore = 6.48
