
                    ----------Backbone bond lenths----------                   

  All bonds within 4.0 sigma of ideal values.

                    ----------Backbone bond angles----------                   

  residue               atom 1  atom 2  atom 3  sigmas
   A 254    G              O3'     P       OP1   33.97
  1/2961 angle outliers present

                        ----------Sugar pucker----------                       

  residue                  delta   outlier   epsilon   outlier
   A 227    U               79.4       yes      50.2       yes
   A 271    G               81.1        no      26.7       yes
   A 286    U               83.6        no     330.1       yes
   A 299    G               80.9        no      27.0       yes
  4/134 pucker outliers present

                  ----------Backbone torsion suites----------                  

  Suite ID                 suite  suiteness  triaged angle
     G A 213                  !!      0.000    zeta-1
     C A 217                  !!      0.000      None
     G A 222                  !!      0.000     gamma
     C A 228                  !!      0.000  epsilon-1
     G A 232                  !!      0.000     alpha
     A A 242                  !!      0.000     gamma
     A A 264                  !!      0.000     gamma
     C A 268                  !!      0.000      None
     G A 272                  !!      0.000  epsilon-1
     U A 280                  !!      0.000      None
     G A 281                  !!      0.000     gamma
     C A 287                  !!      0.000  epsilon-1
     A A 300                  !!      0.000  epsilon-1
     A A 307                  !!      0.000     gamma
     G A 310                  !!      0.000      None
     G A 314                  !!      0.000      None
     G A 333                  !!      0.000    zeta-1
  12 suites triaged and 0 incomplete leaving 123 suites
  17/135 suite outliers present
  Average suiteness: 0.779
