
                    ----------Backbone bond lenths----------                   

  residue               atom 1  atom 2  sigmas
   A 212    C              O3'     P      5.06
  1/1885 bond outliers present

                    ----------Backbone bond angles----------                   

  residue               atom 1  atom 2  atom 3  sigmas
   A 212    C              O3'     P       O5'   -5.86
   A 254    G              O3'     P       OP1   33.98
   A 311    U              O3'     C3'     C2'    4.55
  3/2961 angle outliers present

                        ----------Sugar pucker----------                       

  residue                  delta   outlier   epsilon   outlier
   A 212    C               85.7        no     327.0       yes
   A 227    U               79.4       yes      50.3       yes
   A 271    G               81.1        no      28.0       yes
   A 299    G               80.9        no      27.0       yes
   A 313    C               81.1        no     141.7       yes
  5/134 pucker outliers present

                  ----------Backbone torsion suites----------                  

  Suite ID                 suite  suiteness  triaged angle
     G A 213                  !!      0.000  epsilon-1
     U A 216                  !!      0.000      beta
     U A 220                  !!      0.000      beta
     C A 228                  !!      0.000  epsilon-1
     G A 232                  !!      0.000     alpha
     C A 243                  !!      0.000      None
     U A 248                  !!      0.000    zeta-1
     C A 252                  !!      0.000      None
     C A 258                  !!      0.000      None
     A A 264                  !!      0.000     gamma
     A A 265                  !!      0.000      None
     C A 268                  !!      0.000    zeta-1
     G A 272                  !!      0.000  epsilon-1
     G A 281                  !!      0.000      None
     G A 288                  !!      0.000      None
     A A 300                  !!      0.000  epsilon-1
     G A 309                  !!      0.000    zeta-1
     G A 314                  !!      0.000  epsilon-1
     G A 333                  !!      0.000    zeta-1
  13 suites triaged and 0 incomplete leaving 122 suites
  19/135 suite outliers present
  Average suiteness: 0.782
