
                    ----------Backbone bond lenths----------                   

  All bonds within 4.0 sigma of ideal values.

                    ----------Backbone bond angles----------                   

  residue               atom 1  atom 2  atom 3  sigmas
   A 254    G              O3'     P       OP1   33.96
   A 280    U              C4'     C3'     C2'   -5.84
   A 309    G              O3'     C3'     C2'    6.20
  3/2961 angle outliers present

                        ----------Sugar pucker----------                       

  residue                  delta   outlier   epsilon   outlier
   A 211    U               80.5        no     151.2       yes
   A 227    U               79.4       yes      50.3       yes
   A 237    A               84.3        no      60.0       yes
   A 271    G               81.1        no      87.9       yes
   A 299    G               80.9        no      26.9       yes
  5/134 pucker outliers present

                  ----------Backbone torsion suites----------                  

  Suite ID                 suite  suiteness  triaged angle
     C A 212                  !!      0.000  epsilon-1
     G A 213                  !!      0.000    zeta-1
     U A 214                  !!      0.000      None
     C A 217                  !!      0.000    zeta-1
     U A 221                  !!      0.000     gamma
     C A 228                  !!      0.000  epsilon-1
     G A 232                  !!      0.000     alpha
     A A 237                  !!      0.000     gamma
     A A 238                  !!      0.000  epsilon-1
     U A 246                  !!      0.000      None
     C A 249                  !!      0.000     gamma
     C A 252                  !!      0.000     gamma
     C A 258                  !!      0.000     gamma
     A A 265                  !!      0.000      None
     U A 266                  !!      0.000     gamma
     U A 267                  !!      0.000      None
     C A 268                  !!      0.000      None
     G A 272                  !!      0.000  epsilon-1
     U A 280                  !!      0.000      None
     G A 281                  !!      0.000      None
     A A 300                  !!      0.000  epsilon-1
     G A 309                  !!      0.000    zeta-1
     G A 310                  !!      0.000      None
     C A 313                  !!      0.000     gamma
     G A 314                  !!      0.000     gamma
     G A 333                  !!      0.000    zeta-1
  18 suites triaged and 0 incomplete leaving 117 suites
  26/135 suite outliers present
  Average suiteness: 0.780
