
Using nuclear cloud x-H distances and vdW radii

Using input model H/D atoms...

Bad Clashes >= 0.4 Angstrom:
 A 227    U  O2'  A 228    C  OP1 :1.013
 A 237    A  N7   A 259    G  N2  :0.788
 A 286    U H5''  A 287    C  OP1 :0.751
 A 231    G  C2'  A 232    G  OP2 :0.683
 A 309    G  O2'  A 312    G  O6  :0.640
 A 250    G  N2   A 250    G  OP2 :0.636
 A 270    G  N2   A 272    G  N7  :0.594
 A 332    A  C2'  A 333    G  O5' :0.576
 A 272    G  H2'  A 272    G  N3  :0.574
 A 231    G  O2'  A 232    G  OP2 :0.573
 A 332    A  H2'  A 333    G  O5' :0.564
 A 272    G  H2'  A 273    C  H5' :0.495
 A 247    U  O2'  A 250    G  N2  :0.488
 A 241    C  O2'  A 242    A  O4' :0.485
 A 286    U  H4'  A 287    C  O5' :0.469
 A 286    U H5''  A 287    C  P   :0.441
 A 232    G  O6   A 264    A  N6  :0.440
 A 242    A  H2'  A 242    A  N3  :0.439
 A 299    G  O2'  A 300    A  O5' :0.432
 A 271    G  O2'  A 272    G  O5' :0.424
 A 272    G  N2   A 273    C  O4' :0.422
 A 216    U  O4   A 217    C  C4  :0.420
 A 269    G  OP1  A 311    U  N3  :0.413
 A 227    U  O2'  A 228    C  P   :0.408
clashscore = 5.56
