
Using nuclear cloud x-H distances and vdW radii

Using input model H/D atoms...

Bad Clashes >= 0.4 Angstrom:
 A 227    U  O2'  A 228    C  OP1 :1.013
 A 280    U  H2'  A 280    U  OP1 :0.847
 A 237    A  N7   A 259    G  N2  :0.777
 A 257    G  O2'  A 258    C  OP1 :0.752
 A 267    U  H3'  A 267    U  O2  :0.741
 A 248    U  O2'  A 250    G  N7  :0.718
 A 231    G  C2'  A 232    G  OP2 :0.682
 A 216    U  H4'  A 216    U  OP1 :0.649
 A 307    A  H8   A 307    A  OP2 :0.582
 A 280    U  C2'  A 280    U  OP1 :0.576
 A 332    A  C2'  A 333    G  O5' :0.575
 A 286    U  C6   A 286    U  OP1 :0.574
 A 231    G  O2'  A 232    G  OP2 :0.572
 A 332    A  H2'  A 333    G  O5' :0.564
 A 242    A  N7   A 255    G  N2  :0.563
 A 286    U  H6   A 286    U  OP1 :0.549
 A 267    U  C3'  A 267    U  O2  :0.548
 A 279    A  C4'  A 280    U  OP2 :0.531
 A 279    A  H4'  A 280    U  OP2 :0.498
 A 257    G  O2'  A 258    C  P   :0.477
 A 311    U  O2'  A 312    G  OP1 :0.473
 A 279    A H5''  A 280    U  OP2 :0.454
 A 215    G  N1   A 216    U  C4  :0.431
 A 299    G  O2'  A 300    A  O5' :0.431
 A 280    U  H3'  A 280    U  P   :0.424
 A 279    A  O2'  A 280    U  OP1 :0.423
 A 211    U  O2'  A 212    C  C5  :0.419
 A 267    U  C2   A 267    U  OP1 :0.417
 A 269    G  OP2  A 313    C  N4  :0.416
 A 227    U  O2'  A 228    C  P   :0.410
 A 313    C  H6   A 313    C  O5' :0.406
 A 279    A  C5'  A 280    U  OP2 :0.405
 A 306    C  H2'  A 307    A  O4' :0.405
 A 280    U  O2'  A 281    G  H5' :0.405
clashscore = 7.87
