
Using nuclear cloud x-H distances and vdW radii

Using input model H/D atoms...

Bad Clashes >= 0.4 Angstrom:
 A 227    U  O2'  A 228    C  OP1 :1.014
 A 268    C  O4'  A 268    C  OP2 :0.901
 A 281    G  C8   A 281    G  OP1 :0.813
 A 281    G  H3'  A 281    G  OP1 :0.777
 A 231    G  C2'  A 232    G  OP2 :0.683
 A 212    C  O2'  A 213    G  OP2 :0.616
 A 281    G  H8   A 281    G  P   :0.609
 A 265    A  H2'  A 265    A  N3  :0.586
 A 246    U  O2'  A 248    U  OP2 :0.585
 A 272    G  H2'  A 272    G  N3  :0.579
 A 332    A  C2'  A 333    G  O5' :0.577
 A 270    G  N2   A 272    G  N7  :0.575
 A 231    G  O2'  A 232    G  OP2 :0.574
 A 281    G  C8   A 281    G  P   :0.567
 A 332    A  H2'  A 333    G  O5' :0.565
 A 242    A  N7   A 255    G  N2  :0.523
 A 216    U  C4   A 217    C  C2  :0.507
 A 265    A  C2'  A 265    A  N3  :0.499
 A 212    C  O2'  A 213    G  P   :0.495
 A 272    G  H2'  A 273    C  H5' :0.464
 A 238    A  N6   A 255    G  O6  :0.443
 A 246    U  O2'  A 247    U  O5' :0.443
 A 220    U  H2'  A 221    U  C6  :0.435
 A 221    U  H2'  A 222    G H5'' :0.435
 A 299    G  O2'  A 300    A  O5' :0.431
 A 213    G  O6   A 333    G  N3  :0.426
 A 272    G  N2   A 273    C  O4' :0.421
 A 287    C  H6   A 287    C  O5' :0.417
 A 227    U  O2'  A 228    C  P   :0.409
 A 250    G  OP2  A 252    C  N4  :0.404
 A 215    G  H2'  A 216    U  O4' :0.403
clashscore = 7.18
