
                    ----------Backbone bond lenths----------                   

  All bonds within 4.0 sigma of ideal values.

                    ----------Backbone bond angles----------                   

  residue               atom 1  atom 2  atom 3  sigmas
   A 254    G              O3'     P       OP1   33.98
  1/2961 angle outliers present

                        ----------Sugar pucker----------                       

  residue                  delta   outlier   epsilon   outlier
   A 227    U               79.4       yes      50.3       yes
   A 248    U               91.0       yes      30.6       yes
   A 267    U               83.6        no      80.9       yes
   A 271    G               81.0        no      25.2       yes
   A 299    G               80.9        no      27.0       yes
  5/134 pucker outliers present

                  ----------Backbone torsion suites----------                  

  Suite ID                 suite  suiteness  triaged angle
     C A 212                  !!      0.000      None
     C A 217                  !!      0.000    zeta-1
     U A 221                  !!      0.000     gamma
     C A 228                  !!      0.000  epsilon-1
     G A 232                  !!      0.000     alpha
     A A 238                  !!      0.000      None
     U A 239                  !!      0.000      None
     C A 243                  !!      0.000      None
     U A 248                  !!      0.000      None
     C A 249                  !!      0.000  epsilon-1
     G A 250                  !!      0.000      None
     C A 258                  !!      0.000      None
     U A 266                  !!      0.000      None
     U A 267                  !!      0.000      None
     C A 268                  !!      0.000  epsilon-1
     G A 272                  !!      0.000  epsilon-1
     U A 280                  !!      0.000     gamma
     G A 281                  !!      0.000    zeta-1
     U A 286                  !!      0.000    zeta-1
     A A 300                  !!      0.000  epsilon-1
     A A 308                  !!      0.000     gamma
     G A 309                  !!      0.000      None
     G A 310                  !!      0.000     gamma
     G A 314                  !!      0.000     gamma
     G A 333                  !!      0.000    zeta-1
  15 suites triaged and 0 incomplete leaving 120 suites
  25/135 suite outliers present
  Average suiteness: 0.764
