
                    ----------Backbone bond lenths----------                   

  All bonds within 4.0 sigma of ideal values.

                    ----------Backbone bond angles----------                   

  residue               atom 1  atom 2  atom 3  sigmas
   A 254    G              O3'     P       OP1   33.96
  1/2961 angle outliers present

                        ----------Sugar pucker----------                       

  residue                  delta   outlier   epsilon   outlier
   A 221    U               80.3        no     154.8       yes
   A 227    U               79.5       yes      50.3       yes
   A 286    U               81.2        no      72.8       yes
   A 299    G               80.9        no      27.0       yes
  4/134 pucker outliers present

                  ----------Backbone torsion suites----------                  

  Suite ID                 suite  suiteness  triaged angle
     G A 213                  !!      0.000     gamma
     C A 217                  !!      0.000    zeta-1
     G A 222                  !!      0.000  epsilon-1
     C A 228                  !!      0.000  epsilon-1
     G A 232                  !!      0.000     alpha
     A A 237                  !!      0.000     gamma
     A A 238                  !!      0.000     gamma
     U A 239                  !!      0.000      None
     A A 242                  !!      0.000     gamma
     C A 243                  !!      0.000      None
     U A 247                  !!      0.000      None
     U A 248                  !!      0.000      None
     C A 258                  !!      0.000     gamma
     U A 266                  !!      0.000     gamma
     U A 267                  !!      0.000     gamma
     C A 268                  !!      0.000      None
     C A 273                  !!      0.000      None
     U A 280                  !!      0.000      None
     G A 281                  !!      0.000     alpha
     U A 286                  !!      0.000     gamma
     C A 287                  !!      0.000  epsilon-1
     G A 288                  !!      0.000     gamma
     A A 300                  !!      0.000  epsilon-1
     U A 311                  !!      0.000      None
     G A 312                  !!      0.000      None
     G A 314                  !!      0.000      None
     G A 333                  !!      0.000    zeta-1
  17 suites triaged and 0 incomplete leaving 118 suites
  27/135 suite outliers present
  Average suiteness: 0.789
