
                    ----------Backbone bond lenths----------                   

  All bonds within 4.0 sigma of ideal values.

                    ----------Backbone bond angles----------                   

  All angles within 4.0 sigma of ideal values.

                        ----------Sugar pucker----------                       

  All puckers have reasonable geometry.

                  ----------Backbone torsion suites----------                  

  Suite ID                 suite  suiteness  triaged angle
     C A  36                  !!      0.000      None
     G A  57                  !!      0.000      None
     U A  58                  !!      0.000      None
     U A  74                  !!      0.000      None
     C A  75                  !!      0.000      None
     A A  88                  !!      0.000      None
     G A  89                  !!      0.000      None
     U A 100                  !!      0.000      None
     A A 114                  !!      0.000     gamma
     U A 148                  !!      0.000      None
     U A 149                  !!      0.000      None
  1 suites triaged and 0 incomplete leaving 152 suites
  11/153 suite outliers present
  Average suiteness: 0.835
