
                    ----------Backbone bond lenths----------                   

  All bonds within 4.0 sigma of ideal values.

                    ----------Backbone bond angles----------                   

  All angles within 4.0 sigma of ideal values.

                        ----------Sugar pucker----------                       

  All puckers have reasonable geometry.

                  ----------Backbone torsion suites----------                  

  Suite ID                 suite  suiteness  triaged angle
     A A  22                  !!      0.000     gamma
     A A  23                  !!      0.000      None
     C A  36                  !!      0.000      None
     U A  54                  !!      0.000      None
     U A  55                  !!      0.000      None
     C A  59                  !!      0.000     gamma
     A A  88                  !!      0.000      None
     G A  89                  !!      0.000      None
     A A 114                  !!      0.000     gamma
     U A 147                  !!      0.000      None
     U A 148                  !!      0.000      None
     U A 149                  !!      0.000      None
  3 suites triaged and 0 incomplete leaving 150 suites
  12/153 suite outliers present
  Average suiteness: 0.829
