
Using nuclear cloud x-H distances and vdW radii

Using input model H/D atoms...

Bad Clashes >= 0.4 Angstrom:
 A 214    G  H8   A 214    G  OP2 :1.090
 A 198    U  C6   A 198    U  OP2 :0.976
 A 198    U  N1   A 198    U  OP2 :0.968
 A 214    G  C8   A 214    G  OP2 :0.933
 A 198    U  O4'  A 198    U  OP2 :0.929
 A 198    U  C1'  A 198    U  OP2 :0.808
 A 209    U  O2'  A 210    C  OP1 :0.795
 A 203    A  H3'  A 203    A  OP1 :0.696
 A 198    U  C6   A 198    U  P   :0.617
 A 192    A  N7   A 317    G  N2  :0.596
 A 281    G  O2'  A 282    G  O5' :0.546
 A 198    U  C4'  A 198    U  OP2 :0.535
 A 291    G  O2'  A 293    U  OP2 :0.524
 A 248    U  O2   A 250    C  O2' :0.518
 A 203    A  C3'  A 203    A  OP1 :0.487
 A 249    U  H6   A 249    U  O5' :0.482
 A 203    A  H2'  A 203    A  P   :0.474
 A 261    A  C2   A 262    U  C2  :0.466
 A 291    G  H8   A 291    G  O5' :0.464
 A 262    U  H2'  A 263    G  C8  :0.459
 A 190    G  C2   A 191    C  C2  :0.452
 A 291    G  C8   A 291    G  OP2 :0.446
 A 197    G  C2'  A 198    U  OP1 :0.443
 A 317    G  H8   A 317    G  O5' :0.434
 A 202    A  H8   A 202    A  O5' :0.425
 A 209    U  H4'  A 210    C  OP1 :0.422
 A 198    U  H3'  A 198    U  P   :0.414
 A 197    G  H2'  A 198    U  OP1 :0.413
 A 261    A  H2'  A 262    U  C6  :0.402
 A 290    A  N3   A 295    C  N4  :0.401
clashscore = 6.94
