
                    ----------Backbone bond lenths----------                   

  All bonds within 4.0 sigma of ideal values.

                    ----------Backbone bond angles----------                   

  residue               atom 1  atom 2  atom 3  sigmas
   A 230    U              C4'     C3'     C2'    4.69
   A 230    U              O4'     C4'     C3'    4.56
   A 239    G              O3'     P       O5'   -4.14
  3/2961 angle outliers present

                        ----------Sugar pucker----------                       

  residue                  delta   outlier   epsilon   outlier
   A 209    U               79.3       yes      41.1       yes
   A 239    G               79.9        no     115.0       yes
   A 247    A               80.5        no      81.0       yes
   A 281    G               80.9        no      31.6       yes
   A 292    G               80.3        no      38.9       yes
  5/134 pucker outliers present

                  ----------Backbone torsion suites----------                  

  Suite ID                 suite  suiteness  triaged angle
     U A 196                  !!      0.000      None
     U A 198                  !!      0.000      None
     C A 210                  !!      0.000  epsilon-1
     G A 213                  !!      0.000     alpha
     G A 214                  !!      0.000     alpha
     U A 233                  !!      0.000      None
     C A 234                  !!      0.000      None
     C A 240                  !!      0.000  epsilon-1
     A A 246                  !!      0.000      None
     U A 248                  !!      0.000  epsilon-1
     C A 250                  !!      0.000      None
     G A 252                  !!      0.000      None
     G A 263                  !!      0.000      None
     U A 268                  !!      0.000      None
     U A 275                  !!      0.000     gamma
     G A 282                  !!      0.000  epsilon-1
     G A 291                  !!      0.000      None
     U A 293                  !!      0.000  epsilon-1
     G A 294                  !!      0.000      None
     G A 296                  !!      0.000     gamma
  9 suites triaged and 0 incomplete leaving 126 suites
  20/135 suite outliers present
  Average suiteness: 0.756
