
Using nuclear cloud x-H distances and vdW radii

Using input model H/D atoms...

Bad Clashes >= 0.4 Angstrom:
 A 237    G  H8   A 237    G  OP2 :1.319
 A 237    G  C8   A 237    G  OP2 :1.273
 A 214    G  H8   A 214    G  P   :0.774
 A 254    G  O2'  A 255    C  OP1 :0.720
 A 213    G  O2'  A 214    G  OP2 :0.708
 A 254    G  O2'  A 255    C  P   :0.700
 A 281    G  O2'  A 282    G  O5' :0.617
 A 214    G  C8   A 214    G  OP2 :0.608
 A 214    G  H8   A 214    G  OP2 :0.600
 A 219    A  N1   A 220    A  N6  :0.544
 A 232    G  H3'  A 232    G  N3  :0.535
 A 214    G  O4'  A 214    G  OP2 :0.525
 A 213    G  N2   A 247    A  N1  :0.516
 A 195    G  C6   A 196    U  C2  :0.503
 A 266    U  O2'  A 268    U  OP2 :0.494
 A 241    G  H8   A 241    G  OP1 :0.475
 A 232    G  O2'  A 233    U  OP1 :0.474
 A 251    G  H2'  A 252    G  O4' :0.473
 A 197    G  C2   A 198    U  C4  :0.464
 A 254    G  H2'  A 255    C  C6  :0.463
 A 198    U  C4   A 199    C  C4  :0.460
 A 318    C  H6   A 318    C  OP2 :0.455
 A 241    G  C8   A 241    G  OP1 :0.454
 A 240    C  N4   A 241    G  O6  :0.451
 A 203    A  N1   A 309    A  C2  :0.449
 A 264    U  O4   A 271    U  O4  :0.427
 A 318    C  C6   A 318    C  OP2 :0.424
 A 288    C  H2'  A 289    A  O4' :0.423
 A 195    G  C6   A 315    G  C2  :0.420
 A 232    G  C2'  A 233    U  OP1 :0.413
 A 223    U  H2'  A 224    A  C8  :0.411
 A 219    A  C2   A 241    G  C2  :0.406
 A 197    G  C2   A 198    U  C5  :0.406
 A 274    C  C4   A 275    U  C5  :0.405
clashscore = 7.86
