
                    ----------Backbone bond lenths----------                   

  residue               atom 1  atom 2  sigmas
   A 251    G              O3'     P      4.11
  1/1885 bond outliers present

                    ----------Backbone bond angles----------                   

  residue               atom 1  atom 2  atom 3  sigmas
   A 192    A              O3'     P       OP1    8.90
   A 192    A              O3'     P       OP2   -6.56
   A 195    G              O3'     P       OP2   34.22
   A 198    U              O3'     P       OP1   30.67
   A 203    A              O3'     P       OP1   18.81
   A 203    A              O3'     P       OP2  -11.77
   A 213    G              O3'     P       OP1   -8.83
   A 213    G              O3'     P       OP2   12.18
   A 251    G              O3'     C3'     C2'    7.38
   A 251    G              O3'     P       O5'   -5.37
   A 251    G              C3'     O3'     P     -4.25
   A 271    U              O3'     P       OP1    6.02
   A 271    U              O3'     P       OP2   25.16
   A 309    A              O4'     C4'     C3'    4.13
  14/2961 angle outliers present

                        ----------Sugar pucker----------                       

  residue                  delta   outlier   epsilon   outlier
   A 203    A               83.2        no     142.4       yes
   A 209    U               79.3       yes      35.0       yes
   A 250    C               81.6        no     137.1       yes
   A 251    G               90.7        no      13.8       yes
   A 281    G               80.9        no      82.9       yes
  5/134 pucker outliers present

                  ----------Backbone torsion suites----------                  

  Suite ID                 suite  suiteness  triaged angle
     U A 196                  !!      0.000     gamma
     U A 198                  !!      0.000      None
     C A 199                  !!      0.000      None
     G A 204                  !!      0.000  epsilon-1
     C A 210                  !!      0.000  epsilon-1
     G A 213                  !!      0.000      beta
     G A 214                  !!      0.000     gamma
     U A 230                  !!      0.000      None
     U A 233                  !!      0.000      None
     C A 240                  !!      0.000      None
     G A 241                  !!      0.000     gamma
     U A 249                  !!      0.000     alpha
     C A 250                  !!      0.000      None
     G A 251                  !!      0.000  epsilon-1
     G A 252                  !!      0.000  epsilon-1
     C A 255                  !!      0.000     alpha
     G A 263                  !!      0.000      None
     G A 270                  !!      0.000     gamma
     G A 272                  !!      0.000      None
     U A 275                  !!      0.000     gamma
     G A 282                  !!      0.000  epsilon-1
     A A 289                  !!      0.000      None
     G A 291                  !!      0.000      None
     G A 296                  !!      0.000      None
     C A 318                  !!      0.000     gamma
  14 suites triaged and 0 incomplete leaving 121 suites
  25/135 suite outliers present
  Average suiteness: 0.751
