
Using nuclear cloud x-H distances and vdW radii

Using input model H/D atoms...

Bad Clashes >= 0.4 Angstrom:
 A 249    U  H2'  A 249    U  O2  :1.057
 A 199    C  H4'  A 199    C  OP1 :0.886
 A 291    G  O2'  A 292    G  P   :0.838
 A 209    U  O2'  A 210    C  OP1 :0.793
 A 249    U  C2'  A 249    U  O2  :0.747
 A 197    G  O2'  A 198    U  O5' :0.703
 A 296    G  H4'  A 296    G  OP1 :0.692
 A 250    C  H3'  A 250    C  OP2 :0.682
 A 251    G  O2'  A 252    G  O5' :0.654
 A 248    U  O2'  A 249    U  OP2 :0.642
 A 230    U  H3'  A 230    U  OP2 :0.627
 A 292    G  C8   A 292    G  OP2 :0.610
 A 214    G  C8   A 214    G  OP2 :0.585
 A 232    G  H3'  A 232    G  N3  :0.583
 A 199    C  C4'  A 199    C  OP1 :0.580
 A 229    U  O2'  A 232    G  O6  :0.580
 A 291    G  O2'  A 292    G  OP2 :0.573
 A 214    G  H8   A 214    G  OP2 :0.556
 A 291    G  O2'  A 292    G  OP1 :0.548
 A 281    G  O2'  A 282    G  O5' :0.546
 A 230    U  C3'  A 230    U  OP2 :0.525
 A 220    A  N6   A 239    G  O6  :0.490
 A 262    U  H2'  A 263    G  C8  :0.476
 A 192    A  N7   A 317    G  N2  :0.469
 A 230    U  H2'  A 230    U  OP2 :0.466
 A 261    A  C2   A 262    U  C2  :0.466
 A 317    G  H8   A 317    G  O5' :0.437
 A 292    G  H3'  A 292    G  OP2 :0.436
 A 292    G  H8   A 292    G  OP2 :0.431
 A 269    C  H6   A 269    C  O5' :0.429
 A 230    U  C2'  A 230    U  OP2 :0.428
 A 209    U  H4'  A 210    C  OP1 :0.423
 A 251    G  N2   A 252    G  N7  :0.419
 A 296    G  C4'  A 296    G  OP1 :0.418
 A 250    C  H3'  A 250    C  P   :0.413
 A 212    C  O2'  A 213    G  H5' :0.412
 A 251    G  O6   A 295    C H5'' :0.405
 A 219    A  H2'  A 220    A  C8  :0.403
clashscore = 8.79
