
Using nuclear cloud x-H distances and vdW radii

Using input model H/D atoms...

Bad Clashes >= 0.4 Angstrom:
 A 250    C  C6   A 250    C  OP1 :1.112
 A 250    C  H6   A 250    C  OP1 :1.069
 A 209    U  O2'  A 210    C  OP1 :0.794
 A 214    G  C8   A 214    G  OP2 :0.758
 A 292    G  O2'  A 293    U  OP1 :0.712
 A 214    G  H8   A 214    G  OP2 :0.643
 A 248    U  H6   A 248    U  O5' :0.620
 A 250    C  C5   A 250    C  OP1 :0.607
 A 271    U  H6   A 271    U  OP1 :0.601
 A 270    G  O2'  A 271    U  OP1 :0.587
 A 249    U  C4'  A 250    C  O5' :0.580
 A 250    C  H6   A 250    C  P   :0.574
 A 197    G  N2   A 198    U  O4  :0.549
 A 281    G  O2'  A 282    G  O5' :0.546
 A 247    A  O2'  A 252    G  O2' :0.541
 A 317    G  H8   A 317    G  O5' :0.533
 A 249    U  O4'  A 251    G  OP2 :0.506
 A 249    U  O4'  A 250    C  O5' :0.489
 A 213    G  N2   A 246    A  N1  :0.483
 A 192    A  N7   A 317    G  N2  :0.479
 A 261    A  C2   A 262    U  C2  :0.479
 A 262    U  H2'  A 263    G  C8  :0.478
 A 249    U  H4'  A 250    C  O5' :0.466
 A 248    U  C6   A 248    U  O5' :0.458
 A 251    G  C2'  A 252    G  OP1 :0.433
 A 209    U  H4'  A 210    C  OP1 :0.423
 A 220    A  C6   A 221    U  N3  :0.413
 A 201    C  H2'  A 202    A  C8  :0.412
 A 248    U  OP1  A 250    C  O2' :0.409
 A 198    U  H3'  A 199    C H5'' :0.407
 A 233    U  H6   A 233    U  O5' :0.403
clashscore = 7.17
