
Using nuclear cloud x-H distances and vdW radii

Using input model H/D atoms...

Bad Clashes >= 0.4 Angstrom:
 A 209    U  O2'  A 210    C  OP1 :0.832
 A 214    G  H8   A 214    G  OP2 :0.723
 A 252    G  H4'  A 252    G  OP1 :0.705
 A 309    A  O2'  A 310    G  OP2 :0.698
 A 270    G  H3'  A 270    G  N3  :0.680
 A 271    U  H6   A 271    U  O5' :0.679
 A 309    A  O2'  A 310    G  P   :0.661
 A 214    G  C8   A 214    G  OP2 :0.613
 A 281    G  O2'  A 282    G  O5' :0.591
 A 248    U  O2'  A 250    C  O2  :0.588
 A 252    G  C4'  A 252    G  OP1 :0.549
 A 232    G  H3'  A 232    G  N3  :0.524
 A 268    U  O2'  A 270    G  N7  :0.516
 A 241    G  C4'  A 241    G  OP2 :0.491
 A 249    U  O2'  A 250    C  OP1 :0.484
 A 249    U  O3'  A 250    C  O4' :0.477
 A 232    G  O2'  A 233    U  OP1 :0.472
 A 203    A  N1   A 309    A  C2  :0.469
 A 241    G  H4'  A 241    G  OP2 :0.460
 A 274    C  C2'  A 275    U  H5' :0.448
 A 292    G  H8   A 292    G  O5' :0.447
 A 272    G  H8   A 272    G  P   :0.442
 A 203    A  C6   A 204    G  N7  :0.442
 A 288    C  H2'  A 289    A  O4' :0.434
 A 191    C  H2'  A 192    A  C8  :0.423
 A 232    G  C2'  A 233    U  OP1 :0.415
 A 192    A  H2'  A 193    U  C6  :0.411
 A 219    A  C2   A 241    G  C2  :0.411
clashscore = 6.48
