
Using nuclear cloud x-H distances and vdW radii

Using input model H/D atoms...

Bad Clashes >= 0.4 Angstrom:
 A 250    C  H4'  A 250    C  OP2 :1.103
 A 199    C  H6   A 199    C  OP2 :0.858
 A 209    U  O2'  A 210    C  OP1 :0.795
 A 203    A  O2'  A 204    G  OP1 :0.766
 A 252    G  H8   A 252    G  OP2 :0.742
 A 250    C  C4'  A 250    C  OP2 :0.719
 A 241    G  C8   A 241    G  OP1 :0.696
 A 241    G  H8   A 241    G  OP1 :0.658
 A 199    C  C6   A 199    C  OP2 :0.653
 A 241    G  H8   A 241    G  P   :0.631
 A 214    G  C8   A 214    G  OP1 :0.581
 A 199    C  H6   A 199    C  P   :0.579
 A 214    G  H8   A 214    G  OP1 :0.572
 A 198    U  O2'  A 199    C  OP1 :0.571
 A 213    G  O2'  A 214    G  OP1 :0.555
 A 291    G  H8   A 291    G  OP2 :0.549
 A 281    G  O2'  A 282    G  O5' :0.546
 A 252    G  C8   A 252    G  OP2 :0.533
 A 232    G  H3'  A 232    G  N3  :0.531
 A 240    C  H6   A 240    C  O5' :0.529
 A 220    A  N6   A 240    C  O2  :0.508
 A 199    C  C6   A 199    C  P   :0.505
 A 219    A  H2'  A 220    A  C8  :0.477
 A 232    G  O2'  A 233    U  OP1 :0.473
 A 295    C  H6   A 295    C  O5' :0.471
 A 262    U  H2'  A 263    G  C8  :0.470
 A 201    C  H2'  A 202    A  C8  :0.465
 A 261    A  C2   A 262    U  C2  :0.456
 A 266    U  C2   A 267    U  C5  :0.450
 A 251    G  C8   A 294    G  N2  :0.446
 A 203    A  O2'  A 204    G  P   :0.436
 A 317    G  C8   A 317    G  O5' :0.435
 A 289    A  H8   A 289    A  O5' :0.430
 A 288    C  H2'  A 289    A  O4' :0.429
 A 209    U  H4'  A 210    C  OP1 :0.422
 A 317    G  H8   A 317    G  O5' :0.420
 A 197    G  H3'  A 198    U  C5' :0.420
 A 232    G  C2'  A 233    U  OP1 :0.419
 A 261    A  H2'  A 262    U  C6  :0.410
 A 262    U  H6   A 262    U  O5' :0.406
 A 203    A  H4'  A 204    G  OP1 :0.403
 A 291    G  C8   A 291    G  OP2 :0.402
 A 267    U  N3   A 271    U  O4  :0.401
clashscore = 9.95
