
                    ----------Backbone bond lenths----------                   

  All bonds within 4.0 sigma of ideal values.

                    ----------Backbone bond angles----------                   

  residue               atom 1  atom 2  atom 3  sigmas
   A 229    U              C4'     C3'     C2'    4.71
  1/2961 angle outliers present

                        ----------Sugar pucker----------                       

  residue                  delta   outlier   epsilon   outlier
   A 209    U               79.3       yes      41.1       yes
   A 249    U              150.4        no       2.5       yes
   A 270    G               87.6        no      33.3       yes
   A 281    G               80.9        no      31.7       yes
   A 292    G               75.8        no      36.7       yes
  5/134 pucker outliers present

                  ----------Backbone torsion suites----------                  

  Suite ID                 suite  suiteness  triaged angle
     U A 196                  !!      0.000     gamma
     C A 199                  !!      0.000     gamma
     C A 210                  !!      0.000  epsilon-1
     G A 214                  !!      0.000     alpha
     A A 219                  !!      0.000     gamma
     U A 221                  !!      0.000     gamma
     A A 247                  !!      0.000      None
     U A 248                  !!      0.000      None
     U A 249                  !!      0.000      None
     C A 250                  !!      0.000  epsilon-1
     G A 251                  !!      0.000     gamma
     G A 252                  !!      0.000      None
     G A 263                  !!      0.000      None
     U A 268                  !!      0.000      None
     G A 270                  !!      0.000      None
     U A 271                  !!      0.000  epsilon-1
     U A 275                  !!      0.000     gamma
     G A 282                  !!      0.000  epsilon-1
     U A 293                  !!      0.000  epsilon-1
     G A 296                  !!      0.000      None
  12 suites triaged and 0 incomplete leaving 123 suites
  20/135 suite outliers present
  Average suiteness: 0.776
