
                    ----------Backbone bond lenths----------                   

  All bonds within 4.0 sigma of ideal values.

                    ----------Backbone bond angles----------                   

  residue               atom 1  atom 2  atom 3  sigmas
   A 195    G              O3'     C3'     C2'    4.84
   A 195    G              O3'     P       OP1    7.32
   A 195    G              O3'     P       OP2   23.78
   A 198    U              O3'     P       OP1   18.84
   A 198    U              O3'     P       OP2  -11.50
   A 220    A              O3'     C3'     C2'    4.21
   A 236    G              O3'     P       OP1   18.84
   A 236    G              O3'     P       OP2  -11.54
   A 240    C              O3'     P       OP1   22.70
   A 240    C              O3'     P       OP2    8.38
   A 249    U              O3'     P       OP1   -5.01
   A 249    U              O3'     P       OP2    6.93
   A 271    U              O3'     P       OP1   31.41
   A 271    U              O3'     P       OP2   -7.16
   A 295    C              O3'     P       OP1   -8.08
   A 295    C              O3'     P       OP2   11.00
   A 309    A              O3'     P       OP1   33.05
  17/2961 angle outliers present

                        ----------Sugar pucker----------                       

  residue                  delta   outlier   epsilon   outlier
   A 209    U               79.3       yes      42.0       yes
   A 249    U               78.3        no     143.2       yes
   A 281    G               80.9        no      32.9       yes
   A 309    A               80.1        no      82.3       yes
  4/134 pucker outliers present

                  ----------Backbone torsion suites----------                  

  Suite ID                 suite  suiteness  triaged angle
     U A 196                  !!      0.000      None
     C A 199                  !!      0.000     gamma
     G A 204                  !!      0.000    zeta-1
     C A 210                  !!      0.000  epsilon-1
     G A 214                  !!      0.000     alpha
     U A 230                  !!      0.000      None
     U A 233                  !!      0.000      None
     G A 241                  !!      0.000     gamma
     U A 249                  !!      0.000      None
     C A 250                  !!      0.000  epsilon-1
     G A 252                  !!      0.000      beta
     U A 262                  !!      0.000     gamma
     G A 272                  !!      0.000     gamma
     U A 275                  !!      0.000     gamma
     G A 282                  !!      0.000  epsilon-1
     U A 293                  !!      0.000      None
     G A 296                  !!      0.000    zeta-1
     G A 310                  !!      0.000  epsilon-1
  13 suites triaged and 0 incomplete leaving 122 suites
  18/135 suite outliers present
  Average suiteness: 0.789
