
                    ----------Backbone bond lenths----------                   

  All bonds within 4.0 sigma of ideal values.

                    ----------Backbone bond angles----------                   

  residue               atom 1  atom 2  atom 3  sigmas
   A 266    U              C4'     C3'     C2'    4.70
   A 266    U              O3'     C3'     C2'    4.25
   A 266    U              O4'     C4'     C3'    7.64
  3/2961 angle outliers present

                        ----------Sugar pucker----------                       

  residue                  delta   outlier   epsilon   outlier
   A 197    G               80.1        no     147.1       yes
   A 209    U               79.3       yes      41.1       yes
   A 248    U               82.3        no     153.6       yes
   A 251    G               78.5        no     138.4       yes
   A 281    G               80.9        no      31.7       yes
   A 291    G               79.5        no      80.9       yes
  6/134 pucker outliers present

                  ----------Backbone torsion suites----------                  

  Suite ID                 suite  suiteness  triaged angle
     A A 192                  !!      0.000     gamma
     G A 195                  !!      0.000      None
     U A 198                  !!      0.000  epsilon-1
     C A 199                  !!      0.000      beta
     A A 203                  !!      0.000      None
     C A 210                  !!      0.000  epsilon-1
     G A 214                  !!      0.000     alpha
     U A 230                  !!      0.000      None
     U A 233                  !!      0.000     gamma
     A A 247                  !!      0.000     gamma
     U A 249                  !!      0.000  epsilon-1
     C A 250                  !!      0.000      None
     G A 251                  !!      0.000      None
     G A 252                  !!      0.000  epsilon-1
     U A 275                  !!      0.000     gamma
     G A 282                  !!      0.000  epsilon-1
     G A 292                  !!      0.000  epsilon-1
     G A 296                  !!      0.000      None
  12 suites triaged and 0 incomplete leaving 123 suites
  18/135 suite outliers present
  Average suiteness: 0.769
