
Using nuclear cloud x-H distances and vdW radii

Using input model H/D atoms...

Bad Clashes >= 0.4 Angstrom:
 A 213    G  O4'  A 213    G  OP2 :1.117
 A 203    A  O2'  A 204    G  OP1 :1.034
 A 281    G  O2'  A 282    G  OP2 :0.864
 A 213    G  O4'  A 213    G  P   :0.812
 A 281    G  O2'  A 282    G  P   :0.755
 A 251    G  O2'  A 252    G  OP2 :0.716
 A 209    U  O2'  A 210    C  OP1 :0.700
 A 240    C  H6   A 240    C  O5' :0.692
 A 251    G  H4'  A 252    G  OP2 :0.644
 A 203    A  H2'  A 204    G  O5' :0.581
 A 203    A  C2'  A 204    G  O5' :0.574
 A 232    G  H3'  A 232    G  N3  :0.534
 A 251    G  O4'  A 294    G  O4' :0.528
 A 292    G  H8   A 292    G  O5' :0.520
 A 318    C  H6   A 318    C  OP2 :0.513
 A 254    G  H2'  A 255    C  C6  :0.512
 A 250    C  O2'  A 251    G  OP2 :0.510
 A 318    C  C6   A 318    C  OP2 :0.487
 A 252    G  N7   A 294    G  O2' :0.486
 A 232    G  O2'  A 233    U  OP1 :0.471
 A 203    A  C6   A 204    G  N7  :0.470
 A 246    A  N6   A 250    C  N3  :0.469
 A 281    G  C2'  A 282    G  OP2 :0.452
 A 261    A  C2   A 262    U  C2  :0.452
 A 262    U  H2'  A 263    G  C8  :0.442
 A 240    C  C6   A 240    C  O5' :0.440
 A 267    U  H6   A 267    U  O5' :0.438
 A 251    G  O4'  A 294    G  C1' :0.433
 A 250    C  O2'  A 251    G  P   :0.422
 A 232    G  C2'  A 233    U  OP1 :0.417
 A 192    A  C6   A 193    U  C4  :0.417
 A 269    C  H2'  A 270    G  O4' :0.417
 A 239    G  C6   A 240    C  C2  :0.414
 A 294    G  N7   A 295    C  O2' :0.405
 A 203    A  O2'  A 204    G  P   :0.400
clashscore = 8.10
