
                    ----------Backbone bond lenths----------                   

  All bonds within 4.0 sigma of ideal values.

                    ----------Backbone bond angles----------                   

  residue               atom 1  atom 2  atom 3  sigmas
   A 195    G              O3'     C3'     C2'    5.86
   A 220    A              O3'     C3'     C2'    5.02
   A 317    G              O3'     C3'     C2'    4.31
  3/2961 angle outliers present

                        ----------Sugar pucker----------                       

  residue                  delta   outlier   epsilon   outlier
   A 209    U               79.3       yes      41.1       yes
   A 281    G               80.9        no      31.7       yes
  2/134 pucker outliers present

                  ----------Backbone torsion suites----------                  

  Suite ID                 suite  suiteness  triaged angle
     U A 196                  !!      0.000     gamma
     U A 198                  !!      0.000      None
     C A 199                  !!      0.000     gamma
     C A 210                  !!      0.000  epsilon-1
     G A 213                  !!      0.000     alpha
     G A 214                  !!      0.000     gamma
     A A 220                  !!      0.000      None
     U A 233                  !!      0.000      None
     C A 234                  !!      0.000      None
     A A 247                  !!      0.000      None
     C A 250                  !!      0.000      None
     G A 251                  !!      0.000     gamma
     G A 263                  !!      0.000      None
     U A 268                  !!      0.000      None
     U A 275                  !!      0.000     gamma
     G A 282                  !!      0.000  epsilon-1
     G A 291                  !!      0.000     gamma
     G A 296                  !!      0.000     gamma
  10 suites triaged and 0 incomplete leaving 125 suites
  18/135 suite outliers present
  Average suiteness: 0.751
