
                    ----------Backbone bond lenths----------                   

  All bonds within 4.0 sigma of ideal values.

                    ----------Backbone bond angles----------                   

  residue               atom 1  atom 2  atom 3  sigmas
   A 195    G              O3'     P       OP1   18.07
   A 195    G              O3'     P       OP2  -11.37
   A 198    U              O3'     P       OP1    4.54
   A 213    G              O3'     P       OP1    5.65
   A 240    C              O3'     P       OP1   20.68
   A 240    C              O3'     P       OP2   10.33
   A 248    U              C4'     C3'     C2'    4.40
   A 271    U              O3'     P       OP2   31.80
   A 295    C              O3'     P       OP1   12.51
   A 295    C              O3'     P       OP2   -9.04
   A 317    G              O3'     P       OP1   -5.04
   A 317    G              O3'     P       OP2    7.01
  12/2961 angle outliers present

                        ----------Sugar pucker----------                       

  residue                  delta   outlier   epsilon   outlier
   A 198    U               81.1        no      19.2       yes
   A 203    A               85.0        no      49.3       yes
   A 209    U               79.3       yes      41.1       yes
   A 213    G               80.6        no      19.4       yes
   A 281    G               80.9        no      31.6       yes
  5/134 pucker outliers present

                  ----------Backbone torsion suites----------                  

  Suite ID                 suite  suiteness  triaged angle
     U A 196                  !!      0.000     gamma
     C A 199                  !!      0.000  epsilon-1
     G A 204                  !!      0.000  epsilon-1
     C A 210                  !!      0.000  epsilon-1
     G A 214                  !!      0.000  epsilon-1
     U A 230                  !!      0.000      None
     U A 233                  !!      0.000      None
     G A 241                  !!      0.000     gamma
     A A 247                  !!      0.000      None
     U A 249                  !!      0.000      None
     C A 250                  !!      0.000     gamma
     G A 252                  !!      0.000      None
     G A 263                  !!      0.000      None
     G A 272                  !!      0.000      None
     U A 275                  !!      0.000     gamma
     G A 282                  !!      0.000  epsilon-1
     A A 289                  !!      0.000      None
     G A 291                  !!      0.000     gamma
     G A 296                  !!      0.000     gamma
  11 suites triaged and 0 incomplete leaving 124 suites
  19/135 suite outliers present
  Average suiteness: 0.757
