
                    ----------Backbone bond lenths----------                   

  All bonds within 4.0 sigma of ideal values.

                    ----------Backbone bond angles----------                   

  All angles within 4.0 sigma of ideal values.

                        ----------Sugar pucker----------                       

  All puckers have reasonable geometry.

                  ----------Backbone torsion suites----------                  

  Suite ID                 suite  suiteness  triaged angle
     A A  22                  !!      0.000      None
     A A  23                  !!      0.000      None
     C A  36                  !!      0.000      None
     G A  57                  !!      0.000      None
     U A  58                  !!      0.000      None
     U A  64                  !!      0.000      None
     U A  65                  !!      0.000      None
     G A  95                  !!      0.000      None
     A A 106                  !!      0.000     gamma
  1 suites triaged and 0 incomplete leaving 152 suites
  9/153 suite outliers present
  Average suiteness: 0.833
