
                    ----------Backbone bond lenths----------                   

  All bonds within 4.0 sigma of ideal values.

                    ----------Backbone bond angles----------                   

  All angles within 4.0 sigma of ideal values.

                        ----------Sugar pucker----------                       

  residue                  delta   outlier   epsilon   outlier
   A 105    G               75.8        no     133.1       yes
  1/152 pucker outliers present

                  ----------Backbone torsion suites----------                  

  Suite ID                 suite  suiteness  triaged angle
     U A  21                  !!      0.000      None
     C A  36                  !!      0.000      None
     C A  75                  !!      0.000      None
     A A  76                  !!      0.000      None
     U A  77                  !!      0.000     alpha
     C A  94                  !!      0.000      None
     A A 106                  !!      0.000  epsilon-1
  2 suites triaged and 0 incomplete leaving 151 suites
  7/153 suite outliers present
  Average suiteness: 0.842
