
                    ----------Backbone bond lenths----------                   

  All bonds within 4.0 sigma of ideal values.

                    ----------Backbone bond angles----------                   

  All angles within 4.0 sigma of ideal values.

                        ----------Sugar pucker----------                       

  All puckers have reasonable geometry.

                  ----------Backbone torsion suites----------                  

  Suite ID                 suite  suiteness  triaged angle
     G A  27                  !!      0.000      None
     C A  36                  !!      0.000      None
     C A  59                  !!      0.000      None
     A A  73                  !!      0.000      None
     U A  74                  !!      0.000     alpha
     U A  91                  !!      0.000      None
     G A  95                  !!      0.000      None
     U A  96                  !!      0.000      None
     A A 106                  !!      0.000     alpha
  2 suites triaged and 0 incomplete leaving 151 suites
  9/153 suite outliers present
  Average suiteness: 0.833
