
                    ----------Backbone bond lenths----------                   

  All bonds within 4.0 sigma of ideal values.

                    ----------Backbone bond angles----------                   

  All angles within 4.0 sigma of ideal values.

                        ----------Sugar pucker----------                       

  residue                  delta   outlier   epsilon   outlier
   A 105    G               77.1        no     146.8       yes
  1/152 pucker outliers present

                  ----------Backbone torsion suites----------                  

  Suite ID                 suite  suiteness  triaged angle
     U A  21                  !!      0.000      None
     G A  27                  !!      0.000      None
     C A  36                  !!      0.000      None
     C A  56                  !!      0.000      None
     U A  64                  !!      0.000      None
     A A  73                  !!      0.000      None
     G A  95                  !!      0.000      None
     A A 106                  !!      0.000  epsilon-1
  1 suites triaged and 0 incomplete leaving 152 suites
  8/153 suite outliers present
  Average suiteness: 0.820
