
Using nuclear cloud x-H distances and vdW radii

Using input model H/D atoms...

Bad Clashes >= 0.4 Angstrom:
 A 302    C  O2'  A 303    A  OP1 :1.151
 A 210    C  O4'  A 210    C  OP1 :0.890
 A 263    G  H8   A 263    G  P   :0.847
 A 263    G  H8   A 263    G  OP1 :0.769
 A 261    A  O2'  A 262    U  O5' :0.753
 A 263    G  C8   A 263    G  P   :0.720
 A 263    G  C8   A 263    G  OP1 :0.707
 A 245    C  O2'  A 246    A  P   :0.693
 A 245    C  O2'  A 246    A  OP2 :0.678
 A 302    C  O2'  A 303    A  P   :0.638
 A 262    U  C6   A 262    U  OP1 :0.638
 A 261    A  H4'  A 262    U  OP1 :0.630
 A 210    C  C4'  A 210    C  OP1 :0.617
 A 261    A  O2'  A 262    U  P   :0.590
 A 198    U  C6   A 198    U  OP1 :0.573
 A 266    U  O4   A 272    G  N2  :0.543
 A 272    G  C8   A 272    G  OP2 :0.539
 A 262    U  H6   A 262    U  OP1 :0.532
 A 198    U  C5   A 198    U  OP1 :0.518
 A 268    U  O2'  A 270    G  N7  :0.516
 A 252    G  O2'  A 253    U  OP2 :0.491
 A 254    G  C6   A 255    C  N4  :0.491
 A 213    G  O6   A 214    G  C6  :0.489
 A 204    G  O4'  A 204    G  OP1 :0.482
 A 222    A  H2'  A 222    A  N3  :0.471
 A 212    C  H4'  A 212    C  OP1 :0.457
 A 250    C  O3'  A 250    C  OP1 :0.457
 A 274    C  H2'  A 275    U  O4' :0.450
 A 252    G  C2'  A 253    U  OP2 :0.441
 A 195    G  N7   A 315    G  N2  :0.441
 A 236    G  C6   A 237    G  C6  :0.434
 A 201    C  H2'  A 202    A  C8  :0.433
 A 290    A  N6   A 295    C  C6  :0.419
 A 245    C  H4'  A 246    A  OP2 :0.413
clashscore = 7.86
