
                    ----------Backbone bond lenths----------                   

  All bonds within 4.0 sigma of ideal values.

                    ----------Backbone bond angles----------                   

  residue               atom 1  atom 2  atom 3  sigmas
   A 240    C              C4'     C3'     C2'    4.00
   A 274    C              O3'     P       O5'   -4.44
  2/2961 angle outliers present

                        ----------Sugar pucker----------                       

  residue                  delta   outlier   epsilon   outlier
   A 191    C               79.5        no     147.0       yes
   A 197    G               80.6        no      34.6       yes
   A 245    C               81.6        no      40.3       yes
   A 261    A               79.3       yes      42.1       yes
   A 269    C               82.6       yes      31.6       yes
   A 274    C               81.7        no     139.3       yes
  6/134 pucker outliers present

                  ----------Backbone torsion suites----------                  

  Suite ID                 suite  suiteness  triaged angle
     A A 192                  !!      0.000  epsilon-1
     U A 196                  !!      0.000      None
     U A 198                  !!      0.000  epsilon-1
     C A 199                  !!      0.000     gamma
     C A 210                  !!      0.000      None
     C A 212                  !!      0.000     gamma
     G A 214                  !!      0.000     gamma
     U A 221                  !!      0.000      None
     U A 223                  !!      0.000     alpha
     U A 228                  !!      0.000      None
     U A 230                  !!      0.000     gamma
     C A 231                  !!      0.000      None
     A A 246                  !!      0.000  epsilon-1
     U A 248                  !!      0.000      None
     C A 250                  !!      0.000      None
     G A 252                  !!      0.000     gamma
     U A 253                  !!      0.000      None
     U A 262                  !!      0.000  epsilon-1
     G A 263                  !!      0.000      None
     U A 267                  !!      0.000     gamma
     U A 268                  !!      0.000     gamma
     G A 270                  !!      0.000  epsilon-1
     G A 272                  !!      0.000     gamma
     U A 275                  !!      0.000  epsilon-1
     G A 282                  !!      0.000     gamma
     G A 292                  !!      0.000     gamma
     G A 296                  !!      0.000      None
     A A 303                  !!      0.000     gamma
     A A 309                  !!      0.000     gamma
  19 suites triaged and 0 incomplete leaving 116 suites
  29/135 suite outliers present
  Average suiteness: 0.735
