
Using nuclear cloud x-H distances and vdW radii

Using input model H/D atoms...

Bad Clashes >= 0.4 Angstrom:
 A 296    G  O4'  A 296    G  OP2 :1.239
 A 296    G  C8   A 296    G  OP2 :0.926
 A 296    G  H8   A 296    G  P   :0.913
 A 296    G  C8   A 296    G  P   :0.764
 A 261    A  O2'  A 262    U  P   :0.760
 A 296    G  C1'  A 296    G  OP2 :0.755
 A 294    G  C4'  A 294    G  OP1 :0.718
 A 261    A  O2'  A 262    U  O5' :0.681
 A 296    G  O4'  A 296    G  P   :0.659
 A 252    G  H3'  A 252    G  N3  :0.636
 A 294    G  H4'  A 294    G  OP1 :0.625
 A 261    A  O2'  A 262    U  OP2 :0.624
 A 269    C  O2'  A 270    G  P   :0.607
 A 232    G  O4'  A 232    G  OP1 :0.605
 A 251    G  OP2  A 252    G  O2' :0.603
 A 212    C  O2'  A 294    G  O2' :0.603
 A 232    G  C4'  A 232    G  OP1 :0.588
 A 269    C  O2'  A 270    G  OP2 :0.581
 A 262    U  O2   A 262    U  O4' :0.535
 A 294    G  O4'  A 294    G  OP1 :0.534
 A 296    G  N9   A 296    G  OP2 :0.529
 A 293    U  O2'  A 294    G  OP1 :0.522
 A 210    C  O4'  A 210    C  OP1 :0.517
 A 219    A  N3   A 222    A  N6  :0.492
 A 195    G  N2   A 314    A  N7  :0.484
 A 220    A  H2'  A 220    A  N3  :0.477
 A 271    U  H6   A 271    U  O5' :0.474
 A 211    A  H2'  A 212    C H5'' :0.462
 A 201    C  H2'  A 202    A  C8  :0.455
 A 254    G  O6   A 255    C  N4  :0.450
 A 210    C  C4'  A 210    C  OP1 :0.446
 A 236    G  C6   A 237    G  C6  :0.445
 A 274    C  C2   A 275    U  H1' :0.438
 A 231    C  H6   A 231    C  O5' :0.436
 A 261    A  O2'  A 262    U  H4' :0.434
 A 220    A  N7   A 222    A  N6  :0.434
 A 270    G  H2'  A 271    U  C6  :0.434
 A 269    C  O2'  A 270    G  O5' :0.431
 A 262    U  O2'  A 263    G  C8  :0.430
 A 313    C  O2'  A 314    A  H5' :0.427
 A 291    G  H2'  A 292    G  O4' :0.421
 A 202    A  N6   A 309    A  N1  :0.420
 A 220    A  N6   A 241    G  N3  :0.413
 A 219    A  N1   A 240    C  N4  :0.401
 A 271    U  C2   A 272    G  N7  :0.400
clashscore = 10.41
