
                    ----------Backbone bond lenths----------                   

  All bonds within 4.0 sigma of ideal values.

                    ----------Backbone bond angles----------                   

  residue               atom 1  atom 2  atom 3  sigmas
   A 198    U              O3'     P       OP1   -6.45
   A 198    U              O3'     P       OP2    8.70
   A 203    A              O3'     P       OP1   33.97
   A 211    A              O3'     P       OP2    5.75
   A 252    G              O3'     P       OP2    4.36
   A 262    U              O3'     P       OP1    9.72
   A 262    U              O3'     P       OP2   21.31
   A 295    C              O3'     P       OP1   24.46
   A 295    C              O3'     P       OP2    6.67
  9/2961 angle outliers present

                        ----------Sugar pucker----------                       

  residue                  delta   outlier   epsilon   outlier
   A 192    A               77.8       yes      26.7       yes
   A 222    A               81.4        no      28.4       yes
   A 261    A               79.3        no     123.0       yes
   A 316    A               81.4        no     107.5       yes
  4/134 pucker outliers present

                  ----------Backbone torsion suites----------                  

  Suite ID                 suite  suiteness  triaged angle
     A A 192                  !!      0.000      None
     U A 193                  !!      0.000  epsilon-1
     U A 198                  !!      0.000     gamma
     A A 202                  !!      0.000      None
     G A 204                  !!      0.000     gamma
     C A 210                  !!      0.000      None
     G A 214                  !!      0.000     gamma
     A A 220                  !!      0.000     gamma
     U A 221                  !!      0.000     gamma
     A A 222                  !!      0.000      None
     U A 223                  !!      0.000  epsilon-1
     U A 228                  !!      0.000     gamma
     G A 232                  !!      0.000      None
     U A 233                  !!      0.000      None
     C A 234                  !!      0.000      None
     G A 237                  !!      0.000     gamma
     A A 246                  !!      0.000     gamma
     A A 247                  !!      0.000     gamma
     U A 248                  !!      0.000     gamma
     U A 249                  !!      0.000      None
     C A 250                  !!      0.000      None
     G A 252                  !!      0.000      None
     U A 253                  !!      0.000     gamma
     C A 255                  !!      0.000      None
     U A 262                  !!      0.000  epsilon-1
     G A 263                  !!      0.000    zeta-1
     C A 269                  !!      0.000      None
     G A 270                  !!      0.000     gamma
     U A 271                  !!      0.000      None
     G A 272                  !!      0.000      beta
     G A 282                  !!      0.000      None
     G A 291                  !!      0.000      None
     G A 292                  !!      0.000     alpha
     G A 296                  !!      0.000      None
     A A 303                  !!      0.000     gamma
     C A 313                  !!      0.000    zeta-1
     G A 317                  !!      0.000  epsilon-1
  21 suites triaged and 0 incomplete leaving 114 suites
  37/135 suite outliers present
  Average suiteness: 0.720
