
                    ----------Backbone bond lenths----------                   

  All bonds within 4.0 sigma of ideal values.

                    ----------Backbone bond angles----------                   

  residue               atom 1  atom 2  atom 3  sigmas
   A 192    A              O3'     P       OP1   34.79
   A 222    A              O3'     P       OP2   35.19
   A 233    U              O3'     P       OP1    8.69
   A 233    U              O3'     P       OP2   22.36
   A 247    A              C4'     C3'     C2'   -5.60
   A 247    A              O3'     C3'     C2'  -12.91
   A 249    U              C4'     C3'     C2'   -4.03
   A 249    U              O3'     C3'     C2'   -5.69
   A 249    U              O3'     P       OP1   27.65
   A 252    G              O3'     P       OP1   -5.06
   A 252    G              O3'     P       OP2    7.04
   A 309    A              O3'     P       OP1   34.64
  12/2961 angle outliers present

                        ----------Sugar pucker----------                       

  residue                  delta   outlier   epsilon   outlier
   A 249    U              127.0       yes     210.2        no
  1/134 pucker outliers present

                  ----------Backbone torsion suites----------                  

  Suite ID                 suite  suiteness  triaged angle
     U A 193                  !!      0.000     gamma
     U A 198                  !!      0.000     gamma
     C A 199                  !!      0.000     gamma
     G A 204                  !!      0.000     gamma
     C A 210                  !!      0.000      None
     G A 214                  !!      0.000     gamma
     A A 219                  !!      0.000      beta
     U A 221                  !!      0.000      None
     A A 222                  !!      0.000      None
     U A 223                  !!      0.000      None
     C A 226                  !!      0.000     gamma
     U A 230                  !!      0.000      None
     C A 234                  !!      0.000    zeta-1
     A A 247                  !!      0.000     gamma
     C A 250                  !!      0.000      beta
     G A 252                  !!      0.000      None
     U A 253                  !!      0.000      None
     U A 262                  !!      0.000      None
     G A 263                  !!      0.000      None
     C A 269                  !!      0.000      None
     G A 270                  !!      0.000      None
     U A 271                  !!      0.000     gamma
     G A 272                  !!      0.000      None
     U A 275                  !!      0.000     gamma
     G A 282                  !!      0.000      None
     G A 296                  !!      0.000     gamma
     G A 317                  !!      0.000      None
  13 suites triaged and 0 incomplete leaving 122 suites
  27/135 suite outliers present
  Average suiteness: 0.692
