
                    ----------Backbone bond lenths----------                   

  All bonds within 4.0 sigma of ideal values.

                    ----------Backbone bond angles----------                   

  residue               atom 1  atom 2  atom 3  sigmas
   A 192    A              O3'     P       OP2    4.04
   A 203    A              O3'     P       OP1   18.85
   A 203    A              O3'     P       OP2  -11.53
   A 222    A              O3'     P       OP2    4.78
   A 249    U              O3'     P       OP1   -9.14
   A 249    U              O3'     P       OP2   12.63
   A 262    U              O3'     P       OP1    5.39
   A 270    G              C3'     C2'     C1'   -4.66
   A 271    U              O3'     P       OP1   30.69
   A 271    U              O3'     P       OP2   -7.69
   A 274    C              O3'     P       OP1   31.78
   A 274    C              O3'     P       OP2   -6.92
   A 281    G              O3'     P       OP1    7.97
   A 281    G              O3'     P       OP2   23.12
   A 295    C              O3'     P       OP1   29.79
  15/2961 angle outliers present

                        ----------Sugar pucker----------                       

  residue                  delta   outlier   epsilon   outlier
   A 230    U               88.3       yes      35.6       yes
  1/134 pucker outliers present

                  ----------Backbone torsion suites----------                  

  Suite ID                 suite  suiteness  triaged angle
     A A 192                  !!      0.000      None
     U A 193                  !!      0.000      None
     C A 199                  !!      0.000     gamma
     C A 210                  !!      0.000      beta
     G A 214                  !!      0.000     gamma
     A A 220                  !!      0.000     gamma
     U A 223                  !!      0.000      beta
     U A 228                  !!      0.000      None
     C A 231                  !!      0.000  epsilon-1
     G A 232                  !!      0.000      None
     U A 233                  !!      0.000      None
     A A 246                  !!      0.000      None
     U A 248                  !!      0.000      None
     C A 250                  !!      0.000      beta
     G A 252                  !!      0.000    zeta-1
     U A 253                  !!      0.000     gamma
     U A 262                  !!      0.000     alpha
     G A 263                  !!      0.000     gamma
     U A 267                  !!      0.000      None
     U A 268                  !!      0.000      None
     G A 270                  !!      0.000      None
     G A 272                  !!      0.000      None
     U A 275                  !!      0.000      None
     G A 282                  !!      0.000      None
     G A 296                  !!      0.000    zeta-1
     A A 303                  !!      0.000     gamma
     G A 310                  !!      0.000     gamma
     G A 317                  !!      0.000      None
  14 suites triaged and 0 incomplete leaving 121 suites
  28/135 suite outliers present
  Average suiteness: 0.702
