
                    ----------Backbone bond lenths----------                   

  All bonds within 4.0 sigma of ideal values.

                    ----------Backbone bond angles----------                   

  residue               atom 1  atom 2  atom 3  sigmas
   A 192    A              O3'     P       OP1   10.75
   A 192    A              O3'     P       OP2   -7.88
   A 211    A              O3'     P       OP1  -11.10
   A 211    A              O3'     P       OP2   24.08
   A 233    U              O4'     C1'     C2'    4.35
   A 233    U              C4'     C3'     C2'    5.23
   A 233    U              O4'     C4'     C3'    8.10
   A 236    G              O3'     P       OP1   -4.01
   A 236    G              O3'     P       OP2    5.72
   A 240    C              O3'     P       OP1   -8.87
   A 240    C              O3'     P       OP2   12.23
   A 262    U              O3'     P       OP1    8.14
   A 262    U              O3'     P       OP2   22.94
   A 289    A              C3'     C2'     C1'    4.14
   A 295    C              O3'     P       OP1    5.29
   A 309    A              O3'     P       OP1    6.52
   A 309    A              O3'     P       OP2   -4.68
  17/2961 angle outliers present

                        ----------Sugar pucker----------                       

  residue                  delta   outlier   epsilon   outlier
   A 245    C               81.6        no      72.7       yes
   A 261    A               79.2       yes      63.2       yes
   A 302    C               81.7        no     119.3       yes
  3/134 pucker outliers present

                  ----------Backbone torsion suites----------                  

  Suite ID                 suite  suiteness  triaged angle
     A A 192                  !!      0.000     gamma
     U A 193                  !!      0.000      None
     U A 198                  !!      0.000      None
     C A 199                  !!      0.000     gamma
     A A 203                  !!      0.000     gamma
     G A 204                  !!      0.000      None
     C A 210                  !!      0.000      beta
     C A 212                  !!      0.000     gamma
     G A 214                  !!      0.000     gamma
     A A 219                  !!      0.000     gamma
     A A 220                  !!      0.000      None
     U A 221                  !!      0.000      None
     U A 223                  !!      0.000     gamma
     G A 232                  !!      0.000      None
     U A 233                  !!      0.000     gamma
     C A 234                  !!      0.000      None
     G A 237                  !!      0.000      None
     A A 246                  !!      0.000  epsilon-1
     U A 248                  !!      0.000      None
     C A 250                  !!      0.000     gamma
     G A 252                  !!      0.000      None
     U A 253                  !!      0.000     gamma
     U A 262                  !!      0.000  epsilon-1
     G A 263                  !!      0.000     gamma
     U A 266                  !!      0.000      None
     U A 267                  !!      0.000      None
     C A 269                  !!      0.000      None
     G A 272                  !!      0.000      None
     G A 282                  !!      0.000      None
     G A 292                  !!      0.000      None
     G A 294                  !!      0.000     gamma
     C A 295                  !!      0.000     gamma
     G A 296                  !!      0.000     gamma
     A A 303                  !!      0.000  epsilon-1
  18 suites triaged and 0 incomplete leaving 117 suites
  34/135 suite outliers present
  Average suiteness: 0.713
