
Using nuclear cloud x-H distances and vdW radii

Using input model H/D atoms...

Bad Clashes >= 0.4 Angstrom:
 A 296    G  C8   A 296    G  OP2 :1.207
 A 296    G  H8   A 296    G  OP2 :1.019
 A 275    U  C4'  A 275    U  OP1 :0.965
 A 275    U  H4'  A 275    U  OP1 :0.957
 A 245    C  O2'  A 246    A  OP2 :0.739
 A 296    G  H8   A 296    G  P   :0.723
 A 261    A  O2'  A 262    U  O5' :0.718
 A 198    U  C6   A 198    U  OP1 :0.717
 A 274    C  C2'  A 275    U  OP1 :0.708
 A 269    C  O2'  A 270    G  O5' :0.691
 A 254    G  C6   A 255    C  N4  :0.675
 A 191    C  O2'  A 192    A  O5' :0.661
 A 211    A  H2'  A 212    C H5'' :0.625
 A 198    U  H6   A 198    U  OP1 :0.604
 A 197    G  O2'  A 198    U  OP1 :0.590
 A 222    A  O2'  A 223    U  OP2 :0.584
 A 275    U  O4'  A 275    U  OP1 :0.579
 A 210    C  O5'  A 282    G  H5' :0.560
 A 210    C  H4'  A 210    C  OP1 :0.553
 A 222    A  H8   A 222    A  OP1 :0.548
 A 220    A  O2'  A 223    U  OP2 :0.543
 A 246    A  H8   A 246    A  P   :0.531
 A 271    U  H6   A 271    U  O5' :0.521
 A 219    A  O2'  A 221    U  O4' :0.508
 A 191    C  O2'  A 192    A  C5' :0.508
 A 201    C  H2'  A 202    A  C8  :0.507
 A 195    G  O6   A 314    A  N6  :0.499
 A 274    C  O2'  A 275    U  OP1 :0.497
 A 274    C  H2'  A 275    U  OP1 :0.486
 A 261    A  H4'  A 262    U  O5' :0.462
 A 249    U HO2'  A 252    G HO2' :0.454
 A 236    G  C6   A 237    G  C6  :0.453
 A 210    C  O5'  A 282    G  C5' :0.452
 A 296    G  O4'  A 296    G  OP2 :0.451
 A 219    A  N1   A 240    C  N4  :0.449
 A 195    G  C6   A 315    G  C6  :0.446
 A 210    C  C4'  A 210    C  OP1 :0.445
 A 271    U  H2'  A 272    G  C8  :0.427
 A 254    G  C6   A 255    C  C4  :0.425
 A 254    G  O6   A 255    C  N4  :0.417
 A 270    G  H2'  A 271    U  C6  :0.402
clashscore = 9.48
