
Using nuclear cloud x-H distances and vdW radii

Using input model H/D atoms...

Bad Clashes >= 0.4 Angstrom:
 A 250    C  H4'  A 250    C  OP2 :1.030
 A 210    C  O4'  A 210    C  OP1 :0.777
 A 253    U  H4'  A 253    U  OP1 :0.725
 A 230    U  O2'  A 231    C  OP2 :0.700
 A 250    C  C4'  A 250    C  OP2 :0.685
 A 270    G  H8   A 270    G  OP2 :0.629
 A 296    G  H4'  A 296    G  OP2 :0.622
 A 269    C  O2   A 269    C  O4' :0.595
 A 210    C  C4'  A 210    C  OP1 :0.583
 A 223    U  H4'  A 223    U  OP1 :0.581
 A 253    U  C4'  A 253    U  OP1 :0.571
 A 263    G  H8   A 263    G  OP1 :0.541
 A 290    A  O2'  A 293    U  O4  :0.537
 A 262    U  O2'  A 264    U  OP2 :0.520
 A 201    C  H2'  A 202    A  C8  :0.517
 A 266    U  H6   A 266    U  O5' :0.504
 A 196    U  N3   A 197    G  N7  :0.495
 A 220    A  N6   A 242    U  O4' :0.490
 A 239    G  O6   A 240    C  C4  :0.489
 A 211    A  O2'  A 296    G  O5' :0.479
 A 254    G  C6   A 255    C  N4  :0.468
 A 265    C  C4   A 266    U  C4  :0.466
 A 266    U  C2   A 267    U  C5  :0.464
 A 268    U  O2'  A 270    G  N7  :0.464
 A 202    A  N6   A 309    A  N1  :0.444
 A 236    G  C6   A 237    G  C6  :0.436
 A 261    A  O2'  A 262    U  H4' :0.428
 A 222    A  H2'  A 223    U  O4' :0.417
 A 202    A  H2'  A 203    A  O4' :0.416
 A 310    G  O4'  A 310    G  OP1 :0.414
 A 195    G  C2   A 196    U  C2  :0.412
 A 290    A  H8   A 290    A  O5' :0.411
 A 236    G  H2'  A 237    G  C8  :0.403
 A 263    G  C8   A 263    G  OP1 :0.400
clashscore = 7.86
