
                    ----------Backbone bond lenths----------                   

  residue               atom 1  atom 2  sigmas
   A 252    G              O4'     C1'   -7.15
  1/1885 bond outliers present

                    ----------Backbone bond angles----------                   

  residue               atom 1  atom 2  atom 3  sigmas
   A 203    A              O3'     P       O5'   -4.23
   A 222    A              O3'     P       OP2    4.25
   A 233    U              O3'     P       OP2   30.26
   A 240    C              O3'     P       OP1   -4.66
   A 240    C              O3'     P       OP2    6.53
   A 252    G              C4'     C3'     C2'   -4.73
   A 252    G              O3'     C3'     C2'  -13.09
   A 252    G              O3'     P       OP1   -8.17
   A 252    G              O3'     P       OP2   29.92
   A 262    U              O3'     P       OP1   18.84
   A 262    U              O3'     P       OP2  -11.51
   A 274    C              O3'     P       OP1   -5.23
   A 274    C              O3'     P       OP2    7.24
   A 295    C              O3'     C3'     C2'   -5.74
   A 295    C              C4'     O4'     C1'   -4.82
   A 295    C              O3'     P       OP1   -4.16
   A 295    C              O3'     P       OP2    5.95
   A 309    A              O3'     P       OP2   31.83
  18/2961 angle outliers present

                        ----------Sugar pucker----------                       

  residue                  delta   outlier   epsilon   outlier
   A 202    A               83.5        no     143.1       yes
   A 203    A               80.6        no     320.0       yes
   A 252    G              119.9       yes     190.5        no
  3/134 pucker outliers present

                  ----------Backbone torsion suites----------                  

  Suite ID                 suite  suiteness  triaged angle
     U A 193                  !!      0.000      None
     C A 199                  !!      0.000      None
     A A 203                  !!      0.000  epsilon-1
     G A 204                  !!      0.000  epsilon-1
     C A 210                  !!      0.000      None
     G A 214                  !!      0.000     gamma
     U A 221                  !!      0.000     alpha
     A A 222                  !!      0.000      None
     U A 223                  !!      0.000      None
     U A 233                  !!      0.000      None
     C A 234                  !!      0.000      None
     A A 246                  !!      0.000      None
     A A 247                  !!      0.000      None
     C A 250                  !!      0.000     gamma
     G A 252                  !!      0.000     delta
     U A 253                  !!      0.000   delta-1
     C A 255                  !!      0.000      None
     U A 262                  !!      0.000      None
     G A 263                  !!      0.000      None
     U A 267                  !!      0.000     gamma
     U A 268                  !!      0.000     gamma
     C A 269                  !!      0.000      None
     G A 282                  !!      0.000     gamma
     G A 296                  !!      0.000      beta
     A A 309                  !!      0.000      None
     G A 310                  !!      0.000      None
     G A 317                  !!      0.000      None
  11 suites triaged and 0 incomplete leaving 124 suites
  27/135 suite outliers present
  Average suiteness: 0.658
