
                    ----------Backbone bond lenths----------                   

  All bonds within 4.0 sigma of ideal values.

                    ----------Backbone bond angles----------                   

  residue               atom 1  atom 2  atom 3  sigmas
   A 192    A              O3'     P       OP1    9.81
   A 192    A              O3'     P       OP2   -7.22
   A 203    A              O3'     P       OP2    4.72
   A 220    A              O3'     C3'     C2'   -5.38
   A 249    U              O3'     P       OP1   -4.26
   A 249    U              O3'     P       OP2    6.03
   A 293    U              O3'     C3'     C2'   -4.38
   A 295    C              O3'     P       OP1    4.99
   A 312    G              O3'     P       OP1  -12.38
   A 312    G              O3'     P       OP2   18.70
  10/2961 angle outliers present

                        ----------Sugar pucker----------                       

  residue                  delta   outlier   epsilon   outlier
   A 209    U               79.3       yes      43.1       yes
   A 211    A               79.8        no     112.0       yes
   A 220    A               70.3        no      53.9       yes
   A 274    C               81.6        no     146.1       yes
   A 281    G               80.8        no      31.8       yes
   A 293    U               81.6        no      37.7       yes
  6/134 pucker outliers present

                  ----------Backbone torsion suites----------                  

  Suite ID                 suite  suiteness  triaged angle
     U A 193                  !!      0.000     gamma
     C A 199                  !!      0.000    zeta-1
     G A 204                  !!      0.000     gamma
     C A 210                  !!      0.000  epsilon-1
     C A 212                  !!      0.000  epsilon-1
     U A 221                  !!      0.000  epsilon-1
     U A 233                  !!      0.000     gamma
     C A 234                  !!      0.000      beta
     G A 237                  !!      0.000      None
     U A 248                  !!      0.000     gamma
     U A 249                  !!      0.000      None
     C A 250                  !!      0.000     gamma
     G A 252                  !!      0.000      None
     U A 253                  !!      0.000      None
     G A 263                  !!      0.000     gamma
     C A 269                  !!      0.000      None
     G A 270                  !!      0.000      None
     U A 275                  !!      0.000  epsilon-1
     G A 282                  !!      0.000  epsilon-1
     A A 289                  !!      0.000      None
     G A 294                  !!      0.000  epsilon-1
     G A 296                  !!      0.000      None
     G A 310                  !!      0.000      None
     G A 315                  !!      0.000      None
     G A 317                  !!      0.000      None
  14 suites triaged and 0 incomplete leaving 121 suites
  25/135 suite outliers present
  Average suiteness: 0.731
