
                    ----------Backbone bond lenths----------                   

  All bonds within 4.0 sigma of ideal values.

                    ----------Backbone bond angles----------                   

  residue               atom 1  atom 2  atom 3  sigmas
   A 192    A              O3'     P       OP1   -5.05
   A 192    A              O3'     P       OP2    6.98
   A 198    U              O3'     P       OP2    4.37
   A 203    A              O3'     P       OP1   11.42
   A 203    A              O3'     P       OP2   19.45
   A 222    A              O3'     P       OP2    5.11
   A 233    U              O3'     P       OP2    4.76
   A 236    G              O3'     P       OP1  -11.37
   A 236    G              O3'     P       OP2   17.98
   A 240    C              O3'     P       OP1   18.84
   A 240    C              O3'     P       OP2  -11.52
   A 262    U              O3'     P       OP2    4.17
   A 271    U              O3'     P       OP1   -5.29
   A 271    U              O3'     P       OP2    7.25
   A 312    G              O3'     P       OP1    5.19
   A 312    G              O3'     P       OP2   26.04
   A 314    A              O3'     P       OP1    5.60
   A 314    A              O3'     P       OP2   25.62
  18/2961 angle outliers present

                        ----------Sugar pucker----------                       

  residue                  delta   outlier   epsilon   outlier
   A 209    U               79.3       yes      37.7       yes
   A 211    A               79.8        no     115.6       yes
   A 249    U               79.6        no     137.8       yes
   A 281    G               80.8        no      32.8       yes
   A 309    A               81.9        no     147.3       yes
  5/134 pucker outliers present

                  ----------Backbone torsion suites----------                  

  Suite ID                 suite  suiteness  triaged angle
     U A 193                  !!      0.000     gamma
     U A 198                  !!      0.000      None
     G A 204                  !!      0.000      None
     C A 210                  !!      0.000  epsilon-1
     C A 212                  !!      0.000  epsilon-1
     A A 219                  !!      0.000      None
     A A 220                  !!      0.000      None
     U A 223                  !!      0.000      None
     C A 226                  !!      0.000     gamma
     U A 229                  !!      0.000      None
     U A 230                  !!      0.000     alpha
     G A 237                  !!      0.000      None
     U A 248                  !!      0.000      None
     U A 249                  !!      0.000     alpha
     C A 250                  !!      0.000  epsilon-1
     U A 253                  !!      0.000     alpha
     G A 263                  !!      0.000     alpha
     U A 268                  !!      0.000      None
     C A 269                  !!      0.000     gamma
     G A 272                  !!      0.000      beta
     G A 282                  !!      0.000  epsilon-1
     G A 292                  !!      0.000      None
     G A 296                  !!      0.000      None
     A A 303                  !!      0.000      None
     G A 310                  !!      0.000  epsilon-1
  13 suites triaged and 0 incomplete leaving 122 suites
  25/135 suite outliers present
  Average suiteness: 0.727
