
                    ----------Backbone bond lenths----------                   

  All bonds within 4.0 sigma of ideal values.

                    ----------Backbone bond angles----------                   

  residue               atom 1  atom 2  atom 3  sigmas
   A 203    A              O3'     P       OP1   14.81
   A 203    A              O3'     P       OP2   16.14
   A 236    G              O3'     P       OP1   12.13
   A 236    G              O3'     P       OP2   18.84
   A 252    G              C4'     C3'     C2'    4.37
   A 252    G              C5'     C4'     O4'    4.24
   A 262    U              O3'     P       OP2    4.35
   A 268    U              C4'     C3'     C2'    4.12
   A 309    A              O3'     P       OP2    4.43
   A 312    G              O3'     P       OP2    4.48
  10/2961 angle outliers present

                        ----------Sugar pucker----------                       

  residue                  delta   outlier   epsilon   outlier
   A 209    U               79.2       yes      38.5       yes
   A 235    G               80.9        no     154.6       yes
   A 252    G               89.3        no     324.0       yes
   A 262    U               84.0       yes      29.0       yes
   A 281    G               80.8        no      30.8       yes
   A 292    G               82.9        no      39.1       yes
  6/134 pucker outliers present

                  ----------Backbone torsion suites----------                  

  Suite ID                 suite  suiteness  triaged angle
     C A 199                  !!      0.000     gamma
     G A 204                  !!      0.000      None
     C A 210                  !!      0.000  epsilon-1
     A A 220                  !!      0.000     gamma
     U A 223                  !!      0.000     gamma
     C A 226                  !!      0.000     gamma
     U A 230                  !!      0.000      None
     C A 234                  !!      0.000    zeta-1
     G A 236                  !!      0.000  epsilon-1
     G A 237                  !!      0.000      None
     C A 250                  !!      0.000      beta
     G A 252                  !!      0.000     alpha
     U A 253                  !!      0.000  epsilon-1
     U A 262                  !!      0.000     alpha
     G A 263                  !!      0.000  epsilon-1
     G A 270                  !!      0.000      None
     U A 275                  !!      0.000    zeta-1
     G A 282                  !!      0.000  epsilon-1
     A A 290                  !!      0.000      None
     G A 292                  !!      0.000     gamma
     U A 293                  !!      0.000  epsilon-1
     G A 294                  !!      0.000     gamma
     G A 296                  !!      0.000      None
  17 suites triaged and 0 incomplete leaving 118 suites
  23/135 suite outliers present
  Average suiteness: 0.756
