
                    ----------Backbone bond lenths----------                   

  All bonds within 4.0 sigma of ideal values.

                    ----------Backbone bond angles----------                   

  residue               atom 1  atom 2  atom 3  sigmas
   A 233    U              O3'     P       OP1    6.23
   A 233    U              O3'     P       OP2   -4.42
   A 240    C              O3'     P       OP2   35.41
   A 252    G              O3'     P       OP1   17.50
   A 252    G              O3'     P       OP2   13.44
   A 271    U              O3'     P       OP1   34.12
   A 271    U              O3'     P       OP2   -5.17
   A 309    A              O3'     P       OP2    4.74
   A 312    G              O3'     P       OP1   -5.90
   A 312    G              O3'     P       OP2    8.02
  10/2961 angle outliers present

                        ----------Sugar pucker----------                       

  residue                  delta   outlier   epsilon   outlier
   A 209    U               79.3       yes      38.8       yes
   A 213    G               79.7        no      30.2       yes
   A 232    G               79.4        no      29.2       yes
   A 262    U               79.7        no      29.6       yes
   A 271    U              143.6        no      34.4       yes
   A 281    G               80.8        no      32.1       yes
  6/134 pucker outliers present

                  ----------Backbone torsion suites----------                  

  Suite ID                 suite  suiteness  triaged angle
     C A 199                  !!      0.000    zeta-1
     C A 210                  !!      0.000  epsilon-1
     C A 212                  !!      0.000     gamma
     G A 214                  !!      0.000  epsilon-1
     A A 222                  !!      0.000      None
     U A 223                  !!      0.000     gamma
     U A 233                  !!      0.000  epsilon-1
     C A 234                  !!      0.000      None
     G A 237                  !!      0.000    zeta-1
     G A 241                  !!      0.000     gamma
     U A 249                  !!      0.000     gamma
     C A 250                  !!      0.000     gamma
     U A 253                  !!      0.000     gamma
     G A 263                  !!      0.000  epsilon-1
     U A 271                  !!      0.000      None
     G A 272                  !!      0.000  epsilon-1
     G A 282                  !!      0.000  epsilon-1
     G A 292                  !!      0.000     gamma
     U A 293                  !!      0.000      None
     G A 294                  !!      0.000      None
     C A 295                  !!      0.000      None
     G A 296                  !!      0.000      None
     C A 313                  !!      0.000     gamma
  16 suites triaged and 0 incomplete leaving 119 suites
  23/135 suite outliers present
  Average suiteness: 0.748
