
Using nuclear cloud x-H distances and vdW radii

Using input model H/D atoms...

Bad Clashes >= 0.4 Angstrom:
 A 263    G  C8   A 263    G  OP1 :1.344
 A 310    G  C8   A 310    G  OP2 :0.863
 A 263    G  H8   A 263    G  OP1 :0.848
 A 263    G  H3'  A 263    G  OP1 :0.807
 A 310    G  O4'  A 310    G  OP2 :0.801
 A 310    G  H8   A 310    G  P   :0.794
 A 209    U  O2'  A 210    C  OP1 :0.755
 A 209    U  O2'  A 210    C  P   :0.752
 A 296    G  H8   A 296    G  OP1 :0.724
 A 199    C  H6   A 199    C  OP2 :0.719
 A 263    G  N9   A 263    G  OP1 :0.700
 A 270    G  H3'  A 270    G  N3  :0.696
 A 296    G  C8   A 296    G  OP1 :0.694
 A 263    G  C8   A 263    G  P   :0.672
 A 226    C  C6   A 226    C  OP2 :0.668
 A 252    G  H8   A 252    G  OP2 :0.662
 A 203    A  N6   A 309    A  N3  :0.650
 A 252    G  C8   A 252    G  OP2 :0.644
 A 312    G  C2'  A 313    C  OP1 :0.618
 A 263    G  H8   A 263    G  P   :0.615
 A 266    U  H6   A 266    U  OP2 :0.611
 A 310    G  C8   A 310    G  P   :0.589
 A 263    G  C3'  A 263    G  OP1 :0.585
 A 196    U  H6   A 196    U  O5' :0.563
 A 310    G  H8   A 310    G  OP1 :0.557
 A 263    G  H3'  A 263    G  P   :0.555
 A 281    G  O2'  A 282    G  O5' :0.542
 A 293    U  H6   A 293    U  O5' :0.541
 A 312    G  C6   A 313    C  C5  :0.535
 A 193    U  H6   A 193    U  OP2 :0.510
 A 241    G  H8   A 241    G  OP2 :0.504
 A 309    A  H8   A 309    A  O5' :0.499
 A 199    C  C6   A 199    C  OP2 :0.499
 A 310    G  O4'  A 310    G  P   :0.493
 A 266    U  C6   A 266    U  OP2 :0.490
 A 236    G  C6   A 237    G  C6  :0.478
 A 196    U  O4   A 314    A  N6  :0.478
 A 312    G  O2'  A 313    C  OP1 :0.460
 A 270    G  C3'  A 270    G  N3  :0.436
 A 211    A  O2'  A 212    C  H5' :0.428
 A 291    G  H2'  A 292    G  O4' :0.427
 A 314    A  C2'  A 315    G  C8  :0.423
 A 270    G  N2   A 271    U  O4' :0.418
 A 266    U  N3   A 270    G  N7  :0.416
 A 263    G  C1'  A 263    G  OP1 :0.409
 A 231    C  H2'  A 232    G  O4' :0.405
 A 226    C  H6   A 226    C  OP2 :0.405
 A 314    A  H2'  A 315    G  C8  :0.401
clashscore = 11.10
