
                    ----------Backbone bond lenths----------                   

  residue               atom 1  atom 2  sigmas
   A 231    C              O4'     C1'   -4.20
  1/1885 bond outliers present

                    ----------Backbone bond angles----------                   

  residue               atom 1  atom 2  atom 3  sigmas
   A 222    A              O3'     P       OP2   33.47
   A 231    C              C4'     C3'     C2'   -4.61
   A 236    G              O3'     P       OP1   -7.92
   A 236    G              O3'     P       OP2   10.75
   A 240    C              O3'     P       OP1  -10.85
   A 240    C              O3'     P       OP2   16.19
   A 267    U              C4'     C3'     C2'    5.01
   A 293    U              O3'     C3'     C2'    5.77
   A 309    A              O3'     P       OP1   18.85
   A 309    A              O3'     P       OP2  -11.50
  10/2961 angle outliers present

                        ----------Sugar pucker----------                       

  residue                  delta   outlier   epsilon   outlier
   A 209    U               79.3       yes      46.2       yes
   A 213    G               79.6        no     127.4       yes
   A 281    G               80.8        no      31.9       yes
   A 295    C               84.7       yes      45.6       yes
  4/134 pucker outliers present

                  ----------Backbone torsion suites----------                  

  Suite ID                 suite  suiteness  triaged angle
     U A 193                  !!      0.000      None
     U A 198                  !!      0.000     gamma
     C A 199                  !!      0.000      None
     C A 210                  !!      0.000  epsilon-1
     G A 214                  !!      0.000  epsilon-1
     U A 221                  !!      0.000      None
     A A 222                  !!      0.000      None
     U A 223                  !!      0.000      None
     C A 231                  !!      0.000      None
     G A 232                  !!      0.000     gamma
     G A 237                  !!      0.000      None
     G A 241                  !!      0.000     gamma
     A A 247                  !!      0.000      None
     U A 249                  !!      0.000      None
     C A 250                  !!      0.000     gamma
     G A 252                  !!      0.000     gamma
     U A 253                  !!      0.000      None
     U A 262                  !!      0.000      None
     G A 263                  !!      0.000     gamma
     G A 272                  !!      0.000     gamma
     G A 282                  !!      0.000  epsilon-1
     U A 293                  !!      0.000      None
     G A 294                  !!      0.000     gamma
     G A 296                  !!      0.000  epsilon-1
     C A 313                  !!      0.000     gamma
  13 suites triaged and 0 incomplete leaving 122 suites
  25/135 suite outliers present
  Average suiteness: 0.719
