
                    ----------Backbone bond lenths----------                   

  residue               atom 1  atom 2  sigmas
   A 271    U              O4'     C1'   -4.23
  1/1885 bond outliers present

                    ----------Backbone bond angles----------                   

  residue               atom 1  atom 2  atom 3  sigmas
   A 198    U              O3'     P       OP1   18.85
   A 198    U              O3'     P       OP2  -11.48
   A 220    A              O3'     C3'     C2'   -4.21
   A 233    U              O3'     P       OP1   -4.18
   A 233    U              O3'     P       OP2   35.26
   A 252    G              O3'     P       OP1   18.88
   A 252    G              O3'     P       OP2  -11.50
   A 295    C              O3'     P       OP1  -11.36
   A 295    C              O3'     P       OP2   19.01
  9/2961 angle outliers present

                        ----------Sugar pucker----------                       

  residue                  delta   outlier   epsilon   outlier
   A 209    U               79.2        no      78.6       yes
   A 233    U               82.3        no     314.5       yes
   A 271    U               89.0       yes      24.3       yes
   A 281    G               80.8        no      31.9       yes
   A 312    G               81.1        no     154.6       yes
  5/134 pucker outliers present

                  ----------Backbone torsion suites----------                  

  Suite ID                 suite  suiteness  triaged angle
     U A 193                  !!      0.000      None
     G A 195                  !!      0.000      None
     U A 198                  !!      0.000     gamma
     C A 199                  !!      0.000      None
     C A 210                  !!      0.000  epsilon-1
     A A 220                  !!      0.000     gamma
     U A 221                  !!      0.000      None
     U A 223                  !!      0.000     gamma
     C A 226                  !!      0.000      None
     U A 233                  !!      0.000     gamma
     C A 234                  !!      0.000  epsilon-1
     G A 241                  !!      0.000      None
     U A 249                  !!      0.000      None
     C A 250                  !!      0.000      None
     G A 252                  !!      0.000      None
     U A 262                  !!      0.000     gamma
     G A 263                  !!      0.000      None
     U A 268                  !!      0.000     gamma
     G A 272                  !!      0.000  epsilon-1
     U A 275                  !!      0.000    zeta-1
     G A 282                  !!      0.000  epsilon-1
     A A 290                  !!      0.000     gamma
     G A 294                  !!      0.000      None
     G A 296                  !!      0.000     gamma
     G A 310                  !!      0.000     gamma
     C A 313                  !!      0.000  epsilon-1
     G A 315                  !!      0.000     gamma
  16 suites triaged and 0 incomplete leaving 119 suites
  27/135 suite outliers present
  Average suiteness: 0.710
