
Using nuclear cloud x-H distances and vdW radii

Using input model H/D atoms...

Bad Clashes >= 0.4 Angstrom:
 A 263    G  C8   A 263    G  OP1 :0.985
 A 263    G  H3'  A 263    G  OP1 :0.861
 A 209    U  O2'  A 210    C  OP1 :0.816
 A 317    G  C8   A 317    G  OP2 :0.724
 A 211    A  O2'  A 212    C  P   :0.722
 A 220    A  O2'  A 221    U  OP2 :0.690
 A 220    A  O2'  A 223    U  O4  :0.677
 A 315    G  C8   A 315    G  OP2 :0.673
 A 289    A  H8   A 289    A  OP2 :0.671
 A 211    A  C2'  A 212    C  O5' :0.611
 A 291    G  N2   A 291    G  OP2 :0.609
 A 269    C  O2   A 269    C  O5' :0.601
 A 269    C  O2   A 269    C  O4' :0.601
 A 211    A  O2'  A 212    C  OP1 :0.588
 A 234    C  O4'  A 234    C  P   :0.571
 A 309    A  O2'  A 310    G  O5' :0.562
 A 220    A  O2'  A 224    A  N6  :0.560
 A 263    G  C8   A 263    G  P   :0.558
 A 211    A  O2'  A 212    C  O5' :0.558
 A 281    G  O2'  A 282    G  O5' :0.550
 A 219    A  N1   A 240    C  N4  :0.544
 A 237    G  H8   A 237    G  OP2 :0.530
 A 232    G  N2   A 234    C  O2  :0.514
 A 263    G  H8   A 263    G  P   :0.504
 A 263    G  H3'  A 263    G  P   :0.490
 A 293    U  O2'  A 294    G  O5' :0.475
 A 233    U  O3'  A 234    C  O4' :0.471
 A 274    C  H2'  A 275    U  O5' :0.469
 A 197    G  C2   A 198    U  C4  :0.456
 A 274    C  C2'  A 275    U  O5' :0.452
 A 317    G  H8   A 317    G  OP2 :0.448
 A 236    G  C6   A 237    G  C6  :0.437
 A 266    U  H2'  A 267    U  C6  :0.433
 A 309    A  O2'  A 310    G  C5' :0.428
 A 236    G  O6   A 237    G  C6  :0.414
 A 209    U  H4'  A 210    C  OP1 :0.414
 A 308    U  O4   A 309    A  N6  :0.407
clashscore = 8.56
