
                    ----------Backbone bond lenths----------                   

  residue               atom 1  atom 2  sigmas
   A 291    G              O4'     C1'   -4.02
  1/1885 bond outliers present

                    ----------Backbone bond angles----------                   

  residue               atom 1  atom 2  atom 3  sigmas
   A 198    U              O3'     P       OP2   29.02
   A 203    A              O3'     P       OP1   -4.98
   A 203    A              O3'     P       OP2    6.90
   A 230    U              O3'     C3'     C2'    4.59
   A 231    C              O3'     C3'     C2'    4.60
   A 240    C              O3'     P       OP1   11.62
   A 240    C              O3'     P       OP2   19.34
   A 249    U              O3'     P       OP1   -6.59
   A 249    U              O3'     P       OP2    8.91
   A 252    G              O3'     P       OP1    4.08
   A 271    U              O3'     P       OP1   18.84
   A 271    U              O3'     P       OP2  -11.53
   A 291    G              O3'     C3'     C2'   -4.02
   A 295    C              O3'     P       OP1   31.02
   A 295    C              O3'     P       OP2   -7.45
   A 309    A              O3'     P       OP1   34.29
   A 309    A              O3'     P       OP2   -5.02
   A 314    A              O3'     P       OP1    5.33
  18/2961 angle outliers present

                        ----------Sugar pucker----------                       

  residue                  delta   outlier   epsilon   outlier
   A 209    U               79.2       yes      42.0       yes
   A 213    G               79.6       yes      35.4       yes
   A 281    G               80.8        no      31.9       yes
   A 291    G              132.2        no      32.7       yes
  4/134 pucker outliers present

                  ----------Backbone torsion suites----------                  

  Suite ID                 suite  suiteness  triaged angle
     A A 192                  !!      0.000      None
     U A 193                  !!      0.000     gamma
     C A 210                  !!      0.000  epsilon-1
     G A 214                  !!      0.000  epsilon-1
     U A 223                  !!      0.000     gamma
     U A 228                  !!      0.000      None
     C A 234                  !!      0.000      None
     U A 249                  !!      0.000      None
     C A 250                  !!      0.000     gamma
     G A 252                  !!      0.000      None
     U A 253                  !!      0.000      None
     G A 263                  !!      0.000      None
     U A 266                  !!      0.000     gamma
     U A 275                  !!      0.000    zeta-1
     G A 282                  !!      0.000  epsilon-1
     G A 292                  !!      0.000  epsilon-1
     G A 294                  !!      0.000     gamma
     C A 295                  !!      0.000      None
     G A 296                  !!      0.000      None
     A A 303                  !!      0.000      None
     G A 315                  !!      0.000     gamma
  11 suites triaged and 0 incomplete leaving 124 suites
  21/135 suite outliers present
  Average suiteness: 0.726
