
Using nuclear cloud x-H distances and vdW radii

Using input model H/D atoms...

Bad Clashes >= 0.4 Angstrom:
 A 209    U  O2'  A 210    C  OP1 :0.743
 A 234    C  C6   A 234    C  OP1 :0.736
 A 249    U  C2'  A 250    C  OP2 :0.724
 A 199    C  H4'  A 199    C  OP1 :0.669
 A 232    G  O2'  A 233    U  O5' :0.667
 A 249    U  O2'  A 250    C  OP2 :0.664
 A 252    G  O2'  A 253    U  OP1 :0.600
 A 219    A  N1   A 240    C  N4  :0.590
 A 281    G  O2'  A 282    G  O5' :0.588
 A 213    G  O2'  A 214    G  OP1 :0.582
 A 252    G  H8   A 252    G  OP2 :0.543
 A 262    U  O2'  A 263    G  OP1 :0.542
 A 252    G  C8   A 252    G  OP2 :0.516
 A 234    C  H6   A 234    C  OP1 :0.508
 A 263    G  C8   A 263    G  OP1 :0.500
 A 292    G  H8   A 292    G  OP2 :0.484
 A 195    G  O6   A 314    A  N6  :0.465
 A 263    G  H8   A 263    G  OP2 :0.455
 A 249    U  O3'  A 250    C  H4' :0.447
 A 252    G  H8   A 252    G  P   :0.437
 A 263    G  H8   A 263    G  P   :0.437
 A 271    U  O4   A 274    C  N4  :0.429
 A 271    U  H4'  A 272    G  OP2 :0.423
 A 271    U  H1'  A 272    G  C8  :0.419
 A 290    A  C6   A 296    G  O4' :0.414
 A 209    U  H4'  A 210    C  OP1 :0.410
clashscore = 6.01
