
Using nuclear cloud x-H distances and vdW radii

Using input model H/D atoms...

Bad Clashes >= 0.4 Angstrom:
 A 237    G  C8   A 237    G  OP2 :0.985
 A 272    G  H4'  A 272    G  OP1 :0.932
 A 237    G  O4'  A 237    G  OP2 :0.913
 A 198    U  H3'  A 198    U  O2  :0.874
 A 209    U  O2'  A 210    C  OP1 :0.756
 A 237    G  H8   A 237    G  OP2 :0.752
 A 211    A  O2'  A 212    C  OP1 :0.702
 A 272    G  C4'  A 272    G  OP1 :0.693
 A 226    C  H6   A 226    C  OP2 :0.689
 A 211    A  O2'  A 212    C  P   :0.687
 A 248    U  O2'  A 250    C  O2' :0.651
 A 249    U  O2'  A 250    C  O4' :0.650
 A 226    C  C6   A 226    C  OP2 :0.625
 A 198    U  C3'  A 198    U  O2  :0.601
 A 281    G  O2'  A 282    G  O5' :0.600
 A 237    G  H8   A 237    G  P   :0.568
 A 211    A  C2'  A 212    C  O5' :0.538
 A 309    A  O2'  A 310    G  OP1 :0.534
 A 252    G  H2'  A 253    U  C6  :0.530
 A 195    G  O6   A 314    A  N6  :0.529
 A 291    G  O2'  A 294    G  O6  :0.504
 A 267    U  O2'  A 270    G  O6  :0.500
 A 249    U  O2'  A 250    C  P   :0.470
 A 253    U  C6   A 253    U  OP2 :0.469
 A 237    G  O4'  A 237    G  P   :0.465
 A 249    U  C2'  A 250    C  OP2 :0.461
 A 237    G  C1'  A 237    G  OP2 :0.455
 A 288    C  H2'  A 289    A  O4' :0.435
 A 195    G  C2   A 196    U  C2  :0.432
 A 249    U  H2'  A 250    C  OP2 :0.410
 A 254    G  C6   A 255    C  C4  :0.400
clashscore = 7.17
