
                    ----------Backbone bond lenths----------                   

  All bonds within 4.0 sigma of ideal values.

                    ----------Backbone bond angles----------                   

  residue               atom 1  atom 2  atom 3  sigmas
   A 198    U              O3'     P       OP1   23.55
   A 198    U              O3'     P       OP2    7.57
   A 236    G              O3'     P       OP1   -4.41
   A 236    G              O3'     P       OP2   35.03
   A 252    G              O3'     P       OP1   26.76
   A 252    G              O3'     P       OP2   -9.97
   A 266    U              O3'     C3'     C2'    4.07
   A 266    U              C5'     C4'     O4'   -6.55
   A 271    U              O3'     P       OP2   30.16
  9/2961 angle outliers present

                        ----------Sugar pucker----------                       

  residue                  delta   outlier   epsilon   outlier
   A 209    U               79.2        no      76.2       yes
   A 231    C               74.0        no      80.3       yes
   A 249    U               80.3        no      42.2       yes
   A 269    C               78.1        no      96.2       yes
   A 271    U               81.3        no      38.1       yes
   A 281    G               80.9        no      32.3       yes
  6/134 pucker outliers present

                  ----------Backbone torsion suites----------                  

  Suite ID                 suite  suiteness  triaged angle
     U A 193                  !!      0.000      None
     G A 195                  !!      0.000      None
     C A 199                  !!      0.000    zeta-1
     C A 210                  !!      0.000  epsilon-1
     C A 212                  !!      0.000      None
     A A 220                  !!      0.000      None
     A A 222                  !!      0.000     gamma
     U A 223                  !!      0.000    zeta-1
     C A 226                  !!      0.000     gamma
     U A 230                  !!      0.000     gamma
     C A 231                  !!      0.000      None
     G A 232                  !!      0.000  epsilon-1
     C A 234                  !!      0.000     gamma
     C A 250                  !!      0.000  epsilon-1
     U A 253                  !!      0.000     alpha
     U A 262                  !!      0.000      None
     G A 263                  !!      0.000     gamma
     C A 269                  !!      0.000     gamma
     G A 270                  !!      0.000  epsilon-1
     G A 272                  !!      0.000  epsilon-1
     G A 282                  !!      0.000  epsilon-1
     A A 290                  !!      0.000      None
     G A 292                  !!      0.000      None
     G A 294                  !!      0.000      None
     G A 296                  !!      0.000     gamma
  16 suites triaged and 0 incomplete leaving 119 suites
  25/135 suite outliers present
  Average suiteness: 0.743
