
                    ----------Backbone bond lenths----------                   

  All bonds within 4.0 sigma of ideal values.

                    ----------Backbone bond angles----------                   

  residue               atom 1  atom 2  atom 3  sigmas
   A 198    U              O3'     P       OP1   18.84
   A 198    U              O3'     P       OP2  -11.48
   A 203    A              O3'     P       OP2    4.36
   A 252    G              O3'     P       OP2    5.23
   A 295    C              O3'     P       OP2    4.50
   A 309    A              O3'     P       OP2    4.49
   A 314    A              O3'     P       OP2    5.40
  7/2961 angle outliers present

                        ----------Sugar pucker----------                       

  residue                  delta   outlier   epsilon   outlier
   A 192    A               80.2        no     143.1       yes
   A 198    U               87.5       yes      23.2       yes
   A 209    U               79.3        no      77.7       yes
   A 213    G               79.7       yes      42.7       yes
   A 271    U               79.5        no      32.3       yes
   A 274    C               81.6        no     123.8       yes
   A 281    G               80.9        no      34.5       yes
  7/134 pucker outliers present

                  ----------Backbone torsion suites----------                  

  Suite ID                 suite  suiteness  triaged angle
     U A 193                  !!      0.000  epsilon-1
     C A 199                  !!      0.000  epsilon-1
     G A 204                  !!      0.000      None
     C A 210                  !!      0.000  epsilon-1
     G A 214                  !!      0.000  epsilon-1
     U A 221                  !!      0.000      None
     A A 222                  !!      0.000      None
     U A 223                  !!      0.000     gamma
     G A 237                  !!      0.000     gamma
     G A 241                  !!      0.000      None
     A A 247                  !!      0.000      None
     C A 250                  !!      0.000     gamma
     G A 252                  !!      0.000     gamma
     U A 253                  !!      0.000      None
     G A 263                  !!      0.000     gamma
     G A 272                  !!      0.000  epsilon-1
     U A 275                  !!      0.000  epsilon-1
     G A 282                  !!      0.000  epsilon-1
     G A 291                  !!      0.000     gamma
     U A 293                  !!      0.000      None
     G A 296                  !!      0.000     gamma
     C A 313                  !!      0.000     gamma
  15 suites triaged and 0 incomplete leaving 120 suites
  22/135 suite outliers present
  Average suiteness: 0.753
