
                    ----------Backbone bond lenths----------                   

  All bonds within 4.0 sigma of ideal values.

                    ----------Backbone bond angles----------                   

  residue               atom 1  atom 2  atom 3  sigmas
   A 157    G              C4'     C3'     C2'    5.19
   A 159    A              C4'     C3'     C2'    4.46
   A 159    A              O3'     P       OP1    8.32
   A 159    A              O3'     P       OP2   -6.13
   A 167    U              O3'     P       OP1   -7.73
   A 167    U              O3'     P       OP2   30.63
   A 211    U              O3'     C3'     C2'    5.21
   A 217    A              O3'     P       OP2   34.82
   A 255    A              C4'     C3'     C2'    4.18
   A 255    A              O3'     P       OP2    4.65
   A 277    A              O3'     P       OP1   -4.08
   A 277    A              O3'     P       OP2    5.87
   A 284    A              O3'     P       OP1   18.48
   A 284    A              O3'     P       OP2  -11.47
   A 288    G              O3'     P       OP1   35.08
  15/3071 angle outliers present

                        ----------Sugar pucker----------                       

  residue                  delta   outlier   epsilon   outlier
   A 284    A               87.0        no       1.2       yes
  1/139 pucker outliers present

                  ----------Backbone torsion suites----------                  

  Suite ID                 suite  suiteness  triaged angle
     A A 160                  !!      0.000      None
     U A 167                  !!      0.000     gamma
     G A 168                  !!      0.000      None
     U A 171                  !!      0.000      None
     U A 174                  !!      0.000      None
     A A 181                  !!      0.000     gamma
     G A 182                  !!      0.000     gamma
     U A 192                  !!      0.000     gamma
     C A 195                  !!      0.000      None
     G A 196                  !!      0.000     gamma
     C A 212                  !!      0.000     alpha
     A A 218                  !!      0.000     gamma
     U A 233                  !!      0.000    zeta-1
     U A 234                  !!      0.000      None
     C A 239                  !!      0.000      None
     G A 252                  !!      0.000      None
     C A 268                  !!      0.000     gamma
     G A 274                  !!      0.000     gamma
     A A 284                  !!      0.000    zeta-1
     A A 285                  !!      0.000  epsilon-1
     G A 288                  !!      0.000      None
  12 suites triaged and 0 incomplete leaving 128 suites
  21/140 suite outliers present
  Average suiteness: 0.703
