
Using nuclear cloud x-H distances and vdW radii

Using input model H/D atoms...

Bad Clashes >= 0.4 Angstrom:
 A 168    G  H3'  A 168    G  OP1 :1.250
 A 168    G  C8   A 168    G  OP1 :1.153
 A 168    G  C3'  A 168    G  OP1 :1.109
 A 168    G  C8   A 168    G  P   :0.917
 A 168    G  H3'  A 168    G  P   :0.892
 A 168    G  N9   A 168    G  OP1 :0.871
 A 267    U  O2'  A 268    C  OP1 :0.840
 A 168    G  C1'  A 168    G  OP1 :0.825
 A 225    A  O4'  A 225    A  OP1 :0.820
 A 254    A  N6   A 274    G  O2' :0.789
 A 160    A  H8   A 160    A  P   :0.750
 A 168    G  H8   A 168    G  P   :0.741
 A 224    U  O2'  A 225    A  O4' :0.718
 A 168    G  C2'  A 168    G  OP1 :0.688
 A 168    G  H8   A 168    G  OP2 :0.656
 A 224    U  O2'  A 225    A  OP1 :0.650
 A 160    A  C8   A 160    A  OP1 :0.650
 A 160    A  H3'  A 160    A  OP1 :0.644
 A 168    G  C4'  A 168    G  OP1 :0.636
 A 182    G  O4'  A 182    G  P   :0.625
 A 160    A  C8   A 160    A  P   :0.623
 A 218    A  H4'  A 218    A  OP1 :0.596
 A 225    A  C4'  A 225    A  OP1 :0.578
 A 168    G  C8   A 168    G  OP2 :0.565
 A 267    U  O2'  A 268    C  P   :0.565
 A 263    U  O2'  A 266    G  O6  :0.544
 A 168    G  C3'  A 168    G  P   :0.543
 A 214    A  O2'  A 216    A  O4' :0.537
 A 156    A  OP2  A 284    A  N6  :0.511
 A 218    A  C4'  A 218    A  OP1 :0.508
 A 194    C  H6   A 194    C  OP2 :0.487
 A 277    A  C2   A 278    A  C4  :0.481
 A 197    U  H2'  A 198    C  C6  :0.458
 A 182    G  O4'  A 182    G  OP1 :0.454
 A 277    A  H8   A 277    A  O5' :0.452
 A 170    G  N2   A 173    C  OP2 :0.438
 A 196    G  O4'  A 196    G  OP1 :0.436
 A 252    G  O6   A 274    G  N2  :0.434
 A 206    U  H2'  A 207    C  C6  :0.424
 A 210    U  H2'  A 211    U  C6  :0.421
 A 168    G  O4'  A 168    G  OP1 :0.419
 A 163    G  C6   A 164    C  C4  :0.411
clashscore = 9.43
