
                    ----------Backbone bond lenths----------                   

  All bonds within 4.0 sigma of ideal values.

                    ----------Backbone bond angles----------                   

  residue               atom 1  atom 2  atom 3  sigmas
   A 159    A              O4'     C1'     C2'   -4.61
   A 167    U              O3'     P       OP1   24.22
   A 167    U              O3'     P       OP2    6.92
   A 181    A              O3'     C3'     C2'   -4.15
   A 263    U              C4'     C3'     C2'    4.82
   A 277    A              O3'     P       OP2    5.32
   A 284    A              O3'     P       OP2   30.74
  7/3071 angle outliers present

                        ----------Sugar pucker----------                       

  residue                  delta   outlier   epsilon   outlier
   A 159    A              156.4        no      61.8       yes
   A 170    G              151.8        no     315.0       yes
   A 279    C               81.8        no      90.5       yes
  3/139 pucker outliers present

                  ----------Backbone torsion suites----------                  

  Suite ID                 suite  suiteness  triaged angle
     G A 157                  !!      0.000      None
     A A 160                  !!      0.000  epsilon-1
     U A 167                  !!      0.000      None
     G A 170                  !!      0.000      None
     U A 171                  !!      0.000  epsilon-1
     U A 174                  !!      0.000      None
     G A 182                  !!      0.000     gamma
     C A 195                  !!      0.000      None
     G A 196                  !!      0.000     gamma
     C A 198                  !!      0.000     gamma
     A A 209                  !!      0.000      None
     C A 215                  !!      0.000      None
     A A 216                  !!      0.000      None
     A A 218                  !!      0.000      None
     A A 225                  !!      0.000      beta
     U A 234                  !!      0.000      None
     U A 238                  !!      0.000      None
     C A 239                  !!      0.000     gamma
     G A 248                  !!      0.000     gamma
     A A 255                  !!      0.000     gamma
     G A 256                  !!      0.000      None
     G A 266                  !!      0.000      None
     U A 267                  !!      0.000     gamma
     G A 274                  !!      0.000     gamma
     C A 280                  !!      0.000  epsilon-1
     G A 288                  !!      0.000      None
     U A 289                  !!      0.000      None
  12 suites triaged and 0 incomplete leaving 128 suites
  27/140 suite outliers present
  Average suiteness: 0.689
