
Using nuclear cloud x-H distances and vdW radii

Using input model H/D atoms...

Bad Clashes >= 0.4 Angstrom:
 A 160    A  C8   A 160    A  OP1 :1.257
 A 160    A  H8   A 160    A  OP1 :1.137
 A 171    U  C6   A 171    U  OP1 :1.049
 A 239    C  H6   A 239    C  OP1 :0.946
 A 171    U  H3'  A 171    U  OP1 :0.813
 A 239    C  C6   A 239    C  OP1 :0.801
 A 171    U  H6   A 171    U  P   :0.787
 A 159    A  C8   A 159    A  OP1 :0.767
 A 171    U  C6   A 171    U  P   :0.742
 A 160    A  H8   A 160    A  P   :0.717
 A 256    G  O4'  A 256    G  OP1 :0.706
 A 160    A  C8   A 160    A  P   :0.691
 A 180    A  N6   A 209    A  N1  :0.663
 A 279    C  O2'  A 280    C  P   :0.658
 A 169    U  O2'  A 171    U  OP2 :0.651
 A 159    A  H8   A 159    A  OP1 :0.637
 A 159    A  H8   A 159    A  P   :0.633
 A 159    A  O2'  A 160    A  OP1 :0.628
 A 159    A  O4'  A 160    A  OP2 :0.610
 A 255    A  H8   A 255    A  OP2 :0.596
 A 215    C  O2   A 217    A  N6  :0.593
 A 279    C  O2'  A 280    C  OP1 :0.584
 A 159    A  H8   A 159    A  O5' :0.582
 A 159    A  C1'  A 160    A  P   :0.578
 A 175    A  N3   A 216    A  N6  :0.569
 A 159    A  C8   A 159    A  O5' :0.545
 A 159    A  C8   A 159    A  P   :0.538
 A 159    A  C4'  A 160    A  OP2 :0.513
 A 178    C  N3   A 211    U  N3  :0.497
 A 238    U  C2'  A 239    C  OP2 :0.491
 A 182    G  H8   A 182    G  OP2 :0.491
 A 194    C  H6   A 194    C  OP2 :0.487
 A 279    C  H2'  A 280    C  C6  :0.483
 A 225    A  H4'  A 225    A  OP1 :0.472
 A 239    C  H6   A 239    C  P   :0.472
 A 175    A  O4'  A 217    A  N1  :0.465
 A 180    A  H8   A 180    A  O5' :0.462
 A 254    A  N7   A 275    G  O2' :0.456
 A 277    A  C2   A 278    A  C4  :0.453
 A 182    G  C8   A 182    G  OP2 :0.445
 A 159    A  C1'  A 160    A  OP2 :0.444
 A 217    A  H2'  A 218    A H5'' :0.443
 A 206    U  H2'  A 207    C  C6  :0.438
 A 284    A  C6   A 285    A  C6  :0.435
 A 196    G  O4'  A 196    G  OP1 :0.432
 A 255    A  C8   A 255    A  OP2 :0.429
 A 239    C  C6   A 239    C  P   :0.429
 A 171    U  C3'  A 171    U  OP1 :0.428
 A 159    A  H1'  A 160    A  P   :0.427
 A 233    U  N3   A 239    C  O2  :0.424
 A 173    C  N4   A 252    G  OP1 :0.418
 A 238    U  H2'  A 239    C  OP2 :0.418
 A 261    G  C6   A 262    U  C2  :0.417
 A 157    G  H8   A 157    G  OP2 :0.414
 A 163    G  C6   A 164    C  C4  :0.409
 A 235    C  H6   A 235    C  O5' :0.409
 A 221    C  H2'  A 222    C  C6  :0.407
 A 224    U H5''  A 225    A  OP2 :0.403
 A 163    G  C6   A 284    A  N6  :0.401
clashscore = 13.25
