
                    ----------Backbone bond lenths----------                   

  All bonds within 4.0 sigma of ideal values.

                    ----------Backbone bond angles----------                   

  residue               atom 1  atom 2  atom 3  sigmas
   A 181    A              O3'     P       OP1   -4.94
   A 181    A              O3'     P       OP2    6.85
   A 217    A              O3'     P       OP1   18.87
   A 217    A              O3'     P       OP2  -11.53
   A 222    C              O3'     C3'     C2'    4.02
   A 233    U              O3'     C3'     C2'  -14.83
   A 277    A              O3'     P       OP1   18.88
   A 277    A              O3'     P       OP2  -11.51
   A 284    A              O3'     P       OP2    4.60
   A 288    G              O3'     P       OP2   33.61
  10/3071 angle outliers present

                        ----------Sugar pucker----------                       

  residue                  delta   outlier   epsilon   outlier
   A 159    A               84.5       yes      39.5       yes
   A 181    A               73.8        no     122.0       yes
   A 233    U               58.1       yes      90.7       yes
   A 236    U               89.4        no     314.7       yes
  4/139 pucker outliers present

                  ----------Backbone torsion suites----------                  

  Suite ID                 suite  suiteness  triaged angle
     A A 159                  !!      0.000     gamma
     A A 160                  !!      0.000  epsilon-1
     G A 163                  !!      0.000     gamma
     G A 170                  !!      0.000     gamma
     U A 171                  !!      0.000      None
     U A 174                  !!      0.000     gamma
     G A 182                  !!      0.000  epsilon-1
     U A 192                  !!      0.000      None
     C A 195                  !!      0.000      None
     G A 196                  !!      0.000     gamma
     C A 198                  !!      0.000      None
     C A 212                  !!      0.000     gamma
     A A 217                  !!      0.000      None
     A A 218                  !!      0.000      None
     A A 225                  !!      0.000      beta
     G A 232                  !!      0.000      None
     U A 233                  !!      0.000     delta
     U A 234                  !!      0.000  epsilon-1
     G A 237                  !!      0.000  epsilon-1
     U A 238                  !!      0.000     gamma
     C A 239                  !!      0.000      None
     G A 252                  !!      0.000      None
     A A 254                  !!      0.000      None
     G A 256                  !!      0.000     gamma
     C A 268                  !!      0.000     gamma
     G A 274                  !!      0.000     gamma
     A A 277                  !!      0.000      None
     A A 278                  !!      0.000     gamma
     C A 280                  !!      0.000     alpha
     U A 289                  !!      0.000      beta
  19 suites triaged and 0 incomplete leaving 121 suites
  30/140 suite outliers present
  Average suiteness: 0.733
