
                    ----------Backbone bond lenths----------                   

  residue               atom 1  atom 2  sigmas
   A 170    G              O4'     C1'    4.54
   A 173    C              O3'     P     -5.22
  2/1955 bond outliers present

                    ----------Backbone bond angles----------                   

  residue               atom 1  atom 2  atom 3  sigmas
   A 167    U              O3'     P       OP1   -4.77
   A 167    U              O3'     P       OP2    6.65
   A 170    G              O4'     C1'     C2'    4.32
   A 170    G              O3'     P       OP1   -4.83
   A 170    G              O3'     P       OP2    6.77
   A 173    C              C3'     O3'     P    -12.92
   A 181    A              O3'     C3'     C2'    4.12
   A 181    A              O3'     P       OP2    4.47
   A 224    U              O3'     P       OP1   33.26
   A 237    G              C4'     C3'     C2'    4.02
   A 237    G              O3'     C3'     C2'   -5.82
   A 247    U              O3'     P       OP1   26.69
   A 247    U              O3'     P       OP2    4.60
   A 252    G              C4'     O4'     C1'    4.58
   A 255    A              O3'     P       OP1   32.42
   A 255    A              O3'     P       OP2   -6.46
   A 262    U              C4'     C3'     C2'    4.01
   A 284    A              O3'     P       OP1   -5.25
   A 284    A              O3'     P       OP2    7.23
   A 288    G              O3'     P       OP1   18.89
   A 288    G              O3'     P       OP2  -11.50
  21/3071 angle outliers present

                        ----------Sugar pucker----------                       

  residue                  delta   outlier   epsilon   outlier
   A 170    G              104.6       yes     311.7       yes
   A 173    C               80.1        no     341.7       yes
   A 217    A               85.9       yes      39.3       yes
   A 237    G               62.2       yes      70.6       yes
   A 238    U               82.3       yes      42.6       yes
   A 267    U               81.1        no     150.3       yes
  6/139 pucker outliers present

                  ----------Backbone torsion suites----------                  

  Suite ID                 suite  suiteness  triaged angle
     A A 159                  !!      0.000     gamma
     A A 160                  !!      0.000     gamma
     U A 167                  !!      0.000     gamma
     G A 168                  !!      0.000      None
     U A 171                  !!      0.000  epsilon-1
     U A 174                  !!      0.000  epsilon-1
     U A 177                  !!      0.000     gamma
     A A 181                  !!      0.000      None
     G A 182                  !!      0.000     alpha
     C A 195                  !!      0.000      None
     G A 196                  !!      0.000     gamma
     C A 198                  !!      0.000     gamma
     A A 209                  !!      0.000    zeta-1
     C A 212                  !!      0.000      None
     A A 216                  !!      0.000      None
     A A 218                  !!      0.000  epsilon-1
     A A 225                  !!      0.000      None
     G A 237                  !!      0.000      None
     U A 238                  !!      0.000  epsilon-1
     C A 239                  !!      0.000  epsilon-1
     G A 248                  !!      0.000     gamma
     G A 252                  !!      0.000      None
     G A 256                  !!      0.000     gamma
     U A 264                  !!      0.000      None
     C A 268                  !!      0.000  epsilon-1
     G A 274                  !!      0.000    zeta-1
     C A 280                  !!      0.000     gamma
     G A 288                  !!      0.000      None
     U A 289                  !!      0.000     gamma
  19 suites triaged and 0 incomplete leaving 121 suites
  29/140 suite outliers present
  Average suiteness: 0.710
