
Using nuclear cloud x-H distances and vdW radii

Using input model H/D atoms...

Bad Clashes >= 0.4 Angstrom:
 A 171    U  H6   A 171    U  OP1 :1.253
 A 268    C  H6   A 268    C  P   :1.185
 A 171    U  C6   A 171    U  OP1 :1.131
 A 268    C  C6   A 268    C  P   :1.012
 A 268    C  C6   A 268    C  OP1 :0.829
 A 268    C  C6   A 268    C  OP2 :0.820
 A 268    C  O4'  A 268    C  OP2 :0.775
 A 268    C  C5   A 268    C  OP1 :0.772
 A 163    G  C8   A 163    G  OP2 :0.700
 A 268    C  H6   A 268    C  OP2 :0.684
 A 163    G  H8   A 163    G  OP2 :0.585
 A 197    U  H2'  A 198    C  C6  :0.504
 A 279    C  H2'  A 280    C  C6  :0.480
 A 194    C  H6   A 194    C  OP2 :0.478
 A 210    U  H6   A 210    U  O5' :0.477
 A 170    G  O6   A 277    A  C2  :0.455
 A 234    U  O2'  A 237    G  O6  :0.454
 A 224    U H5''  A 225    A  OP2 :0.451
 A 229    G  OP2  A 236    U  H4' :0.447
 A 217    A  H3'  A 218    A  C5' :0.446
 A 197    U  C4   A 198    C  N4  :0.445
 A 214    A  O2'  A 216    A  C8  :0.440
 A 175    A  N3   A 216    A  N6  :0.436
 A 223    U  H2'  A 224    U  C6  :0.433
 A 170    G  H2'  A 171    U  C6  :0.433
 A 196    G  O4'  A 196    G  OP1 :0.430
 A 206    U  H2'  A 207    C  C6  :0.430
 A 159    A  N6   A 288    G  N3  :0.426
 A 268    C  H5   A 268    C  OP1 :0.411
 A 283    U  H2'  A 284    A  C8  :0.404
 A 163    G  C6   A 164    C  C4  :0.404
 A 247    U  H2'  A 248    G  C8  :0.402
clashscore = 7.18
