
                    ----------Backbone bond lenths----------                   

  All bonds within 4.0 sigma of ideal values.

                    ----------Backbone bond angles----------                   

  residue               atom 1  atom 2  atom 3  sigmas
   A 159    A              O3'     P       OP1   -6.23
   A 159    A              O3'     P       OP2    8.45
   A 170    G              O3'     P       OP1   28.64
   A 181    A              O3'     P       OP1   -9.86
   A 181    A              O3'     P       OP2   27.06
   A 234    U              C3'     C2'     C1'    4.43
   A 255    A              O3'     P       OP1   33.74
   A 267    U              O3'     P       O5'   -5.69
   A 267    U              O3'     P       OP1    6.87
   A 267    U              C3'     O3'     P     -5.82
   A 277    A              O3'     P       OP1   -6.49
   A 277    A              O3'     P       OP2    8.81
   A 288    G              O3'     P       OP2    4.07
  13/3071 angle outliers present

                        ----------Sugar pucker----------                       

  residue                  delta   outlier   epsilon   outlier
   A 251    U               81.5        no      23.2       yes
   A 267    U               84.2        no      88.0       yes
  2/139 pucker outliers present

                  ----------Backbone torsion suites----------                  

  Suite ID                 suite  suiteness  triaged angle
     A A 159                  !!      0.000     gamma
     A A 160                  !!      0.000     gamma
     G A 168                  !!      0.000      beta
     U A 171                  !!      0.000      None
     U A 174                  !!      0.000      None
     G A 182                  !!      0.000      beta
     U A 192                  !!      0.000     gamma
     C A 195                  !!      0.000      None
     G A 196                  !!      0.000     gamma
     C A 198                  !!      0.000      None
     C A 215                  !!      0.000      None
     A A 218                  !!      0.000     gamma
     U A 223                  !!      0.000     gamma
     U A 224                  !!      0.000     alpha
     A A 225                  !!      0.000      beta
     C A 235                  !!      0.000      None
     C A 239                  !!      0.000     gamma
     G A 248                  !!      0.000    zeta-1
     G A 252                  !!      0.000  epsilon-1
     G A 253                  !!      0.000      None
     C A 268                  !!      0.000  epsilon-1
     G A 274                  !!      0.000     gamma
     A A 285                  !!      0.000      None
     U A 289                  !!      0.000     gamma
  16 suites triaged and 0 incomplete leaving 124 suites
  24/140 suite outliers present
  Average suiteness: 0.753
