
                    ----------Backbone bond lenths----------                   

  All bonds within 4.0 sigma of ideal values.

                    ----------Backbone bond angles----------                   

  residue               atom 1  atom 2  atom 3  sigmas
   A 229    U              C4'     C3'     C2'   -4.11
   A 292    G              O3'     P       O5'   -4.84
  2/2961 angle outliers present

                        ----------Sugar pucker----------                       

  residue                  delta   outlier   epsilon   outlier
   A 209    U               79.3        no      31.6       yes
   A 261    A               79.1       yes      34.4       yes
   A 281    G               80.9        no      80.0       yes
   A 292    G               77.2        no      71.0       yes
  4/134 pucker outliers present

                  ----------Backbone torsion suites----------                  

  Suite ID                 suite  suiteness  triaged angle
     U A 196                  !!      0.000     gamma
     C A 199                  !!      0.000      None
     C A 210                  !!      0.000  epsilon-1
     A A 211                  !!      0.000      beta
     U A 230                  !!      0.000     gamma
     C A 231                  !!      0.000     gamma
     U A 242                  !!      0.000     gamma
     G A 243                  !!      0.000     gamma
     G A 244                  !!      0.000      None
     A A 246                  !!      0.000     gamma
     A A 247                  !!      0.000      None
     U A 262                  !!      0.000  epsilon-1
     U A 267                  !!      0.000      None
     G A 282                  !!      0.000  epsilon-1
     U A 293                  !!      0.000  epsilon-1
     G A 294                  !!      0.000      None
     G A 296                  !!      0.000     alpha
     G A 315                  !!      0.000      None
  12 suites triaged and 0 incomplete leaving 123 suites
  18/135 suite outliers present
  Average suiteness: 0.780
