
                    ----------Backbone bond lenths----------                   

  All bonds within 4.0 sigma of ideal values.

                    ----------Backbone bond angles----------                   

  residue               atom 1  atom 2  atom 3  sigmas
   A 293    U              C4'     C3'     C2'   -4.43
   A 293    U              O3'     C3'     C2'  -15.90
  2/2961 angle outliers present

                        ----------Sugar pucker----------                       

  residue                  delta   outlier   epsilon   outlier
   A 192    A               76.7        no     109.9       yes
   A 209    U               79.3        no      31.2       yes
   A 229    U               82.4        no     151.1       yes
   A 246    A               74.3        no     154.4       yes
   A 281    G               80.9        no      80.0       yes
   A 292    G               79.9        no      33.0       yes
   A 293    U               56.5       yes     242.0        no
  7/134 pucker outliers present

                  ----------Backbone torsion suites----------                  

  Suite ID                 suite  suiteness  triaged angle
     A A 192                  !!      0.000     gamma
     U A 193                  !!      0.000  epsilon-1
     C A 199                  !!      0.000      None
     C A 210                  !!      0.000  epsilon-1
     A A 211                  !!      0.000      beta
     A A 219                  !!      0.000      None
     U A 229                  !!      0.000     gamma
     U A 230                  !!      0.000  epsilon-1
     C A 231                  !!      0.000      None
     G A 241                  !!      0.000    zeta-1
     U A 242                  !!      0.000      None
     G A 243                  !!      0.000      None
     G A 244                  !!      0.000      None
     A A 247                  !!      0.000  epsilon-1
     U A 262                  !!      0.000     gamma
     G A 263                  !!      0.000      None
     U A 268                  !!      0.000      None
     C A 269                  !!      0.000      None
     G A 282                  !!      0.000  epsilon-1
     U A 293                  !!      0.000  epsilon-1
     G A 294                  !!      0.000   delta-1
     G A 296                  !!      0.000     gamma
     G A 315                  !!      0.000      None
  13 suites triaged and 0 incomplete leaving 122 suites
  23/135 suite outliers present
  Average suiteness: 0.765
