
                    ----------Backbone bond lenths----------                   

  All bonds within 4.0 sigma of ideal values.

                    ----------Backbone bond angles----------                   

  residue               atom 1  atom 2  atom 3  sigmas
   A 246    A              C3'     C2'     C1'    4.91
   A 246    A              O3'     C3'     C2'    5.07
   A 270    G              C4'     C3'     C2'    5.52
   A 291    G              C4'     C3'     C2'    4.11
  4/2961 angle outliers present

                        ----------Sugar pucker----------                       

  residue                  delta   outlier   epsilon   outlier
   A 209    U               79.3       yes      39.0       yes
   A 218    C               80.9        no      74.5       yes
   A 268    U               82.5        no     151.6       yes
   A 281    G               80.9        no      79.9       yes
  4/134 pucker outliers present

                  ----------Backbone torsion suites----------                  

  Suite ID                 suite  suiteness  triaged angle
     U A 193                  !!      0.000      None
     U A 196                  !!      0.000     gamma
     C A 199                  !!      0.000      None
     A A 203                  !!      0.000      None
     C A 210                  !!      0.000  epsilon-1
     A A 217                  !!      0.000      None
     A A 219                  !!      0.000  epsilon-1
     U A 229                  !!      0.000      None
     U A 230                  !!      0.000      None
     C A 231                  !!      0.000      None
     U A 242                  !!      0.000      None
     G A 243                  !!      0.000      None
     G A 244                  !!      0.000      None
     A A 246                  !!      0.000    zeta-1
     G A 263                  !!      0.000      None
     C A 269                  !!      0.000  epsilon-1
     G A 282                  !!      0.000  epsilon-1
     U A 293                  !!      0.000      None
     G A 294                  !!      0.000      None
     G A 296                  !!      0.000     alpha
     A A 309                  !!      0.000     alpha
     G A 315                  !!      0.000      None
  8 suites triaged and 0 incomplete leaving 127 suites
  22/135 suite outliers present
  Average suiteness: 0.723
