
                    ----------Backbone bond lenths----------                   

  All bonds within 4.0 sigma of ideal values.

                    ----------Backbone bond angles----------                   

  residue               atom 1  atom 2  atom 3  sigmas
   A 202    A              C3'     C2'     C1'    4.11
   A 262    U              O3'     C3'     C2'   -4.22
  2/2961 angle outliers present

                        ----------Sugar pucker----------                       

  residue                  delta   outlier   epsilon   outlier
   A 230    U               83.4       yes      40.4       yes
   A 242    U               84.9        no     136.6       yes
   A 281    G               80.9        no      80.0       yes
   A 292    G               77.9        no      20.4       yes
  4/134 pucker outliers present

                  ----------Backbone torsion suites----------                  

  Suite ID                 suite  suiteness  triaged angle
     A A 192                  !!      0.000     gamma
     U A 196                  !!      0.000     gamma
     U A 198                  !!      0.000      beta
     C A 199                  !!      0.000      None
     C A 210                  !!      0.000      None
     A A 220                  !!      0.000     gamma
     U A 229                  !!      0.000      None
     C A 231                  !!      0.000  epsilon-1
     G A 241                  !!      0.000     gamma
     U A 242                  !!      0.000     gamma
     G A 243                  !!      0.000  epsilon-1
     G A 244                  !!      0.000    zeta-1
     A A 246                  !!      0.000      None
     U A 262                  !!      0.000      None
     G A 263                  !!      0.000      None
     G A 282                  !!      0.000  epsilon-1
     A A 289                  !!      0.000      None
     U A 293                  !!      0.000  epsilon-1
     C A 295                  !!      0.000     gamma
     G A 296                  !!      0.000     alpha
     G A 310                  !!      0.000     gamma
     G A 315                  !!      0.000      None
  14 suites triaged and 0 incomplete leaving 121 suites
  22/135 suite outliers present
  Average suiteness: 0.753
