
Using nuclear cloud x-H distances and vdW radii

Using input model H/D atoms...

Bad Clashes >= 0.4 Angstrom:
 A 218    C  O2'  A 219    A  OP2 :0.998
 A 281    G  O2'  A 282    G  OP2 :0.902
 A 269    C  H3'  A 269    C  O2  :0.802
 A 218    C  O2'  A 219    A  P   :0.793
 A 281    G  O2'  A 282    G  P   :0.750
 A 209    U  O2'  A 210    C  OP2 :0.734
 A 244    G  O4'  A 244    G  OP2 :0.657
 A 291    G  O2'  A 294    G  N7  :0.622
 A 241    G  N2   A 242    U  O2' :0.616
 A 268    U  O2'  A 269    C  O5' :0.591
 A 269    C  C3'  A 269    C  O2  :0.580
 A 262    U  H3'  A 262    U  OP1 :0.568
 A 268    U  O2'  A 269    C  O2  :0.548
 A 199    C  H4'  A 199    C  OP1 :0.548
 A 218    C  C2'  A 219    A  OP2 :0.539
 A 309    A  C8   A 309    A  OP2 :0.510
 A 309    A  H8   A 309    A  OP2 :0.505
 A 290    A  N3   A 295    C  N4  :0.504
 A 244    G  C8   A 244    G  OP2 :0.481
 A 249    U  H2'  A 250    C  C6  :0.476
 A 199    C  C4'  A 199    C  OP1 :0.470
 A 267    U  H2'  A 268    U  O4' :0.468
 A 244    G  H8   A 244    G  OP2 :0.464
 A 281    G  C2'  A 282    G  OP2 :0.441
 A 294    G  H2'  A 295    C  O4' :0.441
 A 241    G  C2   A 242    U  H1' :0.424
 A 203    A  N1   A 309    A  C2  :0.413
clashscore = 6.25
