
Using nuclear cloud x-H distances and vdW radii

Using input model H/D atoms...

Bad Clashes >= 0.4 Angstrom:
 A 281    G  O2'  A 282    G  OP2 :0.902
 A 281    G  O2'  A 282    G  P   :0.750
 A 293    U  O4'  A 293    U  OP1 :0.744
 A 292    G  C4'  A 293    U  OP1 :0.705
 A 230    U  O2'  A 231    C  OP1 :0.696
 A 242    U  O2'  A 243    G  OP1 :0.692
 A 292    G  H4'  A 293    U  OP1 :0.679
 A 243    G  H8   A 243    G  P   :0.672
 A 250    C  O2'  A 294    G  O2' :0.657
 A 295    C  O2'  A 296    G  O4' :0.646
 A 243    G  H8   A 243    G  OP1 :0.602
 A 292    G  C5'  A 293    U  OP1 :0.588
 A 243    G  C8   A 243    G  OP1 :0.573
 A 292    G H5''  A 293    U  OP1 :0.569
 A 211    A  H4'  A 211    A  OP1 :0.567
 A 216    C  H6   A 216    C  O5' :0.563
 A 293    U  C4'  A 293    U  OP1 :0.511
 A 242    U  O2'  A 243    G  P   :0.506
 A 198    U  H4'  A 198    U  OP1 :0.502
 A 249    U  H2'  A 250    C  C6  :0.476
 A 198    U  C5   A 199    C  C4  :0.461
 A 281    G  C2'  A 282    G  OP2 :0.441
 A 295    C  C2'  A 296    G  O4' :0.435
 A 296    G  H8   A 296    G  OP2 :0.425
 A 197    G  H2'  A 198    U  O4' :0.423
 A 243    G  H8   A 243    G  OP2 :0.420
clashscore = 6.01
