
                    ----------Backbone bond lenths----------                   

  All bonds within 4.0 sigma of ideal values.

                    ----------Backbone bond angles----------                   

  All angles within 4.0 sigma of ideal values.

                        ----------Sugar pucker----------                       

  residue                  delta   outlier   epsilon   outlier
   A 209    U               79.3       yes      40.9       yes
   A 243    G               84.9        no     149.5       yes
   A 261    A               79.1       yes      42.8       yes
   A 268    U               77.2       yes      36.6       yes
   A 269    C               74.0        no     141.5       yes
   A 281    G               80.9        no      80.0       yes
  6/134 pucker outliers present

                  ----------Backbone torsion suites----------                  

  Suite ID                 suite  suiteness  triaged angle
     U A 193                  !!      0.000      None
     U A 196                  !!      0.000      None
     C A 199                  !!      0.000      None
     C A 210                  !!      0.000  epsilon-1
     A A 211                  !!      0.000      None
     A A 219                  !!      0.000      None
     U A 230                  !!      0.000     gamma
     C A 231                  !!      0.000      None
     G A 241                  !!      0.000     gamma
     U A 242                  !!      0.000     gamma
     G A 243                  !!      0.000     gamma
     G A 244                  !!      0.000  epsilon-1
     A A 246                  !!      0.000     gamma
     A A 247                  !!      0.000      None
     U A 262                  !!      0.000  epsilon-1
     U A 266                  !!      0.000      None
     C A 269                  !!      0.000  epsilon-1
     G A 270                  !!      0.000  epsilon-1
     G A 282                  !!      0.000  epsilon-1
     G A 294                  !!      0.000      None
     G A 296                  !!      0.000      None
     G A 310                  !!      0.000     gamma
     G A 315                  !!      0.000      None
  12 suites triaged and 0 incomplete leaving 123 suites
  23/135 suite outliers present
  Average suiteness: 0.740
