
                    ----------Backbone bond lenths----------                   

  All bonds within 4.0 sigma of ideal values.

                    ----------Backbone bond angles----------                   

  All angles within 4.0 sigma of ideal values.

                        ----------Sugar pucker----------                       

  residue                  delta   outlier   epsilon   outlier
   A 209    U               79.3        no      30.4       yes
   A 281    G               80.9        no      80.0       yes
   A 293    U               82.3        no     122.5       yes
  3/134 pucker outliers present

                  ----------Backbone torsion suites----------                  

  Suite ID                 suite  suiteness  triaged angle
     C A 199                  !!      0.000      None
     C A 210                  !!      0.000  epsilon-1
     A A 211                  !!      0.000      beta
     U A 230                  !!      0.000     gamma
     C A 231                  !!      0.000      None
     U A 242                  !!      0.000     gamma
     G A 244                  !!      0.000     gamma
     A A 246                  !!      0.000      None
     U A 262                  !!      0.000      None
     G A 263                  !!      0.000      None
     U A 267                  !!      0.000      None
     G A 282                  !!      0.000  epsilon-1
     A A 289                  !!      0.000     gamma
     A A 290                  !!      0.000      None
     G A 292                  !!      0.000     gamma
     U A 293                  !!      0.000      None
     G A 294                  !!      0.000  epsilon-1
     G A 296                  !!      0.000     alpha
     G A 315                  !!      0.000      None
  10 suites triaged and 0 incomplete leaving 125 suites
  19/135 suite outliers present
  Average suiteness: 0.739
