
                    ----------Backbone bond lenths----------                   

  All bonds within 4.0 sigma of ideal values.

                    ----------Backbone bond angles----------                   

  All angles within 4.0 sigma of ideal values.

                        ----------Sugar pucker----------                       

  residue                  delta   outlier   epsilon   outlier
   A 209    U               79.3        no      31.4       yes
   A 243    G               89.6       yes      74.4       yes
   A 261    A               79.1        no     117.5       yes
   A 281    G               80.9        no      79.9       yes
   A 295    C               78.3        no     143.9       yes
  5/134 pucker outliers present

                  ----------Backbone torsion suites----------                  

  Suite ID                 suite  suiteness  triaged angle
     U A 193                  !!      0.000      None
     C A 199                  !!      0.000      None
     A A 202                  !!      0.000      None
     C A 210                  !!      0.000  epsilon-1
     A A 211                  !!      0.000      None
     A A 219                  !!      0.000      None
     A A 220                  !!      0.000     gamma
     U A 230                  !!      0.000     gamma
     C A 231                  !!      0.000      None
     G A 241                  !!      0.000    zeta-1
     U A 242                  !!      0.000     gamma
     G A 243                  !!      0.000     gamma
     G A 244                  !!      0.000  epsilon-1
     A A 246                  !!      0.000      None
     A A 247                  !!      0.000     gamma
     U A 262                  !!      0.000  epsilon-1
     G A 263                  !!      0.000      None
     U A 267                  !!      0.000      None
     G A 282                  !!      0.000  epsilon-1
     A A 289                  !!      0.000     gamma
     G A 291                  !!      0.000      None
     G A 296                  !!      0.000  epsilon-1
     G A 315                  !!      0.000      None
  12 suites triaged and 0 incomplete leaving 123 suites
  23/135 suite outliers present
  Average suiteness: 0.741
