
                    ----------Backbone bond lenths----------                   

  All bonds within 4.0 sigma of ideal values.

                    ----------Backbone bond angles----------                   

  All angles within 4.0 sigma of ideal values.

                        ----------Sugar pucker----------                       

  residue                  delta   outlier   epsilon   outlier
   A 261    A               79.1        no     151.9       yes
   A 281    G               80.9        no      80.0       yes
  2/134 pucker outliers present

                  ----------Backbone torsion suites----------                  

  Suite ID                 suite  suiteness  triaged angle
     C A 199                  !!      0.000     gamma
     G A 204                  !!      0.000     gamma
     C A 210                  !!      0.000      None
     A A 220                  !!      0.000      None
     U A 221                  !!      0.000      None
     U A 229                  !!      0.000      None
     C A 231                  !!      0.000      None
     U A 242                  !!      0.000     gamma
     G A 243                  !!      0.000     gamma
     G A 244                  !!      0.000     gamma
     A A 246                  !!      0.000     gamma
     U A 262                  !!      0.000  epsilon-1
     G A 263                  !!      0.000      None
     U A 268                  !!      0.000      None
     C A 269                  !!      0.000      None
     G A 282                  !!      0.000  epsilon-1
     C A 295                  !!      0.000      beta
     G A 296                  !!      0.000     alpha
     G A 315                  !!      0.000      None
  10 suites triaged and 0 incomplete leaving 125 suites
  19/135 suite outliers present
  Average suiteness: 0.716
