
Using nuclear cloud x-H distances and vdW radii

Using input model H/D atoms...

Bad Clashes >= 0.4 Angstrom:
 A 211    A  C4'  A 211    A  OP2 :0.900
 A 281    G  O2'  A 282    G  OP2 :0.900
 A 211    A  O4'  A 211    A  OP2 :0.856
 A 262    U  H3'  A 262    U  OP2 :0.839
 A 281    G  O2'  A 282    G  P   :0.751
 A 293    U  H2'  A 293    U  O2  :0.741
 A 293    U  O2'  A 294    G  OP1 :0.701
 A 211    A  H4'  A 211    A  OP2 :0.698
 A 294    G  O2'  A 295    C  O4' :0.680
 A 292    G  H8   A 292    G  OP2 :0.653
 A 295    C  H6   A 295    C  O5' :0.625
 A 293    U  O2'  A 294    G  P   :0.616
 A 250    C  O2'  A 293    U  O2  :0.593
 A 296    G  C8   A 296    G  OP2 :0.562
 A 262    U  C3'  A 262    U  OP2 :0.560
 A 261    A  O2'  A 262    U  OP2 :0.559
 A 296    G  H8   A 296    G  OP2 :0.549
 A 292    G  C8   A 292    G  OP2 :0.533
 A 261    A  C2'  A 262    U  OP2 :0.525
 A 267    U  H6   A 267    U  OP2 :0.513
 A 249    U  H2'  A 250    C  C6  :0.476
 A 209    U  O2'  A 210    C  OP2 :0.471
 A 293    U  C2'  A 294    G  O5' :0.463
 A 291    G  N2   A 296    G  OP2 :0.453
 A 281    G  C2'  A 282    G  OP2 :0.442
 A 289    A  C2   A 296    G  C2  :0.441
 A 242    U  H2'  A 243    G  C8  :0.433
 A 217    A  N6   A 223    U  O4  :0.430
 A 217    A  N1   A 222    A  N6  :0.427
 A 209    U  H4'  A 210    C  OP2 :0.423
 A 215    U  H2'  A 216    C  C6  :0.412
clashscore = 7.17
