
Using nuclear cloud x-H distances and vdW radii

Using input model H/D atoms...

Bad Clashes >= 0.4 Angstrom:
 A 296    G  O4'  A 296    G  OP2 :0.988
 A 281    G  O2'  A 282    G  OP2 :0.902
 A 295    C  O2'  A 296    G  O5' :0.809
 A 243    G  O2'  A 244    G  P   :0.805
 A 281    G  O2'  A 282    G  P   :0.751
 A 296    G  H8   A 296    G  OP1 :0.734
 A 243    G  O2'  A 244    G  O5' :0.723
 A 261    A  O2'  A 262    U  P   :0.661
 A 261    A  C2'  A 262    U  OP2 :0.659
 A 296    G  O4'  A 296    G  P   :0.642
 A 261    A  O2'  A 262    U  O5' :0.639
 A 296    G  H8   A 296    G  P   :0.620
 A 243    G  O2'  A 244    G  OP2 :0.618
 A 291    G  H8   A 291    G  OP2 :0.583
 A 209    U  H4'  A 210    C  O5' :0.547
 A 209    U  O2'  A 210    C  OP2 :0.530
 A 296    G  C8   A 296    G  P   :0.510
 A 243    G  H4'  A 244    G  O5' :0.502
 A 296    G  C8   A 296    G  OP2 :0.496
 A 243    G  H4'  A 244    G  O4' :0.479
 A 249    U  H2'  A 250    C  C6  :0.477
 A 296    G  C8   A 296    G  OP1 :0.446
 A 294    G  H2'  A 295    C  O4' :0.443
 A 281    G  C2'  A 282    G  OP2 :0.441
 A 261    A  H2'  A 262    U  OP2 :0.432
 A 209    U  C4'  A 210    C  O5' :0.430
 A 209    U  C5'  A 210    C  O4' :0.425
 A 308    U  H2'  A 309    A  C8  :0.422
 A 210    C  O2'  A 211    A  H4' :0.419
 A 242    U  O4'  A 242    U  OP2 :0.412
 A 202    A  N6   A 310    G  O6  :0.407
 A 211    A  C2   A 229    U  C2  :0.404
 A 261    A  O2'  A 262    U  OP2 :0.403
 A 203    A  N6   A 309    A  N1  :0.400
clashscore = 7.86
