
                    ----------Backbone bond lenths----------                   

  All bonds within 4.0 sigma of ideal values.

                    ----------Backbone bond angles----------                   

  residue               atom 1  atom 2  atom 3  sigmas
   A 220    A              O3'     C3'     C2'    4.58
   A 241    G              C3'     C2'     C1'    4.50
   A 266    U              C4'     C3'     C2'    4.67
   A 266    U              O4'     C4'     C3'    4.84
  4/2961 angle outliers present

                        ----------Sugar pucker----------                       

  residue                  delta   outlier   epsilon   outlier
   A 219    A               80.6       yes      33.1       yes
   A 281    G               80.9        no      80.0       yes
   A 294    G               88.3        no      34.8       yes
  3/134 pucker outliers present

                  ----------Backbone torsion suites----------                  

  Suite ID                 suite  suiteness  triaged angle
     U A 193                  !!      0.000      None
     C A 199                  !!      0.000     gamma
     A A 211                  !!      0.000      None
     A A 220                  !!      0.000  epsilon-1
     A A 222                  !!      0.000      None
     U A 230                  !!      0.000      None
     C A 231                  !!      0.000      None
     U A 242                  !!      0.000      None
     A A 246                  !!      0.000      None
     A A 247                  !!      0.000      None
     U A 262                  !!      0.000     gamma
     U A 271                  !!      0.000     alpha
     G A 282                  !!      0.000  epsilon-1
     U A 293                  !!      0.000      None
     C A 295                  !!      0.000  epsilon-1
     G A 296                  !!      0.000     alpha
     G A 315                  !!      0.000      None
  7 suites triaged and 0 incomplete leaving 128 suites
  17/135 suite outliers present
  Average suiteness: 0.733
