
Using nuclear cloud x-H distances and vdW radii

Using input model H/D atoms...

Bad Clashes >= 0.4 Angstrom:
 A 182    U  O2'  A 183    C  OP1 :0.779
 A 243    U  H6   A 243    U  O5' :0.672
 A 203    C  O2'  A 204    G  N2  :0.631
 A 242    G  H3'  A 242    G  N3  :0.588
 A 252    G  O2'  A 253    A  O5' :0.539
 A 235    A  C6   A 236    G  C6  :0.522
 A 260    G  H8   A 260    G  OP2 :0.507
 A 201    U  O2'  A 204    G  O6  :0.475
 A 219    G  H8   A 219    G  OP2 :0.467
 A 252    G  H4'  A 253    A  O5' :0.461
 A 256    G  N2   A 259    A  N7  :0.452
 A 204    G  N3   A 204    G H5'' :0.450
 A 220    A  N6   A 224    U  OP1 :0.443
 A 173    C  O2'  A 174    G  N9  :0.434
 A 235    A  N6   A 236    G  O6  :0.422
 A 182    U  H4'  A 183    C  OP1 :0.419
 A 174    G  H2'  A 175    U  H5' :0.411
 A 173    C  O2'  A 174    G  C8  :0.406
clashscore = 4.55
