
                    ----------Backbone bond lenths----------                   

  All bonds within 4.0 sigma of ideal values.

                    ----------Backbone bond angles----------                   

  residue               atom 1  atom 2  atom 3  sigmas
   A 221    U              C5'     C4'     O4'    8.34
  1/2719 angle outliers present

                        ----------Sugar pucker----------                       

  residue                  delta   outlier   epsilon   outlier
   A 169    A               83.4       yes      30.4       yes
   A 182    U               79.2       yes      40.0       yes
   A 202    U               81.1        no     154.5       yes
   A 219    G               79.9        no      31.6       yes
   A 252    G               80.8        no      32.9       yes
  5/123 pucker outliers present

                  ----------Backbone torsion suites----------                  

  Suite ID                 suite  suiteness  triaged angle
     A A 170                  !!      0.000  epsilon-1
     G A 174                  !!      0.000     alpha
     U A 175                  !!      0.000      None
     C A 183                  !!      0.000  epsilon-1
     A A 187                  !!      0.000     gamma
     C A 203                  !!      0.000  epsilon-1
     G A 204                  !!      0.000     gamma
     A A 220                  !!      0.000  epsilon-1
     U A 224                  !!      0.000    zeta-1
     A A 235                  !!      0.000     gamma
     U A 240                  !!      0.000      None
     C A 241                  !!      0.000      None
     G A 242                  !!      0.000      None
     A A 253                  !!      0.000  epsilon-1
  10 suites triaged and 0 incomplete leaving 114 suites
  14/124 suite outliers present
  Average suiteness: 0.776
