
                    ----------Backbone bond lenths----------                   

  All bonds within 4.0 sigma of ideal values.

                    ----------Backbone bond angles----------                   

  residue               atom 1  atom 2  atom 3  sigmas
   A 221    U              C4'     C3'     C2'    4.64
  1/2719 angle outliers present

                        ----------Sugar pucker----------                       

  residue                  delta   outlier   epsilon   outlier
   A 182    U               79.1       yes      40.1       yes
   A 252    G               80.9        no      32.9       yes
  2/123 pucker outliers present

                  ----------Backbone torsion suites----------                  

  Suite ID                 suite  suiteness  triaged angle
     A A 161                  !!      0.000     alpha
     A A 169                  !!      0.000     gamma
     G A 174                  !!      0.000     gamma
     C A 183                  !!      0.000  epsilon-1
     C A 186                  !!      0.000     gamma
     C A 203                  !!      0.000     gamma
     A A 220                  !!      0.000      None
     C A 222                  !!      0.000      None
     U A 224                  !!      0.000     gamma
     U A 240                  !!      0.000    zeta-1
     A A 253                  !!      0.000  epsilon-1
     C A 275                  !!      0.000      None
  9 suites triaged and 0 incomplete leaving 115 suites
  12/124 suite outliers present
  Average suiteness: 0.777
