
Using nuclear cloud x-H distances and vdW radii

Using input model H/D atoms...

Bad Clashes >= 0.4 Angstrom:
 A 182    U  O2'  A 183    C  OP1 :0.779
 A 223    A  O2'  A 224    U  O5' :0.672
 A 242    G  H8   A 242    G  OP2 :0.611
 A 205    U  H6   A 205    U  OP2 :0.551
 A 252    G  O2'  A 253    A  O5' :0.540
 A 235    A  C6   A 236    G  C6  :0.522
 A 260    G  H8   A 260    G  OP2 :0.506
 A 205    U  C6   A 205    U  OP2 :0.494
 A 173    C  O2'  A 174    G  N9  :0.494
 A 168    U  O2'  A 169    A  N7  :0.491
 A 252    G  H4'  A 253    A  O5' :0.461
 A 161    A  C6   A 162    C  C4  :0.458
 A 256    G  N2   A 259    A  N7  :0.454
 A 168    U  O2'  A 169    A  C8  :0.442
 A 235    A  N6   A 236    G  O6  :0.427
 A 239    U  H6   A 239    U  O5' :0.423
 A 182    U  H4'  A 183    C  OP1 :0.418
 A 210    G  H2'  A 211    U  O4' :0.417
 A 242    G  C8   A 242    G  OP2 :0.407
 A 173    C  O2'  A 174    G  C1' :0.407
 A 174    G  H2'  A 175    U  H5' :0.401
clashscore = 5.31
