
Using nuclear cloud x-H distances and vdW radii

Using input model H/D atoms...

Bad Clashes >= 0.4 Angstrom:
 A 220    A  H3'  A 220    A  OP2 :0.794
 A 182    U  O2'  A 183    C  OP1 :0.779
 A 174    G  O4'  A 174    G  P   :0.774
 A 173    C  O3'  A 174    G  O4' :0.698
 A 223    A  H3'  A 223    A  N3  :0.616
 A 168    U  O2'  A 169    A  N7  :0.611
 A 168    U  O2'  A 169    A  OP2 :0.604
 A 173    C  O3'  A 174    G  C4' :0.592
 A 169    A  C8   A 169    A  OP2 :0.542
 A 252    G  O2'  A 253    A  O5' :0.539
 A 235    A  C6   A 236    G  C6  :0.525
 A 260    G  H8   A 260    G  OP2 :0.506
 A 205    U  H2'  A 206    C  C6  :0.470
 A 252    G  H4'  A 253    A  O5' :0.461
 A 174    G  O4'  A 174    G  OP2 :0.460
 A 256    G  N2   A 259    A  N7  :0.453
 A 168    U  O2'  A 169    A  C8  :0.451
 A 187    A  C2   A 224    U  C4  :0.420
 A 182    U  H4'  A 183    C  OP1 :0.418
 A 235    A  N6   A 236    G  O6  :0.417
 A 173    C  H2'  A 174    G  H1' :0.412
 A 161    A  N6   A 281    C  O2  :0.411
clashscore = 5.56
