
                    ----------Backbone bond lenths----------                   

  All bonds within 4.0 sigma of ideal values.

                    ----------Backbone bond angles----------                   

  residue               atom 1  atom 2  atom 3  sigmas
   A 169    A              O3'     C3'     C2'   -4.19
  1/2719 angle outliers present

                        ----------Sugar pucker----------                       

  residue                  delta   outlier   epsilon   outlier
   A 182    U               79.2       yes      40.0       yes
   A 252    G               80.9        no      32.8       yes
  2/123 pucker outliers present

                  ----------Backbone torsion suites----------                  

  Suite ID                 suite  suiteness  triaged angle
     A A 169                  !!      0.000     gamma
     G A 174                  !!      0.000     gamma
     C A 183                  !!      0.000  epsilon-1
     U A 211                  !!      0.000     gamma
     A A 220                  !!      0.000      None
     C A 222                  !!      0.000     gamma
     A A 223                  !!      0.000      None
     A A 253                  !!      0.000  epsilon-1
  6 suites triaged and 0 incomplete leaving 118 suites
  8/124 suite outliers present
  Average suiteness: 0.765
