
                    ----------Backbone bond lenths----------                   

  All bonds within 4.0 sigma of ideal values.

                    ----------Backbone bond angles----------                   

  residue               atom 1  atom 2  atom 3  sigmas
   A 211    U              C4'     C3'     C2'    4.62
  1/2719 angle outliers present

                        ----------Sugar pucker----------                       

  residue                  delta   outlier   epsilon   outlier
   A 182    U               79.1       yes      40.0       yes
   A 252    G               80.9        no      32.8       yes
  2/123 pucker outliers present

                  ----------Backbone torsion suites----------                  

  Suite ID                 suite  suiteness  triaged angle
     A A 169                  !!      0.000     gamma
     G A 174                  !!      0.000     gamma
     U A 175                  !!      0.000     gamma
     C A 183                  !!      0.000  epsilon-1
     C A 203                  !!      0.000     gamma
     G A 204                  !!      0.000      None
     G A 219                  !!      0.000     gamma
     U A 224                  !!      0.000      None
     U A 239                  !!      0.000      None
     U A 240                  !!      0.000     gamma
     A A 253                  !!      0.000  epsilon-1
     C A 275                  !!      0.000      None
  8 suites triaged and 0 incomplete leaving 116 suites
  12/124 suite outliers present
  Average suiteness: 0.780
