
Using nuclear cloud x-H distances and vdW radii

Using input model H/D atoms...

Bad Clashes >= 0.4 Angstrom:
 A 182    U  O2'  A 183    C  OP1 :0.779
 A 173    C  O3'  A 174    G  O4' :0.718
 A 223    A  H8   A 223    A  OP2 :0.615
 A 281    C  H6   A 281    C  OP2 :0.614
 A 174    G  O4'  A 174    G  P   :0.604
 A 223    A  C8   A 223    A  OP2 :0.587
 A 281    C  C6   A 281    C  OP2 :0.584
 A 242    G  H2'  A 242    G  N3  :0.556
 A 242    G  O2'  A 243    U  O4' :0.552
 A 202    U  H6   A 202    U  OP1 :0.548
 A 252    G  O2'  A 253    A  O5' :0.540
 A 242    G  H3'  A 242    G  N3  :0.529
 A 242    G  C2'  A 242    G  N3  :0.524
 A 202    U  C6   A 202    U  OP1 :0.516
 A 235    A  C6   A 236    G  C6  :0.512
 A 260    G  H8   A 260    G  OP2 :0.505
 A 252    G  H4'  A 253    A  O5' :0.462
 A 256    G  N2   A 259    A  N7  :0.453
 A 241    C  H6   A 241    C  O5' :0.436
 A 173    C  O3'  A 174    G  C4' :0.431
 A 235    A  N6   A 236    G  O6  :0.425
 A 182    U  H4'  A 183    C  OP1 :0.418
 A 219    G  O2'  A 223    A  N6  :0.414
 A 173    C  H2'  A 174    G  H1' :0.413
clashscore = 6.06
