
                    ----------Backbone bond lenths----------                   

  All bonds within 4.0 sigma of ideal values.

                    ----------Backbone bond angles----------                   

  residue               atom 1  atom 2  atom 3  sigmas
   A 205    U              C4'     C3'     C2'    7.32
   A 205    U              O3'     C3'     C2'    6.23
  2/2719 angle outliers present

                        ----------Sugar pucker----------                       

  residue                  delta   outlier   epsilon   outlier
   A 169    A               80.4       yes      31.5       yes
   A 182    U               79.1       yes      40.0       yes
   A 252    G               80.8        no      32.9       yes
  3/123 pucker outliers present

                  ----------Backbone torsion suites----------                  

  Suite ID                 suite  suiteness  triaged angle
     A A 170                  !!      0.000  epsilon-1
     G A 174                  !!      0.000     gamma
     U A 175                  !!      0.000     gamma
     C A 183                  !!      0.000  epsilon-1
     U A 202                  !!      0.000      None
     C A 203                  !!      0.000      None
     A A 220                  !!      0.000      None
     C A 241                  !!      0.000      None
     A A 253                  !!      0.000  epsilon-1
     C A 275                  !!      0.000      None
  5 suites triaged and 0 incomplete leaving 119 suites
  10/124 suite outliers present
  Average suiteness: 0.758
