
                    ----------Backbone bond lenths----------                   

  All bonds within 4.0 sigma of ideal values.

                    ----------Backbone bond angles----------                   

  residue               atom 1  atom 2  atom 3  sigmas
   A 201    U              C4'     C3'     C2'    5.33
  1/2719 angle outliers present

                        ----------Sugar pucker----------                       

  residue                  delta   outlier   epsilon   outlier
   A 169    A               84.2        no     103.0       yes
   A 182    U               79.2       yes      40.0       yes
   A 252    G               80.9        no      32.8       yes
  3/123 pucker outliers present

                  ----------Backbone torsion suites----------                  

  Suite ID                 suite  suiteness  triaged angle
     A A 163                  !!      0.000      None
     A A 170                  !!      0.000  epsilon-1
     C A 171                  !!      0.000      None
     U A 175                  !!      0.000     gamma
     C A 183                  !!      0.000  epsilon-1
     A A 187                  !!      0.000     gamma
     C A 222                  !!      0.000      None
     A A 223                  !!      0.000      None
     U A 224                  !!      0.000      None
     G A 236                  !!      0.000      None
     C A 244                  !!      0.000     alpha
     A A 253                  !!      0.000  epsilon-1
     C A 281                  !!      0.000     gamma
  7 suites triaged and 0 incomplete leaving 117 suites
  13/124 suite outliers present
  Average suiteness: 0.772
