
                    ----------Backbone bond lenths----------                   

  All bonds within 4.0 sigma of ideal values.

                    ----------Backbone bond angles----------                   

  residue               atom 1  atom 2  atom 3  sigmas
   A 169    A              O3'     C3'     C2'    4.34
  1/2719 angle outliers present

                        ----------Sugar pucker----------                       

  residue                  delta   outlier   epsilon   outlier
   A 182    U               79.1       yes      40.0       yes
   A 223    A               78.9        no      34.9       yes
   A 252    G               80.9        no      32.9       yes
  3/123 pucker outliers present

                  ----------Backbone torsion suites----------                  

  Suite ID                 suite  suiteness  triaged angle
     A A 161                  !!      0.000     gamma
     A A 169                  !!      0.000     gamma
     G A 174                  !!      0.000     gamma
     U A 175                  !!      0.000     gamma
     C A 183                  !!      0.000  epsilon-1
     U A 202                  !!      0.000      None
     U A 205                  !!      0.000      None
     A A 220                  !!      0.000      None
     U A 221                  !!      0.000      None
     U A 224                  !!      0.000  epsilon-1
     G A 242                  !!      0.000      None
     A A 253                  !!      0.000  epsilon-1
  7 suites triaged and 0 incomplete leaving 117 suites
  12/124 suite outliers present
  Average suiteness: 0.742
