
                    ----------Backbone bond lenths----------                   

  All bonds within 4.0 sigma of ideal values.

                    ----------Backbone bond angles----------                   

  All angles within 4.0 sigma of ideal values.

                        ----------Sugar pucker----------                       

  residue                  delta   outlier   epsilon   outlier
   A 182    U               79.1       yes      40.0       yes
   A 252    G               80.8        no      32.9       yes
  2/123 pucker outliers present

                  ----------Backbone torsion suites----------                  

  Suite ID                 suite  suiteness  triaged angle
     U A 168                  !!      0.000     gamma
     G A 174                  !!      0.000     gamma
     C A 183                  !!      0.000  epsilon-1
     A A 187                  !!      0.000     gamma
     U A 202                  !!      0.000      None
     A A 220                  !!      0.000      None
     C A 222                  !!      0.000      None
     A A 223                  !!      0.000     gamma
     C A 225                  !!      0.000      None
     G A 242                  !!      0.000     gamma
     U A 243                  !!      0.000     gamma
     A A 253                  !!      0.000  epsilon-1
     C A 275                  !!      0.000      None
     C A 281                  !!      0.000     gamma
  9 suites triaged and 0 incomplete leaving 115 suites
  14/124 suite outliers present
  Average suiteness: 0.773
