
Using nuclear cloud x-H distances and vdW radii

Using input model H/D atoms...

Bad Clashes >= 0.4 Angstrom:
 A 255    A  O3'  A 256    G  P   :0.900
 A 168    G  C8   A 168    G  OP1 :0.854
 A 273    U  O2'  A 274    G  OP2 :0.847
 A 247    U  C6   A 247    U  OP2 :0.808
 A 167    U  C2'  A 168    G  OP1 :0.758
 A 277    A  C8   A 277    A  OP2 :0.746
 A 179    U  O2'  A 180    A  OP1 :0.734
 A 218    A  H3'  A 218    A  N3  :0.727
 A 179    U  C6   A 179    U  OP1 :0.725
 A 179    U  C5   A 179    U  OP1 :0.720
 A 273    U  C2'  A 274    G  OP2 :0.718
 A 156    A  O2'  A 157    G  OP1 :0.718
 A 247    U  H6   A 247    U  OP2 :0.711
 A 168    G  H8   A 168    G  OP1 :0.673
 A 167    U  H2'  A 168    G  OP1 :0.617
 A 157    G  H3'  A 157    G  N3  :0.615
 A 176    G  O2'  A 276    A  O2' :0.591
 A 168    G  O4'  A 168    G  OP1 :0.552
 A 167    U  H2'  A 168    G  C8  :0.517
 A 277    A  H8   A 277    A  OP2 :0.516
 A 174    U  O2'  A 175    A  OP1 :0.511
 A 178    C  H6   A 178    C  O5' :0.495
 A 276    A  O2'  A 277    A  O4' :0.494
 A 169    U  C4   A 170    G  C6  :0.478
 A 179    U  H6   A 179    U  OP1 :0.478
 A 179    U  H6   A 179    U  P   :0.454
 A 168    G  O4'  A 168    G  P   :0.443
 A 288    G  C5   A 289    U  C4  :0.432
 A 276    A HO2'  A 277    A  C1' :0.427
 A 238    U  H2'  A 239    C  C6  :0.426
 A 170    G  N2   A 178    C  OP1 :0.425
 A 206    U  H2'  A 207    C  C6  :0.425
 A 167    U  O2'  A 168    G  OP1 :0.424
 A 166    G  C2   A 167    U  C2  :0.424
 A 179    U  H4'  A 180    A  OP1 :0.403
clashscore = 7.86
