
                    ----------Backbone bond lenths----------                   

  residue               atom 1  atom 2  sigmas
   A 255    A              O3'     P    -45.70
  1/1955 bond outliers present

                    ----------Backbone bond angles----------                   

  residue               atom 1  atom 2  atom 3  sigmas
   A 255    A              O3'     P       O5'  -14.34
   A 255    A              O3'     P       OP2    7.06
   A 255    A              C3'     O3'     P    -11.45
  3/3071 angle outliers present

                        ----------Sugar pucker----------                       

  residue                  delta   outlier   epsilon   outlier
   A 156    A               79.6       yes      39.1       yes
   A 167    U               83.7        no     143.8       yes
   A 179    U               91.4       yes      35.1       yes
   A 273    U               82.6        no     145.0       yes
  4/139 pucker outliers present

                  ----------Backbone torsion suites----------                  

  Suite ID                 suite  suiteness  triaged angle
     G A 157                  !!      0.000  epsilon-1
     C A 158                  !!      0.000      None
     U A 167                  !!      0.000      None
     G A 168                  !!      0.000  epsilon-1
     U A 171                  !!      0.000      None
     U A 174                  !!      0.000     alpha
     U A 179                  !!      0.000      None
     A A 180                  !!      0.000  epsilon-1
     C A 208                  !!      0.000     gamma
     A A 209                  !!      0.000      None
     U A 210                  !!      0.000      None
     A A 218                  !!      0.000     gamma
     C A 219                  !!      0.000      None
     C A 222                  !!      0.000    zeta-1
     U A 223                  !!      0.000      None
     U A 233                  !!      0.000    zeta-1
     G A 244                  !!      0.000      None
     U A 247                  !!      0.000      None
     G A 256                  !!      0.000     gamma
     U A 265                  !!      0.000      None
     G A 274                  !!      0.000  epsilon-1
     A A 277                  !!      0.000     alpha
     A A 278                  !!      0.000      None
  11 suites triaged and 0 incomplete leaving 129 suites
  23/140 suite outliers present
  Average suiteness: 0.743
