
                    ----------Backbone bond lenths----------                   

  residue               atom 1  atom 2  sigmas
   A 255    A              O3'     P    -45.65
  1/1955 bond outliers present

                    ----------Backbone bond angles----------                   

  residue               atom 1  atom 2  atom 3  sigmas
   A 255    A              O3'     P       O5'  -14.34
   A 255    A              O3'     P       OP2    7.05
   A 255    A              C3'     O3'     P    -11.45
   A 277    A              O4'     C1'     C2'    5.40
  4/3071 angle outliers present

                        ----------Sugar pucker----------                       

  residue                  delta   outlier   epsilon   outlier
   A 273    U               82.6        no     143.5       yes
   A 276    A               81.5        no     150.0       yes
  2/139 pucker outliers present

                  ----------Backbone torsion suites----------                  

  Suite ID                 suite  suiteness  triaged angle
     U A 167                  !!      0.000     gamma
     U A 171                  !!      0.000     gamma
     U A 174                  !!      0.000     gamma
     G A 176                  !!      0.000     gamma
     U A 179                  !!      0.000     gamma
     A A 180                  !!      0.000      None
     C A 208                  !!      0.000      None
     C A 221                  !!      0.000      None
     A A 225                  !!      0.000      None
     U A 233                  !!      0.000    zeta-1
     U A 247                  !!      0.000     gamma
     G A 256                  !!      0.000     gamma
     U A 263                  !!      0.000      None
     G A 274                  !!      0.000  epsilon-1
     A A 277                  !!      0.000  epsilon-1
     A A 278                  !!      0.000      None
     U A 287                  !!      0.000     gamma
  11 suites triaged and 0 incomplete leaving 129 suites
  17/140 suite outliers present
  Average suiteness: 0.738
