
                    ----------Backbone bond lenths----------                   

  residue               atom 1  atom 2  sigmas
   A 255    A              O3'     P    -45.65
  1/1955 bond outliers present

                    ----------Backbone bond angles----------                   

  residue               atom 1  atom 2  atom 3  sigmas
   A 255    A              O3'     P       O5'  -14.34
   A 255    A              O3'     P       OP2    7.05
   A 255    A              C3'     O3'     P    -11.45
  3/3071 angle outliers present

                        ----------Sugar pucker----------                       

  residue                  delta   outlier   epsilon   outlier
   A 166    G               79.5        no     142.1       yes
   A 173    C               80.1        no      26.5       yes
   A 177    U               84.0        no      76.0       yes
   A 273    U               82.6        no     150.7       yes
  4/139 pucker outliers present

                  ----------Backbone torsion suites----------                  

  Suite ID                 suite  suiteness  triaged angle
     G A 157                  !!      0.000     gamma
     C A 158                  !!      0.000      None
     U A 167                  !!      0.000  epsilon-1
     G A 170                  !!      0.000      None
     U A 174                  !!      0.000  epsilon-1
     A A 175                  !!      0.000     gamma
     C A 178                  !!      0.000  epsilon-1
     U A 210                  !!      0.000      None
     C A 219                  !!      0.000    zeta-1
     G A 220                  !!      0.000     gamma
     U A 233                  !!      0.000    zeta-1
     U A 246                  !!      0.000      None
     U A 247                  !!      0.000      None
     G A 256                  !!      0.000     gamma
     U A 263                  !!      0.000      None
     G A 274                  !!      0.000  epsilon-1
     A A 277                  !!      0.000      beta
     A A 278                  !!      0.000      None
     C A 286                  !!      0.000      None
  11 suites triaged and 0 incomplete leaving 129 suites
  19/140 suite outliers present
  Average suiteness: 0.748
