
                    ----------Backbone bond lenths----------                   

  residue               atom 1  atom 2  sigmas
   A 255    A              O3'     P    -45.65
  1/1955 bond outliers present

                    ----------Backbone bond angles----------                   

  residue               atom 1  atom 2  atom 3  sigmas
   A 157    G              C3'     C2'     C1'    4.79
   A 255    A              O3'     P       O5'  -14.34
   A 255    A              O3'     P       OP2    7.05
   A 255    A              C3'     O3'     P    -11.45
  4/3071 angle outliers present

                        ----------Sugar pucker----------                       

  residue                  delta   outlier   epsilon   outlier
   A 178    C               80.8       yes      76.3       yes
   A 219    C               80.2        no      40.7       yes
   A 277    A               81.8        no     124.1       yes
  3/139 pucker outliers present

                  ----------Backbone torsion suites----------                  

  Suite ID                 suite  suiteness  triaged angle
     U A 171                  !!      0.000     gamma
     U A 174                  !!      0.000      None
     G A 176                  !!      0.000     alpha
     U A 179                  !!      0.000  epsilon-1
     G A 182                  !!      0.000      None
     A A 209                  !!      0.000     gamma
     U A 210                  !!      0.000      None
     C A 219                  !!      0.000     gamma
     G A 220                  !!      0.000  epsilon-1
     C A 221                  !!      0.000     gamma
     U A 223                  !!      0.000    zeta-1
     U A 224                  !!      0.000      None
     C A 228                  !!      0.000     gamma
     U A 233                  !!      0.000    zeta-1
     U A 247                  !!      0.000     gamma
     G A 248                  !!      0.000     gamma
     G A 256                  !!      0.000     gamma
     G A 274                  !!      0.000      None
     A A 277                  !!      0.000     gamma
     A A 278                  !!      0.000  epsilon-1
     C A 280                  !!      0.000     gamma
     U A 287                  !!      0.000     gamma
  17 suites triaged and 0 incomplete leaving 123 suites
  22/140 suite outliers present
  Average suiteness: 0.762
