
Using nuclear cloud x-H distances and vdW radii

Using input model H/D atoms...

Bad Clashes >= 0.4 Angstrom:
 A 173    C  O2'  A 174    U  OP2 :0.722
 A 246    U  H6   A 246    U  O5' :0.700
 A 208    C  O2   A 274    G  O4' :0.657
 A 273    U  O2'  A 274    G  OP2 :0.603
 A 228    C  H6   A 228    C  OP2 :0.599
 A 228    C  C6   A 228    C  OP2 :0.559
 A 255    A  C2'  A 256    G  O5' :0.528
 A 176    G  N2   A 276    A  O2' :0.526
 A 218    A  N1   A 248    G  N2  :0.525
 A 248    G  H8   A 248    G  O5' :0.505
 A 286    C  H2'  A 287    U  C5  :0.504
 A 207    C  C2'  A 208    C  OP1 :0.462
 A 246    U  C6   A 246    U  O5' :0.457
 A 221    C  O2'  A 246    U  N3  :0.456
 A 266    G  O4'  A 266    G  OP2 :0.453
 A 263    U  O2   A 266    G  N1  :0.452
 A 208    C  H6   A 208    C  O5' :0.449
 A 207    C  H2'  A 208    C  OP1 :0.447
 A 170    G  N2   A 173    C  OP2 :0.445
 A 167    U  N3   A 168    G  N7  :0.437
 A 206    U  H2'  A 207    C  C6  :0.433
 A 238    U  H2'  A 239    C  C6  :0.426
 A 167    U  H6   A 167    U  OP2 :0.412
clashscore = 5.16
