
Using nuclear cloud x-H distances and vdW radii

Using input model H/D atoms...

Bad Clashes >= 0.4 Angstrom:
 A 156    A  O2'  A 157    G  OP1 :1.088
 A 255    A  O3'  A 256    G  P   :0.901
 A 156    A  O2'  A 157    G  P   :0.789
 A 179    U  H3'  A 179    U  OP1 :0.779
 A 168    G  H8   A 168    G  OP2 :0.698
 A 181    A  O3'  A 182    G  O4' :0.696
 A 248    G  C8   A 248    G  OP2 :0.685
 A 223    U  H6   A 223    U  O5' :0.684
 A 179    U  C3'  A 179    U  OP1 :0.676
 A 277    A  C2'  A 278    A  OP1 :0.663
 A 177    U  O4'  A 177    U  OP2 :0.637
 A 177    U  H6   A 177    U  P   :0.622
 A 220    G  O2'  A 221    C  OP1 :0.618
 A 170    G  O2'  A 179    U  O2  :0.606
 A 179    U  C2'  A 179    U  OP1 :0.599
 A 179    U  H2'  A 179    U  OP1 :0.580
 A 248    G  H8   A 248    G  OP2 :0.577
 A 247    U  C6   A 247    U  OP2 :0.573
 A 173    C  N4   A 208    C  OP1 :0.559
 A 177    U  C6   A 177    U  OP1 :0.551
 A 168    G  C8   A 168    G  OP2 :0.538
 A 171    U  C6   A 171    U  OP2 :0.534
 A 177    U  C6   A 177    U  P   :0.532
 A 219    C H5''  A 220    G  OP2 :0.531
 A 172    U  OP1  A 180    A  O2' :0.502
 A 171    U  H6   A 171    U  OP2 :0.501
 A 181    A  N6   A 208    C  O2  :0.499
 A 248    G  H8   A 248    G  P   :0.498
 A 160    A  C6   A 161    G  C6  :0.495
 A 157    G  C6   A 158    C  N4  :0.492
 A 277    A  O2'  A 278    A  OP1 :0.484
 A 161    G  N1   A 285    A  N1  :0.482
 A 247    U  H6   A 247    U  OP2 :0.474
 A 223    U  C6   A 223    U  O5' :0.471
 A 161    G  N2   A 286    C  O2  :0.470
 A 171    U  O2   A 277    A  N6  :0.463
 A 170    G  H2'  A 171    U  O4' :0.459
 A 170    G  H3'  A 171    U  C6  :0.456
 A 217    A  N1   A 248    G  N1  :0.456
 A 206    U  H2'  A 207    C  C6  :0.434
 A 176    G  N2   A 180    A  O2' :0.429
 A 248    G  H8   A 248    G  O5' :0.428
 A 247    U  H6   A 247    U  P   :0.427
 A 174    U  O2'  A 175    A  O5' :0.426
 A 238    U  H2'  A 239    C  C6  :0.426
 A 277    A  H3'  A 278    A  C8  :0.426
 A 179    U  H2'  A 179    U  P   :0.425
 A 220    G  O2'  A 221    C  P   :0.421
 A 277    A  H2'  A 278    A  OP1 :0.421
 A 177    U  H2'  A 178    C  O4' :0.412
 A 276    A  O2'  A 277    A  O5' :0.411
 A 156    A  C6   A 157    G  C6  :0.411
 A 224    U  H2'  A 225    A  O4' :0.410
clashscore = 11.90
