
Using nuclear cloud x-H distances and vdW radii

Using input model H/D atoms...

Bad Clashes >= 0.4 Angstrom:
 A 255    A  O3'  A 256    G  P   :0.901
 A 177    U  C6   A 177    U  OP2 :0.869
 A 248    G  N2   A 248    G  OP2 :0.837
 A 168    G  C8   A 168    G  OP1 :0.808
 A 224    U  O4'  A 224    U  OP2 :0.792
 A 167    U  C2'  A 168    G  OP1 :0.767
 A 246    U  C2'  A 247    U  OP1 :0.766
 A 224    U  H6   A 224    U  P   :0.748
 A 177    U  H3'  A 177    U  OP1 :0.700
 A 168    G  H8   A 168    G  OP1 :0.684
 A 266    G  O2'  A 267    U  OP1 :0.679
 A 224    U  H6   A 224    U  OP2 :0.665
 A 210    U  H4'  A 210    U  OP1 :0.659
 A 177    U  H3'  A 177    U  P   :0.645
 A 177    U  H2'  A 177    U  OP2 :0.642
 A 170    G  O2'  A 171    U  OP1 :0.639
 A 167    U  H2'  A 168    G  OP1 :0.627
 A 224    U  C6   A 224    U  OP2 :0.623
 A 179    U  C6   A 179    U  OP2 :0.614
 A 209    A  O3'  A 210    U  O4' :0.607
 A 246    U  O2'  A 247    U  OP1 :0.601
 A 181    A  O2'  A 182    G  O4' :0.580
 A 208    C  C6   A 208    C  O5' :0.577
 A 177    U  H2'  A 177    U  P   :0.566
 A 161    G  O6   A 285    A  N6  :0.564
 A 177    U  C3'  A 177    U  P   :0.561
 A 177    U  H6   A 177    U  OP2 :0.555
 A 167    U  H2'  A 168    G  C8  :0.529
 A 169    U  C4   A 276    A  N6  :0.529
 A 171    U  O2   A 277    A  N6  :0.518
 A 246    U  H2'  A 247    U  OP1 :0.502
 A 174    U  O2'  A 175    A  N7  :0.489
 A 166    G  N2   A 167    U  O2  :0.484
 A 180    A  C2   A 182    G  H1' :0.483
 A 246    U  H6   A 246    U  OP2 :0.483
 A 166    G  C2   A 167    U  C2  :0.475
 A 168    G  O4'  A 168    G  OP1 :0.473
 A 217    A  N6   A 248    G  O6  :0.469
 A 167    U  H6   A 167    U  O5' :0.453
 A 173    C HO2'  A 174    U  P   :0.444
 A 167    U  N3   A 168    G  O6  :0.442
 A 173    C  O2'  A 174    U  O4' :0.442
 A 177    U  C2'  A 177    U  P   :0.442
 A 210    U  OP2  A 274    G  N1  :0.440
 A 173    C H5''  A 174    U  OP1 :0.439
 A 161    G  N2   A 286    C  O2  :0.435
 A 206    U  H2'  A 207    C  C6  :0.431
 A 167    U  O2'  A 168    G  OP1 :0.428
 A 173    C  O2'  A 174    U  O5' :0.426
 A 238    U  H2'  A 239    C  C6  :0.426
 A 177    U  O2   A 181    A  O4' :0.424
clashscore = 11.45
