
                    ----------Backbone bond lenths----------                   

  residue               atom 1  atom 2  sigmas
   A 255    A              O3'     P    -45.65
  1/1955 bond outliers present

                    ----------Backbone bond angles----------                   

  residue               atom 1  atom 2  atom 3  sigmas
   A 255    A              O3'     P       O5'  -14.34
   A 255    A              O3'     P       OP2    7.05
   A 255    A              C3'     O3'     P    -11.45
   A 266    G              C4'     C3'     C2'    4.16
   A 266    G              O3'     C3'     C2'    5.13
  5/3071 angle outliers present

                        ----------Sugar pucker----------                       

  residue                  delta   outlier   epsilon   outlier
   A 218    A              128.5       yes     260.3        no
   A 273    U               82.6        no     128.8       yes
  2/139 pucker outliers present

                  ----------Backbone torsion suites----------                  

  Suite ID                 suite  suiteness  triaged angle
     G A 157                  !!      0.000      None
     C A 158                  !!      0.000      None
     A A 160                  !!      0.000      None
     G A 168                  !!      0.000      None
     U A 171                  !!      0.000     gamma
     U A 174                  !!      0.000      None
     A A 175                  !!      0.000      None
     G A 176                  !!      0.000      None
     C A 178                  !!      0.000     alpha
     A A 180                  !!      0.000      None
     A A 181                  !!      0.000      None
     A A 209                  !!      0.000      None
     U A 210                  !!      0.000     gamma
     A A 218                  !!      0.000     gamma
     C A 219                  !!      0.000      None
     U A 223                  !!      0.000      None
     U A 224                  !!      0.000      None
     U A 233                  !!      0.000    zeta-1
     U A 247                  !!      0.000     gamma
     G A 256                  !!      0.000     gamma
     U A 264                  !!      0.000      None
     U A 265                  !!      0.000      None
     G A 274                  !!      0.000  epsilon-1
     A A 277                  !!      0.000      None
     A A 278                  !!      0.000      None
  8 suites triaged and 0 incomplete leaving 132 suites
  25/140 suite outliers present
  Average suiteness: 0.704
