
Using nuclear cloud x-H distances and vdW radii

Using input model H/D atoms...

Bad Clashes >= 0.4 Angstrom:
 A 274    G  O4'  A 274    G  OP2 :1.213
 A 220    G  C8   A 220    G  OP2 :1.093
 A 255    A  O3'  A 256    G  P   :0.901
 A 220    G  H2'  A 220    G  OP2 :0.824
 A 276    A  C2'  A 277    A  O5' :0.697
 A 160    A  O3'  A 161    G  O4' :0.673
 A 170    G  O2'  A 171    U  OP1 :0.667
 A 179    U  O4'  A 179    U  OP2 :0.663
 A 170    G  N7   A 179    U  N3  :0.660
 A 276    A  O2'  A 277    A  P   :0.654
 A 274    G  O4'  A 274    G  P   :0.649
 A 181    A  H8   A 181    A  O5' :0.625
 A 175    A  H2'  A 175    A  N3  :0.620
 A 276    A  O2'  A 277    A  OP1 :0.589
 A 220    G  H2'  A 220    G  P   :0.580
 A 279    C  C5   A 280    C  C5  :0.579
 A 220    G  C2'  A 220    G  OP2 :0.554
 A 276    A  C2   A 277    A  H1' :0.552
 A 274    G  C4'  A 274    G  OP2 :0.540
 A 173    C  N4   A 210    U  H4' :0.529
 A 220    G  N9   A 220    G  OP2 :0.529
 A 276    A  H2'  A 277    A  O5' :0.507
 A 170    G  C2   A 171    U  H1' :0.505
 A 170    G  C2'  A 171    U  OP1 :0.489
 A 171    U  C5   A 179    U  O4  :0.481
 A 243    U  H6   A 243    U  O5' :0.480
 A 277    A  C3'  A 278    A  C8  :0.469
 A 277    A  H2'  A 278    A  C8  :0.468
 A 210    U  H5'  A 274    G  O6  :0.463
 A 223    U  H6   A 223    U  O5' :0.453
 A 167    U  O2'  A 168    G  C8  :0.447
 A 247    U  H6   A 247    U  O5' :0.438
 A 276    A  O2'  A 277    A  O5' :0.437
 A 180    A  OP2  A 207    C  N4  :0.436
 A 286    C  H2'  A 287    U  C6  :0.435
 A 206    U  H2'  A 207    C  C6  :0.429
 A 238    U  H2'  A 239    C  C6  :0.426
 A 277    A H5''  A 278    A  OP2 :0.413
 A 181    A  C8   A 181    A  O5' :0.405
 A 228    C  H6   A 228    C  OP2 :0.404
 A 218    A  O2'  A 247    U  N3  :0.404
 A 173    C  C2'  A 174    U  O5' :0.402
 A 220    G  H8   A 220    G  OP2 :0.400
 A 166    G  OP2  A 178    C  C2  :0.400
clashscore = 9.88
