
Using nuclear cloud x-H distances and vdW radii

Using input model H/D atoms...

Bad Clashes >= 0.4 Angstrom:
 A 255    A  O3'  A 256    G  P   :0.901
 A 157    G  C2   A 157    G  OP1 :0.887
 A 157    G  H3'  A 157    G  N3  :0.883
 A 180    A  O2'  A 181    A  OP1 :0.836
 A 280    C  H4'  A 280    C  OP1 :0.793
 A 273    U  O2'  A 274    G  O5' :0.705
 A 178    C  H6   A 178    C  O5' :0.683
 A 157    G  C3'  A 157    G  N3  :0.672
 A 280    C  C4'  A 280    C  OP1 :0.671
 A 278    A  H8   A 278    A  OP1 :0.596
 A 278    A  H8   A 278    A  P   :0.595
 A 246    U  H6   A 246    U  O5' :0.593
 A 278    A  C8   A 278    A  OP1 :0.581
 A 287    U  C6   A 287    U  OP2 :0.542
 A 170    G  O6   A 176    G  N2  :0.535
 A 157    G  O2'  A 159    A  OP2 :0.535
 A 179    U  H6   A 179    U  O5' :0.525
 A 222    C  H6   A 222    C  P   :0.524
 A 171    U  O2   A 176    G  N2  :0.505
 A 157    G  N1   A 157    G  OP1 :0.483
 A 161    G  N1   A 285    A  N1  :0.482
 A 161    G  N2   A 286    C  O2  :0.477
 A 157    G  C5'  A 157    G  N3  :0.461
 A 157    G  N3   A 157    G H5'' :0.449
 A 157    G  H4'  A 158    C  C5  :0.441
 A 242    G  H2'  A 243    U  C6  :0.432
 A 207    C  H2'  A 208    C  C6  :0.431
 A 206    U  H2'  A 207    C  C6  :0.429
 A 238    U  H2'  A 239    C  C6  :0.426
 A 224    U  H2'  A 225    A  O4' :0.423
 A 170    G H5''  A 171    U  C5  :0.414
 A 286    C  H2'  A 287    U  C6  :0.407
clashscore = 7.18
