
                    ----------Backbone bond lenths----------                   

  residue               atom 1  atom 2  sigmas
   A 255    A              O3'     P    -45.65
  1/1955 bond outliers present

                    ----------Backbone bond angles----------                   

  residue               atom 1  atom 2  atom 3  sigmas
   A 222    C              C5'     C4'     O4'   -6.15
   A 255    A              O3'     P       O5'  -14.34
   A 255    A              O3'     P       OP2    7.05
   A 255    A              C3'     O3'     P    -11.45
  4/3071 angle outliers present

                        ----------Sugar pucker----------                       

  residue                  delta   outlier   epsilon   outlier
   A 170    G               83.8        no     154.3       yes
   A 276    A               81.5        no     119.8       yes
  2/139 pucker outliers present

                  ----------Backbone torsion suites----------                  

  Suite ID                 suite  suiteness  triaged angle
     A A 160                  !!      0.000    zeta-1
     G A 161                  !!      0.000      None
     U A 167                  !!      0.000      None
     G A 168                  !!      0.000      None
     U A 171                  !!      0.000  epsilon-1
     U A 174                  !!      0.000      None
     A A 175                  !!      0.000     gamma
     U A 177                  !!      0.000     gamma
     C A 178                  !!      0.000      None
     U A 179                  !!      0.000     gamma
     A A 181                  !!      0.000      None
     C A 208                  !!      0.000      None
     A A 209                  !!      0.000      None
     C A 219                  !!      0.000      None
     G A 220                  !!      0.000      None
     C A 221                  !!      0.000      None
     A A 225                  !!      0.000     gamma
     C A 228                  !!      0.000     gamma
     U A 233                  !!      0.000    zeta-1
     G A 248                  !!      0.000      None
     G A 256                  !!      0.000     gamma
     U A 262                  !!      0.000      None
     U A 263                  !!      0.000      None
     G A 266                  !!      0.000      None
     G A 274                  !!      0.000     gamma
     A A 277                  !!      0.000  epsilon-1
  11 suites triaged and 0 incomplete leaving 129 suites
  26/140 suite outliers present
  Average suiteness: 0.687
