
                    ----------Backbone bond lenths----------                   

  residue               atom 1  atom 2  sigmas
   A 255    A              O3'     P    -45.65
  1/1955 bond outliers present

                    ----------Backbone bond angles----------                   

  residue               atom 1  atom 2  atom 3  sigmas
   A 161    G              C4'     C3'     C2'    4.15
   A 180    A              C4'     C3'     C2'    4.13
   A 180    A              O3'     C3'     C2'   -4.51
   A 255    A              O3'     P       O5'  -14.34
   A 255    A              O3'     P       OP2    7.05
   A 255    A              C3'     O3'     P    -11.45
   A 285    A              C4'     C3'     C2'    4.02
  7/3071 angle outliers present

                        ----------Sugar pucker----------                       

  residue                  delta   outlier   epsilon   outlier
   A 157    G              109.9       yes     299.2        no
   A 180    A               68.4        no      66.4       yes
   A 273    U               82.6        no     148.1       yes
  3/139 pucker outliers present

                  ----------Backbone torsion suites----------                  

  Suite ID                 suite  suiteness  triaged angle
     G A 157                  !!      0.000     delta
     C A 158                  !!      0.000   delta-1
     U A 171                  !!      0.000     gamma
     U A 174                  !!      0.000      None
     A A 175                  !!      0.000      None
     G A 176                  !!      0.000      None
     A A 181                  !!      0.000  epsilon-1
     U A 210                  !!      0.000     gamma
     C A 222                  !!      0.000     gamma
     A A 225                  !!      0.000     gamma
     G A 227                  !!      0.000      None
     U A 233                  !!      0.000    zeta-1
     U A 246                  !!      0.000      None
     U A 247                  !!      0.000     gamma
     G A 256                  !!      0.000     gamma
     U A 265                  !!      0.000     gamma
     G A 266                  !!      0.000     gamma
     U A 267                  !!      0.000      None
     G A 274                  !!      0.000  epsilon-1
     A A 277                  !!      0.000     gamma
     A A 278                  !!      0.000      None
     C A 280                  !!      0.000      beta
     U A 287                  !!      0.000     gamma
  16 suites triaged and 0 incomplete leaving 124 suites
  23/140 suite outliers present
  Average suiteness: 0.730
