
                    ----------Backbone bond lenths----------                   

  All bonds within 4.0 sigma of ideal values.

                    ----------Backbone bond angles----------                   

  residue               atom 1  atom 2  atom 3  sigmas
   A 167    U              C4'     C3'     C2'    7.36
   A 167    U              O3'     C3'     C2'    6.21
   A 211    U              O3'     P       OP1   35.62
   A 237    U              C4'     C3'     C2'    4.62
  4/3137 angle outliers present

                        ----------Sugar pucker----------                       

  residue                  delta   outlier   epsilon   outlier
   A 181    U               79.3        no      77.8       yes
   A 218    G               79.5        no      26.7       yes
   A 239    U               81.5        no     150.4       yes
   A 251    G               80.8        no      97.4       yes
  4/142 pucker outliers present

                  ----------Backbone torsion suites----------                  

  Suite ID                 suite  suiteness  triaged angle
     A A 161                  !!      0.000      None
     A A 162                  !!      0.000     gamma
     U A 167                  !!      0.000     gamma
     C A 170                  !!      0.000     gamma
     G A 173                  !!      0.000      None
     U A 174                  !!      0.000      None
     C A 182                  !!      0.000  epsilon-1
     A A 186                  !!      0.000     gamma
     G A 187                  !!      0.000    zeta-1
     U A 204                  !!      0.000     gamma
     A A 219                  !!      0.000  epsilon-1
     U A 220                  !!      0.000      None
     C A 221                  !!      0.000    zeta-1
     A A 234                  !!      0.000     gamma
     U A 239                  !!      0.000      None
     C A 240                  !!      0.000  epsilon-1
     A A 252                  !!      0.000  epsilon-1
     A A 256                  !!      0.000      None
     G A 259                  !!      0.000      None
     G A 284                  !!      0.000      None
     U A 287                  !!      0.000    zeta-1
  13 suites triaged and 0 incomplete leaving 130 suites
  21/143 suite outliers present
  Average suiteness: 0.789
