
                    ----------Backbone bond lenths----------                   

  All bonds within 4.0 sigma of ideal values.

                    ----------Backbone bond angles----------                   

  residue               atom 1  atom 2  atom 3  sigmas
   A 211    U              O3'     P       OP1   35.62
  1/3137 angle outliers present

                        ----------Sugar pucker----------                       

  residue                  delta   outlier   epsilon   outlier
   A 181    U               79.4        no      77.8       yes
   A 201    U               83.6        no     151.0       yes
   A 218    G               80.4       yes      37.0       yes
   A 251    G               80.8        no      97.4       yes
   A 286    G               80.6        no     151.6       yes
  5/142 pucker outliers present

                  ----------Backbone torsion suites----------                  

  Suite ID                 suite  suiteness  triaged angle
     A A 161                  !!      0.000      None
     A A 162                  !!      0.000      None
     A A 168                  !!      0.000     gamma
     A A 169                  !!      0.000     gamma
     C A 182                  !!      0.000  epsilon-1
     U A 200                  !!      0.000      None
     C A 202                  !!      0.000  epsilon-1
     A A 219                  !!      0.000  epsilon-1
     A A 234                  !!      0.000      None
     U A 237                  !!      0.000     gamma
     A A 252                  !!      0.000  epsilon-1
     G A 284                  !!      0.000      None
     G A 286                  !!      0.000     alpha
     U A 287                  !!      0.000  epsilon-1
  9 suites triaged and 0 incomplete leaving 134 suites
  14/143 suite outliers present
  Average suiteness: 0.779
