
Using nuclear cloud x-H distances and vdW radii

Using input model H/D atoms...

Bad Clashes >= 0.4 Angstrom:
 A 256    A  C8   A 256    A  OP1 :1.181
 A 219    A  C8   A 219    A  OP1 :1.132
 A 220    U  C6   A 220    U  OP1 :1.011
 A 240    C  O4'  A 240    C  OP1 :1.009
 A 251    G  O2'  A 252    A  OP2 :0.853
 A 251    G  O2'  A 252    A  P   :0.790
 A 181    U  O2'  A 182    C  P   :0.731
 A 251    G  C2'  A 252    A  OP2 :0.654
 A 256    A  C8   A 256    A  P   :0.631
 A 219    A  H8   A 219    A  OP1 :0.627
 A 259    G  H8   A 259    G  OP2 :0.619
 A 218    G  O2'  A 219    A  O5' :0.605
 A 256    A  H8   A 256    A  P   :0.596
 A 220    U  H3'  A 220    U  OP1 :0.576
 A 256    A  H8   A 256    A  OP1 :0.562
 A 220    U  C6   A 220    U  P   :0.557
 A 221    C  O2'  A 223    U  O4' :0.540
 A 220    U  H6   A 220    U  P   :0.536
 A 240    C  O4'  A 240    C  P   :0.524
 A 181    U  O2'  A 182    C  OP2 :0.510
 A 255    G  N2   A 258    A  N7  :0.485
 A 239    U  O2'  A 240    C  O5' :0.479
 A 234    A  C6   A 245    G  C6  :0.472
 A 184    G  C2   A 185    C  C2  :0.467
 A 251    G  O2'  A 252    A  O5' :0.451
 A 283    G  O2'  A 286    G  N1  :0.446
 A 181    U  O2'  A 182    C  OP1 :0.442
 A 209    G  H2'  A 210    U  O4' :0.427
 A 209    G  C6   A 210    U  C2  :0.402
clashscore = 6.35
