
Using nuclear cloud x-H distances and vdW radii

Using input model H/D atoms...

Bad Clashes >= 0.4 Angstrom:
 A 234    A  O4'  A 234    A  OP1 :1.093
 A 256    A  C8   A 256    A  OP1 :1.068
 A 162    A  H3'  A 162    A  OP1 :0.990
 A 284    G  N2   A 284    G  OP1 :0.973
 A 162    A  C8   A 162    A  OP1 :0.965
 A 251    G  O2'  A 252    A  OP2 :0.853
 A 167    U  O2'  A 168    A  OP2 :0.821
 A 222    A  H4'  A 222    A  OP1 :0.810
 A 251    G  O2'  A 252    A  P   :0.790
 A 233    U  C2'  A 234    A  OP1 :0.732
 A 181    U  O2'  A 182    C  P   :0.731
 A 200    U  O2'  A 201    U  P   :0.724
 A 234    A  O4'  A 234    A  P   :0.712
 A 218    G  O2'  A 219    A  OP2 :0.699
 A 200    U  O2'  A 201    U  O5' :0.674
 A 162    A  C8   A 162    A  P   :0.659
 A 259    G  H8   A 259    G  OP2 :0.657
 A 251    G  C2'  A 252    A  OP2 :0.655
 A 162    A  H8   A 162    A  P   :0.655
 A 218    G  O2'  A 222    A  N7  :0.633
 A 162    A  C3'  A 162    A  OP1 :0.626
 A 233    U  O2'  A 234    A  OP1 :0.618
 A 200    U  O2'  A 201    U  OP2 :0.567
 A 200    U  C2'  A 201    U  OP2 :0.555
 A 256    A  H8   A 256    A  OP1 :0.518
 A 181    U  O2'  A 182    C  OP2 :0.510
 A 237    U  N3   A 242    U  O4  :0.504
 A 234    A  C6   A 235    G  C6  :0.503
 A 168    A  N6   A 274    C  O2  :0.496
 A 234    A  C6   A 245    G  C6  :0.495
 A 258    A  H8   A 258    A  O5' :0.487
 A 256    A  H8   A 256    A  P   :0.483
 A 167    U  H4'  A 168    A  O5' :0.477
 A 256    A  C8   A 256    A  P   :0.466
 A 233    U  H2'  A 234    A  OP1 :0.459
 A 251    G  O2'  A 252    A  O5' :0.451
 A 181    U  O2'  A 182    C  OP1 :0.442
 A 257    A  H2'  A 258    A  C8  :0.430
 A 209    G  H2'  A 210    U  O4' :0.426
 A 234    A  N6   A 245    G  C6  :0.425
 A 284    G  H22  A 284    G  P   :0.417
 A 172    C  O2'  A 173    G  C8  :0.412
 A 209    G  C6   A 210    U  C2  :0.402
clashscore = 9.42
