
Using nuclear cloud x-H distances and vdW radii

Using input model H/D atoms...

Bad Clashes >= 0.4 Angstrom:
 A 162    A  H3'  A 162    A  OP1 :1.145
 A 285    U  O4'  A 285    U  OP2 :0.954
 A 285    U  C4'  A 285    U  OP2 :0.895
 A 162    A  C8   A 162    A  OP1 :0.881
 A 284    G  H2'  A 284    G  OP2 :0.863
 A 251    G  O2'  A 252    A  OP2 :0.853
 A 162    A  C3'  A 162    A  OP1 :0.812
 A 251    G  O2'  A 252    A  P   :0.790
 A 173    G  H4'  A 173    G  OP2 :0.741
 A 181    U  O2'  A 182    C  P   :0.731
 A 218    G  O2'  A 219    A  OP2 :0.721
 A 162    A  C8   A 162    A  P   :0.679
 A 251    G  C2'  A 252    A  OP2 :0.654
 A 162    A  H8   A 162    A  P   :0.648
 A 259    G  H8   A 259    G  OP2 :0.640
 A 168    A  O2'  A 170    C  OP2 :0.628
 A 285    U  H4'  A 285    U  OP2 :0.605
 A 286    G  H2'  A 286    G  N3  :0.569
 A 168    A  O2'  A 169    A  O5' :0.568
 A 172    C  O2'  A 174    U  OP1 :0.552
 A 256    A  H8   A 256    A  OP1 :0.537
 A 162    A  H3'  A 162    A  P   :0.533
 A 241    G  H4'  A 241    G  OP1 :0.531
 A 238    U  O2   A 241    G  N2  :0.529
 A 184    G  H2'  A 185    C  C6  :0.521
 A 242    U  H2'  A 243    C  C6  :0.518
 A 286    G  O2'  A 287    U  OP1 :0.518
 A 284    G  H2'  A 284    G  P   :0.512
 A 181    U  O2'  A 182    C  OP2 :0.510
 A 202    C  H6   A 202    C  O5' :0.501
 A 169    A  C5   A 170    C  C5  :0.485
 A 251    G  O2'  A 252    A  O5' :0.452
 A 283    G  O2'  A 286    G  C8  :0.447
 A 184    G  C2   A 185    C  C2  :0.445
 A 181    U  O2'  A 182    C  OP1 :0.442
 A 185    C  H2'  A 186    A  O4' :0.437
 A 209    G  H2'  A 210    U  O4' :0.426
 A 186    A  H8   A 186    A  O5' :0.423
 A 185    C  H2'  A 186    A  C8  :0.418
 A 209    G  C6   A 210    U  C2  :0.402
 A 234    A  C6   A 245    G  C6  :0.401
 A 221    C  H6   A 221    C  OP1 :0.400
 A 169    A  N6   A 273    C  N3  :0.400
clashscore = 9.42
