
                    ----------Backbone bond lenths----------                   

  All bonds within 4.0 sigma of ideal values.

                    ----------Backbone bond angles----------                   

  residue               atom 1  atom 2  atom 3  sigmas
   A 211    U              O3'     P       OP1   35.61
   A 241    G              O3'     C3'     C2'  -11.82
  2/3137 angle outliers present

                        ----------Sugar pucker----------                       

  residue                  delta   outlier   epsilon   outlier
   A 181    U               79.4        no      77.8       yes
   A 240    C               82.2        no      80.7       yes
   A 241    G              120.0       yes      71.8       yes
   A 251    G               80.8        no      97.4       yes
  4/142 pucker outliers present

                  ----------Backbone torsion suites----------                  

  Suite ID                 suite  suiteness  triaged angle
     A A 161                  !!      0.000     gamma
     A A 162                  !!      0.000     gamma
     A A 169                  !!      0.000      None
     U A 174                  !!      0.000     gamma
     C A 182                  !!      0.000  epsilon-1
     A A 222                  !!      0.000     alpha
     A A 234                  !!      0.000     gamma
     G A 241                  !!      0.000  epsilon-1
     U A 242                  !!      0.000  epsilon-1
     A A 252                  !!      0.000  epsilon-1
     U A 285                  !!      0.000      None
     G A 286                  !!      0.000      None
  9 suites triaged and 0 incomplete leaving 134 suites
  12/143 suite outliers present
  Average suiteness: 0.774
