
Using nuclear cloud x-H distances and vdW radii

Using input model H/D atoms...

Bad Clashes >= 0.4 Angstrom:
 A 168    A  C8   A 168    A  OP1 :1.172
 A 168    A  C8   A 168    A  P   :0.969
 A 168    A  N9   A 168    A  OP1 :0.929
 A 168    A  H3'  A 168    A  OP1 :0.866
 A 251    G  O2'  A 252    A  OP2 :0.852
 A 168    A  C3'  A 168    A  OP1 :0.808
 A 251    G  O2'  A 252    A  P   :0.790
 A 173    G  O2'  A 174    U  O5' :0.771
 A 181    U  O2'  A 182    C  P   :0.731
 A 168    A  C1'  A 168    A  OP1 :0.719
 A 173    G  H4'  A 174    U  OP1 :0.709
 A 251    G  C2'  A 252    A  OP2 :0.655
 A 259    G  H8   A 259    G  OP2 :0.641
 A 168    A  H8   A 168    A  P   :0.600
 A 284    G  O2'  A 286    G  OP2 :0.571
 A 168    A  C8   A 168    A  OP2 :0.554
 A 166    G  N2   A 168    A  N7  :0.528
 A 240    C  H6   A 240    C  OP2 :0.521
 A 181    U  O2'  A 182    C  OP2 :0.510
 A 204    U  H2'  A 205    C  C6  :0.502
 A 168    A  C4'  A 168    A  OP1 :0.485
 A 167    U  O2   A 169    A  N6  :0.465
 A 255    G  N2   A 258    A  N7  :0.464
 A 251    G  O2'  A 252    A  O5' :0.451
 A 181    U  O2'  A 182    C  OP1 :0.442
 A 186    A  C2   A 223    U  O4  :0.428
 A 209    G  H2'  A 210    U  O4' :0.427
 A 168    A  C2'  A 168    A  OP1 :0.427
 A 168    A  H3'  A 168    A  P   :0.409
 A 168    A  O4'  A 168    A  OP1 :0.406
 A 284    G  O6   A 289    A  N6  :0.406
 A 173    G  C4'  A 174    U  OP1 :0.405
 A 234    A  C6   A 245    G  C6  :0.404
 A 209    G  C6   A 210    U  C2  :0.401
 A 258    A  H8   A 258    A  O5' :0.400
clashscore = 7.67
