
Using nuclear cloud x-H distances and vdW radii

Using input model H/D atoms...

Bad Clashes >= 0.4 Angstrom:
 A 251    G  O2'  A 252    A  OP2 :0.853
 A 251    G  O2'  A 252    A  P   :0.789
 A 181    U  O2'  A 182    C  P   :0.731
 A 240    C  O2'  A 241    G  OP1 :0.715
 A 187    G  O4'  A 222    A  N6  :0.658
 A 251    G  C2'  A 252    A  OP2 :0.654
 A 240    C  O2'  A 241    G  P   :0.642
 A 167    U  O2'  A 169    A  N7  :0.574
 A 181    U  O2'  A 182    C  OP2 :0.510
 A 184    G  H2'  A 185    C  C6  :0.501
 A 174    U  C6   A 174    U  OP1 :0.491
 A 174    U  H6   A 174    U  OP1 :0.490
 A 255    G  N2   A 258    A  N7  :0.483
 A 257    A  H8   A 257    A  O5' :0.481
 A 234    A  C6   A 245    G  C6  :0.475
 A 258    A  H8   A 258    A  O5' :0.467
 A 251    G  O2'  A 252    A  O5' :0.451
 A 181    U  O2'  A 182    C  OP1 :0.442
 A 240    C  H2'  A 242    U  C5  :0.438
 A 258    A  H2'  A 259    G  O4' :0.433
 A 209    G  H2'  A 210    U  O4' :0.426
 A 185    C  H2'  A 186    A  O4' :0.424
 A 186    A  H8   A 186    A  O5' :0.410
 A 185    C  H6   A 185    C  O5' :0.407
 A 161    A  H4'  A 162    A  H5' :0.405
 A 209    G  C6   A 210    U  C2  :0.401
clashscore = 5.70
