
Using nuclear cloud x-H distances and vdW radii

Using input model H/D atoms...

Bad Clashes >= 0.4 Angstrom:
 A 162    A  H3'  A 162    A  OP1 :1.165
 A 173    G  O4'  A 173    G  OP2 :0.988
 A 162    A  C8   A 162    A  OP1 :0.953
 A 162    A  C3'  A 162    A  OP1 :0.858
 A 251    G  O2'  A 252    A  OP2 :0.853
 A 173    G  O4'  A 173    G  P   :0.823
 A 251    G  O2'  A 252    A  P   :0.790
 A 162    A  C8   A 162    A  P   :0.758
 A 162    A  H8   A 162    A  P   :0.733
 A 181    U  O2'  A 182    C  P   :0.731
 A 259    G  H8   A 259    G  OP2 :0.710
 A 167    U  O2'  A 169    A  N7  :0.679
 A 173    G  O2'  A 174    U  O5' :0.670
 A 251    G  C2'  A 252    A  OP2 :0.654
 A 283    G  O2'  A 286    G  O6  :0.603
 A 255    G  N2   A 258    A  N7  :0.552
 A 162    A  H3'  A 162    A  P   :0.538
 A 234    A  C6   A 245    G  C6  :0.524
 A 181    U  O2'  A 182    C  OP2 :0.510
 A 218    G  N3   A 222    A  N6  :0.509
 A 185    C  H6   A 185    C  O5' :0.495
 A 200    U  H6   A 200    U  O5' :0.480
 A 259    G  C8   A 259    G  OP2 :0.457
 A 173    G  O2'  A 174    U  C5' :0.452
 A 251    G  O2'  A 252    A  O5' :0.451
 A 234    A  C6   A 235    G  C6  :0.446
 A 181    U  O2'  A 182    C  OP1 :0.442
 A 242    U  H6   A 242    U  O5' :0.437
 A 256    A  H8   A 256    A  O5' :0.437
 A 209    G  H2'  A 210    U  O4' :0.425
 A 202    C  H6   A 202    C  O5' :0.415
 A 187    G  H1'  A 222    A  C2  :0.409
 A 209    G  C6   A 210    U  C2  :0.401
 A 162    A  N9   A 162    A  OP1 :0.401
clashscore = 7.45
