
                    ----------Backbone bond lenths----------                   

  All bonds within 4.0 sigma of ideal values.

                    ----------Backbone bond angles----------                   

  residue               atom 1  atom 2  atom 3  sigmas
   A 167    U              O3'     C3'     C2'    5.72
   A 186    A              C4'     C3'     C2'    5.52
   A 211    U              O3'     P       OP1   35.62
  3/3137 angle outliers present

                        ----------Sugar pucker----------                       

  residue                  delta   outlier   epsilon   outlier
   A 167    U              150.3        no     312.3       yes
   A 173    G               79.8       yes      46.5       yes
   A 181    U               79.3        no      77.7       yes
   A 251    G               80.8        no      97.5       yes
  4/142 pucker outliers present

                  ----------Backbone torsion suites----------                  

  Suite ID                 suite  suiteness  triaged angle
     A A 161                  !!      0.000      None
     A A 162                  !!      0.000      None
     U A 167                  !!      0.000     gamma
     A A 168                  !!      0.000  epsilon-1
     G A 173                  !!      0.000      None
     U A 174                  !!      0.000  epsilon-1
     C A 182                  !!      0.000  epsilon-1
     C A 221                  !!      0.000      None
     A A 222                  !!      0.000      None
     U A 223                  !!      0.000     gamma
     G A 235                  !!      0.000     gamma
     C A 240                  !!      0.000      None
     A A 252                  !!      0.000  epsilon-1
     G A 284                  !!      0.000      None
     G A 286                  !!      0.000      None
     U A 287                  !!      0.000      None
  7 suites triaged and 0 incomplete leaving 136 suites
  16/143 suite outliers present
  Average suiteness: 0.772
