
Using nuclear cloud x-H distances and vdW radii

Using input model H/D atoms...

Bad Clashes >= 0.4 Angstrom:
 A 161    A  H3'  A 161    A  OP1 :1.001
 A 161    A  C3'  A 161    A  OP1 :0.862
 A 251    G  O2'  A 252    A  OP2 :0.853
 A 173    G  H4'  A 174    U  OP2 :0.807
 A 251    G  O2'  A 252    A  P   :0.790
 A 161    A  C2'  A 161    A  OP1 :0.787
 A 161    A  H2'  A 161    A  OP1 :0.744
 A 181    U  O2'  A 182    C  P   :0.731
 A 202    C  O2'  A 203    G  O5' :0.674
 A 251    G  C2'  A 252    A  OP2 :0.654
 A 259    G  H8   A 259    G  OP2 :0.649
 A 173    G  O2'  A 174    U  P   :0.611
 A 185    C  O2'  A 186    A  OP1 :0.609
 A 173    G  O2'  A 174    U  OP2 :0.594
 A 181    U  O2'  A 182    C  OP2 :0.510
 A 185    C  O2'  A 186    A  P   :0.508
 A 173    G  C4'  A 174    U  OP2 :0.498
 A 174    U  C6   A 174    U  OP2 :0.486
 A 200    U  H6   A 200    U  OP2 :0.484
 A 161    A  H2'  A 161    A  P   :0.481
 A 184    G  H2'  A 185    C  C6  :0.474
 A 218    G  H8   A 218    G  O5' :0.452
 A 251    G  O2'  A 252    A  O5' :0.451
 A 200    U  C6   A 200    U  OP2 :0.446
 A 181    U  O2'  A 182    C  OP1 :0.442
 A 174    U  H3'  A 174    U  P   :0.440
 A 284    G  H8   A 284    G  P   :0.433
 A 209    G  H2'  A 210    U  O4' :0.426
 A 169    A  C5   A 170    C  C5  :0.425
 A 234    A  C6   A 245    G  C6  :0.423
 A 284    G  H8   A 284    G  O5' :0.418
 A 185    C  C2'  A 186    A  O5' :0.411
 A 161    A  H3'  A 161    A  P   :0.410
 A 209    G  C6   A 210    U  C2  :0.402
 A 266    U  H2'  A 267    G  C8  :0.402
clashscore = 7.67
