
                    ----------Backbone bond lenths----------                   

  All bonds within 4.0 sigma of ideal values.

                    ----------Backbone bond angles----------                   

  All angles within 4.0 sigma of ideal values.

                        ----------Sugar pucker----------                       

  residue                  delta   outlier   epsilon   outlier
   A 281    G               78.7        no     137.5       yes
  1/134 pucker outliers present

                  ----------Backbone torsion suites----------                  

  Suite ID                 suite  suiteness  triaged angle
     U A 198                  !!      0.000      None
     C A 210                  !!      0.000      None
     U A 221                  !!      0.000      None
     U A 248                  !!      0.000      None
     C A 250                  !!      0.000      None
     U A 262                  !!      0.000     alpha
     G A 282                  !!      0.000  epsilon-1
  2 suites triaged and 0 incomplete leaving 133 suites
  7/135 suite outliers present
  Average suiteness: 0.846
