
Using nuclear cloud x-H distances and vdW radii

Using input model H/D atoms...

Bad Clashes >= 0.4 Angstrom:
 A 270    G  H8   A 270    G  OP2 :1.287
 A 214    U  C6   A 214    U  OP1 :1.127
 A 231    G  H8   A 231    G  OP2 :1.110
 A 270    G  C8   A 270    G  OP2 :1.084
 A 231    G  C8   A 231    G  OP2 :0.998
 A 299    G  O2'  A 300    A  P   :0.761
 A 232    G  C8   A 232    G  OP2 :0.752
 A 288    G  C2'  A 289    U  OP2 :0.744
 A 307    A  H8   A 307    A  OP2 :0.742
 A 288    G  O2'  A 289    U  P   :0.739
 A 288    G  O2'  A 289    U  O5' :0.726
 A 255    G  H8   A 255    G  OP2 :0.722
 A 214    U  H6   A 214    U  OP1 :0.715
 A 214    U  C5   A 214    U  OP1 :0.701
 A 255    G  C8   A 255    G  OP2 :0.672
 A 213    G  O2'  A 214    U  OP1 :0.667
 A 248    U  C6   A 248    U  OP1 :0.660
 A 299    G  O2'  A 300    A  OP2 :0.653
 A 211    U  O2'  A 212    C  O4' :0.651
 A 231    G  H8   A 231    G  P   :0.633
 A 270    G  H8   A 270    G  P   :0.631
 A 230    C  H2'  A 231    G  C1' :0.630
 A 232    G  H8   A 232    G  OP2 :0.629
 A 308    A  H8   A 308    A  P   :0.611
 A 248    U  H6   A 248    U  OP1 :0.601
 A 299    G  O2'  A 300    A  O5' :0.587
 A 299    G  C2'  A 300    A  OP2 :0.577
 A 242    A  N7   A 255    G  N2  :0.570
 A 214    U  H6   A 214    U  P   :0.561
 A 267    U  H6   A 267    U  O5' :0.560
 A 265    A  O2'  A 266    U  OP1 :0.556
 A 230    C  C2'  A 231    G  O4' :0.553
 A 216    U  C4'  A 217    C  O5' :0.547
 A 285    U  O2'  A 287    C  N4  :0.543
 A 270    G  C8   A 270    G  P   :0.541
 A 269    G  O3'  A 269    G  OP2 :0.535
 A 288    G  H2'  A 289    U  OP2 :0.533
 A 280    U  H3'  A 280    U  OP1 :0.502
 A 212    C  C6   A 212    C  OP2 :0.499
 A 227    U  O2'  A 228    C  OP1 :0.491
 A 212    C  N4   A 214    U  O4  :0.488
 A 288    G  O2'  A 289    U  OP2 :0.479
 A 232    G  H8   A 232    G  P   :0.479
 A 307    A  C8   A 307    A  OP2 :0.471
 A 230    C  H2'  A 231    G  O4' :0.460
 A 284    U  C5   A 285    U  H1' :0.452
 A 212    C  C5   A 212    C  OP2 :0.448
 A 216    U  H4'  A 217    C  O5' :0.435
 A 215    G  O2'  A 217    C H5'' :0.434
 A 269    G  O4'  A 311    U  O2' :0.434
 A 214    U  C6   A 214    U  P   :0.430
 A 268    C  C4'  A 269    G  OP1 :0.429
 A 312    G  H2'  A 313    C  H4' :0.424
 A 213    G  C4'  A 214    U  OP2 :0.416
 A 265    A  O2'  A 266    U  P   :0.411
 A 267    U  C5   A 268    C  H1' :0.400
clashscore = 12.97
