
                    ----------Backbone bond lenths----------                   

  All bonds within 4.0 sigma of ideal values.

                    ----------Backbone bond angles----------                   

  residue               atom 1  atom 2  atom 3  sigmas
   A 212    C              O3'     C3'     C2'   -4.01
   A 213    G              C3'     C2'     C1'    6.25
   A 213    G              C4'     C3'     C2'    7.23
   A 213    G              O4'     C4'     C3'    7.27
   A 213    G              C4'     O4'     C1'    5.44
   A 231    G              O3'     P       OP2   33.47
   A 238    A              O3'     P       OP1   18.88
   A 238    A              O3'     P       OP2  -11.48
   A 269    G              C4'     C3'     C2'    4.77
   A 313    C              O3'     P       OP2    4.48
   A 327    C              C5'     C4'     O4'    6.85
  11/2961 angle outliers present

                        ----------Sugar pucker----------                       

  residue                  delta   outlier   epsilon   outlier
   A 212    C               75.7       yes      32.0       yes
   A 213    G               64.1       yes     217.1        no
   A 227    U               79.5       yes      48.5       yes
   A 231    G               80.6       yes      65.0       yes
   A 238    A              136.6        no      32.3       yes
   A 299    G               80.8        no      27.1       yes
   A 313    C               82.5        no     129.7       yes
   A 320    U               81.3        no     102.1       yes
   A 330    G               81.1        no     144.3       yes
  9/134 pucker outliers present

                  ----------Backbone torsion suites----------                  

  Suite ID                 suite  suiteness  triaged angle
     G A 213                  !!      0.000  epsilon-1
     U A 216                  !!      0.000     gamma
     C A 228                  !!      0.000  epsilon-1
     G A 232                  !!      0.000  epsilon-1
     A A 238                  !!      0.000     gamma
     U A 239                  !!      0.000  epsilon-1
     G A 255                  !!      0.000     gamma
     A A 265                  !!      0.000     gamma
     U A 266                  !!      0.000      None
     C A 268                  !!      0.000      beta
     G A 270                  !!      0.000      None
     U A 280                  !!      0.000      None
     G A 281                  !!      0.000      None
     U A 286                  !!      0.000      None
     A A 300                  !!      0.000  epsilon-1
     G A 310                  !!      0.000      None
     G A 314                  !!      0.000  epsilon-1
     A A 321                  !!      0.000  epsilon-1
     C A 327                  !!      0.000      None
     C A 331                  !!      0.000  epsilon-1
     G A 333                  !!      0.000    zeta-1
  14 suites triaged and 0 incomplete leaving 121 suites
  21/135 suite outliers present
  Average suiteness: 0.756
