
Using nuclear cloud x-H distances and vdW radii

Using input model H/D atoms...

Bad Clashes >= 0.4 Angstrom:
 A 221    U  O2'  A 222    G  OP2 :1.062
 A 239    U  C6   A 239    U  OP2 :0.949
 A 270    G  H8   A 270    G  OP2 :0.915
 A 232    G  C8   A 232    G  OP2 :0.903
 A 232    G  H8   A 232    G  OP2 :0.830
 A 227    U  O2'  A 228    C  OP1 :0.796
 A 270    G  C8   A 270    G  OP2 :0.783
 A 320    U  O2'  A 321    A  OP1 :0.753
 A 255    G  H8   A 255    G  OP2 :0.742
 A 221    U  O2'  A 222    G  P   :0.723
 A 239    U  H6   A 239    U  OP2 :0.718
 A 279    A  O2'  A 280    U  P   :0.714
 A 320    U  O2'  A 321    A  P   :0.703
 A 241    C  O2'  A 242    A  O5' :0.655
 A 242    A  H2'  A 242    A  N3  :0.637
 A 211    U  O2'  A 213    G  N1  :0.566
 A 284    U  N3   A 288    G  O6  :0.551
 A 221    U  H4'  A 222    G  O5' :0.519
 A 239    U  C5   A 239    U  OP2 :0.517
 A 241    C  O2'  A 242    A  O4' :0.493
 A 299    G  C4'  A 300    A  OP1 :0.468
 A 307    A  O2'  A 308    A  O4' :0.466
 A 299    G H5''  A 300    A  OP1 :0.464
 A 249    C  H6   A 249    C  O5' :0.458
 A 221    U  C2'  A 222    G  OP2 :0.455
 A 247    U  N3   A 250    G  N7  :0.454
 A 307    A  H8   A 307    A  O5' :0.443
 A 247    U  O2   A 249    C  N4  :0.435
 A 309    G  H8   A 309    G  O5' :0.430
 A 306    C  H2'  A 307    A  O4' :0.415
 A 279    A  O2'  A 280    U  OP1 :0.410
 A 299    G  H4'  A 300    A  OP1 :0.409
 A 255    G  C8   A 255    G  OP2 :0.409
 A 241    C  O2'  A 242    A  C5' :0.406
 A 279    A  O2'  A 280    U  OP2 :0.406
 A 227    U  H4'  A 228    C  OP1 :0.404
clashscore = 8.34
