
Using nuclear cloud x-H distances and vdW radii

Using input model H/D atoms...

Bad Clashes >= 0.4 Angstrom:
 A 231    G  H8   A 231    G  OP2 :1.154
 A 231    G  C8   A 231    G  OP2 :1.152
 A 281    G  C8   A 281    G  OP1 :0.856
 A 232    G  C8   A 232    G  OP2 :0.802
 A 267    U  O2'  A 268    C  OP2 :0.801
 A 299    G  O2'  A 300    A  P   :0.761
 A 281    G  H3'  A 281    G  OP1 :0.749
 A 307    A  N7   A 314    G  N2  :0.736
 A 312    G  H2'  A 312    G  N3  :0.731
 A 255    G  H8   A 255    G  OP2 :0.724
 A 255    G  C8   A 255    G  OP2 :0.673
 A 232    G  H8   A 232    G  OP2 :0.669
 A 310    G  O2'  A 313    C  N3  :0.655
 A 299    G  O2'  A 300    A  OP2 :0.653
 A 310    G  O2'  A 312    G  N2  :0.643
 A 248    U  O2'  A 249    C  O5' :0.626
 A 281    G  H8   A 281    G  P   :0.616
 A 299    G  O2'  A 300    A  O5' :0.587
 A 242    A  N7   A 255    G  N2  :0.585
 A 299    G  C2'  A 300    A  OP2 :0.578
 A 281    G  C8   A 281    G  P   :0.574
 A 230    C  O3'  A 231    G  O4' :0.529
 A 267    U  H4'  A 268    C  OP2 :0.528
 A 231    G  H8   A 231    G  P   :0.522
 A 313    C  H3'  A 313    C  H6  :0.508
 A 312    G  C2'  A 312    G  N3  :0.499
 A 227    U  O2'  A 228    C  OP1 :0.491
 A 310    G  N3   A 313    C  N4  :0.462
 A 230    C  H2'  A 231    G  H1' :0.456
 A 213    G  C2   A 214    U  C5  :0.454
 A 211    U  C2'  A 212    C  OP2 :0.452
 A 219    C  H2'  A 220    U  C6  :0.449
 A 266    U  H4'  A 268    C  O2  :0.442
 A 267    U  O2'  A 268    C  P   :0.439
 A 313    C  C6   A 313    C  H3' :0.437
 A 231    G  O4'  A 231    G  P   :0.436
 A 311    U  H2'  A 312    G  C5  :0.434
 A 232    G  H8   A 232    G  P   :0.433
 A 230    C  H2'  A 231    G  C1' :0.430
 A 211    U  H2'  A 212    C  OP2 :0.419
 A 220    U  O2   A 328    G  N2  :0.407
clashscore = 9.50
