
                    ----------Backbone bond lenths----------                   

  All bonds within 4.0 sigma of ideal values.

                    ----------Backbone bond angles----------                   

  residue               atom 1  atom 2  atom 3  sigmas
   A 251    U              C4'     C3'     C2'    4.28
  1/2961 angle outliers present

                        ----------Sugar pucker----------                       

  residue                  delta   outlier   epsilon   outlier
   A 212    C               81.9       yes      42.6       yes
   A 227    U               79.5        no      27.7       yes
   A 231    G               80.6        no     325.8       yes
   A 280    U               88.3       yes      50.3       yes
   A 299    G               80.9        no     102.8       yes
  5/134 pucker outliers present

                  ----------Backbone torsion suites----------                  

  Suite ID                 suite  suiteness  triaged angle
     G A 213                  !!      0.000  epsilon-1
     U A 216                  !!      0.000      None
     C A 217                  !!      0.000      None
     C A 228                  !!      0.000  epsilon-1
     G A 231                  !!      0.000     alpha
     G A 232                  !!      0.000  epsilon-1
     A A 237                  !!      0.000      None
     A A 242                  !!      0.000     gamma
     C A 243                  !!      0.000      None
     U A 246                  !!      0.000      None
     C A 249                  !!      0.000      None
     G A 250                  !!      0.000    zeta-1
     G A 255                  !!      0.000     gamma
     A A 265                  !!      0.000      None
     C A 268                  !!      0.000      None
     G A 269                  !!      0.000      None
     G A 270                  !!      0.000      None
     G A 281                  !!      0.000  epsilon-1
     G A 288                  !!      0.000     gamma
     A A 300                  !!      0.000  epsilon-1
     U A 311                  !!      0.000      None
     G A 312                  !!      0.000     gamma
     C A 313                  !!      0.000     gamma
     G A 314                  !!      0.000     alpha
  13 suites triaged and 0 incomplete leaving 122 suites
  24/135 suite outliers present
  Average suiteness: 0.716
