
                    ----------Backbone bond lenths----------                   

  All bonds within 4.0 sigma of ideal values.

                    ----------Backbone bond angles----------                   

  residue               atom 1  atom 2  atom 3  sigmas
   A 213    G              O3'     P       OP1    4.41
   A 258    C              O3'     P       OP2    4.36
   A 267    U              O3'     P       OP1   20.02
   A 267    U              O3'     P       OP2   10.97
   A 289    U              O3'     P       OP2    4.68
   A 311    U              O3'     C3'     C2'    7.37
   A 313    C              O3'     P       OP1   32.57
   A 327    C              C4'     C3'     C2'    4.75
  8/2961 angle outliers present

                        ----------Sugar pucker----------                       

  residue                  delta   outlier   epsilon   outlier
   A 213    G               81.2        no      47.8       yes
   A 227    U               79.5        no      27.7       yes
   A 231    G               80.6        no     334.9       yes
   A 289    U               83.9        no      26.4       yes
   A 299    G               80.9        no     102.8       yes
   A 311    U              106.7       yes     241.4        no
  6/134 pucker outliers present

                  ----------Backbone torsion suites----------                  

  Suite ID                 suite  suiteness  triaged angle
     C A 212                  !!      0.000      None
     U A 214                  !!      0.000  epsilon-1
     U A 216                  !!      0.000      None
     C A 228                  !!      0.000  epsilon-1
     G A 231                  !!      0.000     alpha
     G A 232                  !!      0.000  epsilon-1
     A A 238                  !!      0.000      None
     U A 239                  !!      0.000      None
     G A 255                  !!      0.000     gamma
     A A 264                  !!      0.000      None
     A A 265                  !!      0.000      None
     C A 268                  !!      0.000      None
     G A 270                  !!      0.000      beta
     U A 280                  !!      0.000      None
     G A 281                  !!      0.000     gamma
     G A 288                  !!      0.000     alpha
     G A 290                  !!      0.000  epsilon-1
     A A 300                  !!      0.000  epsilon-1
     U A 311                  !!      0.000     delta
     G A 312                  !!      0.000   delta-1
     G A 314                  !!      0.000      None
  12 suites triaged and 0 incomplete leaving 123 suites
  21/135 suite outliers present
  Average suiteness: 0.739
