
Using nuclear cloud x-H distances and vdW radii

Using input model H/D atoms...

Bad Clashes >= 0.4 Angstrom:
 A 232    G  C8   A 232    G  OP1 :1.277
 A 232    G  H8   A 232    G  OP1 :0.877
 A 216    U  C6   A 216    U  OP1 :0.871
 A 250    G  C4'  A 250    G  OP2 :0.842
 A 250    G  H4'  A 250    G  OP2 :0.803
 A 265    A  O2'  A 266    U  OP1 :0.764
 A 299    G  O2'  A 300    A  P   :0.762
 A 265    A  O2'  A 266    U  P   :0.761
 A 216    U  H3'  A 216    U  OP1 :0.759
 A 232    G  H8   A 232    G  P   :0.748
 A 310    G  O2'  A 312    G  N7  :0.741
 A 280    U  O2'  A 281    G  P   :0.740
 A 232    G  C8   A 232    G  P   :0.729
 A 255    G  H8   A 255    G  OP2 :0.724
 A 231    G  O2'  A 232    G  OP2 :0.713
 A 216    U  N1   A 216    U  OP1 :0.708
 A 216    U  C6   A 216    U  P   :0.675
 A 255    G  C8   A 255    G  OP2 :0.671
 A 216    U  H3'  A 216    U  P   :0.669
 A 280    U  O2'  A 281    G  OP2 :0.666
 A 299    G  O2'  A 300    A  OP2 :0.653
 A 216    U  C3'  A 216    U  OP1 :0.643
 A 242    A  N7   A 255    G  N2  :0.604
 A 309    G  O2'  A 312    G  O6  :0.598
 A 299    G  O2'  A 300    A  O5' :0.587
 A 287    C  O2'  A 288    G  OP1 :0.580
 A 215    G  O2'  A 216    U  OP1 :0.578
 A 268    C  OP1  A 313    C  O2' :0.577
 A 299    G  C2'  A 300    A  OP2 :0.577
 A 250    G  O4'  A 250    G  OP2 :0.571
 A 247    U  O4   A 250    G  O2' :0.566
 A 265    A  C2'  A 266    U  O5' :0.557
 A 312    G  H2'  A 313    C  O4' :0.538
 A 211    U  C2'  A 212    C  OP2 :0.538
 A 267    U  H3'  A 268    C  O4' :0.515
 A 230    C  H2'  A 231    G  O4' :0.508
 A 231    G  H4'  A 232    G  OP2 :0.502
 A 265    A  O2'  A 266    U  O5' :0.500
 A 227    U  O2'  A 228    C  OP1 :0.491
 A 230    C  H2'  A 231    G  C1' :0.463
 A 213    G  C2   A 214    U  C5  :0.461
 A 287    C  H6   A 287    C  O5' :0.441
 A 213    G  H8   A 213    G  O5' :0.440
 A 269    G  H3'  A 270    G  H5' :0.437
 A 285    U  H6   A 285    U  O5' :0.436
 A 216    U  C2'  A 216    U  OP1 :0.434
 A 313    C  C2'  A 314    G  H5' :0.433
 A 230    C  C2'  A 231    G  O4' :0.427
 A 280    U  H4'  A 281    G  OP2 :0.419
 A 216    U  C5   A 216    U  OP2 :0.411
 A 216    U  H5'  A 216    U  H6  :0.409
clashscore = 11.81
