
                    ----------Backbone bond lenths----------                   

  All bonds within 4.0 sigma of ideal values.

                    ----------Backbone bond angles----------                   

  residue               atom 1  atom 2  atom 3  sigmas
   A 249    C              C5'     C4'     O4'   -5.03
  1/2961 angle outliers present

                        ----------Sugar pucker----------                       

  residue                  delta   outlier   epsilon   outlier
   A 227    U               79.5        no      27.7       yes
   A 248    U               82.0        no     146.0       yes
   A 267    U               93.4       yes      38.5       yes
   A 299    G               80.9        no     102.8       yes
  4/134 pucker outliers present

                  ----------Backbone torsion suites----------                  

  Suite ID                 suite  suiteness  triaged angle
     U A 216                  !!      0.000      None
     C A 217                  !!      0.000      None
     C A 228                  !!      0.000  epsilon-1
     G A 231                  !!      0.000     alpha
     G A 232                  !!      0.000     alpha
     A A 238                  !!      0.000      None
     U A 239                  !!      0.000      None
     C A 249                  !!      0.000  epsilon-1
     C A 252                  !!      0.000      None
     G A 255                  !!      0.000     gamma
     A A 264                  !!      0.000     gamma
     U A 267                  !!      0.000      None
     C A 268                  !!      0.000  epsilon-1
     G A 269                  !!      0.000      None
     G A 270                  !!      0.000     gamma
     G A 281                  !!      0.000      None
     A A 300                  !!      0.000  epsilon-1
     A A 308                  !!      0.000      None
     U A 311                  !!      0.000      None
     G A 312                  !!      0.000      None
     G A 314                  !!      0.000      None
  9 suites triaged and 0 incomplete leaving 126 suites
  21/135 suite outliers present
  Average suiteness: 0.723
