
Using nuclear cloud x-H distances and vdW radii

Using input model H/D atoms...

Bad Clashes >= 0.4 Angstrom:
 A 243    C  H3'  A 243    C  OP2 :1.268
 A 280    U  H3'  A 280    U  OP1 :1.121
 A 213    G  C8   A 213    G  OP2 :1.075
 A 242    A  C8   A 242    A  OP2 :0.923
 A 243    C  C3'  A 243    C  OP2 :0.814
 A 212    C  O2'  A 213    G  OP2 :0.798
 A 280    U  H4'  A 281    G  OP2 :0.777
 A 299    G  O2'  A 300    A  P   :0.761
 A 241    C  O3'  A 242    A  O4' :0.749
 A 255    G  H8   A 255    G  OP2 :0.724
 A 255    G  C8   A 255    G  OP2 :0.672
 A 299    G  O2'  A 300    A  OP2 :0.653
 A 216    U  O2'  A 218    U  OP2 :0.642
 A 242    A  N3   A 243    C  N4  :0.629
 A 212    C  H4'  A 213    G  OP2 :0.621
 A 280    U  C3'  A 280    U  OP1 :0.604
 A 307    A  O2'  A 309    G  O6  :0.600
 A 299    G  O2'  A 300    A  O5' :0.587
 A 231    G  C5'  A 232    G  OP1 :0.582
 A 299    G  C2'  A 300    A  OP2 :0.576
 A 280    U  O2'  A 281    G  OP2 :0.570
 A 250    G  H2'  A 250    G  N3  :0.566
 A 213    G  O6   A 333    G  N2  :0.560
 A 242    A  N6   A 251    U  OP2 :0.532
 A 280    U  H3'  A 280    U  P   :0.498
 A 243    C  H3'  A 243    C  P   :0.493
 A 227    U  O2'  A 228    C  OP1 :0.491
 A 231    G  O5'  A 232    G  OP1 :0.485
 A 213    G  N7   A 213    G  OP2 :0.469
 A 267    U  H3'  A 268    C  H4' :0.469
 A 280    U  C4'  A 281    G  OP2 :0.460
 A 215    G H5''  A 216    U  OP1 :0.458
 A 231    G H5''  A 232    G  OP1 :0.449
 A 269    G  H2'  A 269    G  N3  :0.437
 A 258    C  H6   A 258    C  O5' :0.431
 A 219    C  H2'  A 220    U  C6  :0.430
 A 215    G  O2'  A 217    C H5'' :0.428
 A 242    A  O4'  A 242    A  P   :0.427
 A 220    U  O2   A 328    G  N2  :0.423
 A 280    U  O2'  A 281    G  P   :0.421
 A 247    U  N3   A 250    G  O6  :0.416
 A 242    A  H8   A 242    A  OP2 :0.416
 A 231    G  C5'  A 232    G  P   :0.410
 A 243    C  C6   A 243    C  P   :0.407
clashscore = 10.19
