
Using nuclear cloud x-H distances and vdW radii

Using input model H/D atoms...

Bad Clashes >= 0.4 Angstrom:
 A 232    G  H8   A 232    G  P   :1.220
 A 239    U  C6   A 239    U  OP2 :1.096
 A 232    G  C8   A 232    G  P   :0.987
 A 227    U  O2'  A 228    C  OP1 :0.917
 A 239    U  H3'  A 239    U  OP2 :0.888
 A 270    G  H8   A 270    G  OP2 :0.881
 A 320    U  O2'  A 321    A  OP1 :0.824
 A 320    U  O2'  A 321    A  P   :0.767
 A 255    G  C8   A 255    G  OP2 :0.742
 A 330    G  O2'  A 331    C  OP1 :0.700
 A 231    G  O2'  A 232    G  OP1 :0.693
 A 266    U  C6   A 266    U  OP1 :0.691
 A 255    G  H8   A 255    G  OP2 :0.670
 A 239    U  H3'  A 239    U  P   :0.646
 A 307    A  H8   A 307    A  O5' :0.642
 A 237    A  H8   A 237    A  OP2 :0.636
 A 268    C  O3'  A 268    C  OP2 :0.635
 A 212    C  O2'  A 213    G  O5' :0.632
 A 231    G  O2'  A 232    G  P   :0.628
 A 266    U  H6   A 266    U  OP1 :0.627
 A 270    G  C8   A 270    G  OP2 :0.621
 A 307    A  O2'  A 308    A  O4' :0.588
 A 239    U  C6   A 239    U  P   :0.562
 A 313    C  O2'  A 314    G  P   :0.551
 A 265    A  O2'  A 266    U  OP1 :0.532
 A 266    U  C5   A 266    U  OP1 :0.513
 A 313    C  C2'  A 314    G  O5' :0.498
 A 266    U  H6   A 266    U  P   :0.485
 A 239    U  H6   A 239    U  P   :0.474
 A 326    U  H2'  A 327    C  C5' :0.473
 A 269    G  O3'  A 270    G  O4' :0.467
 A 239    U  C3'  A 239    U  OP2 :0.466
 A 239    U  H6   A 239    U  OP2 :0.459
 A 247    U  N3   A 250    G  N7  :0.457
 A 249    C  H6   A 249    C  O5' :0.456
 A 268    C  H4'  A 268    C  OP2 :0.455
 A 265    A  N7   A 270    G  O2' :0.445
 A 299    G  O2'  A 300    A  O5' :0.443
 A 320    U  O2'  A 321    A  O5' :0.430
 A 313    C  H2'  A 314    G  O5' :0.430
 A 326    U  C2'  A 327    C  C5' :0.427
 A 242    A  N7   A 255    G  N2  :0.424
 A 247    U  O2   A 249    C  N4  :0.422
 A 326    U  H2'  A 327    C  H5' :0.411
 A 326    U  C2'  A 327    C H5'' :0.411
 A 231    G  H4'  A 232    G  OP1 :0.410
 A 268    C  C4'  A 268    C  OP2 :0.410
 A 313    C  O2'  A 314    G  OP1 :0.407
 A 270    G  O4'  A 270    G  P   :0.403
 A 306    C  H2'  A 307    A  O4' :0.400
clashscore = 11.58
