
                    ----------Backbone bond lenths----------                   

  All bonds within 4.0 sigma of ideal values.

                    ----------Backbone bond angles----------                   

  All angles within 4.0 sigma of ideal values.

                        ----------Sugar pucker----------                       

  residue                  delta   outlier   epsilon   outlier
   A 212    C              145.1        no       6.8       yes
   A 227    U               79.5        no      27.6       yes
   A 231    G               80.6       yes      53.0       yes
   A 237    A               81.7        no     142.9       yes
   A 299    G               80.9        no     102.8       yes
  5/134 pucker outliers present

                  ----------Backbone torsion suites----------                  

  Suite ID                 suite  suiteness  triaged angle
     C A 212                  !!      0.000     gamma
     G A 213                  !!      0.000  epsilon-1
     U A 216                  !!      0.000     gamma
     C A 217                  !!      0.000      None
     C A 228                  !!      0.000  epsilon-1
     G A 231                  !!      0.000     alpha
     G A 232                  !!      0.000  epsilon-1
     A A 238                  !!      0.000  epsilon-1
     U A 248                  !!      0.000      None
     C A 249                  !!      0.000     gamma
     G A 255                  !!      0.000     gamma
     A A 264                  !!      0.000     gamma
     A A 265                  !!      0.000      None
     U A 266                  !!      0.000      None
     C A 268                  !!      0.000     gamma
     U A 280                  !!      0.000      None
     G A 281                  !!      0.000      None
     C A 287                  !!      0.000     gamma
     G A 288                  !!      0.000     gamma
     A A 300                  !!      0.000  epsilon-1
     A A 307                  !!      0.000      None
     G A 309                  !!      0.000      None
     U A 311                  !!      0.000      None
     G A 312                  !!      0.000      None
     C A 313                  !!      0.000     gamma
  15 suites triaged and 0 incomplete leaving 120 suites
  25/135 suite outliers present
  Average suiteness: 0.749
