
                    ----------Backbone bond lenths----------                   

  All bonds within 4.0 sigma of ideal values.

                    ----------Backbone bond angles----------                   

  All angles within 4.0 sigma of ideal values.

                        ----------Sugar pucker----------                       

  residue                  delta   outlier   epsilon   outlier
   A 215    G               80.0        no      33.1       yes
   A 216    U              110.0       yes     288.2        no
   A 227    U               79.5        no      27.7       yes
   A 231    G               80.6        no      35.4       yes
   A 265    A               82.4        no     104.9       yes
   A 280    U               80.3        no      79.9       yes
   A 287    C               80.8        no     140.5       yes
   A 299    G               80.9        no     102.9       yes
  8/134 pucker outliers present

                  ----------Backbone torsion suites----------                  

  Suite ID                 suite  suiteness  triaged angle
     C A 212                  !!      0.000     gamma
     G A 213                  !!      0.000      None
     U A 216                  !!      0.000  epsilon-1
     C A 217                  !!      0.000   delta-1
     C A 228                  !!      0.000  epsilon-1
     G A 232                  !!      0.000  epsilon-1
     A A 238                  !!      0.000      None
     U A 248                  !!      0.000      None
     C A 249                  !!      0.000     gamma
     G A 250                  !!      0.000      beta
     C A 252                  !!      0.000      None
     G A 255                  !!      0.000     gamma
     A A 264                  !!      0.000     gamma
     A A 265                  !!      0.000    zeta-1
     U A 266                  !!      0.000  epsilon-1
     U A 267                  !!      0.000      None
     C A 268                  !!      0.000     gamma
     G A 269                  !!      0.000     gamma
     G A 270                  !!      0.000     gamma
     G A 281                  !!      0.000  epsilon-1
     G A 288                  !!      0.000  epsilon-1
     A A 300                  !!      0.000  epsilon-1
     U A 311                  !!      0.000      None
     G A 314                  !!      0.000      None
  17 suites triaged and 0 incomplete leaving 118 suites
  24/135 suite outliers present
  Average suiteness: 0.766
