
Using nuclear cloud x-H distances and vdW radii

Using input model H/D atoms...

Bad Clashes >= 0.4 Angstrom:
 A 239    U  H2'  A 239    U  OP1 :0.898
 A 232    G  C8   A 232    G  OP1 :0.886
 A 227    U  O2'  A 228    C  OP1 :0.850
 A 267    U  O2'  A 268    C  OP2 :0.816
 A 267    U  C6   A 267    U  OP2 :0.748
 A 309    G  O2'  A 310    G  OP1 :0.719
 A 231    G  O2'  A 232    G  OP2 :0.718
 A 216    U  O2'  A 217    C  OP2 :0.696
 A 287    C  O2'  A 288    G  O5' :0.656
 A 267    U  C5   A 267    U  OP2 :0.628
 A 267    U  O3'  A 268    C  H4' :0.620
 A 313    C  H6   A 313    C  O5' :0.579
 A 239    U  C2'  A 239    U  OP1 :0.566
 A 309    G  H8   A 309    G  O5' :0.565
 A 273    C  H6   A 273    C  OP2 :0.549
 A 212    C  N3   A 332    A  N6  :0.541
 A 238    A  O2'  A 240    A  N7  :0.539
 A 216    U  H6   A 216    U  OP1 :0.525
 A 239    U  O4   A 252    C  N4  :0.501
 A 313    C  H3'  A 314    G  C5' :0.490
 A 285    U  O2   A 288    G  N1  :0.485
 A 232    G  H8   A 232    G  OP1 :0.483
 A 267    U  O2'  A 268    C  P   :0.482
 A 313    C  H3'  A 314    G  H5' :0.479
 A 299    G  O2'  A 300    A  O5' :0.461
 A 271    G  O2'  A 272    G  OP1 :0.455
 A 308    A  H8   A 308    A  O5' :0.450
 A 258    C  O2'  A 259    G  H5' :0.444
 A 309    G  O2'  A 312    G  N7  :0.443
 A 227    U  H4'  A 228    C  OP1 :0.443
 A 213    G  H4'  A 214    U  O5' :0.443
 A 280    U  H2'  A 281    G  C8  :0.438
 A 289    U  H2'  A 290    G  C8  :0.427
 A 254    G  C6   A 255    G  C6  :0.403
clashscore = 7.87
