
                    ----------Backbone bond lenths----------                   

  All bonds within 4.0 sigma of ideal values.

                    ----------Backbone bond angles----------                   

  All angles within 4.0 sigma of ideal values.

                        ----------Sugar pucker----------                       

  residue                  delta   outlier   epsilon   outlier
   A 227    U               79.5       yes      47.1       yes
   A 231    G               79.3       yes      36.5       yes
   A 272    G               77.5        no      34.7       yes
   A 286    U               83.1        no     151.0       yes
   A 299    G               81.0        no      28.6       yes
   A 311    U               84.0        no     314.6       yes
   A 331    C               81.6        no     152.2       yes
  7/134 pucker outliers present

                  ----------Backbone torsion suites----------                  

  Suite ID                 suite  suiteness  triaged angle
     G A 213                  !!      0.000     alpha
     U A 216                  !!      0.000      None
     C A 217                  !!      0.000      None
     C A 228                  !!      0.000  epsilon-1
     G A 232                  !!      0.000  epsilon-1
     A A 238                  !!      0.000     gamma
     A A 240                  !!      0.000     gamma
     U A 248                  !!      0.000      None
     C A 249                  !!      0.000      None
     G A 255                  !!      0.000      None
     G A 259                  !!      0.000    zeta-1
     U A 267                  !!      0.000      None
     C A 268                  !!      0.000      None
     G A 272                  !!      0.000      None
     C A 273                  !!      0.000  epsilon-1
     C A 287                  !!      0.000  epsilon-1
     A A 300                  !!      0.000  epsilon-1
     A A 307                  !!      0.000      None
     A A 308                  !!      0.000     gamma
     G A 312                  !!      0.000  epsilon-1
     A A 332                  !!      0.000  epsilon-1
  12 suites triaged and 0 incomplete leaving 123 suites
  21/135 suite outliers present
  Average suiteness: 0.747
