
                    ----------Backbone bond lenths----------                   

  All bonds within 4.0 sigma of ideal values.

                    ----------Backbone bond angles----------                   

  residue               atom 1  atom 2  atom 3  sigmas
   A 265    A              O4'     C4'     C3'    4.42
  1/2961 angle outliers present

                        ----------Sugar pucker----------                       

  residue                  delta   outlier   epsilon   outlier
   A 213    G               85.6       yes      30.6       yes
   A 227    U               79.5       yes      47.0       yes
   A 231    G               79.3       yes      36.5       yes
   A 258    C               64.6       yes     206.9        no
   A 271    G               81.1        no      29.8       yes
   A 299    G               80.9        no      28.6       yes
   A 313    C               81.7        no      29.6       yes
  7/134 pucker outliers present

                  ----------Backbone torsion suites----------                  

  Suite ID                 suite  suiteness  triaged angle
     G A 213                  !!      0.000    zeta-1
     U A 214                  !!      0.000  epsilon-1
     C A 228                  !!      0.000  epsilon-1
     G A 232                  !!      0.000  epsilon-1
     A A 237                  !!      0.000      None
     U A 239                  !!      0.000      None
     A A 240                  !!      0.000      None
     G A 255                  !!      0.000      None
     C A 258                  !!      0.000     gamma
     U A 267                  !!      0.000      None
     C A 268                  !!      0.000     gamma
     G A 272                  !!      0.000  epsilon-1
     C A 273                  !!      0.000     gamma
     U A 286                  !!      0.000      None
     A A 300                  !!      0.000  epsilon-1
     A A 308                  !!      0.000      None
     U A 311                  !!      0.000      None
     G A 312                  !!      0.000      None
     G A 314                  !!      0.000  epsilon-1
  10 suites triaged and 0 incomplete leaving 125 suites
  19/135 suite outliers present
  Average suiteness: 0.741
