
                    ----------Backbone bond lenths----------                   

  residue               atom 1  atom 2  sigmas
   A 258    C              O4'     C1'   -5.15
  1/1885 bond outliers present

                    ----------Backbone bond angles----------                   

  All angles within 4.0 sigma of ideal values.

                        ----------Sugar pucker----------                       

  residue                  delta   outlier   epsilon   outlier
   A 227    U               79.5       yes      47.0       yes
   A 231    G               79.3       yes      36.4       yes
   A 286    U               80.9        no      30.7       yes
   A 299    G               80.9        no      28.6       yes
  4/134 pucker outliers present

                  ----------Backbone torsion suites----------                  

  Suite ID                 suite  suiteness  triaged angle
     G A 213                  !!      0.000     gamma
     U A 216                  !!      0.000     gamma
     C A 217                  !!      0.000     gamma
     C A 228                  !!      0.000  epsilon-1
     G A 232                  !!      0.000  epsilon-1
     A A 238                  !!      0.000      None
     A A 240                  !!      0.000      None
     C A 241                  !!      0.000     gamma
     C A 249                  !!      0.000     gamma
     G A 250                  !!      0.000      None
     C A 258                  !!      0.000     gamma
     C A 268                  !!      0.000     gamma
     G A 272                  !!      0.000      None
     C A 273                  !!      0.000      None
     U A 280                  !!      0.000     gamma
     C A 287                  !!      0.000  epsilon-1
     G A 288                  !!      0.000     gamma
     U A 289                  !!      0.000      None
     G A 290                  !!      0.000      None
     A A 300                  !!      0.000  epsilon-1
     G A 310                  !!      0.000     gamma
     U A 311                  !!      0.000      None
     G A 314                  !!      0.000    zeta-1
     A A 332                  !!      0.000     gamma
     G A 333                  !!      0.000      None
  16 suites triaged and 0 incomplete leaving 119 suites
  25/135 suite outliers present
  Average suiteness: 0.752
