
                    ----------Backbone bond lenths----------                   

  residue               atom 1  atom 2  sigmas
   A 214    U              C2'     C1'    4.01
   A 258    C              O4'     C1'   -4.01
  2/1885 bond outliers present

                    ----------Backbone bond angles----------                   

  All angles within 4.0 sigma of ideal values.

                        ----------Sugar pucker----------                       

  residue                  delta   outlier   epsilon   outlier
   A 227    U               79.5       yes      47.0       yes
   A 231    G               79.3       yes      36.5       yes
   A 249    C               79.5        no      36.6       yes
   A 299    G               81.0        no      28.6       yes
   A 332    A               79.6        no     131.1       yes
  5/134 pucker outliers present

                  ----------Backbone torsion suites----------                  

  Suite ID                 suite  suiteness  triaged angle
     U A 216                  !!      0.000     gamma
     C A 228                  !!      0.000  epsilon-1
     G A 232                  !!      0.000  epsilon-1
     A A 238                  !!      0.000      None
     G A 250                  !!      0.000  epsilon-1
     C A 258                  !!      0.000     gamma
     U A 267                  !!      0.000     gamma
     C A 268                  !!      0.000      beta
     G A 272                  !!      0.000      None
     C A 273                  !!      0.000      None
     U A 280                  !!      0.000     gamma
     U A 285                  !!      0.000      None
     G A 288                  !!      0.000    zeta-1
     A A 300                  !!      0.000  epsilon-1
     A A 307                  !!      0.000     gamma
     A A 308                  !!      0.000     alpha
     U A 311                  !!      0.000      beta
     G A 333                  !!      0.000  epsilon-1
  14 suites triaged and 0 incomplete leaving 121 suites
  18/135 suite outliers present
  Average suiteness: 0.782
