
Using nuclear cloud x-H distances and vdW radii

Using input model H/D atoms...

Bad Clashes >= 0.4 Angstrom:
 A 273    C  C3'  A 273    C  OP1 :1.386
 A 273    C  H3'  A 273    C  OP1 :1.192
 A 273    C  C6   A 273    C  P   :1.131
 A 273    C  C6   A 273    C  OP1 :1.001
 A 216    U  H3'  A 216    U  OP1 :0.968
 A 273    C  C6   A 273    C  OP2 :0.962
 A 273    C  H3'  A 273    C  P   :0.956
 A 273    C  H6   A 273    C  P   :0.951
 A 232    G  C8   A 232    G  OP1 :0.888
 A 273    C  C5   A 273    C  OP2 :0.856
 A 227    U  O2'  A 228    C  OP1 :0.851
 A 273    C  C2'  A 273    C  OP1 :0.840
 A 273    C  C1'  A 273    C  OP1 :0.762
 A 273    C  C4'  A 273    C  OP1 :0.739
 A 267    U  C6   A 267    U  OP1 :0.723
 A 231    G  O2'  A 232    G  OP2 :0.718
 A 288    G  O2'  A 289    U  P   :0.708
 A 273    C  N1   A 273    C  OP1 :0.675
 A 286    U  O2'  A 289    U  N3  :0.662
 A 288    G  O2'  A 289    U  OP2 :0.649
 A 239    U  H6   A 239    U  OP1 :0.621
 A 273    C  C3'  A 273    C  P   :0.606
 A 267    U  H6   A 267    U  OP1 :0.586
 A 239    U  C6   A 239    U  OP1 :0.558
 A 271    G H5''  A 272    G  OP2 :0.557
 A 238    A  O2'  A 258    C  O2  :0.530
 A 258    C  O2'  A 259    G  H5' :0.527
 A 220    U  H6   A 220    U  OP2 :0.521
 A 272    G H5''  A 273    C  OP2 :0.519
 A 288    G  O2'  A 289    U  O5' :0.518
 A 248    U  O2'  A 249    C  O5' :0.511
 A 240    A  N6   A 258    C  O2  :0.488
 A 257    G  C8   A 258    C  C5  :0.488
 A 232    G  H8   A 232    G  OP1 :0.481
 A 312    G  N2   A 313    C  O2' :0.475
 A 238    A  N3   A 241    C  N4  :0.473
 A 280    U  H2'  A 281    G  C8  :0.465
 A 299    G  O2'  A 300    A  O5' :0.462
 A 213    G  O6   A 332    A  N6  :0.458
 A 220    U  O2   A 328    G  N2  :0.453
 A 227    U  H4'  A 228    C  OP1 :0.444
 A 247    U  H6   A 247    U  O5' :0.430
 A 288    G  H4'  A 289    U  O5' :0.423
 A 213    G  H2'  A 214    U  C6  :0.415
 A 311    U  H6   A 311    U  O5' :0.412
 A 212    C  H2'  A 213    G  C8  :0.410
 A 258    C  C2'  A 259    G  H5' :0.406
 A 248    U  C2'  A 249    C  OP2 :0.404
 A 299    G  H4'  A 300    A  O5' :0.400
clashscore = 11.35
