
                    ----------Backbone bond lenths----------                   

  residue               atom 1  atom 2  sigmas
   A 258    C              O4'     C1'   -4.64
   A 271    G              O3'     P     -7.38
  2/1885 bond outliers present

                    ----------Backbone bond angles----------                   

  residue               atom 1  atom 2  atom 3  sigmas
   A 271    G              C3'     O3'     P    -10.04
  1/2961 angle outliers present

                        ----------Sugar pucker----------                       

  residue                  delta   outlier   epsilon   outlier
   A 227    U               79.5       yes      47.0       yes
   A 231    G               79.3       yes      36.4       yes
   A 248    U               79.5        no     143.9       yes
   A 272    G               85.9        no     315.4       yes
   A 288    G               83.5        no      73.1       yes
   A 299    G               80.9        no      28.6       yes
  6/134 pucker outliers present

                  ----------Backbone torsion suites----------                  

  Suite ID                 suite  suiteness  triaged angle
     C A 217                  !!      0.000     gamma
     U A 220                  !!      0.000      None
     C A 228                  !!      0.000  epsilon-1
     G A 232                  !!      0.000  epsilon-1
     A A 237                  !!      0.000    zeta-1
     U A 248                  !!      0.000    zeta-1
     C A 249                  !!      0.000  epsilon-1
     G A 250                  !!      0.000      None
     G A 255                  !!      0.000      None
     C A 258                  !!      0.000     gamma
     U A 267                  !!      0.000      None
     C A 268                  !!      0.000     gamma
     C A 273                  !!      0.000  epsilon-1
     U A 289                  !!      0.000  epsilon-1
     A A 300                  !!      0.000  epsilon-1
     A A 307                  !!      0.000      None
     G A 310                  !!      0.000      None
     C A 313                  !!      0.000    zeta-1
     G A 314                  !!      0.000      None
     A A 332                  !!      0.000     gamma
  13 suites triaged and 0 incomplete leaving 122 suites
  20/135 suite outliers present
  Average suiteness: 0.764
