
                    ----------Backbone bond lenths----------                   

  All bonds within 4.0 sigma of ideal values.

                    ----------Backbone bond angles----------                   

  residue               atom 1  atom 2  atom 3  sigmas
   A 267    U              O3'     C3'     C2'    4.85
   A 312    G              C4'     C3'     C2'    5.30
   A 312    G              O4'     C4'     C3'    4.69
  3/2961 angle outliers present

                        ----------Sugar pucker----------                       

  residue                  delta   outlier   epsilon   outlier
   A 216    U               80.5        no      28.3       yes
   A 227    U               79.4       yes      47.0       yes
   A 231    G               79.3       yes      36.4       yes
   A 271    G               81.1        no      29.0       yes
   A 287    C               80.0       yes      33.0       yes
   A 299    G               80.9        no      28.6       yes
   A 309    G               88.8        no      38.1       yes
  7/134 pucker outliers present

                  ----------Backbone torsion suites----------                  

  Suite ID                 suite  suiteness  triaged angle
     U A 214                  !!      0.000     gamma
     U A 216                  !!      0.000     gamma
     C A 217                  !!      0.000  epsilon-1
     C A 228                  !!      0.000  epsilon-1
     G A 232                  !!      0.000  epsilon-1
     U A 239                  !!      0.000     alpha
     A A 240                  !!      0.000      None
     C A 241                  !!      0.000     gamma
     C A 258                  !!      0.000     gamma
     U A 266                  !!      0.000      None
     U A 267                  !!      0.000      None
     C A 268                  !!      0.000      beta
     G A 272                  !!      0.000  epsilon-1
     C A 273                  !!      0.000     gamma
     U A 286                  !!      0.000      None
     G A 288                  !!      0.000  epsilon-1
     G A 290                  !!      0.000     gamma
     A A 300                  !!      0.000  epsilon-1
     A A 307                  !!      0.000      None
     G A 310                  !!      0.000  epsilon-1
     U A 311                  !!      0.000      None
     G A 314                  !!      0.000    zeta-1
     A A 332                  !!      0.000     gamma
     G A 333                  !!      0.000     gamma
  18 suites triaged and 0 incomplete leaving 117 suites
  24/135 suite outliers present
  Average suiteness: 0.778
