
Using nuclear cloud x-H distances and vdW radii

Using input model H/D atoms...

Bad Clashes >= 0.4 Angstrom:
 A 311    U  H2'  A 311    U  O2  :0.940
 A 232    G  C8   A 232    G  OP1 :0.885
 A 227    U  O2'  A 228    C  OP1 :0.852
 A 311    U  C2'  A 311    U  O2  :0.806
 A 267    U  O2'  A 268    C  O5' :0.753
 A 231    G  O2'  A 232    G  OP2 :0.718
 A 238    A  O2'  A 239    U  P   :0.709
 A 238    A  O2'  A 239    U  OP2 :0.690
 A 239    U  H3'  A 239    U  H6  :0.666
 A 286    U  O2'  A 287    C  O5' :0.630
 A 258    C  C2'  A 259    G  OP1 :0.593
 A 313    C  O2'  A 314    G  O5' :0.575
 A 238    A  N3   A 239    U  N3  :0.560
 A 239    U  C6   A 239    U  H3' :0.555
 A 312    G  H8   A 312    G  OP1 :0.525
 A 238    A  N1   A 258    C  N4  :0.492
 A 232    G  H8   A 232    G  OP1 :0.481
 A 312    G  C8   A 312    G  OP1 :0.467
 A 238    A  O2'  A 239    U  O5' :0.465
 A 266    U  O2'  A 267    U  O4' :0.463
 A 299    G  O2'  A 300    A  O5' :0.461
 A 238    A  H4'  A 239    U  O5' :0.456
 A 258    C  H2'  A 259    G  OP1 :0.454
 A 215    G  O2'  A 216    U  C6  :0.445
 A 239    U  C3'  A 239    U  C6  :0.445
 A 227    U  H4'  A 228    C  OP1 :0.443
 A 216    U  C3'  A 217    C  C5' :0.432
 A 267    U  H4'  A 268    C  O5' :0.423
 A 238    A  H1'  A 239    U  C2  :0.423
 A 239    U  O4   A 242    A  N6  :0.421
 A 216    U  H3'  A 217    C  C5' :0.420
 A 254    G  C6   A 255    G  C6  :0.403
clashscore = 7.41
