
Using nuclear cloud x-H distances and vdW radii

Using input model H/D atoms...

Bad Clashes >= 0.4 Angstrom:
 A 232    G  C8   A 232    G  OP1 :0.884
 A 227    U  O2'  A 228    C  OP1 :0.851
 A 272    G  H3'  A 272    G  N3  :0.827
 A 216    U  H4'  A 216    U  OP1 :0.753
 A 231    G  O2'  A 232    G  OP2 :0.718
 A 249    C  O2'  A 250    G  O5' :0.707
 A 267    U  O3'  A 268    C  O4' :0.626
 A 311    U  O3'  A 311    U  OP2 :0.625
 A 267    U  O2'  A 268    C  OP2 :0.612
 A 268    C  O4'  A 268    C  P   :0.608
 A 309    G  O2'  A 313    C  OP1 :0.525
 A 279    A  C2   A 280    U  C4  :0.523
 A 267    U  O3'  A 268    C  C4' :0.523
 A 311    U  H4'  A 311    U  OP2 :0.518
 A 272    G  C3'  A 272    G  N3  :0.517
 A 289    U  H6   A 289    U  O5' :0.512
 A 332    A  O2'  A 333    G  P   :0.499
 A 332    A  O2'  A 333    G  OP1 :0.495
 A 232    G  H8   A 232    G  OP1 :0.484
 A 288    G  H2'  A 289    U  C6  :0.476
 A 332    A  C2'  A 333    G  O5' :0.473
 A 238    A  O2'  A 240    A  OP2 :0.468
 A 299    G  O2'  A 300    A  O5' :0.461
 A 311    U  C4'  A 311    U  OP2 :0.459
 A 216    U  C3'  A 217    C  H5' :0.449
 A 268    C  O4'  A 268    C  OP2 :0.449
 A 258    C  O2'  A 259    G  H5' :0.447
 A 267    U  C2'  A 268    C  OP2 :0.445
 A 247    U  H6   A 247    U  O5' :0.444
 A 227    U  H4'  A 228    C  OP1 :0.442
 A 215    G  O2'  A 216    U  O4' :0.422
 A 220    U  O2   A 328    G  C2  :0.404
 A 312    G  H2'  A 313    C  C6  :0.401
 A 299    G  H4'  A 300    A  O5' :0.400
clashscore = 7.87
