
                    ----------Backbone bond lenths----------                   

  All bonds within 4.0 sigma of ideal values.

                    ----------Backbone bond angles----------                   

  All angles within 4.0 sigma of ideal values.

                        ----------Sugar pucker----------                       

  residue                  delta   outlier   epsilon   outlier
   A 215    G               80.5        no     151.1       yes
   A 227    U               79.5       yes      47.0       yes
   A 231    G               79.3       yes      36.5       yes
   A 246    U              142.8        no      61.6       yes
   A 258    C               80.6        no     142.2       yes
   A 287    C               77.1       yes      46.0       yes
   A 299    G               80.9        no      28.6       yes
   A 332    A               79.0        no     118.9       yes
  8/134 pucker outliers present

                  ----------Backbone torsion suites----------                  

  Suite ID                 suite  suiteness  triaged angle
     G A 213                  !!      0.000    zeta-1
     U A 216                  !!      0.000  epsilon-1
     U A 221                  !!      0.000     gamma
     C A 228                  !!      0.000  epsilon-1
     G A 232                  !!      0.000  epsilon-1
     A A 238                  !!      0.000      None
     U A 239                  !!      0.000     alpha
     A A 240                  !!      0.000      None
     C A 241                  !!      0.000      None
     U A 247                  !!      0.000  epsilon-1
     U A 248                  !!      0.000      None
     G A 259                  !!      0.000  epsilon-1
     U A 266                  !!      0.000      None
     U A 267                  !!      0.000      None
     G A 272                  !!      0.000      None
     C A 273                  !!      0.000     gamma
     G A 288                  !!      0.000  epsilon-1
     A A 300                  !!      0.000  epsilon-1
     A A 308                  !!      0.000      None
     G A 310                  !!      0.000      None
     U A 311                  !!      0.000      None
     G A 312                  !!      0.000     gamma
     C A 313                  !!      0.000     gamma
     G A 314                  !!      0.000      None
     G A 333                  !!      0.000  epsilon-1
  14 suites triaged and 0 incomplete leaving 121 suites
  25/135 suite outliers present
  Average suiteness: 0.750
