
Using nuclear cloud x-H distances and vdW radii

Using input model H/D atoms...

Bad Clashes >= 0.4 Angstrom:
 A 312    G  O4'  A 312    G  OP2 :1.092
 A 232    G  C8   A 232    G  OP1 :0.883
 A 227    U  O2'  A 228    C  OP1 :0.850
 A 288    G  H3'  A 288    G  N3  :0.734
 A 312    G  O4'  A 312    G  P   :0.731
 A 272    G  O2'  A 273    C  OP2 :0.727
 A 231    G  O2'  A 232    G  OP2 :0.718
 A 272    G  O3'  A 272    G  OP1 :0.713
 A 286    U  O2'  A 287    C  O5' :0.649
 A 212    C  H2'  A 213    G  C8  :0.621
 A 331    C  O2'  A 332    A  OP1 :0.609
 A 216    U  H3'  A 216    U  OP2 :0.597
 A 311    U  H6   A 311    U  OP2 :0.594
 A 247    U  O2'  A 250    G  O6  :0.581
 A 212    C  O2   A 333    G  N2  :0.581
 A 280    U  H2'  A 281    G  C8  :0.572
 A 313    C  H6   A 313    C  O5' :0.567
 A 211    U  H2'  A 212    C  C6  :0.554
 A 285    U  H6   A 285    U  O5' :0.531
 A 254    G  H2'  A 255    G  C8  :0.507
 A 307    A  O2'  A 308    A  OP2 :0.502
 A 267    U  O4   A 310    G  O4' :0.488
 A 213    G  N1   A 333    G  N3  :0.485
 A 213    G  O6   A 332    A  N6  :0.481
 A 232    G  H8   A 232    G  OP1 :0.478
 A 249    C  H2'  A 250    G  C8  :0.468
 A 283    C  H2'  A 284    U  C6  :0.465
 A 220    U  O2   A 328    G  C2  :0.465
 A 299    G  O2'  A 300    A  O5' :0.461
 A 272    G  C3'  A 272    G  OP1 :0.461
 A 285    U  C4   A 286    U  C2  :0.458
 A 238    A  N1   A 258    C  N4  :0.455
 A 254    G  N1   A 255    G  C6  :0.451
 A 285    U  H2'  A 286    U  O4' :0.448
 A 227    U  H4'  A 228    C  OP1 :0.444
 A 267    U  O4   A 310    G  C4  :0.442
 A 311    U  C6   A 311    U  OP2 :0.435
 A 221    U  H2'  A 222    G  C8  :0.433
 A 249    C  H6   A 249    C  O5' :0.433
 A 286    U  H1'  A 288    G  N7  :0.428
 A 267    U  H3'  A 268    C  H5' :0.425
 A 239    U  H6   A 239    U  O5' :0.423
 A 309    G  N7   A 310    G  C6  :0.423
 A 286    U  O2   A 287    C  C5  :0.422
 A 288    G  C3'  A 288    G  N3  :0.420
 A 250    G  H2'  A 251    U  O4' :0.416
 A 213    G  H8   A 213    G  OP2 :0.416
 A 231    G  C6   A 312    G  C6  :0.415
 A 313    C  C6   A 313    C  O5' :0.413
 A 284    U  H2'  A 285    U  C6  :0.410
 A 249    C  H2'  A 250    G  O4' :0.409
 A 299    G  H4'  A 300    A  O5' :0.400
clashscore = 12.04
