
                    ----------Backbone bond lenths----------                   

  All bonds within 4.0 sigma of ideal values.

                    ----------Backbone bond angles----------                   

  residue               atom 1  atom 2  atom 3  sigmas
   A 238    A              O3'     C3'     C2'   -4.18
  1/2961 angle outliers present

                        ----------Sugar pucker----------                       

  residue                  delta   outlier   epsilon   outlier
   A 227    U               79.5       yes      47.0       yes
   A 231    G               79.2       yes      36.5       yes
   A 238    A               81.7       yes      77.4       yes
   A 267    U               80.3       yes      36.7       yes
   A 286    U               74.7        no     148.0       yes
   A 299    G               80.9        no      28.6       yes
   A 313    C               75.8        no     149.4       yes
  7/134 pucker outliers present

                  ----------Backbone torsion suites----------                  

  Suite ID                 suite  suiteness  triaged angle
     C A 212                  !!      0.000      None
     U A 216                  !!      0.000      None
     C A 217                  !!      0.000     gamma
     C A 228                  !!      0.000  epsilon-1
     G A 232                  !!      0.000  epsilon-1
     A A 238                  !!      0.000      None
     U A 239                  !!      0.000  epsilon-1
     G A 250                  !!      0.000     gamma
     C A 258                  !!      0.000      None
     G A 259                  !!      0.000     gamma
     U A 266                  !!      0.000      None
     U A 267                  !!      0.000     gamma
     C A 268                  !!      0.000  epsilon-1
     G A 272                  !!      0.000     gamma
     C A 273                  !!      0.000      None
     U A 280                  !!      0.000     gamma
     C A 287                  !!      0.000  epsilon-1
     A A 300                  !!      0.000  epsilon-1
     A A 307                  !!      0.000     gamma
     A A 308                  !!      0.000     gamma
     G A 310                  !!      0.000      None
     U A 311                  !!      0.000     gamma
     G A 312                  !!      0.000      None
     G A 314                  !!      0.000  epsilon-1
  16 suites triaged and 0 incomplete leaving 119 suites
  24/135 suite outliers present
  Average suiteness: 0.764
