
                    ----------Backbone bond lenths----------                   

  All bonds within 4.0 sigma of ideal values.

                    ----------Backbone bond angles----------                   

  residue               atom 1  atom 2  atom 3  sigmas
   A 216    U              O3'     P       OP1   18.84
   A 216    U              O3'     P       OP2  -11.49
   A 221    U              O3'     P       OP1   18.85
   A 221    U              O3'     P       OP2  -11.52
   A 240    A              O3'     C3'     C2'    5.34
   A 246    U              C4'     C3'     C2'    4.86
   A 258    C              O3'     P       OP1   31.09
   A 280    U              O3'     P       O5'   -4.60
   A 313    C              O3'     P       O5'   -4.15
   A 313    C              O3'     P       OP2    4.03
   A 330    G              O3'     P       OP1   -9.61
   A 330    G              O3'     P       OP2   13.43
   A 332    A              O3'     P       OP1    4.08
   A 332    A              O3'     P       OP2   27.23
  14/2961 angle outliers present

                        ----------Sugar pucker----------                       

  residue                  delta   outlier   epsilon   outlier
   A 227    U               79.5        no      23.2       yes
   A 231    G               79.2        no     147.1       yes
   A 238    A               77.0       yes      39.6       yes
   A 272    G               79.9       yes      26.8       yes
   A 299    G               80.9        no      29.6       yes
   A 313    C               83.4        no      28.6       yes
  6/134 pucker outliers present

                  ----------Backbone torsion suites----------                  

  Suite ID                 suite  suiteness  triaged angle
     C A 217                  !!      0.000     gamma
     U A 221                  !!      0.000      None
     G A 222                  !!      0.000      None
     C A 228                  !!      0.000  epsilon-1
     G A 232                  !!      0.000  epsilon-1
     U A 239                  !!      0.000  epsilon-1
     C A 241                  !!      0.000      None
     C A 249                  !!      0.000      None
     G A 250                  !!      0.000     gamma
     C A 252                  !!      0.000     gamma
     G A 254                  !!      0.000      None
     G A 255                  !!      0.000      None
     A A 265                  !!      0.000      None
     C A 268                  !!      0.000      None
     G A 272                  !!      0.000     gamma
     C A 273                  !!      0.000  epsilon-1
     U A 280                  !!      0.000     gamma
     G A 281                  !!      0.000     gamma
     C A 287                  !!      0.000      None
     U A 293                  !!      0.000     alpha
     A A 300                  !!      0.000  epsilon-1
     U A 311                  !!      0.000      None
     G A 312                  !!      0.000      None
     G A 314                  !!      0.000  epsilon-1
     A A 332                  !!      0.000      None
     G A 333                  !!      0.000      None
  13 suites triaged and 0 incomplete leaving 122 suites
  26/135 suite outliers present
  Average suiteness: 0.750
