
                    ----------Backbone bond lenths----------                   

  All bonds within 4.0 sigma of ideal values.

                    ----------Backbone bond angles----------                   

  residue               atom 1  atom 2  atom 3  sigmas
   A 216    U              O3'     P       OP2    5.17
   A 247    U              C4'     C3'     C2'    4.11
   A 248    U              O3'     C3'     C2'   -5.57
   A 272    G              O3'     P       OP1   -4.31
   A 272    G              O3'     P       OP2    6.09
   A 280    U              O3'     P       OP2    4.53
   A 284    U              C4'     C3'     C2'    4.90
   A 289    U              O3'     P       OP1   12.07
   A 289    U              O3'     P       OP2   18.92
   A 327    C              O3'     P       OP2    4.15
  10/2961 angle outliers present

                        ----------Sugar pucker----------                       

  residue                  delta   outlier   epsilon   outlier
   A 227    U               79.5        no      33.0       yes
   A 231    G               79.2        no     132.5       yes
   A 299    G               80.8        no      29.5       yes
   A 320    U               81.4        no      92.3       yes
  4/134 pucker outliers present

                  ----------Backbone torsion suites----------                  

  Suite ID                 suite  suiteness  triaged angle
     C A 217                  !!      0.000     gamma
     G A 222                  !!      0.000     gamma
     C A 228                  !!      0.000  epsilon-1
     G A 232                  !!      0.000  epsilon-1
     C A 249                  !!      0.000      None
     A A 265                  !!      0.000      None
     C A 268                  !!      0.000     gamma
     G A 272                  !!      0.000     gamma
     C A 273                  !!      0.000      None
     U A 280                  !!      0.000      None
     G A 281                  !!      0.000      None
     G A 290                  !!      0.000      None
     A A 300                  !!      0.000  epsilon-1
     A A 307                  !!      0.000      None
     U A 311                  !!      0.000      None
     A A 321                  !!      0.000  epsilon-1
     G A 333                  !!      0.000      None
  8 suites triaged and 0 incomplete leaving 127 suites
  17/135 suite outliers present
  Average suiteness: 0.739
