
Using nuclear cloud x-H distances and vdW radii

Using input model H/D atoms...

Bad Clashes >= 0.4 Angstrom:
 A 255    G  O4'  A 255    G  P   :1.129
 A 231    G  O2'  A 232    G  OP2 :1.007
 A 232    G  H8   A 232    G  P   :0.930
 A 280    U  C6   A 280    U  OP2 :0.916
 A 232    G  H8   A 232    G  OP1 :0.916
 A 280    U  O4'  A 280    U  OP2 :0.891
 A 232    G  C8   A 232    G  OP1 :0.836
 A 313    C  O2'  A 314    G  OP2 :0.802
 A 258    C  C6   A 258    C  OP2 :0.799
 A 332    A  O2'  A 333    G  OP2 :0.777
 A 255    G  O4'  A 255    G  OP1 :0.769
 A 227    U  O2'  A 228    C  OP1 :0.748
 A 267    U  H2'  A 267    U  OP1 :0.744
 A 231    G  O2'  A 232    G  P   :0.689
 A 255    G  O4'  A 255    G  OP2 :0.688
 A 232    G  C8   A 232    G  P   :0.677
 A 258    C  C5   A 258    C  OP2 :0.675
 A 280    U  C6   A 280    U  P   :0.669
 A 258    C  H6   A 258    C  OP2 :0.646
 A 249    C  O4'  A 249    C  OP2 :0.641
 A 273    C  H6   A 273    C  OP1 :0.619
 A 232    G  C8   A 232    G  OP2 :0.538
 A 273    C  C6   A 273    C  OP1 :0.534
 A 280    U  H6   A 280    U  P   :0.533
 A 266    U  O3'  A 268    C  O2' :0.525
 A 313    C  H4'  A 314    G  OP2 :0.523
 A 239    U  N3   A 240    A  N7  :0.513
 A 313    C  O2'  A 314    G  P   :0.507
 A 267    U  C2'  A 267    U  OP1 :0.502
 A 280    U  N1   A 280    U  OP2 :0.500
 A 213    G  O6   A 332    A  N6  :0.476
 A 332    A  O2'  A 333    G  P   :0.472
 A 232    G  H8   A 232    G  OP2 :0.471
 A 284    U  H6   A 284    U  O5' :0.470
 A 280    U  C1'  A 280    U  OP2 :0.467
 A 268    C  N4   A 312    G  O4' :0.466
 A 213    G  N1   A 333    G  N3  :0.457
 A 247    U  O2'  A 250    G  O6  :0.454
 A 249    C  C6   A 249    C  OP2 :0.437
 A 299    G  O2'  A 300    A  O5' :0.435
 A 258    C  H6   A 258    C  P   :0.433
 A 332    A  C2'  A 333    G  O5' :0.432
 A 231    G  C2'  A 232    G  OP2 :0.432
 A 238    A  N7   A 259    G  N2  :0.418
 A 213    G  H2'  A 214    U  O4' :0.417
 A 248    U  O2'  A 249    C  P   :0.413
 A 227    U  H4'  A 228    C  OP1 :0.404
 A 272    G H5''  A 273    C  OP1 :0.402
 A 212    C  H2'  A 213    G  C8  :0.402
 A 283    C  H2'  A 284    U  O4' :0.402
 A 220    U  O2   A 328    G  C2  :0.400
clashscore = 11.81
