
                    ----------Backbone bond lenths----------                   

  All bonds within 4.0 sigma of ideal values.

                    ----------Backbone bond angles----------                   

  All angles within 4.0 sigma of ideal values.

                        ----------Sugar pucker----------                       

  residue                  delta   outlier   epsilon   outlier
   A 212    C               82.0        no      43.4       yes
   A 227    U               79.5        no      33.0       yes
   A 231    G               79.2        no     132.5       yes
   A 279    A               79.3        no     139.7       yes
   A 286    U               78.8        no      35.6       yes
   A 299    G               80.8        no      29.5       yes
   A 320    U               81.4        no      92.3       yes
   A 331    C               81.6        no     137.2       yes
  8/134 pucker outliers present

                  ----------Backbone torsion suites----------                  

  Suite ID                 suite  suiteness  triaged angle
     G A 213                  !!      0.000  epsilon-1
     U A 216                  !!      0.000     alpha
     C A 217                  !!      0.000     gamma
     C A 228                  !!      0.000  epsilon-1
     G A 232                  !!      0.000  epsilon-1
     A A 237                  !!      0.000    zeta-1
     U A 239                  !!      0.000     alpha
     C A 249                  !!      0.000      None
     G A 250                  !!      0.000      None
     C A 258                  !!      0.000      None
     A A 264                  !!      0.000     gamma
     U A 266                  !!      0.000     gamma
     U A 267                  !!      0.000    zeta-1
     C A 268                  !!      0.000      None
     C A 273                  !!      0.000      None
     U A 280                  !!      0.000  epsilon-1
     G A 281                  !!      0.000     gamma
     C A 287                  !!      0.000  epsilon-1
     A A 300                  !!      0.000  epsilon-1
     G A 310                  !!      0.000     gamma
     C A 313                  !!      0.000      None
     A A 321                  !!      0.000  epsilon-1
     A A 332                  !!      0.000  epsilon-1
  17 suites triaged and 0 incomplete leaving 118 suites
  23/135 suite outliers present
  Average suiteness: 0.759
