
                    ----------Backbone bond lenths----------                   

  All bonds within 4.0 sigma of ideal values.

                    ----------Backbone bond angles----------                   

  residue               atom 1  atom 2  atom 3  sigmas
   A 221    U              O3'     P       OP1   26.33
   A 221    U              O3'     P       OP2    4.92
   A 247    U              C4'     C3'     C2'    4.12
   A 248    U              O3'     C3'     C2'   -5.57
   A 254    G              O3'     P       OP1    6.33
   A 254    G              O3'     P       OP2   -4.51
   A 272    G              C4'     C3'     C2'    4.69
   A 272    G              O3'     P       O5'   -6.11
   A 280    U              O3'     P       OP1    5.14
   A 313    C              O3'     P       OP2   30.13
   A 327    C              O3'     P       OP2    4.56
  11/2961 angle outliers present

                        ----------Sugar pucker----------                       

  residue                  delta   outlier   epsilon   outlier
   A 227    U               79.5        no     345.4       yes
   A 266    U              141.7        no     317.1       yes
   A 272    G              166.3       yes       0.3       yes
   A 299    G               80.8        no      35.8       yes
  4/134 pucker outliers present

                  ----------Backbone torsion suites----------                  

  Suite ID                 suite  suiteness  triaged angle
     U A 216                  !!      0.000      None
     C A 217                  !!      0.000    zeta-1
     C A 228                  !!      0.000  epsilon-1
     G A 232                  !!      0.000      None
     A A 237                  !!      0.000      None
     A A 238                  !!      0.000      None
     A A 240                  !!      0.000      None
     C A 249                  !!      0.000      None
     G A 255                  !!      0.000     gamma
     G A 259                  !!      0.000     gamma
     U A 266                  !!      0.000     gamma
     U A 267                  !!      0.000  epsilon-1
     C A 268                  !!      0.000      None
     G A 272                  !!      0.000     delta
     C A 273                  !!      0.000  epsilon-1
     U A 280                  !!      0.000     gamma
     G A 281                  !!      0.000    zeta-1
     C A 287                  !!      0.000     gamma
     G A 288                  !!      0.000     gamma
     U A 289                  !!      0.000     gamma
     G A 290                  !!      0.000     gamma
     A A 300                  !!      0.000  epsilon-1
     A A 307                  !!      0.000      None
     U A 311                  !!      0.000     gamma
     G A 312                  !!      0.000     gamma
     C A 313                  !!      0.000      None
     G A 314                  !!      0.000     alpha
     G A 328                  !!      0.000     gamma
  19 suites triaged and 0 incomplete leaving 116 suites
  28/135 suite outliers present
  Average suiteness: 0.768
