
Using nuclear cloud x-H distances and vdW radii

Using input model H/D atoms...

Bad Clashes >= 0.4 Angstrom:
 A 231    G  C2'  A 232    G  OP2 :0.946
 A 280    U  C6   A 280    U  OP2 :0.907
 A 231    G  O2'  A 232    G  OP2 :0.886
 A 320    U  O2'  A 321    A  OP1 :0.801
 A 320    U  O2'  A 321    A  P   :0.728
 A 248    U  C6   A 248    U  OP1 :0.713
 A 248    U  H6   A 248    U  P   :0.699
 A 280    U  O2'  A 282    U  OP2 :0.680
 A 309    G  O2'  A 313    C  N3  :0.648
 A 248    U  H6   A 248    U  OP1 :0.645
 A 227    U  O2'  A 228    C  OP1 :0.642
 A 272    G  H2'  A 272    G  N3  :0.623
 A 280    U  H6   A 280    U  OP2 :0.611
 A 231    G  H2'  A 232    G  OP2 :0.598
 A 266    U  O2'  A 310    G  O6  :0.580
 A 286    U  O2'  A 287    C  O5' :0.546
 A 247    U  O2'  A 250    G  O6  :0.529
 A 265    A  O2'  A 268    C  O3' :0.525
 A 271    G  C4'  A 272    G  OP1 :0.517
 A 299    G  O2'  A 300    A  O5' :0.512
 A 237    A  N6   A 256    U  OP2 :0.511
 A 272    G  H2'  A 273    C  H5' :0.509
 A 231    G  O2'  A 232    G  P   :0.508
 A 270    G  N2   A 272    G  N7  :0.502
 A 271    G H5''  A 272    G  OP1 :0.497
 A 271    G  H4'  A 272    G  OP1 :0.489
 A 213    G  O6   A 332    A  N6  :0.489
 A 266    U  OP1  A 310    G  N2  :0.481
 A 292    C  C4   A 293    U  C4  :0.479
 A 280    U  H6   A 280    U  P   :0.476
 A 239    U  N3   A 240    A  N7  :0.461
 A 271    G  H2'  A 273    C  C5  :0.461
 A 271    G  N2   A 273    C  C2  :0.447
 A 285    U  H6   A 285    U  O5' :0.442
 A 299    G  H4'  A 300    A  OP1 :0.433
 A 299    G  C4'  A 300    A  OP1 :0.432
 A 220    U  H6   A 220    U  O5' :0.423
 A 220    U  O2   A 328    G  C2  :0.420
 A 271    G  C5'  A 272    G  OP1 :0.417
 A 292    C  N4   A 293    U  O4  :0.412
 A 280    U  C5   A 280    U  OP2 :0.407
 A 214    U  N3   A 332    A  N1  :0.406
clashscore = 9.73
