
Using nuclear cloud x-H distances and vdW radii

Using input model H/D atoms...

Bad Clashes >= 0.4 Angstrom:
 A 217    C  H4'  A 217    C  OP1 :1.015
 A 290    G  C8   A 290    G  OP1 :0.956
 A 290    G  O4'  A 290    G  OP1 :0.945
 A 231    G  C2'  A 232    G  OP2 :0.944
 A 231    G  O2'  A 232    G  OP2 :0.887
 A 320    U  O2'  A 321    A  OP1 :0.801
 A 290    G  H8   A 290    G  OP1 :0.760
 A 217    C  C4'  A 217    C  OP1 :0.743
 A 320    U  O2'  A 321    A  P   :0.728
 A 307    A  H8   A 307    A  OP2 :0.650
 A 227    U  O2'  A 228    C  OP1 :0.642
 A 249    C  O4'  A 249    C  OP2 :0.634
 A 231    G  H2'  A 232    G  OP2 :0.596
 A 265    A  O2'  A 269    G  O3' :0.544
 A 299    G  O2'  A 300    A  O5' :0.513
 A 237    A  N6   A 256    U  OP2 :0.509
 A 231    G  O2'  A 232    G  P   :0.508
 A 289    U  H6   A 289    U  O5' :0.507
 A 240    A  N6   A 258    C  O2  :0.493
 A 221    U  H6   A 221    U  O5' :0.486
 A 292    C  C4   A 293    U  C4  :0.478
 A 211    U  H2'  A 212    C  C6  :0.471
 A 271    G  H2'  A 273    C  C5  :0.461
 A 290    G  C1'  A 290    G  OP1 :0.454
 A 247    U  O2'  A 250    G  O6  :0.448
 A 271    G  N2   A 273    C  C2  :0.448
 A 239    U  N3   A 240    A  N7  :0.445
 A 289    U  C4   A 290    G  C6  :0.439
 A 299    G  C4'  A 300    A  OP1 :0.433
 A 212    C  O2   A 333    G  N2  :0.432
 A 299    G  H4'  A 300    A  OP1 :0.432
 A 290    G  O4'  A 290    G  P   :0.432
 A 332    A  C2'  A 333    G  O5' :0.431
 A 249    C  C6   A 249    C  OP2 :0.431
 A 213    G  O6   A 332    A  N6  :0.429
 A 248    U  O2'  A 249    C  P   :0.424
 A 307    A  O2'  A 308    A  O4' :0.422
 A 266    U  C2   A 269    G  OP1 :0.415
 A 215    G  C2   A 216    U  C4  :0.414
 A 292    C  N4   A 293    U  O4  :0.411
 A 220    U  H2'  A 221    U  C6  :0.408
 A 240    A  H2'  A 241    C  O4' :0.405
 A 290    G  H8   A 290    G  P   :0.402
clashscore = 9.96
