
                    ----------Backbone bond lenths----------                   

  All bonds within 4.0 sigma of ideal values.

                    ----------Backbone bond angles----------                   

  residue               atom 1  atom 2  atom 3  sigmas
   A 221    U              O3'     P       OP1   33.82
   A 221    U              O3'     P       OP2   -5.39
   A 237    A              O3'     C3'     C2'   -7.22
   A 247    U              C4'     C3'     C2'    4.16
   A 248    U              O3'     C3'     C2'   -5.55
   A 258    C              O3'     P       OP1   -4.57
   A 258    C              O3'     P       OP2    6.40
   A 267    U              O3'     P       OP1   20.04
   A 267    U              O3'     P       OP2   10.97
   A 272    G              O3'     P       OP1   18.85
   A 272    G              O3'     P       OP2  -11.49
   A 313    C              O3'     P       OP1    8.72
   A 313    C              O3'     P       OP2   22.33
  13/2961 angle outliers present

                        ----------Sugar pucker----------                       

  residue                  delta   outlier   epsilon   outlier
   A 227    U               79.5       yes      38.5       yes
   A 231    G               79.3       yes      48.8       yes
   A 237    A              124.6       yes     115.4       yes
   A 258    C               81.3        no     138.3       yes
   A 280    U               79.1        no      22.1       yes
   A 299    G               80.8        no      25.2       yes
   A 332    A               80.8        no     131.8       yes
  7/134 pucker outliers present

                  ----------Backbone torsion suites----------                  

  Suite ID                 suite  suiteness  triaged angle
     C A 217                  !!      0.000     gamma
     G A 222                  !!      0.000      None
     C A 228                  !!      0.000  epsilon-1
     G A 232                  !!      0.000  epsilon-1
     A A 237                  !!      0.000     delta
     A A 238                  !!      0.000  epsilon-1
     A A 240                  !!      0.000      None
     C A 241                  !!      0.000     gamma
     C A 249                  !!      0.000      None
     G A 255                  !!      0.000      None
     G A 259                  !!      0.000  epsilon-1
     U A 267                  !!      0.000      None
     C A 268                  !!      0.000      beta
     G A 272                  !!      0.000      beta
     C A 273                  !!      0.000      None
     G A 281                  !!      0.000  epsilon-1
     A A 300                  !!      0.000  epsilon-1
     G A 309                  !!      0.000      None
     U A 311                  !!      0.000      None
     G A 314                  !!      0.000     alpha
     C A 331                  !!      0.000     gamma
     A A 332                  !!      0.000     gamma
     G A 333                  !!      0.000  epsilon-1
  15 suites triaged and 0 incomplete leaving 120 suites
  23/135 suite outliers present
  Average suiteness: 0.748
