
                    ----------Backbone bond lenths----------                   

  All bonds within 4.0 sigma of ideal values.

                    ----------Backbone bond angles----------                   

  residue               atom 1  atom 2  atom 3  sigmas
   A 216    U              C3'     C2'     C1'    5.39
   A 216    U              O3'     C3'     C2'    5.32
   A 216    U              O4'     C4'     C3'    5.08
   A 239    U              C4'     C3'     C2'    7.35
   A 239    U              O3'     C3'     C2'    6.20
  5/2961 angle outliers present

                        ----------Sugar pucker----------                       

  residue                  delta   outlier   epsilon   outlier
   A 227    U               79.5        no      33.0       yes
   A 231    G               79.2        no     132.4       yes
   A 271    G               81.1        no      19.4       yes
   A 280    U               85.9        no      21.1       yes
   A 299    G               80.8        no      29.5       yes
   A 320    U               81.4        no      92.3       yes
  6/134 pucker outliers present

                  ----------Backbone torsion suites----------                  

  Suite ID                 suite  suiteness  triaged angle
     C A 212                  !!      0.000      None
     G A 213                  !!      0.000     gamma
     U A 216                  !!      0.000      None
     C A 217                  !!      0.000     gamma
     G A 222                  !!      0.000      None
     C A 228                  !!      0.000  epsilon-1
     G A 232                  !!      0.000  epsilon-1
     A A 240                  !!      0.000      None
     U A 248                  !!      0.000     gamma
     A A 264                  !!      0.000      None
     U A 267                  !!      0.000     gamma
     G A 272                  !!      0.000  epsilon-1
     U A 280                  !!      0.000     alpha
     G A 281                  !!      0.000  epsilon-1
     U A 286                  !!      0.000    zeta-1
     C A 287                  !!      0.000      None
     A A 300                  !!      0.000  epsilon-1
     G A 309                  !!      0.000     gamma
     G A 310                  !!      0.000      None
     G A 312                  !!      0.000    zeta-1
     G A 314                  !!      0.000      None
     A A 321                  !!      0.000  epsilon-1
  14 suites triaged and 0 incomplete leaving 121 suites
  22/135 suite outliers present
  Average suiteness: 0.724
