
                    ----------Backbone bond lenths----------                   

  All bonds within 4.0 sigma of ideal values.

                    ----------Backbone bond angles----------                   

  residue               atom 1  atom 2  atom 3  sigmas
   A 212    C              O4'     C4'     C3'    4.90
   A 216    U              O3'     P       O5'   -4.97
   A 216    U              O3'     P       OP2    6.01
   A 221    U              O3'     P       OP2    5.27
   A 247    U              C4'     C3'     C2'    4.13
   A 248    U              O3'     C3'     C2'   -5.55
   A 254    G              O3'     P       OP2    5.67
   A 313    C              C4'     C3'     C2'    4.49
   A 327    C              O3'     P       OP1   -5.41
   A 327    C              O3'     P       OP2    7.42
   A 330    G              O3'     P       OP1   19.30
   A 330    G              O3'     P       OP2   11.69
   A 332    A              O3'     P       OP2    4.08
  13/2961 angle outliers present

                        ----------Sugar pucker----------                       

  residue                  delta   outlier   epsilon   outlier
   A 227    U               79.5        no      32.3       yes
   A 231    G               79.2       yes      33.9       yes
   A 299    G               80.8        no     134.4       yes
   A 330    G               81.1        no     148.2       yes
  4/134 pucker outliers present

                  ----------Backbone torsion suites----------                  

  Suite ID                 suite  suiteness  triaged angle
     C A 212                  !!      0.000     alpha
     G A 215                  !!      0.000      None
     C A 217                  !!      0.000      None
     G A 222                  !!      0.000    zeta-1
     C A 228                  !!      0.000  epsilon-1
     G A 232                  !!      0.000  epsilon-1
     U A 239                  !!      0.000     alpha
     A A 240                  !!      0.000      None
     C A 249                  !!      0.000      None
     U A 267                  !!      0.000      None
     C A 268                  !!      0.000      None
     U A 280                  !!      0.000     gamma
     U A 286                  !!      0.000      None
     U A 289                  !!      0.000      None
     A A 300                  !!      0.000  epsilon-1
     A A 308                  !!      0.000     gamma
     G A 309                  !!      0.000     gamma
     G A 314                  !!      0.000     alpha
     C A 331                  !!      0.000  epsilon-1
     G A 333                  !!      0.000      None
  11 suites triaged and 0 incomplete leaving 124 suites
  20/135 suite outliers present
  Average suiteness: 0.751
