
                    ----------Backbone bond lenths----------                   

  All bonds within 4.0 sigma of ideal values.

                    ----------Backbone bond angles----------                   

  residue               atom 1  atom 2  atom 3  sigmas
   A 216    U              O3'     C3'     C2'    4.81
   A 216    U              O3'     P       OP2   27.82
   A 247    U              C4'     C3'     C2'    4.12
   A 248    U              O3'     C3'     C2'   -5.55
   A 258    C              O3'     P       OP1   -5.45
   A 258    C              O3'     P       OP2    7.50
   A 272    G              O3'     P       OP1   -4.96
   A 272    G              O3'     P       OP2    6.89
   A 327    C              O3'     P       OP2   27.33
   A 330    G              O3'     P       OP1   -8.20
   A 330    G              O3'     P       OP2   11.17
   A 332    A              O3'     P       OP1   28.04
  12/2961 angle outliers present

                        ----------Sugar pucker----------                       

  residue                  delta   outlier   epsilon   outlier
   A 227    U               79.5       yes      38.7       yes
   A 231    G               79.3        no      74.8       yes
   A 272    G               85.1        no     327.3       yes
   A 299    G               80.8        no      27.8       yes
   A 313    C               84.3        no      58.1       yes
   A 332    A               81.7        no     136.3       yes
  6/134 pucker outliers present

                  ----------Backbone torsion suites----------                  

  Suite ID                 suite  suiteness  triaged angle
     U A 216                  !!      0.000     gamma
     C A 217                  !!      0.000     gamma
     C A 228                  !!      0.000  epsilon-1
     G A 232                  !!      0.000  epsilon-1
     A A 240                  !!      0.000     gamma
     C A 241                  !!      0.000     gamma
     C A 249                  !!      0.000      None
     G A 254                  !!      0.000     gamma
     G A 255                  !!      0.000     gamma
     C A 258                  !!      0.000     gamma
     G A 259                  !!      0.000    zeta-1
     C A 268                  !!      0.000     gamma
     G A 272                  !!      0.000     gamma
     C A 273                  !!      0.000  epsilon-1
     U A 280                  !!      0.000      None
     G A 281                  !!      0.000      None
     U A 286                  !!      0.000      None
     G A 290                  !!      0.000      None
     A A 300                  !!      0.000  epsilon-1
     A A 308                  !!      0.000     gamma
     G A 310                  !!      0.000      None
     G A 312                  !!      0.000      None
     G A 314                  !!      0.000  epsilon-1
     G A 333                  !!      0.000  epsilon-1
  17 suites triaged and 0 incomplete leaving 118 suites
  24/135 suite outliers present
  Average suiteness: 0.746
