
                    ----------Backbone bond lenths----------                   

  All bonds within 4.0 sigma of ideal values.

                    ----------Backbone bond angles----------                   

  residue               atom 1  atom 2  atom 3  sigmas
   A 267    U              O3'     C3'     C2'   -4.41
   A 327    C              O3'     P       OP2   30.18
  2/2961 angle outliers present

                        ----------Sugar pucker----------                       

  residue                  delta   outlier   epsilon   outlier
   A 213    G               82.1       yes      29.7       yes
   A 299    G               80.9        no     117.6       yes
  2/134 pucker outliers present

                  ----------Backbone torsion suites----------                  

  Suite ID                 suite  suiteness  triaged angle
     U A 214                  !!      0.000  epsilon-1
     U A 216                  !!      0.000      None
     C A 217                  !!      0.000      None
     C A 228                  !!      0.000      None
     G A 232                  !!      0.000      None
     U A 239                  !!      0.000      None
     A A 240                  !!      0.000      None
     C A 241                  !!      0.000     gamma
     G A 244                  !!      0.000      None
     U A 246                  !!      0.000     gamma
     U A 247                  !!      0.000    zeta-1
     C A 252                  !!      0.000     gamma
     G A 255                  !!      0.000     gamma
     A A 265                  !!      0.000     gamma
     U A 267                  !!      0.000     gamma
     C A 268                  !!      0.000      None
     G A 272                  !!      0.000      None
     C A 273                  !!      0.000      beta
     U A 280                  !!      0.000     gamma
     G A 281                  !!      0.000      None
     U A 285                  !!      0.000     alpha
     C A 287                  !!      0.000      None
     G A 288                  !!      0.000     gamma
     U A 289                  !!      0.000      None
     A A 300                  !!      0.000  epsilon-1
     G A 314                  !!      0.000      None
  13 suites triaged and 0 incomplete leaving 122 suites
  26/135 suite outliers present
  Average suiteness: 0.741
