
Using nuclear cloud x-H distances and vdW radii

Using input model H/D atoms...

Bad Clashes >= 0.4 Angstrom:
 A 216    U  O2'  A 217    C  OP2 :0.731
 A 299    G  O2'  A 300    A  O5' :0.706
 A 248    U  H4'  A 248    U  OP2 :0.705
 A 292    C  O2'  A 293    U  OP1 :0.678
 A 299    G  O2'  A 300    A  P   :0.653
 A 227    U  H4'  A 228    C  OP2 :0.648
 A 238    A  O2'  A 239    U  O4' :0.623
 A 309    G  O2'  A 314    G  O2' :0.606
 A 285    U  O4   A 288    G  O4' :0.602
 A 299    G  C2'  A 300    A  OP2 :0.573
 A 292    C  O2'  A 293    U  P   :0.541
 A 227    U  O2'  A 228    C  OP2 :0.531
 A 332    A  O2'  A 333    G  P   :0.529
 A 332    A  O2'  A 333    G  OP1 :0.523
 A 312    G  H3'  A 312    G  OP1 :0.523
 A 289    U  O2   A 289    U  O4' :0.510
 A 227    U  O2'  A 228    C  P   :0.503
 A 248    U  C4'  A 248    U  OP2 :0.498
 A 246    U  H6   A 246    U  O5' :0.492
 A 290    G  H8   A 290    G  OP1 :0.467
 A 312    G  C8   A 312    G  OP2 :0.465
 A 312    G  H8   A 312    G  OP2 :0.460
 A 312    G  H8   A 312    G  P   :0.457
 A 308    A  H8   A 308    A  OP2 :0.456
 A 282    U  O4   A 288    G  N1  :0.447
 A 240    A  N6   A 258    C  N3  :0.438
 A 283    C  H2'  A 284    U  O4' :0.436
 A 288    G  H2'  A 288    G  N3  :0.436
 A 308    A  H2'  A 309    G  C8  :0.428
 A 267    U  H3'  A 268    C  H4' :0.426
 A 271    G  N2   A 272    G  C4  :0.422
 A 307    A  O3'  A 308    A  O4' :0.406
 A 292    C  H2'  A 293    U  C6  :0.403
clashscore = 7.64
