
Using nuclear cloud x-H distances and vdW radii

Using input model H/D atoms...

Bad Clashes >= 0.4 Angstrom:
 A 273    C  H3'  A 273    C  OP1 :1.279
 A 273    C  C6   A 273    C  OP1 :1.136
 A 273    C  C3'  A 273    C  OP1 :1.117
 A 273    C  C6   A 273    C  P   :1.107
 A 273    C  H6   A 273    C  P   :1.048
 A 287    C  C6   A 287    C  OP2 :0.903
 A 280    U  H3'  A 280    U  OP1 :0.801
 A 273    C  C6   A 273    C  OP2 :0.763
 A 238    A  O2'  A 241    C  N4  :0.757
 A 299    G  O2'  A 300    A  O5' :0.716
 A 273    C  H3'  A 273    C  P   :0.709
 A 273    C  C5   A 273    C  OP2 :0.688
 A 299    G  O2'  A 300    A  P   :0.682
 A 273    C  N1   A 273    C  OP1 :0.664
 A 287    C  C6   A 287    C  P   :0.659
 A 287    C  H6   A 287    C  P   :0.614
 A 309    G  O2'  A 312    G  O6  :0.609
 A 273    C  C1'  A 273    C  OP1 :0.603
 A 299    G  C2'  A 300    A  OP2 :0.590
 A 273    C  C2'  A 273    C  OP1 :0.574
 A 273    C  C4'  A 273    C  OP1 :0.559
 A 287    C  O4'  A 287    C  OP2 :0.544
 A 258    C  H6   A 258    C  O5' :0.535
 A 213    G  O2'  A 214    U  O5' :0.515
 A 280    U  H3'  A 280    U  P   :0.501
 A 214    U  N3   A 332    A  N1  :0.477
 A 213    G  H4'  A 214    U  OP1 :0.472
 A 213    G  H1'  A 214    U  C5  :0.460
 A 306    C  H2'  A 307    A  O4' :0.455
 A 287    C  H6   A 287    C  OP1 :0.447
 A 213    G  N2   A 215    G  O6  :0.445
 A 289    U  C6   A 289    U  OP2 :0.444
 A 273    C  C3'  A 273    C  P   :0.443
 A 213    G  O2'  A 214    U  H3' :0.442
 A 249    C  H6   A 249    C  O5' :0.441
 A 227    U  H2'  A 228    C  OP2 :0.434
 A 227    U  C2'  A 228    C  OP2 :0.430
 A 289    U  C5   A 289    U  OP2 :0.428
 A 244    G  C2   A 254    G  C6  :0.420
 A 211    U  O2'  A 212    C  O4' :0.414
 A 285    U  H2'  A 285    U  O2  :0.412
 A 237    A  N1   A 258    C  N4  :0.411
 A 214    U  O4   A 332    A  N6  :0.402
 A 309    G  N3   A 313    C  N4  :0.402
 A 213    G  C4'  A 214    U  OP1 :0.400
clashscore = 10.42
