
Using nuclear cloud x-H distances and vdW radii

Using input model H/D atoms...

Bad Clashes >= 0.4 Angstrom:
 A 290    G  O4'  A 290    G  OP1 :0.864
 A 299    G  O2'  A 300    A  O5' :0.749
 A 239    U  H3'  A 239    U  O2  :0.740
 A 216    U  O2'  A 217    C  P   :0.719
 A 299    G  O2'  A 300    A  P   :0.663
 A 280    U H5''  A 281    G  OP1 :0.643
 A 238    A  O2'  A 242    A  N6  :0.643
 A 308    A  O2'  A 309    G  O4' :0.631
 A 285    U  O2'  A 287    C  OP2 :0.619
 A 227    U  O2'  A 228    C  OP2 :0.603
 A 227    U  C2'  A 228    C  OP2 :0.594
 A 280    U  O2'  A 282    U  OP2 :0.590
 A 290    G  C4'  A 290    G  OP1 :0.583
 A 239    U  C3'  A 239    U  O2  :0.577
 A 267    U  H6   A 267    U  OP2 :0.567
 A 299    G  C2'  A 300    A  OP2 :0.558
 A 246    U  H6   A 246    U  OP2 :0.542
 A 309    G  H2'  A 310    G  C8  :0.539
 A 216    U  H4'  A 217    C  O5' :0.535
 A 299    G  H4'  A 301    C  OP2 :0.472
 A 238    A  O2'  A 255    G  O6  :0.470
 A 239    U  C2'  A 239    U  O2  :0.466
 A 309    G  O6   A 314    G  O2' :0.457
 A 212    C  H2'  A 213    G  C8  :0.451
 A 327    C  C2'  A 328    G  OP1 :0.443
 A 267    U  C6   A 267    U  OP2 :0.440
 A 310    G  N7   A 312    G  C2  :0.428
 A 216    U  O2'  A 217    C  O5' :0.424
 A 284    U  N3   A 289    U  O4  :0.412
 A 268    C  N4   A 313    C  OP2 :0.410
 A 245    G  C2   A 246    U  C4  :0.406
 A 244    G  C2   A 254    G  C6  :0.403
clashscore = 7.41
