
Using nuclear cloud x-H distances and vdW radii

Using input model H/D atoms...

Bad Clashes >= 0.4 Angstrom:
 A 249    C  O4'  A 249    C  OP1 :0.877
 A 286    U  H3'  A 286    U  O2  :0.829
 A 273    C  C6   A 273    C  OP1 :0.792
 A 299    G  O2'  A 300    A  O5' :0.716
 A 237    A  O2'  A 238    A  P   :0.696
 A 299    G  O2'  A 300    A  P   :0.681
 A 237    A  O2'  A 238    A  OP1 :0.673
 A 213    G  O2'  A 214    U  OP2 :0.669
 A 238    A  O2'  A 254    G  N7  :0.657
 A 287    C  C6   A 287    C  OP2 :0.623
 A 286    U  C3'  A 286    U  O2  :0.590
 A 299    G  C2'  A 300    A  OP2 :0.589
 A 308    A  N6   A 314    G  N3  :0.537
 A 308    A  H8   A 308    A  O5' :0.531
 A 287    C  C5   A 287    C  OP2 :0.524
 A 287    C  H6   A 287    C  OP2 :0.490
 A 273    C  H6   A 273    C  OP1 :0.457
 A 309    G  N1   A 314    G  O4' :0.453
 A 227    U  H2'  A 228    C  OP2 :0.434
 A 227    U  C2'  A 228    C  OP2 :0.430
 A 244    G  C2   A 254    G  C6  :0.419
 A 237    A  H4'  A 238    A  OP1 :0.411
 A 265    A  N6   A 267    U  O4' :0.411
clashscore = 5.33
