
                    ----------Backbone bond lenths----------                   

  All bonds within 4.0 sigma of ideal values.

                    ----------Backbone bond angles----------                   

  residue               atom 1  atom 2  atom 3  sigmas
   A 248    U              C3'     C2'     C1'   -4.24
   A 248    U              O3'     C3'     C2'    5.22
   A 287    C              C4'     C3'     C2'    5.18
   A 287    C              O4'     C4'     C3'    9.00
   A 327    C              O3'     P       OP2   30.17
  5/2961 angle outliers present

                        ----------Sugar pucker----------                       

  residue                  delta   outlier   epsilon   outlier
   A 248    U              107.9       yes     175.2        no
   A 271    G               81.1        no      20.9       yes
   A 299    G               80.9        no     117.7       yes
  3/134 pucker outliers present

                  ----------Backbone torsion suites----------                  

  Suite ID                 suite  suiteness  triaged angle
     G A 213                  !!      0.000      None
     U A 214                  !!      0.000     gamma
     C A 228                  !!      0.000      None
     G A 232                  !!      0.000      None
     U A 239                  !!      0.000     gamma
     A A 240                  !!      0.000     gamma
     C A 241                  !!      0.000      None
     G A 244                  !!      0.000      None
     U A 248                  !!      0.000     delta
     C A 249                  !!      0.000   delta-1
     G A 255                  !!      0.000      None
     U A 267                  !!      0.000      None
     C A 268                  !!      0.000     gamma
     G A 272                  !!      0.000  epsilon-1
     C A 273                  !!      0.000     gamma
     U A 280                  !!      0.000      None
     G A 281                  !!      0.000     gamma
     U A 285                  !!      0.000    zeta-1
     G A 290                  !!      0.000      None
     A A 300                  !!      0.000  epsilon-1
     A A 308                  !!      0.000      None
     U A 311                  !!      0.000     gamma
     G A 312                  !!      0.000     gamma
     C A 313                  !!      0.000      None
  13 suites triaged and 0 incomplete leaving 122 suites
  24/135 suite outliers present
  Average suiteness: 0.759
