
                    ----------Backbone bond lenths----------                   

  All bonds within 4.0 sigma of ideal values.

                    ----------Backbone bond angles----------                   

  residue               atom 1  atom 2  atom 3  sigmas
   A 327    C              O3'     P       OP2   30.18
  1/2961 angle outliers present

                        ----------Sugar pucker----------                       

  residue                  delta   outlier   epsilon   outlier
   A 299    G               80.9        no     117.7       yes
  1/134 pucker outliers present

                  ----------Backbone torsion suites----------                  

  Suite ID                 suite  suiteness  triaged angle
     U A 216                  !!      0.000      None
     C A 217                  !!      0.000      None
     C A 228                  !!      0.000      None
     G A 232                  !!      0.000      None
     U A 239                  !!      0.000     gamma
     A A 240                  !!      0.000      None
     G A 244                  !!      0.000      None
     U A 246                  !!      0.000     gamma
     U A 247                  !!      0.000     gamma
     U A 248                  !!      0.000      None
     G A 254                  !!      0.000      None
     A A 265                  !!      0.000      None
     U A 267                  !!      0.000      None
     C A 268                  !!      0.000      None
     G A 272                  !!      0.000     alpha
     C A 273                  !!      0.000      None
     U A 280                  !!      0.000      beta
     G A 281                  !!      0.000      beta
     C A 287                  !!      0.000      None
     G A 288                  !!      0.000      None
     A A 300                  !!      0.000  epsilon-1
     G A 310                  !!      0.000      None
     G A 312                  !!      0.000    zeta-1
     G A 314                  !!      0.000      None
  8 suites triaged and 0 incomplete leaving 127 suites
  24/135 suite outliers present
  Average suiteness: 0.697
