
                    ----------Backbone bond lenths----------                   

  All bonds within 4.0 sigma of ideal values.

                    ----------Backbone bond angles----------                   

  residue               atom 1  atom 2  atom 3  sigmas
   A 216    U              O3'     C3'     C2'   -5.54
   A 327    C              O3'     P       OP2   30.18
  2/2961 angle outliers present

                        ----------Sugar pucker----------                       

  residue                  delta   outlier   epsilon   outlier
   A 213    G               76.4       yes      30.8       yes
   A 237    A               78.0        no      72.0       yes
   A 299    G               80.9        no     117.6       yes
  3/134 pucker outliers present

                  ----------Backbone torsion suites----------                  

  Suite ID                 suite  suiteness  triaged angle
     U A 214                  !!      0.000  epsilon-1
     G A 215                  !!      0.000      None
     U A 216                  !!      0.000     gamma
     C A 217                  !!      0.000      None
     C A 228                  !!      0.000      None
     G A 232                  !!      0.000      None
     A A 238                  !!      0.000  epsilon-1
     G A 244                  !!      0.000      None
     U A 248                  !!      0.000    zeta-1
     C A 249                  !!      0.000      None
     G A 255                  !!      0.000     gamma
     U A 267                  !!      0.000      None
     C A 268                  !!      0.000     gamma
     C A 273                  !!      0.000     gamma
     G A 281                  !!      0.000     gamma
     C A 287                  !!      0.000     gamma
     G A 288                  !!      0.000     gamma
     A A 300                  !!      0.000  epsilon-1
     A A 308                  !!      0.000      None
     G A 312                  !!      0.000     gamma
     C A 313                  !!      0.000      None
     G A 314                  !!      0.000      None
     A A 332                  !!      0.000     gamma
  13 suites triaged and 0 incomplete leaving 122 suites
  23/135 suite outliers present
  Average suiteness: 0.750
