
Using nuclear cloud x-H distances and vdW radii

Using input model H/D atoms...

Bad Clashes >= 0.4 Angstrom:
 A 212    C  O2'  A 213    G  OP2 :0.944
 A 272    G  H2'  A 272    G  N3  :0.783
 A 239    U  O2'  A 243    C  N4  :0.753
 A 299    G  O2'  A 300    A  O5' :0.716
 A 215    G  O2'  A 216    U  O5' :0.696
 A 299    G  O2'  A 300    A  P   :0.683
 A 265    A  N6   A 267    U  O4' :0.664
 A 285    U  O2'  A 287    C  OP2 :0.607
 A 299    G  C2'  A 300    A  OP2 :0.589
 A 287    C  O2'  A 288    G  O4' :0.588
 A 272    G  C2'  A 272    G  N3  :0.586
 A 244    G  C2   A 254    G  C6  :0.582
 A 212    C  O2   A 332    A  N6  :0.577
 A 238    A  O2'  A 241    C  N4  :0.572
 A 250    G  H8   A 250    G  OP2 :0.545
 A 267    U  OP1  A 268    C  O2' :0.525
 A 272    G  H3'  A 273    C  C5' :0.517
 A 289    U  O2   A 289    U  O4' :0.515
 A 212    C  H4'  A 213    G  O5' :0.512
 A 284    U  N3   A 289    U  O4  :0.506
 A 249    C  H6   A 249    C  O5' :0.499
 A 285    U  O2'  A 286    U  O5' :0.496
 A 272    G  H3'  A 273    C H5'' :0.472
 A 311    U  O2'  A 312    G  OP1 :0.472
 A 239    U  O2'  A 255    G  O6  :0.462
 A 284    U  C5   A 285    U  C4  :0.450
 A 287    C  O2'  A 288    G  P   :0.443
 A 227    U  H2'  A 228    C  OP2 :0.434
 A 313    C  H6   A 313    C  O5' :0.434
 A 227    U  C2'  A 228    C  OP2 :0.430
 A 287    C  H6   A 287    C  O5' :0.425
 A 216    U  H2'  A 216    U  O2  :0.423
 A 306    C  H2'  A 307    A  O4' :0.416
 A 271    G  C2'  A 272    G  OP2 :0.409
 A 331    C  H2'  A 332    A  C8  :0.408
 A 244    G  N3   A 254    G  N1  :0.404
 A 288    G  H2'  A 289    U  O2  :0.401
clashscore = 8.57
