
                    ----------Backbone bond lenths----------                   

  All bonds within 4.0 sigma of ideal values.

                    ----------Backbone bond angles----------                   

  All angles within 4.0 sigma of ideal values.

                        ----------Sugar pucker----------                       

  residue                  delta   outlier   epsilon   outlier
   A 299    G               77.8        no     144.4       yes
  1/134 pucker outliers present

                  ----------Backbone torsion suites----------                  

  Suite ID                 suite  suiteness  triaged angle
     C A 212                  !!      0.000      None
     C A 228                  !!      0.000      None
     U A 248                  !!      0.000      None
     G A 250                  !!      0.000      None
     U A 251                  !!      0.000      None
     A A 265                  !!      0.000      None
     U A 266                  !!      0.000      None
     U A 267                  !!      0.000      None
     G A 270                  !!      0.000      None
     A A 300                  !!      0.000  epsilon-1
     G A 314                  !!      0.000     gamma
  2 suites triaged and 0 incomplete leaving 133 suites
  11/135 suite outliers present
  Average suiteness: 0.806
