
                    ----------Backbone bond lenths----------                   

  All bonds within 4.0 sigma of ideal values.

                    ----------Backbone bond angles----------                   

  All angles within 4.0 sigma of ideal values.

                        ----------Sugar pucker----------                       

  residue                  delta   outlier   epsilon   outlier
   A 299    G               78.8        no      29.1       yes
  1/134 pucker outliers present

                  ----------Backbone torsion suites----------                  

  Suite ID                 suite  suiteness  triaged angle
     C A 217                  !!      0.000      None
     A A 265                  !!      0.000      None
     C A 268                  !!      0.000      None
     G A 270                  !!      0.000      None
     U A 286                  !!      0.000      None
     A A 300                  !!      0.000  epsilon-1
     G A 309                  !!      0.000      None
     G A 310                  !!      0.000      None
  1 suites triaged and 0 incomplete leaving 134 suites
  8/135 suite outliers present
  Average suiteness: 0.809
