
                    ----------Backbone bond lenths----------                   

  All bonds within 4.0 sigma of ideal values.

                    ----------Backbone bond angles----------                   

  All angles within 4.0 sigma of ideal values.

                        ----------Sugar pucker----------                       

  residue                  delta   outlier   epsilon   outlier
   A 299    G               78.5        no      30.5       yes
  1/134 pucker outliers present

                  ----------Backbone torsion suites----------                  

  Suite ID                 suite  suiteness  triaged angle
     C A 212                  !!      0.000      None
     U A 214                  !!      0.000      None
     U A 216                  !!      0.000      None
     C A 228                  !!      0.000      None
     G A 232                  !!      0.000      None
     A A 265                  !!      0.000      None
     U A 266                  !!      0.000      None
     C A 268                  !!      0.000      None
     G A 270                  !!      0.000      None
     G A 281                  !!      0.000      None
     A A 300                  !!      0.000  epsilon-1
     G A 310                  !!      0.000      None
     G A 314                  !!      0.000      None
  1 suites triaged and 0 incomplete leaving 134 suites
  13/135 suite outliers present
  Average suiteness: 0.781
