
                    ----------Backbone bond lenths----------                   

  All bonds within 4.0 sigma of ideal values.

                    ----------Backbone bond angles----------                   

  All angles within 4.0 sigma of ideal values.

                        ----------Sugar pucker----------                       

  residue                  delta   outlier   epsilon   outlier
   A 299    G               79.4        no      28.4       yes
  1/134 pucker outliers present

                  ----------Backbone torsion suites----------                  

  Suite ID                 suite  suiteness  triaged angle
     U A 221                  !!      0.000     gamma
     C A 228                  !!      0.000      None
     G A 255                  !!      0.000      None
     C A 268                  !!      0.000      None
     G A 270                  !!      0.000      None
     G A 288                  !!      0.000      None
     A A 300                  !!      0.000  epsilon-1
  2 suites triaged and 0 incomplete leaving 133 suites
  7/135 suite outliers present
  Average suiteness: 0.835
