
                    ----------Backbone bond lenths----------                   

  All bonds within 4.0 sigma of ideal values.

                    ----------Backbone bond angles----------                   

  All angles within 4.0 sigma of ideal values.

                        ----------Sugar pucker----------                       

  residue                  delta   outlier   epsilon   outlier
   A 299    G               76.5        no     133.6       yes
  1/134 pucker outliers present

                  ----------Backbone torsion suites----------                  

  Suite ID                 suite  suiteness  triaged angle
     G A 213                  !!      0.000      None
     U A 216                  !!      0.000      None
     C A 217                  !!      0.000      None
     C A 228                  !!      0.000      None
     U A 266                  !!      0.000      None
     G A 270                  !!      0.000      None
     U A 280                  !!      0.000      None
     A A 300                  !!      0.000  epsilon-1
     A A 308                  !!      0.000     gamma
     U A 311                  !!      0.000      None
  2 suites triaged and 0 incomplete leaving 133 suites
  10/135 suite outliers present
  Average suiteness: 0.807
