
                    ----------Backbone bond lenths----------                   

  All bonds within 4.0 sigma of ideal values.

                    ----------Backbone bond angles----------                   

  All angles within 4.0 sigma of ideal values.

                        ----------Sugar pucker----------                       

  residue                  delta   outlier   epsilon   outlier
   A 299    G               78.7        no     154.5       yes
  1/134 pucker outliers present

                  ----------Backbone torsion suites----------                  

  Suite ID                 suite  suiteness  triaged angle
     G A 213                  !!      0.000      None
     U A 216                  !!      0.000     gamma
     C A 217                  !!      0.000     alpha
     C A 228                  !!      0.000      None
     G A 250                  !!      0.000     gamma
     A A 265                  !!      0.000      None
     C A 268                  !!      0.000      None
     G A 269                  !!      0.000      None
     A A 300                  !!      0.000  epsilon-1
     U A 311                  !!      0.000      None
     G A 312                  !!      0.000     gamma
  5 suites triaged and 0 incomplete leaving 130 suites
  11/135 suite outliers present
  Average suiteness: 0.819
