
Using nuclear cloud x-H distances and vdW radii

Using input model H/D atoms...

Bad Clashes >= 0.4 Angstrom:
 A 227    U  O2'  A 228    C  OP1 :0.966
 A 216    U  H3'  A 216    U  O2  :0.873
 A 281    G  H3'  A 281    G  OP1 :0.820
 A 313    C  O2   A 313    C  OP2 :0.799
 A 254    G  O2'  A 255    G  OP1 :0.708
 A 327    C  O2'  A 328    G  OP1 :0.701
 A 272    G  O2'  A 273    C  P   :0.700
 A 279    A  O2'  A 280    U  P   :0.689
 A 254    G  O2'  A 255    G  P   :0.688
 A 216    U  C3'  A 216    U  O2  :0.667
 A 212    C  O2'  A 213    G  O5' :0.665
 A 231    G  O2'  A 232    G  OP1 :0.660
 A 267    U  C6   A 267    U  OP1 :0.621
 A 299    G  O2'  A 300    A  O5' :0.594
 A 285    U  H6   A 285    U  OP1 :0.574
 A 271    G  O2'  A 272    G  OP1 :0.567
 A 216    U  C2'  A 216    U  O2  :0.555
 A 279    A  C2'  A 280    U  OP1 :0.537
 A 285    U  C6   A 285    U  OP1 :0.533
 A 231    G  H4'  A 232    G  OP1 :0.525
 A 327    C  O2'  A 328    G  P   :0.491
 A 266    U  O2'  A 268    C  O2' :0.482
 A 311    U  O2   A 312    G  N1  :0.473
 A 241    C  H2'  A 242    A  C8  :0.471
 A 213    G  C6   A 214    U  C2  :0.469
 A 242    A  C2   A 255    G  C2  :0.455
 A 238    A  N6   A 252    C  OP1 :0.446
 A 281    G  H8   A 281    G  P   :0.437
 A 219    C  H2'  A 220    U  C6  :0.435
 A 220    U  O2   A 328    G  N2  :0.431
 A 258    C  H6   A 258    C  O5' :0.425
 A 212    C  O2'  A 213    G  C8  :0.416
 A 212    C  H4'  A 213    G  O5' :0.411
 A 227    U  O2'  A 228    C  P   :0.411
 A 279    A  O2'  A 280    U  OP1 :0.407
 A 242    A  H2'  A 243    C  C6  :0.407
 A 311    U  O2'  A 312    G  N3  :0.403
 A 281    G  C8   A 281    G  P   :0.400
clashscore = 8.80
