
                    ----------Backbone bond lenths----------                   

  All bonds within 4.0 sigma of ideal values.

                    ----------Backbone bond angles----------                   

  residue               atom 1  atom 2  atom 3  sigmas
   A 213    G              O3'     P       OP2    4.84
   A 238    A              O3'     P       OP2    4.31
   A 254    G              O3'     P       OP1   33.64
   A 258    C              O3'     P       OP2    4.13
   A 267    U              C4'     C3'     C2'    7.64
   A 267    U              O3'     P       OP1   -4.25
   A 267    U              O3'     P       OP2    6.06
   A 280    U              O3'     P       OP2    5.69
  8/2961 angle outliers present

                        ----------Sugar pucker----------                       

  residue                  delta   outlier   epsilon   outlier
   A 227    U               79.5       yes      45.5       yes
   A 238    A              163.3       yes     274.0        no
   A 279    A               79.2        no     102.8       yes
   A 299    G               80.8        no      26.6       yes
  4/134 pucker outliers present

                  ----------Backbone torsion suites----------                  

  Suite ID                 suite  suiteness  triaged angle
     G A 213                  !!      0.000      None
     C A 217                  !!      0.000     gamma
     C A 228                  !!      0.000  epsilon-1
     G A 232                  !!      0.000     alpha
     A A 238                  !!      0.000      None
     U A 239                  !!      0.000      None
     U A 248                  !!      0.000      None
     G A 255                  !!      0.000     gamma
     U A 267                  !!      0.000      None
     C A 268                  !!      0.000     gamma
     G A 272                  !!      0.000      None
     C A 273                  !!      0.000     gamma
     U A 280                  !!      0.000  epsilon-1
     G A 281                  !!      0.000    zeta-1
     U A 285                  !!      0.000      None
     G A 290                  !!      0.000      None
     A A 300                  !!      0.000  epsilon-1
     G A 312                  !!      0.000      None
  9 suites triaged and 0 incomplete leaving 126 suites
  18/135 suite outliers present
  Average suiteness: 0.774
