
Using nuclear cloud x-H distances and vdW radii

Using input model H/D atoms...

Bad Clashes >= 0.4 Angstrom:
 A 216    U  H3'  A 216    U  OP1 :0.936
 A 216    U  O2'  A 217    C  OP2 :0.814
 A 227    U  O2'  A 228    C  OP1 :0.798
 A 308    A  O2'  A 309    G  P   :0.751
 A 255    G  C8   A 255    G  OP2 :0.717
 A 255    G  H8   A 255    G  OP2 :0.714
 A 232    G  H8   A 232    G  OP2 :0.705
 A 308    A  O2'  A 309    G  O5' :0.673
 A 232    G  C8   A 232    G  OP2 :0.633
 A 299    G  O2'  A 300    A  O5' :0.594
 A 308    A  O2'  A 309    G  OP2 :0.567
 A 284    U  O2   A 287    C  N4  :0.513
 A 281    G  H4'  A 281    G  OP1 :0.512
 A 266    U  O2   A 312    G  N2  :0.503
 A 242    A  C2   A 255    G  C2  :0.494
 A 254    G  C2'  A 255    G  OP2 :0.472
 A 220    U  H6   A 220    U  O5' :0.468
 A 258    C  H6   A 258    C  OP2 :0.458
 A 227    U  H4'  A 228    C  OP1 :0.456
 A 308    A  H4'  A 309    G  O5' :0.454
 A 309    G  H2'  A 310    G  O4' :0.446
 A 220    U  O2   A 328    G  C2  :0.435
 A 268    C  O3'  A 268    C  OP1 :0.428
 A 257    G  C2   A 258    C  C2  :0.421
 A 310    G  H2'  A 311    U  O4' :0.412
 A 216    U  H4'  A 217    C  O5' :0.412
 A 219    C  H2'  A 220    U  C6  :0.410
 A 272    G  N1   A 293    U  OP2 :0.404
 A 241    C  H2'  A 242    A  C8  :0.404
clashscore = 6.72
