
Using nuclear cloud x-H distances and vdW radii

Using input model H/D atoms...

Bad Clashes >= 0.4 Angstrom:
 A 216    U  H3'  A 216    U  OP1 :0.855
 A 227    U  O2'  A 228    C  OP1 :0.792
 A 242    A  N7   A 255    G  N2  :0.663
 A 310    G  H8   A 310    G  O5' :0.646
 A 216    U  C3'  A 216    U  OP1 :0.639
 A 212    C  O2'  A 213    G  O5' :0.637
 A 214    U  H6   A 214    U  OP2 :0.585
 A 269    G  OP2  A 312    G  O2' :0.584
 A 310    G  O2'  A 311    U  OP2 :0.571
 A 239    U  C6   A 239    U  OP2 :0.557
 A 255    G  H8   A 255    G  OP2 :0.546
 A 310    G  C2'  A 311    U  OP2 :0.542
 A 271    G  O2'  A 273    C  OP1 :0.534
 A 307    A  O2'  A 308    A  O4' :0.527
 A 266    U  O2'  A 268    C  O2' :0.527
 A 239    U  H6   A 239    U  OP2 :0.525
 A 288    G  O2'  A 290    G  OP2 :0.507
 A 255    G  C8   A 255    G  OP2 :0.491
 A 310    G  O4'  A 312    G  N2  :0.489
 A 216    U  C2'  A 216    U  OP1 :0.470
 A 299    G  O2'  A 300    A  O5' :0.458
 A 227    U  H4'  A 228    C  OP1 :0.442
 A 216    U  H2'  A 216    U  OP1 :0.438
 A 232    G  N2   A 264    A  N7  :0.436
 A 221    U  H4'  A 222    G  H5' :0.416
 A 212    C  H4'  A 213    G  O5' :0.411
 A 214    U  C6   A 214    U  OP2 :0.409
 A 306    C  H2'  A 307    A  O4' :0.409
 A 308    A  H8   A 308    A  O5' :0.405
 A 279    A  C2   A 280    U  C5  :0.402
 A 221    U  H3'  A 221    U  OP2 :0.402
 A 285    U  H6   A 285    U  O5' :0.400
clashscore = 7.41
