
                    ----------Backbone bond lenths----------                   

  All bonds within 4.0 sigma of ideal values.

                    ----------Backbone bond angles----------                   

  residue               atom 1  atom 2  atom 3  sigmas
   A 216    U              O3'     C3'     C2'    4.44
   A 258    C              O3'     P       OP1   -6.69
   A 258    C              O3'     P       OP2    9.04
   A 267    U              C4'     C3'     C2'   -4.02
   A 267    U              O3'     C3'     C2'  -14.82
   A 280    U              C3'     C2'     C1'    4.17
   A 289    U              O3'     P       OP1   31.81
  7/2961 angle outliers present

                        ----------Sugar pucker----------                       

  residue                  delta   outlier   epsilon   outlier
   A 213    G               81.8       yes      31.8       yes
   A 227    U               79.5       yes      45.9       yes
   A 267    U               66.7        no      76.5       yes
   A 279    A               79.2        no     147.4       yes
   A 299    G               80.8        no      30.4       yes
  5/134 pucker outliers present

                  ----------Backbone torsion suites----------                  

  Suite ID                 suite  suiteness  triaged angle
     U A 214                  !!      0.000  epsilon-1
     U A 216                  !!      0.000      None
     U A 221                  !!      0.000      None
     G A 222                  !!      0.000      None
     C A 228                  !!      0.000  epsilon-1
     G A 232                  !!      0.000     alpha
     U A 248                  !!      0.000      None
     G A 255                  !!      0.000     gamma
     U A 267                  !!      0.000      None
     C A 268                  !!      0.000  epsilon-1
     C A 273                  !!      0.000      None
     U A 280                  !!      0.000  epsilon-1
     G A 281                  !!      0.000     gamma
     U A 286                  !!      0.000      None
     G A 290                  !!      0.000    zeta-1
     A A 300                  !!      0.000  epsilon-1
     G A 310                  !!      0.000      None
     G A 312                  !!      0.000     gamma
     G A 314                  !!      0.000     gamma
     G A 333                  !!      0.000      None
  11 suites triaged and 0 incomplete leaving 124 suites
  20/135 suite outliers present
  Average suiteness: 0.770
