
                    ----------Backbone bond lenths----------                   

  All bonds within 4.0 sigma of ideal values.

                    ----------Backbone bond angles----------                   

  residue               atom 1  atom 2  atom 3  sigmas
   A 213    G              C3'     C2'     C1'    4.24
   A 213    G              C4'     C3'     C2'    5.89
   A 213    G              O4'     C4'     C3'    8.70
   A 213    G              O3'     P       OP1   21.83
   A 213    G              O3'     P       OP2    9.21
   A 216    U              O3'     P       OP1   18.85
   A 216    U              O3'     P       OP2  -11.49
   A 238    A              O3'     P       OP2    4.66
   A 258    C              O3'     P       OP1   -4.77
   A 258    C              O3'     P       OP2    6.63
   A 267    U              O3'     P       OP2    5.40
   A 272    G              O3'     P       OP1   18.85
   A 272    G              O3'     P       OP2  -11.51
   A 280    U              O3'     P       OP2    4.96
   A 313    C              O3'     P       OP1    6.60
   A 313    C              O3'     P       OP2   24.55
   A 327    C              O3'     P       OP2    4.49
  17/2961 angle outliers present

                        ----------Sugar pucker----------                       

  residue                  delta   outlier   epsilon   outlier
   A 227    U               79.5       yes      49.1       yes
   A 238    A               81.7        no     147.8       yes
   A 267    U               82.7       yes      25.4       yes
   A 271    G               81.1        no     140.2       yes
   A 286    U              135.6        no      62.3       yes
   A 299    G               80.8        no      28.4       yes
  6/134 pucker outliers present

                  ----------Backbone torsion suites----------                  

  Suite ID                 suite  suiteness  triaged angle
     U A 214                  !!      0.000      None
     G A 222                  !!      0.000     gamma
     C A 228                  !!      0.000  epsilon-1
     G A 232                  !!      0.000     alpha
     U A 239                  !!      0.000  epsilon-1
     C A 243                  !!      0.000      None
     U A 248                  !!      0.000      None
     U A 267                  !!      0.000      None
     C A 268                  !!      0.000  epsilon-1
     G A 272                  !!      0.000  epsilon-1
     U A 280                  !!      0.000      None
     G A 281                  !!      0.000      None
     C A 287                  !!      0.000  epsilon-1
     U A 289                  !!      0.000     gamma
     G A 290                  !!      0.000    zeta-1
     A A 300                  !!      0.000  epsilon-1
     A A 308                  !!      0.000      None
     G A 309                  !!      0.000      None
     U A 311                  !!      0.000      None
     G A 312                  !!      0.000      None
     C A 313                  !!      0.000      None
     G A 314                  !!      0.000      None
     C A 331                  !!      0.000      None
     G A 333                  !!      0.000      None
  10 suites triaged and 0 incomplete leaving 125 suites
  24/135 suite outliers present
  Average suiteness: 0.743
