
                    ----------Backbone bond lenths----------                   

  All bonds within 4.0 sigma of ideal values.

                    ----------Backbone bond angles----------                   

  residue               atom 1  atom 2  atom 3  sigmas
   A 221    U              O3'     P       OP2    4.71
   A 258    C              O3'     P       OP2    4.22
   A 267    U              O3'     P       OP1    4.33
   A 272    G              O3'     P       OP1    4.02
   A 280    U              O3'     P       OP1    6.75
   A 280    U              O3'     P       OP2   24.39
   A 284    U              C4'     C3'     C2'    5.03
  7/2961 angle outliers present

                        ----------Sugar pucker----------                       

  residue                  delta   outlier   epsilon   outlier
   A 212    C               85.2       yes      25.1       yes
   A 227    U               79.5       yes      41.7       yes
   A 299    G               80.9        no      27.6       yes
  3/134 pucker outliers present

                  ----------Backbone torsion suites----------                  

  Suite ID                 suite  suiteness  triaged angle
     G A 213                  !!      0.000  epsilon-1
     U A 214                  !!      0.000      None
     C A 217                  !!      0.000      None
     U A 220                  !!      0.000      None
     U A 221                  !!      0.000      None
     G A 222                  !!      0.000      None
     C A 228                  !!      0.000  epsilon-1
     U A 239                  !!      0.000     gamma
     U A 248                  !!      0.000      None
     G A 255                  !!      0.000     gamma
     U A 267                  !!      0.000     gamma
     C A 268                  !!      0.000      beta
     C A 273                  !!      0.000      None
     G A 281                  !!      0.000     gamma
     U A 286                  !!      0.000     gamma
     C A 287                  !!      0.000     alpha
     G A 290                  !!      0.000      None
     A A 300                  !!      0.000  epsilon-1
     A A 307                  !!      0.000     gamma
     U A 311                  !!      0.000      None
     C A 313                  !!      0.000     gamma
     G A 314                  !!      0.000      None
     G A 328                  !!      0.000     gamma
  13 suites triaged and 0 incomplete leaving 122 suites
  23/135 suite outliers present
  Average suiteness: 0.750
