
                    ----------Backbone bond lenths----------                   

  All bonds within 4.0 sigma of ideal values.

                    ----------Backbone bond angles----------                   

  residue               atom 1  atom 2  atom 3  sigmas
   A 238    A              O3'     P       OP1   33.72
   A 238    A              O3'     P       OP2   -5.47
   A 254    G              O3'     P       OP1   -8.46
   A 254    G              O3'     P       OP2   11.70
   A 272    G              O3'     P       OP1   -7.98
   A 272    G              O3'     P       OP2   11.05
   A 310    G              C4'     C3'     C2'    4.53
   A 327    C              O3'     P       OP2    5.08
  8/2961 angle outliers present

                        ----------Sugar pucker----------                       

  residue                  delta   outlier   epsilon   outlier
   A 216    U               78.5        no      31.5       yes
   A 227    U               79.5       yes      42.4       yes
   A 272    G               86.0        no     329.6       yes
   A 299    G               80.9        no      33.1       yes
   A 308    A               85.9        no      75.9       yes
   A 313    C               84.9        no     315.5       yes
  6/134 pucker outliers present

                  ----------Backbone torsion suites----------                  

  Suite ID                 suite  suiteness  triaged angle
     C A 212                  !!      0.000     gamma
     U A 214                  !!      0.000     gamma
     C A 217                  !!      0.000  epsilon-1
     C A 228                  !!      0.000  epsilon-1
     G A 232                  !!      0.000     alpha
     A A 238                  !!      0.000      None
     U A 239                  !!      0.000      None
     U A 248                  !!      0.000      None
     G A 255                  !!      0.000     gamma
     C A 258                  !!      0.000     gamma
     C A 268                  !!      0.000     gamma
     C A 273                  !!      0.000  epsilon-1
     G A 281                  !!      0.000     gamma
     U A 285                  !!      0.000      None
     U A 293                  !!      0.000     alpha
     A A 300                  !!      0.000  epsilon-1
     G A 309                  !!      0.000  epsilon-1
     G A 312                  !!      0.000     gamma
     C A 313                  !!      0.000     gamma
     G A 314                  !!      0.000  epsilon-1
  16 suites triaged and 0 incomplete leaving 119 suites
  20/135 suite outliers present
  Average suiteness: 0.801
