
Using nuclear cloud x-H distances and vdW radii

Using input model H/D atoms...

Bad Clashes >= 0.4 Angstrom:
 A 239    U  C6   A 239    U  OP1 :0.886
 A 213    G  H2'  A 213    G  N3  :0.829
 A 255    G  H8   A 255    G  OP2 :0.758
 A 271    G  O2'  A 272    G  O4' :0.751
 A 227    U  O2'  A 228    C  OP1 :0.732
 A 239    U  H6   A 239    U  OP1 :0.683
 A 212    C  O2'  A 213    G  OP2 :0.679
 A 271    G  O2'  A 272    G  O5' :0.610
 A 286    U  O2'  A 288    G  OP2 :0.600
 A 266    U  O2'  A 268    C  O2' :0.594
 A 288    G  H8   A 288    G  O5' :0.577
 A 311    U  H6   A 311    U  OP1 :0.567
 A 255    G  C8   A 255    G  OP2 :0.558
 A 299    G  O2'  A 300    A  O5' :0.540
 A 213    G  C2'  A 213    G  N3  :0.536
 A 238    A  N3   A 238    A  O5' :0.515
 A 213    G  N7   A 333    G  N2  :0.502
 A 239    U  C5   A 239    U  OP1 :0.466
 A 238    A  C4'  A 239    U  OP1 :0.451
 A 272    G  C8   A 273    C  C5  :0.436
 A 288    G  C8   A 288    G  O5' :0.433
 A 212    C  H6   A 212    C  O5' :0.430
 A 232    G  C8   A 232    G  OP2 :0.429
 A 271    G  C2'  A 272    G  O5' :0.425
 A 220    U  H6   A 220    U  O5' :0.423
 A 220    U  O2   A 328    G  C2  :0.423
 A 219    C  H2'  A 220    U  C6  :0.416
 A 238    A  N6   A 255    G  O6  :0.416
 A 238    A  N7   A 241    C  N4  :0.408
 A 308    A  H2'  A 309    G  C8  :0.407
 A 269    G  N7   A 312    G  C6  :0.400
clashscore = 7.18
