
Using nuclear cloud x-H distances and vdW radii

Using input model H/D atoms...

Bad Clashes >= 0.4 Angstrom:
 A 272    G  O3'  A 272    G  OP1 :0.883
 A 289    U  C6   A 289    U  P   :0.804
 A 227    U  O2'  A 228    C  P   :0.792
 A 288    G  N2   A 288    G  OP2 :0.777
 A 292    C  O2'  A 293    U  OP1 :0.761
 A 272    G  C3'  A 272    G  OP1 :0.756
 A 255    G  H8   A 255    G  OP2 :0.745
 A 255    G  C8   A 255    G  OP2 :0.737
 A 267    U  O2'  A 268    C  OP2 :0.710
 A 272    G  O2'  A 273    C  OP2 :0.659
 A 292    C  O2'  A 293    U  P   :0.614
 A 214    U  H6   A 214    U  P   :0.597
 A 289    U  C5   A 289    U  OP2 :0.587
 A 289    U  C6   A 289    U  OP1 :0.566
 A 313    C  O4'  A 313    C  OP2 :0.564
 A 227    U  O2'  A 228    C  OP2 :0.542
 A 227    U  O2'  A 228    C  OP1 :0.534
 A 284    U  N3   A 288    G  O6  :0.533
 A 299    G  O2'  A 300    A  O5' :0.528
 A 289    U  H3'  A 289    U  OP1 :0.527
 A 267    U  O3'  A 268    C  H4' :0.515
 A 289    U  H6   A 289    U  P   :0.514
 A 214    U  H3'  A 214    U  OP1 :0.499
 A 214    U  C6   A 214    U  P   :0.494
 A 306    C  H2'  A 307    A  O4' :0.483
 A 280    U  H3'  A 281    G  C5' :0.476
 A 311    U  H6   A 311    U  O5' :0.464
 A 280    U  H3'  A 281    G H5'' :0.462
 A 292    C  C2'  A 293    U  O5' :0.457
 A 313    C  O2'  A 314    G  O5' :0.446
 A 288    G  H2'  A 288    G  N3  :0.446
 A 242    A  C2   A 255    G  C2  :0.443
 A 289    U  C6   A 289    U  OP2 :0.439
 A 219    C  H2'  A 220    U  C6  :0.434
 A 220    U  O2   A 328    G  C2  :0.427
 A 292    C  C4   A 293    U  C5  :0.426
 A 308    A  C3'  A 309    G  C5' :0.420
 A 271    G H5''  A 272    G  OP2 :0.417
 A 267    U  O2'  A 268    C  P   :0.410
 A 220    U  O2   A 328    G  N2  :0.409
 A 272    G  C3'  A 272    G  P   :0.407
 A 272    G  H3'  A 272    G  OP1 :0.400
clashscore = 9.73
