
                    ----------Backbone bond lenths----------                   

  All bonds within 4.0 sigma of ideal values.

                    ----------Backbone bond angles----------                   

  All angles within 4.0 sigma of ideal values.

                        ----------Sugar pucker----------                       

  All puckers have reasonable geometry.

                  ----------Backbone torsion suites----------                  

  Suite ID                 suite  suiteness  triaged angle
     C A 210                  !!      0.000      None
     G A 214                  !!      0.000     alpha
     A A 224                  !!      0.000      None
     C A 225                  !!      0.000      None
     U A 230                  !!      0.000     gamma
     U A 249                  !!      0.000      None
     G A 251                  !!      0.000      None
     G A 282                  !!      0.000      None
     C A 283                  !!      0.000      None
     A A 290                  !!      0.000     gamma
     G A 296                  !!      0.000      None
  3 suites triaged and 0 incomplete leaving 132 suites
  11/135 suite outliers present
  Average suiteness: 0.822
