
                    ----------Backbone bond lenths----------                   

  All bonds within 4.0 sigma of ideal values.

                    ----------Backbone bond angles----------                   

  All angles within 4.0 sigma of ideal values.

                        ----------Sugar pucker----------                       

  All puckers have reasonable geometry.

                  ----------Backbone torsion suites----------                  

  Suite ID                 suite  suiteness  triaged angle
     C A 210                  !!      0.000      None
     G A 214                  !!      0.000      None
     A A 224                  !!      0.000      None
     C A 225                  !!      0.000      None
     U A 233                  !!      0.000      None
     U A 249                  !!      0.000      None
     C A 250                  !!      0.000      None
     G A 270                  !!      0.000      None
     G A 272                  !!      0.000      None
     G A 282                  !!      0.000     gamma
     U A 293                  !!      0.000      None
     G A 296                  !!      0.000      None
  1 suites triaged and 0 incomplete leaving 134 suites
  12/135 suite outliers present
  Average suiteness: 0.786
