
                    ----------Backbone bond lenths----------                   

  All bonds within 4.0 sigma of ideal values.

                    ----------Backbone bond angles----------                   

  residue               atom 1  atom 2  atom 3  sigmas
   A  39    C              C4'     C3'     C2'    6.49
   A 135    C              C4'     C3'     C2'    4.86
  2/3357 angle outliers present

                        ----------Sugar pucker----------                       

  residue                  delta   outlier   epsilon   outlier
   A   9    A               79.7        no     133.0       yes
   A  64    U               81.3       yes      28.1       yes
   A 113    G               80.9        no      37.4       yes
  3/152 pucker outliers present

                  ----------Backbone torsion suites----------                  

  Suite ID                 suite  suiteness  triaged angle
     C A  10                  !!      0.000  epsilon-1
     C A  24                  !!      0.000     gamma
     G A  27                  !!      0.000      None
     C A  36                  !!      0.000     gamma
     U A  47                  !!      0.000     gamma
     U A  48                  !!      0.000     gamma
     G A  57                  !!      0.000     gamma
     U A  64                  !!      0.000    zeta-1
     U A  65                  !!      0.000  epsilon-1
     U A  74                  !!      0.000      None
     C A  78                  !!      0.000      None
     A A  88                  !!      0.000     gamma
     G A  89                  !!      0.000      None
     U A  96                  !!      0.000    zeta-1
     U A  97                  !!      0.000      None
     A A 114                  !!      0.000  epsilon-1
     A A 120                  !!      0.000     gamma
     A A 124                  !!      0.000     gamma
     G A 132                  !!      0.000      None
     C A 136                  !!      0.000     gamma
     U A 147                  !!      0.000      None
     U A 148                  !!      0.000     gamma
     U A 149                  !!      0.000      None
  15 suites triaged and 0 incomplete leaving 138 suites
  23/153 suite outliers present
  Average suiteness: 0.784
