
Using nuclear cloud x-H distances and vdW radii

Using input model H/D atoms...

Bad Clashes >= 0.4 Angstrom:
 A  10    C  O4'  A  10    C  OP1 :1.070
 A 135    C  C5   A 135    C  OP2 :0.787
 A  87    U  O2'  A  88    A  O5' :0.755
 A  72    G  O2'  A  75    C  N4  :0.754
 A 135    C  C6   A 135    C  OP2 :0.751
 A  15    C  H6   A  15    C  OP2 :0.726
 A 100    U  H6   A 100    U  O5' :0.719
 A 146    G  O2'  A 149    U  O4  :0.715
 A 113    G  O2'  A 114    A  O5' :0.705
 A  87    U  H4'  A  88    A  OP1 :0.684
 A  15    C  C6   A  15    C  OP2 :0.668
 A  47    U  O2'  A  49    A  OP2 :0.644
 A  10    C  O4'  A  10    C  P   :0.587
 A 100    U  C6   A 100    U  O5' :0.576
 A  66    G  H8   A  66    G  OP1 :0.574
 A  77    U  H6   A  77    U  O5' :0.565
 A 119    A  H8   A 119    A  OP2 :0.556
 A  73    A  O2'  A  77    U  OP2 :0.517
 A   9    A  C2'  A  10    C  OP1 :0.506
 A   9    A  O2'  A  10    C  P   :0.499
 A  38    G  H2'  A  39    C  C6  :0.456
 A  87    U  C4'  A  88    A  OP1 :0.449
 A 119    A  C8   A 119    A  OP2 :0.434
 A 120    A  C8   A 120    A  OP2 :0.429
 A 123    U  C2'  A 124    A  H5' :0.424
 A  27    G  C5   A  28    U  C4  :0.416
 A  23    A  N6   A 135    C  O2  :0.415
 A   9    A  H2'  A  10    C  OP1 :0.412
 A 135    C  H6   A 135    C  O5' :0.407
 A   9    A  O2'  A  10    C  OP2 :0.404
clashscore = 6.14
