
                    ----------Backbone bond lenths----------                   

  All bonds within 4.0 sigma of ideal values.

                    ----------Backbone bond angles----------                   

  residue               atom 1  atom 2  atom 3  sigmas
   A  15    C              O3'     P       OP1   35.07
   A  47    U              O3'     P       OP2    5.05
   A  88    A              O3'     P       OP1    7.63
   A  88    A              O3'     P       OP2   23.45
   A 148    U              O3'     P       OP2    4.85
  5/3357 angle outliers present

                        ----------Sugar pucker----------                       

  residue                  delta   outlier   epsilon   outlier
   A   9    A               79.7        no     133.0       yes
   A 113    G               80.9        no      37.3       yes
  2/152 pucker outliers present

                  ----------Backbone torsion suites----------                  

  Suite ID                 suite  suiteness  triaged angle
     C A  10                  !!      0.000  epsilon-1
     U A  21                  !!      0.000      None
     A A  22                  !!      0.000      None
     A A  23                  !!      0.000      None
     C A  36                  !!      0.000     gamma
     U A  47                  !!      0.000     gamma
     U A  48                  !!      0.000     gamma
     G A  66                  !!      0.000     alpha
     U A  74                  !!      0.000      None
     C A  78                  !!      0.000     gamma
     A A  88                  !!      0.000     gamma
     G A  89                  !!      0.000     gamma
     A A 114                  !!      0.000  epsilon-1
     A A 120                  !!      0.000     gamma
     A A 124                  !!      0.000     gamma
     G A 132                  !!      0.000      None
     C A 136                  !!      0.000     gamma
     U A 149                  !!      0.000      None
  12 suites triaged and 0 incomplete leaving 141 suites
  18/153 suite outliers present
  Average suiteness: 0.767
