
Using nuclear cloud x-H distances and vdW radii

Using input model H/D atoms...

Bad Clashes >= 0.4 Angstrom:
 A  10    C  O4'  A  10    C  OP1 :1.069
 A 136    C  O4'  A 136    C  OP1 :0.979
 A 136    C  C6   A 136    C  OP1 :0.923
 A 136    C  O4'  A 136    C  P   :0.732
 A 113    G  O2'  A 114    A  O5' :0.705
 A  57    G  H3'  A  57    G  N3  :0.617
 A  22    A  H3'  A  22    A  OP2 :0.604
 A  22    A  O2'  A  23    A  P   :0.602
 A  72    G  N2   A  76    A  N1  :0.588
 A  10    C  O4'  A  10    C  P   :0.587
 A  65    U  O2'  A  67    C  OP2 :0.583
 A  55    U  O2'  A  57    G  N7  :0.583
 A  76    A  H8   A  76    A  O5' :0.582
 A  64    U  O2'  A  66    G  OP1 :0.575
 A 136    C  C1'  A 136    C  OP1 :0.573
 A  23    A  N6   A 135    C  O2  :0.573
 A 119    A  H8   A 119    A  OP2 :0.556
 A 135    C  H6   A 135    C  O5' :0.529
 A  22    A  H2'  A  22    A  OP2 :0.519
 A   9    A  C2'  A  10    C  OP1 :0.505
 A  73    A  O2'  A  77    U  O2  :0.501
 A   9    A  O2'  A  10    C  P   :0.499
 A  21    U  H6   A  21    U  OP2 :0.498
 A  66    G  C8   A  66    G  OP1 :0.498
 A 135    C  C6   A 135    C  O5' :0.493
 A  22    A  C2'  A  22    A  OP2 :0.476
 A 136    C  H6   A 136    C  OP1 :0.475
 A  22    A  C3'  A  22    A  OP2 :0.474
 A  22    A  O2'  A  23    A  OP2 :0.473
 A  22    A  N6   A 135    C  O2  :0.463
 A  66    G  H8   A  66    G  OP1 :0.463
 A  54    U  O2   A  57    G  N1  :0.454
 A  15    C  H6   A  15    C  O5' :0.439
 A 119    A  C8   A 119    A  OP2 :0.435
 A 120    A  C8   A 120    A  OP2 :0.429
 A 123    U  C2'  A 124    A  H5' :0.424
 A  27    G  C6   A 132    G  C2  :0.423
 A  97    U  H6   A  97    U  O5' :0.423
 A 136    C  N1   A 136    C  OP1 :0.421
 A  73    A  C2   A  77    U  O2' :0.420
 A   9    A  H2'  A  10    C  OP1 :0.413
 A  38    G  C2   A  39    C  C2  :0.409
 A   9    A  O2'  A  10    C  OP2 :0.403
 A  27    G  C5   A  28    U  C4  :0.402
 A 135    C  H2'  A 136    C  OP1 :0.402
clashscore = 9.21
