
Using nuclear cloud x-H distances and vdW radii

Using input model H/D atoms...

Bad Clashes >= 0.4 Angstrom:
 A  10    C  O4'  A  10    C  OP1 :1.069
 A  65    U  H6   A  65    U  OP2 :0.925
 A  65    U  C6   A  65    U  P   :0.801
 A  65    U  C6   A  65    U  OP2 :0.766
 A  65    U  C6   A  65    U  OP1 :0.709
 A  65    U  C5   A  65    U  OP1 :0.707
 A 113    G  O2'  A 114    A  O5' :0.706
 A  99    G  C4'  A  99    G  OP1 :0.650
 A  99    G  O4'  A  99    G  P   :0.635
 A  65    U  H2'  A  65    U  O2  :0.632
 A  41    G  N2   A  75    C  O2  :0.628
 A  99    G  O4'  A  99    G  OP1 :0.613
 A  54    U  H6   A  54    U  O5' :0.596
 A  10    C  O4'  A  10    C  P   :0.588
 A  65    U  H6   A  65    U  P   :0.558
 A 119    A  H8   A 119    A  OP2 :0.556
 A  27    G  H2'  A  28    U  C6  :0.521
 A  75    C  H6   A  75    C  O5' :0.520
 A  77    U  H6   A  77    U  O5' :0.517
 A   9    A  C2'  A  10    C  OP1 :0.505
 A   9    A  O2'  A  10    C  P   :0.499
 A  65    U  O4'  A  65    U  OP2 :0.498
 A  99    G  H4'  A  99    G  OP1 :0.494
 A 135    C  H6   A 135    C  OP2 :0.492
 A  54    U  O2'  A  57    G  O6  :0.481
 A  66    G  C8   A  66    G  OP2 :0.479
 A  14    A  C2   A  15    C  N4  :0.477
 A  98    C  O2'  A  99    G  O5' :0.458
 A 135    C  C6   A 135    C  OP2 :0.454
 A  75    C  C5   A  77    U  O4  :0.445
 A 119    A  C8   A 119    A  OP2 :0.435
 A 120    A  C8   A 120    A  OP2 :0.429
 A 123    U  C2'  A 124    A  H5' :0.424
 A  76    A  C8   A  76    A  OP2 :0.419
 A  54    U  C6   A  54    U  O5' :0.417
 A  76    A  H8   A  76    A  O5' :0.416
 A  40    A  N1   A  72    G  N1  :0.415
 A  27    G  C6   A 132    G  C2  :0.414
 A   9    A  H2'  A  10    C  OP1 :0.413
 A  72    G  N2   A  76    A  N1  :0.410
 A   9    A  O2'  A  10    C  OP2 :0.403
clashscore = 8.39
