
                    ----------Backbone bond lenths----------                   

  All bonds within 4.0 sigma of ideal values.

                    ----------Backbone bond angles----------                   

  residue               atom 1  atom 2  atom 3  sigmas
   A  96    U              C4'     C3'     C2'    4.01
  1/3357 angle outliers present

                        ----------Sugar pucker----------                       

  residue                  delta   outlier   epsilon   outlier
   A   9    A               79.7        no     133.0       yes
   A 113    G               80.9        no      37.4       yes
  2/152 pucker outliers present

                  ----------Backbone torsion suites----------                  

  Suite ID                 suite  suiteness  triaged angle
     C A  10                  !!      0.000  epsilon-1
     C A  36                  !!      0.000     gamma
     U A  47                  !!      0.000      None
     U A  48                  !!      0.000      None
     U A  55                  !!      0.000      None
     C A  56                  !!      0.000      None
     U A  64                  !!      0.000    zeta-1
     U A  65                  !!      0.000      None
     G A  66                  !!      0.000     gamma
     A A  73                  !!      0.000      None
     A A  76                  !!      0.000      None
     A A  88                  !!      0.000     gamma
     G A  89                  !!      0.000     gamma
     C A  98                  !!      0.000     alpha
     G A  99                  !!      0.000      beta
     A A 114                  !!      0.000  epsilon-1
     A A 120                  !!      0.000     gamma
     A A 124                  !!      0.000     gamma
     G A 132                  !!      0.000      None
     C A 135                  !!      0.000      None
     C A 136                  !!      0.000     gamma
     U A 147                  !!      0.000     gamma
     U A 148                  !!      0.000      None
     U A 149                  !!      0.000     gamma
  14 suites triaged and 0 incomplete leaving 139 suites
  24/153 suite outliers present
  Average suiteness: 0.788
