
Using nuclear cloud x-H distances and vdW radii

Using input model H/D atoms...

Bad Clashes >= 0.4 Angstrom:
 A  10    C  O4'  A  10    C  OP1 :1.069
 A  21    U  O2'  A  22    A  OP2 :0.944
 A  55    U  C6   A  55    U  OP1 :0.866
 A  21    U  O2'  A  22    A  P   :0.735
 A 113    G  O2'  A 114    A  O5' :0.705
 A 136    C  C6   A 136    C  OP1 :0.675
 A  55    U  H6   A  55    U  OP1 :0.596
 A  10    C  O4'  A  10    C  P   :0.588
 A 119    A  H8   A 119    A  OP2 :0.556
 A  54    U  N3   A  57    G  N7  :0.526
 A  55    U  H6   A  55    U  P   :0.511
 A  65    U  O2   A  67    C  N4  :0.507
 A   9    A  C2'  A  10    C  OP1 :0.505
 A  47    U  O2'  A  49    A  OP2 :0.500
 A   9    A  O2'  A  10    C  P   :0.499
 A  98    C  O2'  A  99    G  O4' :0.497
 A  21    U  C2'  A  22    A  OP2 :0.487
 A  56    C  H6   A  56    C  O5' :0.453
 A 119    A  C8   A 119    A  OP2 :0.435
 A  27    G  C6   A 132    G  C2  :0.429
 A 120    A  C8   A 120    A  OP2 :0.429
 A  94    G  O6   A  99    G  N2  :0.429
 A 123    U  C2'  A 124    A  H5' :0.424
 A   9    A  H2'  A  10    C  OP1 :0.414
 A  27    G  C5   A  28    U  C4  :0.411
 A   9    A  O2'  A  10    C  OP2 :0.402
 A  40    A  N1   A  72    G  N1  :0.401
clashscore = 5.53
