
                    ----------Backbone bond lenths----------                   

  All bonds within 4.0 sigma of ideal values.

                    ----------Backbone bond angles----------                   

  All angles within 4.0 sigma of ideal values.

                        ----------Sugar pucker----------                       

  residue                  delta   outlier   epsilon   outlier
   A   9    A               79.7        no     133.0       yes
   A  46    C               79.3        no     150.9       yes
   A  97    U               91.1       yes      39.6       yes
   A 113    G               80.9        no      37.3       yes
  4/152 pucker outliers present

                  ----------Backbone torsion suites----------                  

  Suite ID                 suite  suiteness  triaged angle
     C A  10                  !!      0.000  epsilon-1
     U A  21                  !!      0.000     alpha
     C A  36                  !!      0.000     gamma
     U A  47                  !!      0.000  epsilon-1
     U A  48                  !!      0.000      None
     U A  55                  !!      0.000      None
     U A  64                  !!      0.000      None
     U A  65                  !!      0.000      None
     U A  74                  !!      0.000      None
     C A  75                  !!      0.000      None
     U A  77                  !!      0.000      None
     C A  78                  !!      0.000      None
     A A  88                  !!      0.000     gamma
     G A  89                  !!      0.000     gamma
     C A  98                  !!      0.000  epsilon-1
     G A  99                  !!      0.000      None
     C A 101                  !!      0.000      None
     A A 114                  !!      0.000  epsilon-1
     A A 120                  !!      0.000     gamma
     A A 124                  !!      0.000     gamma
     G A 132                  !!      0.000      None
     C A 136                  !!      0.000     gamma
     U A 148                  !!      0.000      beta
  12 suites triaged and 0 incomplete leaving 141 suites
  23/153 suite outliers present
  Average suiteness: 0.763
