
                    ----------Backbone bond lenths----------                   

  residue               atom 1  atom 2  sigmas
   A  47    U              O4'     C1'   -5.47
  1/2137 bond outliers present

                    ----------Backbone bond angles----------                   

  residue               atom 1  atom 2  atom 3  sigmas
   A  14    A              C5'     C4'     O4'    4.22
   A 148    U              O3'     C3'     C2'   11.51
  2/3357 angle outliers present

                        ----------Sugar pucker----------                       

  residue                  delta   outlier   epsilon   outlier
   A   9    A               79.7        no     133.0       yes
   A  21    U               79.7        no      76.4       yes
   A 113    G               80.9        no      37.3       yes
   A 148    U              107.7       yes     258.7        no
  4/152 pucker outliers present

                  ----------Backbone torsion suites----------                  

  Suite ID                 suite  suiteness  triaged angle
     C A  10                  !!      0.000  epsilon-1
     A A  22                  !!      0.000  epsilon-1
     C A  36                  !!      0.000     gamma
     U A  47                  !!      0.000      None
     U A  48                  !!      0.000      None
     U A  55                  !!      0.000     gamma
     C A  59                  !!      0.000      None
     U A  65                  !!      0.000      None
     A A  88                  !!      0.000      None
     G A  89                  !!      0.000      None
     G A  99                  !!      0.000      None
     A A 114                  !!      0.000  epsilon-1
     A A 120                  !!      0.000     gamma
     A A 124                  !!      0.000     gamma
     G A 132                  !!      0.000      None
     C A 136                  !!      0.000      beta
     U A 148                  !!      0.000     delta
     U A 149                  !!      0.000   delta-1
  10 suites triaged and 0 incomplete leaving 143 suites
  18/153 suite outliers present
  Average suiteness: 0.775
