
                    ----------Backbone bond lenths----------                   

  All bonds within 4.0 sigma of ideal values.

                    ----------Backbone bond angles----------                   

  All angles within 4.0 sigma of ideal values.

                        ----------Sugar pucker----------                       

  residue                  delta   outlier   epsilon   outlier
   A   9    A               79.7        no     133.0       yes
   A  87    U               79.8       yes      44.7       yes
   A 113    G               81.0        no      37.3       yes
  3/152 pucker outliers present

                  ----------Backbone torsion suites----------                  

  Suite ID                 suite  suiteness  triaged angle
     C A  10                  !!      0.000  epsilon-1
     C A  15                  !!      0.000     gamma
     C A  36                  !!      0.000     gamma
     U A  47                  !!      0.000      None
     G A  66                  !!      0.000     gamma
     U A  74                  !!      0.000      None
     A A  88                  !!      0.000  epsilon-1
     G A  89                  !!      0.000      None
     C A  98                  !!      0.000     gamma
     G A  99                  !!      0.000      None
     C A 101                  !!      0.000     gamma
     A A 114                  !!      0.000  epsilon-1
     A A 120                  !!      0.000     gamma
     A A 124                  !!      0.000     gamma
     G A 132                  !!      0.000      None
     C A 135                  !!      0.000     gamma
     C A 136                  !!      0.000     gamma
     U A 148                  !!      0.000      None
     U A 149                  !!      0.000     gamma
  13 suites triaged and 0 incomplete leaving 140 suites
  19/153 suite outliers present
  Average suiteness: 0.774
