
Using nuclear cloud x-H distances and vdW radii

Using input model H/D atoms...

Bad Clashes >= 0.4 Angstrom:
 A  10    C  O4'  A  10    C  OP1 :1.068
 A 135    C  C2'  A 136    C  OP1 :0.763
 A 113    G  O2'  A 114    A  O5' :0.705
 A 146    G  O2'  A 149    U  O4  :0.645
 A 135    C  O2'  A 136    C  OP1 :0.639
 A  73    A  C2'  A  74    U  OP2 :0.622
 A  88    A  C8   A  88    A  O5' :0.613
 A  10    C  O4'  A  10    C  P   :0.587
 A 119    A  H8   A 119    A  OP2 :0.556
 A  41    G  N3   A  75    C  N4  :0.520
 A   9    A  C2'  A  10    C  OP1 :0.505
 A  88    A  N7   A  88    A  OP1 :0.505
 A   9    A  O2'  A  10    C  P   :0.499
 A 135    C  H6   A 135    C  O5' :0.498
 A  66    G  H8   A  66    G  OP1 :0.498
 A 135    C  H2'  A 136    C  OP1 :0.482
 A 119    A  C8   A 119    A  OP2 :0.436
 A  58    U  C4   A  59    C  C4  :0.432
 A  23    A  H8   A  23    A  O5' :0.430
 A 120    A  C8   A 120    A  OP2 :0.429
 A  73    A  O2'  A  74    U  OP2 :0.428
 A 123    U  C2'  A 124    A  H5' :0.424
 A  53    U  N3   A  58    U  O4  :0.416
 A   9    A  H2'  A  10    C  OP1 :0.413
 A   9    A  O2'  A  10    C  OP2 :0.403
 A  27    G  C5   A  28    U  C4  :0.401
clashscore = 5.32
