
                    ----------Backbone bond lenths----------                   

  All bonds within 4.0 sigma of ideal values.

                    ----------Backbone bond angles----------                   

  residue               atom 1  atom 2  atom 3  sigmas
   A  88    A              O3'     C3'     C2'    5.28
  1/3357 angle outliers present

                        ----------Sugar pucker----------                       

  residue                  delta   outlier   epsilon   outlier
   A   9    A               79.7        no     133.0       yes
   A  21    U               75.8        no      78.4       yes
   A 113    G               80.9        no      37.4       yes
  3/152 pucker outliers present

                  ----------Backbone torsion suites----------                  

  Suite ID                 suite  suiteness  triaged angle
     C A  10                  !!      0.000  epsilon-1
     A A  22                  !!      0.000  epsilon-1
     C A  36                  !!      0.000     gamma
     U A  47                  !!      0.000      None
     U A  65                  !!      0.000      None
     G A  66                  !!      0.000      None
     U A  74                  !!      0.000      None
     U A  77                  !!      0.000      None
     A A  88                  !!      0.000     gamma
     G A  89                  !!      0.000     gamma
     A A 114                  !!      0.000  epsilon-1
     A A 120                  !!      0.000     gamma
     A A 124                  !!      0.000     gamma
     G A 132                  !!      0.000      None
     C A 136                  !!      0.000     gamma
     G A 146                  !!      0.000     gamma
     U A 147                  !!      0.000     gamma
     U A 148                  !!      0.000     alpha
  12 suites triaged and 0 incomplete leaving 141 suites
  18/153 suite outliers present
  Average suiteness: 0.816
