
                    ----------Backbone bond lenths----------                   

  All bonds within 4.0 sigma of ideal values.

                    ----------Backbone bond angles----------                   

  residue               atom 1  atom 2  atom 3  sigmas
   A  16    A              O3'     C3'     C2'   -5.15
   A 120    A              O4'     C1'     C2'   -4.04
   A 120    A              O3'     P       OP1    9.90
   A 120    A              O3'     P       OP2   21.14
  4/3357 angle outliers present

                        ----------Sugar pucker----------                       

  residue                  delta   outlier   epsilon   outlier
   A  21    U               81.8        no     111.9       yes
   A 113    G               80.9        no     112.1       yes
  2/152 pucker outliers present

                  ----------Backbone torsion suites----------                  

  Suite ID                 suite  suiteness  triaged angle
     C A  10                  !!      0.000      None
     A A  14                  !!      0.000     gamma
     A A  16                  !!      0.000      None
     C A  17                  !!      0.000      None
     A A  22                  !!      0.000  epsilon-1
     G A  27                  !!      0.000      None
     C A  36                  !!      0.000     gamma
     U A  47                  !!      0.000      None
     U A  48                  !!      0.000     gamma
     G A  57                  !!      0.000     gamma
     G A  72                  !!      0.000     gamma
     U A  74                  !!      0.000      None
     C A  78                  !!      0.000     gamma
     G A  89                  !!      0.000      None
     A A 114                  !!      0.000  epsilon-1
     G A 121                  !!      0.000      None
  8 suites triaged and 0 incomplete leaving 145 suites
  16/153 suite outliers present
  Average suiteness: 0.748
