
                    ----------Backbone bond lenths----------                   

  All bonds within 4.0 sigma of ideal values.

                    ----------Backbone bond angles----------                   

  residue               atom 1  atom 2  atom 3  sigmas
   A 120    A              O4'     C1'     C2'   -4.09
   A 120    A              O3'     P       OP1    9.91
   A 120    A              O3'     P       OP2   21.14
  3/3357 angle outliers present

                        ----------Sugar pucker----------                       

  residue                  delta   outlier   epsilon   outlier
   A  21    U               82.1        no     110.9       yes
   A 113    G               80.9        no     112.1       yes
  2/152 pucker outliers present

                  ----------Backbone torsion suites----------                  

  Suite ID                 suite  suiteness  triaged angle
     C A  10                  !!      0.000      None
     A A  14                  !!      0.000     gamma
     G A  18                  !!      0.000     alpha
     A A  22                  !!      0.000  epsilon-1
     C A  36                  !!      0.000     gamma
     U A  47                  !!      0.000      None
     U A  48                  !!      0.000     gamma
     U A  54                  !!      0.000    zeta-1
     U A  55                  !!      0.000      None
     A A  73                  !!      0.000     gamma
     U A  74                  !!      0.000      None
     A A  88                  !!      0.000     alpha
     G A  89                  !!      0.000      None
     G A  99                  !!      0.000     gamma
     C A 101                  !!      0.000      None
     A A 114                  !!      0.000  epsilon-1
     G A 121                  !!      0.000      None
     C A 141                  !!      0.000     gamma
     U A 147                  !!      0.000      None
     U A 148                  !!      0.000      None
     U A 149                  !!      0.000     gamma
  12 suites triaged and 0 incomplete leaving 141 suites
  21/153 suite outliers present
  Average suiteness: 0.769
