
                    ----------Backbone bond lenths----------                   

  All bonds within 4.0 sigma of ideal values.

                    ----------Backbone bond angles----------                   

  residue               atom 1  atom 2  atom 3  sigmas
   A  54    U              O3'     C3'     C2'    4.86
   A 120    A              O4'     C1'     C2'   -4.08
   A 120    A              O3'     P       OP1    9.90
   A 120    A              O3'     P       OP2   21.14
  4/3357 angle outliers present

                        ----------Sugar pucker----------                       

  residue                  delta   outlier   epsilon   outlier
   A  56    C              158.5        no     350.8       yes
   A  97    U               78.7        no     129.9       yes
   A 113    G               81.0        no     112.1       yes
   A 147    U               81.9        no      29.7       yes
  4/152 pucker outliers present

                  ----------Backbone torsion suites----------                  

  Suite ID                 suite  suiteness  triaged angle
     C A  10                  !!      0.000      None
     A A  14                  !!      0.000     gamma
     A A  16                  !!      0.000      None
     C A  17                  !!      0.000      None
     C A  36                  !!      0.000     gamma
     C A  39                  !!      0.000     gamma
     U A  47                  !!      0.000      None
     U A  48                  !!      0.000     gamma
     U A  54                  !!      0.000    zeta-1
     C A  56                  !!      0.000      None
     G A  57                  !!      0.000  epsilon-1
     C A  59                  !!      0.000      None
     A A  73                  !!      0.000      None
     C A  75                  !!      0.000      None
     A A  88                  !!      0.000      None
     G A  89                  !!      0.000     gamma
     U A  96                  !!      0.000      None
     C A  98                  !!      0.000  epsilon-1
     U A 100                  !!      0.000      None
     A A 114                  !!      0.000  epsilon-1
     G A 121                  !!      0.000      None
     U A 147                  !!      0.000      None
     U A 148                  !!      0.000  epsilon-1
     U A 149                  !!      0.000      None
  10 suites triaged and 0 incomplete leaving 143 suites
  24/153 suite outliers present
  Average suiteness: 0.740
