
Using nuclear cloud x-H distances and vdW radii

Using input model H/D atoms...

Bad Clashes >= 0.4 Angstrom:
 A 120    A  O2'  A 121    G  O4' :0.787
 A 113    G  O2'  A 114    A  O5' :0.786
 A  88    A  H2'  A  88    A  OP1 :0.785
 A  48    U  C6   A  48    U  OP2 :0.759
 A 113    G  O2'  A 114    A  P   :0.731
 A  74    U  H3'  A  74    U  H6  :0.705
 A  74    U  C6   A  74    U  OP2 :0.696
 A  14    A  C8   A  14    A  OP2 :0.673
 A  73    A  O2'  A  74    U  OP2 :0.659
 A  14    A  H8   A  14    A  OP2 :0.655
 A  74    U  C6   A  74    U  H3' :0.654
 A  88    A  C2'  A  88    A  OP1 :0.651
 A  74    U  N3   A  76    A  N7  :0.638
 A 120    A  H8   A 120    A  O5' :0.627
 A  48    U  H6   A  48    U  OP2 :0.586
 A 120    A  C2'  A 121    G  OP1 :0.577
 A  13    G  O2'  A  14    A  O5' :0.554
 A 120    A  O2'  A 121    G  OP1 :0.551
 A  74    U  C5   A  74    U  OP2 :0.542
 A 113    G  C2'  A 114    A  OP2 :0.541
 A  74    U  C3'  A  74    U  C6  :0.536
 A 120    A  C8   A 120    A  O5' :0.514
 A  88    A  H3'  A  88    A  OP1 :0.507
 A  22    A  N6   A 136    C  O2  :0.505
 A  46    C  C4   A  47    U  C4  :0.504
 A 120    A  O2'  A 121    G  P   :0.502
 A  27    G  H2'  A  28    U  C6  :0.485
 A  88    A  C3'  A  88    A  OP1 :0.468
 A  13    G  C2'  A  14    A  O5' :0.459
 A 120    A  O2'  A 121    G  C5' :0.457
 A  65    U  H2'  A  66    G  C8  :0.430
 A  73    A  H4'  A  74    U  OP2 :0.420
 A  58    U  C6   A  59    C  C5  :0.416
 A 120    A  O2'  A 121    G  C8  :0.413
 A 120    A  O2'  A 121    G  O5' :0.402
clashscore = 7.16
