
Using nuclear cloud x-H distances and vdW radii

Using input model H/D atoms...

Bad Clashes >= 0.4 Angstrom:
 A  89    G  C8   A  89    G  OP1 :1.252
 A  17    C  C6   A  17    C  OP1 :0.917
 A  89    G  H3'  A  89    G  OP1 :0.903
 A  17    C  C5   A  17    C  OP1 :0.839
 A 120    A  O2'  A 121    G  O4' :0.788
 A 113    G  O2'  A 114    A  O5' :0.785
 A  48    U  C6   A  48    U  OP2 :0.759
 A 113    G  O2'  A 114    A  P   :0.732
 A  89    G  H8   A  89    G  OP1 :0.723
 A  89    G  C3'  A  89    G  OP1 :0.674
 A  14    A  C8   A  14    A  OP2 :0.672
 A  14    A  H8   A  14    A  OP2 :0.656
 A  89    G  H3'  A  89    G  P   :0.632
 A  89    G  N9   A  89    G  OP1 :0.627
 A 120    A  H8   A 120    A  O5' :0.627
 A  16    A  O2'  A  17    C  O5' :0.615
 A  17    C  H6   A  17    C  OP1 :0.605
 A  17    C  N4   A 140    U  O4' :0.588
 A  48    U  H6   A  48    U  OP2 :0.585
 A 120    A  C2'  A 121    G  OP1 :0.579
 A  13    G  O2'  A  14    A  O5' :0.554
 A 120    A  O2'  A 121    G  OP1 :0.551
 A  23    A  N6   A 135    C  O2  :0.544
 A 113    G  C2'  A 114    A  OP2 :0.540
 A  41    G  O4'  A  76    A  N6  :0.537
 A  56    C  H6   A  56    C  O5' :0.523
 A 120    A  C8   A 120    A  O5' :0.515
 A  46    C  C4   A  47    U  C4  :0.504
 A 120    A  O2'  A 121    G  P   :0.502
 A  89    G  C8   A  89    G  P   :0.497
 A  98    C  H6   A  98    C  O5' :0.483
 A  40    A  N3   A  76    A  N6  :0.471
 A  17    C  H6   A  17    C  P   :0.467
 A  13    G  C2'  A  14    A  O5' :0.459
 A 120    A  O2'  A 121    G  C5' :0.458
 A  49    A  N6   A  57    G  O6  :0.435
 A  65    U  H2'  A  66    G  C8  :0.430
 A  27    G  C6   A 132    G  C2  :0.430
 A  50    C  N4   A  57    G  O6  :0.423
 A  15    C  O2   A  17    C  OP2 :0.419
 A  89    G  H8   A  89    G  P   :0.416
 A 120    A  O2'  A 121    G  C8  :0.413
 A 120    A  O2'  A 121    G  O5' :0.402
clashscore = 8.80
