
Using nuclear cloud x-H distances and vdW radii

Using input model H/D atoms...

Bad Clashes >= 0.4 Angstrom:
 A 120    A  O2'  A 121    G  O4' :0.787
 A 113    G  O2'  A 114    A  O5' :0.785
 A  48    U  C6   A  48    U  OP2 :0.758
 A  97    U  O2'  A  99    G  N7  :0.742
 A 113    G  O2'  A 114    A  P   :0.732
 A  14    A  C8   A  14    A  OP2 :0.672
 A  14    A  H8   A  14    A  OP2 :0.655
 A 120    A  H8   A 120    A  O5' :0.626
 A  39    C  O2'  A  40    A  OP1 :0.625
 A  48    U  H6   A  48    U  OP2 :0.585
 A 120    A  C2'  A 121    G  OP1 :0.578
 A  88    A  H3'  A  88    A  OP1 :0.556
 A  13    G  O2'  A  14    A  O5' :0.553
 A 120    A  O2'  A 121    G  OP1 :0.551
 A  73    A  O2'  A  77    U  O4  :0.543
 A 113    G  C2'  A 114    A  OP2 :0.540
 A 120    A  C8   A 120    A  O5' :0.514
 A  46    C  C4   A  47    U  C4  :0.504
 A 120    A  O2'  A 121    G  P   :0.501
 A  13    G  C2'  A  14    A  O5' :0.458
 A 120    A  O2'  A 121    G  C5' :0.457
 A  17    C  O2'  A  18    G  C8  :0.451
 A  73    A  O2'  A  76    A  N6  :0.446
 A  16    A  H8   A  16    A  O5' :0.438
 A 146    G  O2'  A 149    U  O4  :0.437
 A  41    G  O4'  A  76    A  C2  :0.432
 A  65    U  H2'  A  66    G  C8  :0.430
 A  27    G  C6   A 132    G  C2  :0.424
 A  39    C  O2'  A  40    A  P   :0.415
 A 120    A  O2'  A 121    G  C8  :0.413
 A  58    U  C6   A  59    C  C5  :0.403
 A 120    A  O2'  A 121    G  O5' :0.401
clashscore = 6.55
