
                    ----------Backbone bond lenths----------                   

  All bonds within 4.0 sigma of ideal values.

                    ----------Backbone bond angles----------                   

  residue               atom 1  atom 2  atom 3  sigmas
   A  40    A              O3'     C3'     C2'    4.12
   A 120    A              O4'     C1'     C2'   -4.03
   A 120    A              O3'     P       OP1    9.92
   A 120    A              O3'     P       OP2   21.14
  4/3357 angle outliers present

                        ----------Sugar pucker----------                       

  residue                  delta   outlier   epsilon   outlier
   A  39    C               77.5        no     141.0       yes
   A 113    G               80.9        no     112.0       yes
  2/152 pucker outliers present

                  ----------Backbone torsion suites----------                  

  Suite ID                 suite  suiteness  triaged angle
     C A  10                  !!      0.000      None
     A A  14                  !!      0.000     gamma
     A A  16                  !!      0.000      None
     C A  17                  !!      0.000      None
     U A  21                  !!      0.000      None
     C A  36                  !!      0.000     gamma
     A A  40                  !!      0.000  epsilon-1
     U A  47                  !!      0.000      None
     U A  48                  !!      0.000     gamma
     U A  55                  !!      0.000     gamma
     G A  57                  !!      0.000      None
     A A  73                  !!      0.000      None
     U A  74                  !!      0.000      None
     U A  77                  !!      0.000      None
     A A  88                  !!      0.000      None
     G A  89                  !!      0.000     gamma
     G A  99                  !!      0.000      None
     U A 100                  !!      0.000      None
     A A 114                  !!      0.000  epsilon-1
     G A 121                  !!      0.000      None
     U A 147                  !!      0.000      None
     U A 148                  !!      0.000      None
  7 suites triaged and 0 incomplete leaving 146 suites
  22/153 suite outliers present
  Average suiteness: 0.744
