
                    ----------Backbone bond lenths----------                   

  All bonds within 4.0 sigma of ideal values.

                    ----------Backbone bond angles----------                   

  residue               atom 1  atom 2  atom 3  sigmas
   A 120    A              O4'     C1'     C2'   -4.01
   A 120    A              O3'     P       OP1    9.92
   A 120    A              O3'     P       OP2   21.14
  3/3357 angle outliers present

                        ----------Sugar pucker----------                       

  residue                  delta   outlier   epsilon   outlier
   A  22    A               78.1        no     147.3       yes
   A  39    C               84.1        no     146.6       yes
   A  56    C               83.5       yes      60.2       yes
   A 113    G               80.9        no     112.1       yes
  4/152 pucker outliers present

                  ----------Backbone torsion suites----------                  

  Suite ID                 suite  suiteness  triaged angle
     C A  10                  !!      0.000      None
     A A  14                  !!      0.000     gamma
     A A  23                  !!      0.000  epsilon-1
     C A  36                  !!      0.000     gamma
     A A  40                  !!      0.000  epsilon-1
     U A  47                  !!      0.000      None
     U A  48                  !!      0.000     gamma
     U A  54                  !!      0.000     gamma
     G A  57                  !!      0.000  epsilon-1
     C A  75                  !!      0.000      None
     A A  88                  !!      0.000      beta
     U A  95                  !!      0.000      None
     A A 114                  !!      0.000  epsilon-1
     G A 121                  !!      0.000      None
  9 suites triaged and 0 incomplete leaving 144 suites
  14/153 suite outliers present
  Average suiteness: 0.749
