
Using nuclear cloud x-H distances and vdW radii

Using input model H/D atoms...

Bad Clashes >= 0.4 Angstrom:
 A 120    A  O2'  A 121    G  O4' :0.787
 A 113    G  O2'  A 114    A  O5' :0.786
 A  48    U  C6   A  48    U  OP2 :0.759
 A  16    A  H3'  A  16    A  N3  :0.743
 A 113    G  O2'  A 114    A  P   :0.732
 A  14    A  C8   A  14    A  OP2 :0.672
 A  14    A  H8   A  14    A  OP2 :0.655
 A 146    G  O2'  A 149    U  O4  :0.641
 A 120    A  H8   A 120    A  O5' :0.627
 A  39    C  O2'  A  40    A  OP1 :0.588
 A  48    U  H6   A  48    U  OP2 :0.585
 A 120    A  C2'  A 121    G  OP1 :0.578
 A  13    G  O2'  A  14    A  O5' :0.554
 A 120    A  O2'  A 121    G  OP1 :0.551
 A 113    G  C2'  A 114    A  OP2 :0.540
 A 135    C  H6   A 135    C  O5' :0.520
 A 120    A  C8   A 120    A  O5' :0.514
 A  22    A  H8   A  22    A  O5' :0.513
 A  21    U  H6   A  21    U  O5' :0.505
 A  46    C  C4   A  47    U  C4  :0.504
 A 120    A  O2'  A 121    G  P   :0.501
 A  20    G  O2'  A  21    U  O4' :0.483
 A  16    A  C3'  A  16    A  N3  :0.464
 A  13    G  C2'  A  14    A  O5' :0.459
 A 120    A  O2'  A 121    G  C5' :0.458
 A  16    A  N3   A  16    A H5'' :0.441
 A 141    C  H6   A 141    C  O5' :0.440
 A 148    U  H2'  A 149    U  C6  :0.433
 A  57    G  N3   A  57    G H5'' :0.432
 A  65    U  H2'  A  66    G  C8  :0.430
 A  27    G  C6   A 132    G  C2  :0.428
 A 120    A  O2'  A 121    G  C8  :0.413
 A  27    G  H2'  A  28    U  C6  :0.408
 A  16    A  H5'  A  17    C  OP2 :0.403
 A 120    A  O2'  A 121    G  O5' :0.402
clashscore = 7.16
