
Using nuclear cloud x-H distances and vdW radii

Using input model H/D atoms...

Bad Clashes >= 0.4 Angstrom:
 A  57    G  O4'  A  57    G  OP2 :0.957
 A 120    A  O2'  A 121    G  O4' :0.788
 A 113    G  O2'  A 114    A  O5' :0.785
 A  56    C  O2'  A  57    G  OP2 :0.778
 A  48    U  C6   A  48    U  OP2 :0.759
 A 113    G  O2'  A 114    A  P   :0.732
 A  14    A  C8   A  14    A  OP2 :0.671
 A  39    C  O2'  A  40    A  OP1 :0.671
 A  14    A  H8   A  14    A  OP2 :0.654
 A 120    A  H8   A 120    A  O5' :0.627
 A  88    A  H4'  A  88    A  OP2 :0.601
 A  56    C  H4'  A  57    G  OP2 :0.601
 A  48    U  H6   A  48    U  OP2 :0.584
 A  95    U  O4   A  98    C  O4' :0.583
 A 120    A  C2'  A 121    G  OP1 :0.579
 A  22    A  O2'  A  23    A  O5' :0.575
 A  56    C  O2'  A  57    G  P   :0.572
 A  13    G  O2'  A  14    A  O5' :0.555
 A  88    A  O3'  A  88    A  OP2 :0.552
 A  88    A  C4'  A  88    A  OP2 :0.552
 A 120    A  O2'  A 121    G  OP1 :0.551
 A 113    G  C2'  A 114    A  OP2 :0.541
 A 120    A  C8   A 120    A  O5' :0.515
 A 146    G  H8   A 146    G  OP2 :0.515
 A  57    G  C4   A  57    G  OP2 :0.513
 A  57    G  O4'  A  57    G  P   :0.511
 A  73    A  H2   A  73    A  OP2 :0.505
 A  89    G  H8   A  89    G  OP1 :0.505
 A  46    C  C4   A  47    U  C4  :0.504
 A 120    A  O2'  A 121    G  P   :0.502
 A  87    U  O2'  A  89    G  OP1 :0.467
 A  15    C  H2'  A  17    C  OP2 :0.460
 A  13    G  C2'  A  14    A  O5' :0.458
 A 120    A  O2'  A 121    G  C5' :0.457
 A  73    A  C2   A  73    A  OP2 :0.457
 A  40    A  N1   A  72    G  N2  :0.446
 A  95    U  H6   A  95    U  O5' :0.442
 A  27    G  C6   A 132    G  C2  :0.434
 A  65    U  H2'  A  66    G  C8  :0.429
 A  52    G  N7   A  57    G  N2  :0.421
 A  51    G  N7   A  57    G  N1  :0.418
 A 120    A  O2'  A 121    G  C8  :0.413
 A  17    C  OP1  A 139    G  N2  :0.409
 A  27    G  H2'  A  28    U  C6  :0.407
 A 120    A  O2'  A 121    G  O5' :0.402
 A 141    C  H6   A 141    C  O5' :0.401
 A  52    G  O6   A  57    G  N2  :0.400
clashscore = 9.62
