
                    ----------Backbone bond lenths----------                   

  All bonds within 4.0 sigma of ideal values.

                    ----------Backbone bond angles----------                   

  residue               atom 1  atom 2  atom 3  sigmas
   A  16    A              O3'     C3'     C2'   -5.17
   A  96    U              C4'     C3'     C2'    4.35
   A 120    A              O4'     C1'     C2'   -4.04
   A 120    A              O3'     P       OP1    9.91
   A 120    A              O3'     P       OP2   21.15
  5/3357 angle outliers present

                        ----------Sugar pucker----------                       

  residue                  delta   outlier   epsilon   outlier
   A  16    A              128.9       yes     188.2        no
   A 113    G               80.9        no     112.1       yes
  2/152 pucker outliers present

                  ----------Backbone torsion suites----------                  

  Suite ID                 suite  suiteness  triaged angle
     C A  10                  !!      0.000      None
     A A  14                  !!      0.000     gamma
     A A  16                  !!      0.000     gamma
     C A  17                  !!      0.000    zeta-1
     A A  22                  !!      0.000      None
     C A  36                  !!      0.000     gamma
     U A  47                  !!      0.000      None
     U A  48                  !!      0.000     gamma
     G A  57                  !!      0.000      None
     U A  58                  !!      0.000      None
     C A  75                  !!      0.000    zeta-1
     A A  76                  !!      0.000     gamma
     U A  77                  !!      0.000      None
     G A  89                  !!      0.000     gamma
     A A 114                  !!      0.000  epsilon-1
     G A 121                  !!      0.000      None
     U A 148                  !!      0.000    zeta-1
     U A 149                  !!      0.000      None
  10 suites triaged and 0 incomplete leaving 143 suites
  18/153 suite outliers present
  Average suiteness: 0.749
