
                    ----------Backbone bond lenths----------                   

  All bonds within 4.0 sigma of ideal values.

                    ----------Backbone bond angles----------                   

  All angles within 4.0 sigma of ideal values.

                        ----------Sugar pucker----------                       

  residue                  delta   outlier   epsilon   outlier
   A 281    G               78.6        no      31.4       yes
  1/134 pucker outliers present

                  ----------Backbone torsion suites----------                  

  Suite ID                 suite  suiteness  triaged angle
     A A 192                  !!      0.000      None
     G A 204                  !!      0.000      None
     C A 210                  !!      0.000      None
     C A 225                  !!      0.000      None
     A A 246                  !!      0.000      None
     U A 248                  !!      0.000      None
     G A 282                  !!      0.000  epsilon-1
     G A 296                  !!      0.000      None
  1 suites triaged and 0 incomplete leaving 134 suites
  8/135 suite outliers present
  Average suiteness: 0.825
