
                    ----------Backbone bond lenths----------                   

  All bonds within 4.0 sigma of ideal values.

                    ----------Backbone bond angles----------                   

  residue               atom 1  atom 2  atom 3  sigmas
   A 213    G              O3'     P       OP1   -5.82
   A 213    G              O3'     P       OP2    7.90
   A 236    G              O3'     P       OP1   30.99
   A 289    A              O3'     C3'     C2'    4.14
   A 291    G              O4'     C4'     C3'    4.30
   A 295    C              O3'     P       OP1   35.52
  6/2961 angle outliers present

                        ----------Sugar pucker----------                       

  residue                  delta   outlier   epsilon   outlier
   A 249    U              144.6        no      10.4       yes
   A 281    G               80.8        no      32.8       yes
  2/134 pucker outliers present

                  ----------Backbone torsion suites----------                  

  Suite ID                 suite  suiteness  triaged angle
     U A 193                  !!      0.000     gamma
     U A 196                  !!      0.000     gamma
     C A 199                  !!      0.000      beta
     G A 204                  !!      0.000     gamma
     C A 210                  !!      0.000     gamma
     G A 214                  !!      0.000     alpha
     A A 219                  !!      0.000     gamma
     U A 233                  !!      0.000     gamma
     G A 241                  !!      0.000     gamma
     U A 249                  !!      0.000      None
     C A 250                  !!      0.000  epsilon-1
     G A 252                  !!      0.000     gamma
     U A 262                  !!      0.000      None
     G A 263                  !!      0.000      None
     G A 272                  !!      0.000    zeta-1
     G A 282                  !!      0.000  epsilon-1
     G A 291                  !!      0.000      None
     C A 295                  !!      0.000      None
     G A 296                  !!      0.000      None
     A A 303                  !!      0.000     gamma
     C A 313                  !!      0.000     gamma
     G A 315                  !!      0.000      None
  15 suites triaged and 0 incomplete leaving 120 suites
  22/135 suite outliers present
  Average suiteness: 0.775
