
Using nuclear cloud x-H distances and vdW radii

Using input model H/D atoms...

Bad Clashes >= 0.4 Angstrom:
 A 213    G  C8   A 213    G  OP2 :1.303
 A 241    G  H8   A 241    G  OP2 :1.165
 A 213    G  H8   A 213    G  OP2 :1.096
 A 252    G  O4'  A 252    G  OP1 :1.044
 A 241    G  C8   A 241    G  OP2 :1.041
 A 213    G  H8   A 213    G  P   :0.771
 A 251    G  C2'  A 252    G  OP1 :0.723
 A 248    U  O2'  A 249    U  OP1 :0.614
 A 262    U  C6   A 262    U  OP1 :0.592
 A 262    U  H6   A 262    U  P   :0.584
 A 252    G  O4'  A 252    G  P   :0.571
 A 251    G  H2'  A 252    G  OP1 :0.550
 A 281    G  O2'  A 282    G  O5' :0.548
 A 201    C  H2'  A 202    A  C8  :0.533
 A 220    A  N6   A 240    C  N3  :0.530
 A 203    A  H2'  A 204    G  O4' :0.520
 A 229    U  O2   A 233    U  N3  :0.517
 A 213    G  O4'  A 213    G  OP2 :0.516
 A 262    U  C6   A 262    U  P   :0.481
 A 302    C  H2'  A 303    A H5'' :0.477
 A 251    G  N3   A 251    G H5'' :0.471
 A 251    G  N2   A 251    G  OP2 :0.464
 A 249    U  O4   A 291    G  N2  :0.454
 A 281    G  H4'  A 282    G  O5' :0.447
 A 245    C  OP2  A 247    A  N6  :0.438
 A 251    G  H3'  A 252    G  C8  :0.436
 A 192    A  C6   A 193    U  C4  :0.422
 A 294    G  H8   A 294    G  O5' :0.418
 A 203    A  N6   A 309    A  N3  :0.414
clashscore = 6.71
