
                    ----------Backbone bond lenths----------                   

  All bonds within 4.0 sigma of ideal values.

                    ----------Backbone bond angles----------                   

  All angles within 4.0 sigma of ideal values.

                        ----------Sugar pucker----------                       

  residue                  delta   outlier   epsilon   outlier
   A 248    U               79.8       yes      31.4       yes
   A 251    G               79.8        no     136.3       yes
   A 281    G               80.9        no      32.8       yes
  3/134 pucker outliers present

                  ----------Backbone torsion suites----------                  

  Suite ID                 suite  suiteness  triaged angle
     U A 193                  !!      0.000      None
     U A 196                  !!      0.000     gamma
     U A 198                  !!      0.000      None
     C A 199                  !!      0.000      None
     A A 203                  !!      0.000     alpha
     C A 210                  !!      0.000     gamma
     G A 213                  !!      0.000      None
     A A 220                  !!      0.000      None
     U A 233                  !!      0.000     gamma
     G A 241                  !!      0.000     gamma
     A A 246                  !!      0.000    zeta-1
     U A 249                  !!      0.000  epsilon-1
     C A 250                  !!      0.000     gamma
     G A 252                  !!      0.000  epsilon-1
     U A 262                  !!      0.000     gamma
     G A 263                  !!      0.000      None
     U A 268                  !!      0.000      None
     G A 282                  !!      0.000  epsilon-1
     G A 292                  !!      0.000      None
     A A 303                  !!      0.000     gamma
     G A 310                  !!      0.000     gamma
     C A 313                  !!      0.000     gamma
     G A 315                  !!      0.000      None
  14 suites triaged and 0 incomplete leaving 121 suites
  23/135 suite outliers present
  Average suiteness: 0.765
