
                    ----------Backbone bond lenths----------                   

  residue               atom 1  atom 2  sigmas
   A 240    C              O4'     C1'    4.22
  1/1885 bond outliers present

                    ----------Backbone bond angles----------                   

  residue               atom 1  atom 2  atom 3  sigmas
   A 240    C              O4'     C1'     C2'    4.31
   A 289    A              C3'     C2'     C1'    5.04
  2/2961 angle outliers present

                        ----------Sugar pucker----------                       

  residue                  delta   outlier   epsilon   outlier
   A 213    G               80.7        no      30.8       yes
   A 262    U               83.8        no      28.5       yes
   A 281    G               80.8        no      32.8       yes
  3/134 pucker outliers present

                  ----------Backbone torsion suites----------                  

  Suite ID                 suite  suiteness  triaged angle
     U A 193                  !!      0.000     gamma
     U A 196                  !!      0.000     gamma
     C A 199                  !!      0.000    zeta-1
     A A 203                  !!      0.000      None
     C A 210                  !!      0.000     gamma
     G A 214                  !!      0.000  epsilon-1
     U A 233                  !!      0.000     gamma
     C A 240                  !!      0.000      None
     A A 247                  !!      0.000     gamma
     U A 248                  !!      0.000     gamma
     G A 251                  !!      0.000      None
     G A 252                  !!      0.000      None
     G A 263                  !!      0.000  epsilon-1
     G A 270                  !!      0.000     gamma
     G A 282                  !!      0.000  epsilon-1
     A A 303                  !!      0.000     gamma
     C A 313                  !!      0.000     gamma
     G A 315                  !!      0.000      None
  13 suites triaged and 0 incomplete leaving 122 suites
  18/135 suite outliers present
  Average suiteness: 0.742
