
                    ----------Backbone bond lenths----------                   

  residue               atom 1  atom 2  sigmas
   A 314    A              O3'     P      4.06
  1/1885 bond outliers present

                    ----------Backbone bond angles----------                   

  residue               atom 1  atom 2  atom 3  sigmas
   A 213    G              O3'     P       O5'   -4.27
   A 213    G              O3'     P       OP1   12.43
   A 213    G              O3'     P       OP2   18.69
   A 236    G              O3'     P       OP1   18.83
   A 236    G              O3'     P       OP2  -11.51
   A 240    C              O3'     P       OP1   -7.97
   A 240    C              O3'     P       OP2   10.80
   A 249    U              O3'     P       OP1   -5.23
   A 249    U              O3'     P       OP2    7.17
   A 251    G              O4'     C1'     C2'   -4.01
   A 262    U              O3'     P       OP2    5.25
   A 271    U              O3'     P       OP2   33.57
   A 295    C              O3'     P       OP1   -6.77
   A 295    C              O3'     P       OP2   32.03
   A 309    A              O3'     P       O5'   -4.30
   A 309    A              O3'     P       OP1    9.09
   A 309    A              O3'     P       OP2   22.14
  17/2961 angle outliers present

                        ----------Sugar pucker----------                       

  residue                  delta   outlier   epsilon   outlier
   A 209    U               79.3        no      19.4       yes
   A 213    G               80.6        no     142.2       yes
   A 240    C               84.8        no     128.5       yes
   A 251    G               75.6       yes      45.5       yes
   A 281    G               80.8        no      35.0       yes
   A 302    C               81.6        no     121.4       yes
   A 314    A               81.3        no     129.2       yes
  7/134 pucker outliers present

                  ----------Backbone torsion suites----------                  

  Suite ID                 suite  suiteness  triaged angle
     U A 193                  !!      0.000      None
     U A 196                  !!      0.000      None
     U A 198                  !!      0.000      None
     C A 199                  !!      0.000      None
     A A 202                  !!      0.000     gamma
     A A 203                  !!      0.000     gamma
     G A 204                  !!      0.000     gamma
     C A 210                  !!      0.000  epsilon-1
     G A 214                  !!      0.000  epsilon-1
     A A 219                  !!      0.000     gamma
     U A 221                  !!      0.000      None
     U A 233                  !!      0.000     gamma
     G A 237                  !!      0.000     gamma
     G A 241                  !!      0.000  epsilon-1
     U A 248                  !!      0.000     gamma
     C A 250                  !!      0.000      None
     G A 251                  !!      0.000     alpha
     G A 252                  !!      0.000  epsilon-1
     G A 263                  !!      0.000     gamma
     U A 267                  !!      0.000      None
     G A 272                  !!      0.000      None
     G A 282                  !!      0.000  epsilon-1
     G A 296                  !!      0.000      None
     A A 303                  !!      0.000  epsilon-1
     C A 313                  !!      0.000     gamma
     G A 315                  !!      0.000  epsilon-1
  17 suites triaged and 0 incomplete leaving 118 suites
  26/135 suite outliers present
  Average suiteness: 0.772
