
Using nuclear cloud x-H distances and vdW radii

Using input model H/D atoms...

Bad Clashes >= 0.4 Angstrom:
 A 241    G  O4'  A 241    G  OP1 :1.057
 A 199    C  H4'  A 199    C  OP1 :1.028
 A 249    U  C6   A 249    U  OP1 :0.775
 A 241    G  O4'  A 241    G  P   :0.698
 A 199    C  C4'  A 199    C  OP1 :0.632
 A 249    U  C4'  A 250    C  OP2 :0.612
 A 251    G  O3'  A 252    G  O4' :0.612
 A 214    G  H8   A 214    G  OP2 :0.598
 A 241    G  C8   A 241    G  OP1 :0.552
 A 281    G  O2'  A 282    G  O5' :0.547
 A 241    G  C1'  A 241    G  OP1 :0.521
 A 220    A  N6   A 240    C  N3  :0.514
 A 290    A  H3'  A 290    A  N3  :0.514
 A 229    U  O2   A 233    U  N3  :0.513
 A 302    C  H2'  A 303    A H5'' :0.478
 A 220    A  H8   A 220    A  O5' :0.477
 A 281    G  H4'  A 282    G  O5' :0.448
 A 249    U  C1'  A 250    C  OP2 :0.430
 A 192    A  C6   A 193    U  C4  :0.422
 A 214    G  C8   A 214    G  OP2 :0.422
 A 203    A  C6   A 204    G  N7  :0.403
 A 292    G  H2'  A 293    U  C6  :0.401
clashscore = 5.09
