
Using nuclear cloud x-H distances and vdW radii

Using input model H/D atoms...

Bad Clashes >= 0.4 Angstrom:
 A 302    C  O2'  A 303    A  OP1 :0.971
 A 262    U  O2'  A 263    G  OP2 :0.841
 A 198    U  H3'  A 198    U  OP1 :0.831
 A 214    G  H8   A 214    G  P   :0.821
 A 302    C  C2'  A 303    A  OP1 :0.780
 A 214    G  O4'  A 214    G  P   :0.760
 A 214    G  C8   A 214    G  P   :0.721
 A 269    C  H6   A 269    C  O5' :0.655
 A 271    U  O2'  A 273    G  OP2 :0.636
 A 240    C  H6   A 240    C  O5' :0.632
 A 317    G  C8   A 317    G  OP2 :0.599
 A 281    G  O2'  A 282    G  O5' :0.589
 A 250    C  O2'  A 251    G  O5' :0.584
 A 295    C  O2'  A 297    A  OP2 :0.575
 A 289    A  N6   A 294    G  N3  :0.562
 A 295    C  H5'  A 296    G  OP1 :0.525
 A 229    U  O2   A 233    U  N3  :0.521
 A 271    U  C5'  A 272    G  OP1 :0.518
 A 213    G  O2'  A 214    G  OP1 :0.501
 A 271    U  C4'  A 272    G  OP1 :0.497
 A 237    G  H8   A 237    G  OP2 :0.479
 A 203    A  H8   A 203    A  O5' :0.473
 A 250    C  O2'  A 251    G  C5' :0.469
 A 247    A  OP1  A 251    G  N2  :0.463
 A 264    U  O4   A 270    G  C2  :0.462
 A 219    A  C2   A 220    A  N7  :0.459
 A 219    A  N1   A 220    A  N6  :0.453
 A 213    G  N2   A 251    G  N7  :0.445
 A 245    C  C5   A 246    A  H1' :0.444
 A 224    A  N7   A 237    G  N2  :0.438
 A 264    U  O4   A 270    G  N1  :0.433
 A 219    A  C2   A 241    G  C2  :0.430
 A 262    U  H4'  A 263    G  OP2 :0.428
 A 240    C  C6   A 240    C  O5' :0.425
 A 240    C  N4   A 241    G  O6  :0.417
 A 289    A  N7   A 294    G  N2  :0.411
 A 269    C  H2'  A 270    G  H4' :0.400
clashscore = 8.56
