
                    ----------Backbone bond lenths----------                   

  All bonds within 4.0 sigma of ideal values.

                    ----------Backbone bond angles----------                   

  residue               atom 1  atom 2  atom 3  sigmas
   A 271    U              C4'     C3'     C2'    4.09
  1/2961 angle outliers present

                        ----------Sugar pucker----------                       

  residue                  delta   outlier   epsilon   outlier
   A 281    G               80.8        no      32.8       yes
  1/134 pucker outliers present

                  ----------Backbone torsion suites----------                  

  Suite ID                 suite  suiteness  triaged angle
     U A 193                  !!      0.000     gamma
     U A 196                  !!      0.000     gamma
     C A 199                  !!      0.000      beta
     C A 210                  !!      0.000     gamma
     G A 213                  !!      0.000      None
     U A 233                  !!      0.000     gamma
     C A 240                  !!      0.000     gamma
     A A 246                  !!      0.000     gamma
     U A 248                  !!      0.000      None
     C A 250                  !!      0.000      None
     G A 251                  !!      0.000     gamma
     G A 252                  !!      0.000      None
     U A 262                  !!      0.000      None
     C A 269                  !!      0.000      None
     G A 270                  !!      0.000      None
     G A 282                  !!      0.000  epsilon-1
     A A 290                  !!      0.000     gamma
     G A 292                  !!      0.000      None
     A A 303                  !!      0.000     gamma
     G A 310                  !!      0.000     gamma
     C A 313                  !!      0.000     gamma
     G A 315                  !!      0.000      None
  13 suites triaged and 0 incomplete leaving 122 suites
  22/135 suite outliers present
  Average suiteness: 0.735
