
                    ----------Backbone bond lenths----------                   

  All bonds within 4.0 sigma of ideal values.

                    ----------Backbone bond angles----------                   

  residue               atom 1  atom 2  atom 3  sigmas
   A 198    U              O3'     P       OP2    4.11
   A 203    A              O3'     P       OP1   32.89
   A 213    G              O3'     P       OP1    8.42
   A 213    G              O3'     P       OP2   22.63
   A 236    G              O3'     P       OP1    8.08
   A 236    G              O3'     P       OP2   23.03
   A 249    U              O3'     P       OP2    5.56
   A 251    G              O3'     P       OP1   12.52
   A 251    G              O3'     P       OP2   -9.03
   A 262    U              O3'     P       OP2    4.52
   A 271    U              O3'     P       OP1   18.84
   A 271    U              O3'     P       OP2  -11.52
  12/2961 angle outliers present

                        ----------Sugar pucker----------                       

  residue                  delta   outlier   epsilon   outlier
   A 281    G               80.9        no      34.1       yes
   A 294    G               72.2        no     101.2       yes
  2/134 pucker outliers present

                  ----------Backbone torsion suites----------                  

  Suite ID                 suite  suiteness  triaged angle
     C A 199                  !!      0.000    zeta-1
     G A 204                  !!      0.000     gamma
     C A 210                  !!      0.000     gamma
     G A 213                  !!      0.000     alpha
     U A 233                  !!      0.000     gamma
     G A 237                  !!      0.000     gamma
     C A 240                  !!      0.000     gamma
     G A 241                  !!      0.000      None
     U A 248                  !!      0.000      None
     C A 250                  !!      0.000      None
     G A 251                  !!      0.000      None
     G A 252                  !!      0.000     gamma
     G A 263                  !!      0.000      beta
     G A 272                  !!      0.000     gamma
     G A 282                  !!      0.000  epsilon-1
     A A 289                  !!      0.000    zeta-1
     U A 293                  !!      0.000     gamma
     G A 294                  !!      0.000     gamma
     C A 295                  !!      0.000  epsilon-1
     G A 296                  !!      0.000     gamma
     A A 303                  !!      0.000     gamma
     G A 317                  !!      0.000      None
  17 suites triaged and 0 incomplete leaving 118 suites
  22/135 suite outliers present
  Average suiteness: 0.773
