
                    ----------Backbone bond lenths----------                   

  residue               atom 1  atom 2  sigmas
   A 302    C              O3'     P    -18.27
  1/1885 bond outliers present

                    ----------Backbone bond angles----------                   

  residue               atom 1  atom 2  atom 3  sigmas
   A 192    A              O3'     P       OP2    4.65
   A 203    A              O3'     P       OP1    4.63
   A 203    A              O3'     P       OP2   26.62
   A 213    G              O3'     P       OP1    8.12
   A 213    G              O3'     P       OP2   23.05
   A 309    A              O3'     P       OP1   -7.10
   A 309    A              O3'     P       OP2   31.59
  7/2961 angle outliers present

                        ----------Sugar pucker----------                       

  residue                  delta   outlier   epsilon   outlier
   A 195    G               75.3        no     134.4       yes
   A 213    G               80.6        no     129.7       yes
   A 223    U               80.2        no     130.2       yes
   A 281    G               80.9        no      34.0       yes
   A 314    A               81.3        no     136.3       yes
  5/134 pucker outliers present

                  ----------Backbone torsion suites----------                  

  Suite ID                 suite  suiteness  triaged angle
     U A 193                  !!      0.000     gamma
     U A 196                  !!      0.000  epsilon-1
     C A 210                  !!      0.000     gamma
     G A 214                  !!      0.000  epsilon-1
     A A 224                  !!      0.000  epsilon-1
     U A 233                  !!      0.000     gamma
     G A 237                  !!      0.000      beta
     G A 241                  !!      0.000     gamma
     A A 246                  !!      0.000     gamma
     A A 247                  !!      0.000      None
     C A 250                  !!      0.000      None
     G A 252                  !!      0.000     gamma
     G A 263                  !!      0.000      None
     U A 267                  !!      0.000      None
     G A 270                  !!      0.000      None
     G A 272                  !!      0.000      None
     U A 275                  !!      0.000     gamma
     G A 282                  !!      0.000  epsilon-1
     G A 291                  !!      0.000      None
     G A 296                  !!      0.000      beta
     A A 303                  !!      0.000     alpha
     C A 313                  !!      0.000      None
     G A 315                  !!      0.000  epsilon-1
     G A 317                  !!      0.000      None
  15 suites triaged and 0 incomplete leaving 120 suites
  24/135 suite outliers present
  Average suiteness: 0.761
