
Using nuclear cloud x-H distances and vdW radii

Using input model H/D atoms...

Bad Clashes >= 0.4 Angstrom:
 A 295    C  C6   A 295    C  OP1 :0.792
 A 237    G  H8   A 237    G  OP1 :0.762
 A 317    G  C8   A 317    G  OP2 :0.728
 A 248    U  H6   A 248    U  P   :0.705
 A 293    U  H6   A 293    U  O5' :0.690
 A 237    G  C8   A 237    G  OP1 :0.688
 A 248    U  C6   A 248    U  OP1 :0.672
 A 295    C  C5   A 295    C  OP1 :0.649
 A 293    U  O2'  A 294    G  O4' :0.632
 A 294    G  O2'  A 295    C  P   :0.628
 A 240    C  C6   A 240    C  OP2 :0.618
 A 295    C  H6   A 295    C  OP1 :0.615
 A 251    G  H8   A 251    G  OP2 :0.614
 A 247    A  O2'  A 250    C  O2' :0.600
 A 281    G  O2'  A 282    G  O5' :0.592
 A 240    C  C5   A 240    C  OP2 :0.587
 A 294    G  O2'  A 295    C  OP1 :0.578
 A 309    A  H8   A 309    A  O5' :0.566
 A 248    U  H6   A 248    U  OP2 :0.548
 A 203    A  N6   A 309    A  N3  :0.539
 A 229    U  O2   A 233    U  N3  :0.522
 A 248    U  O2'  A 249    U  O5' :0.513
 A 263    G  H4'  A 263    G  OP1 :0.501
 A 247    A  O2'  A 248    U  OP1 :0.498
 A 294    G  C2'  A 295    C  O5' :0.492
 A 294    G  O2'  A 295    C  O5' :0.491
 A 247    A  C2'  A 248    U  OP1 :0.486
 A 224    A  N7   A 237    G  N2  :0.475
 A 248    U  OP2  A 292    G  O2' :0.467
 A 292    G  H2'  A 293    U  O4' :0.464
 A 240    C  H6   A 240    C  OP2 :0.464
 A 218    C  H2'  A 219    A  O4' :0.459
 A 251    G  O3'  A 252    G  O4' :0.458
 A 317    G  H8   A 317    G  OP2 :0.452
 A 201    C  H2'  A 202    A  O4' :0.450
 A 213    G  C5'  A 214    G  OP2 :0.437
 A 248    U  C6   A 248    U  P   :0.431
 A 247    A  O2'  A 251    G  O5' :0.424
 A 281    G  H4'  A 282    G  O5' :0.406
 A 262    U  H3'  A 263    G H5'' :0.405
 A 302    C  H2'  A 303    A H5'' :0.403
clashscore = 9.48
