
                    ----------Backbone bond lenths----------                   

  All bonds within 4.0 sigma of ideal values.

                    ----------Backbone bond angles----------                   

  residue               atom 1  atom 2  atom 3  sigmas
   A 203    A              O3'     P       OP1   18.84
   A 203    A              O3'     P       OP2  -11.52
   A 213    G              O3'     P       OP1   11.49
   A 213    G              O3'     P       OP2   19.49
   A 240    C              O3'     P       OP1    9.46
   A 240    C              O3'     P       OP2   21.57
   A 251    G              C4'     C3'     C2'    4.49
   A 251    G              C5'     C4'     O4'    4.24
   A 266    U              C4'     C3'     C2'    4.38
   A 271    U              O3'     P       OP1   -9.12
   A 271    U              O3'     P       OP2   28.44
   A 309    A              O3'     P       OP1   29.34
  12/2961 angle outliers present

                        ----------Sugar pucker----------                       

  residue                  delta   outlier   epsilon   outlier
   A 198    U               78.5       yes      41.3       yes
   A 251    G               82.0        no      39.7       yes
   A 281    G               80.8        no      28.9       yes
  3/134 pucker outliers present

                  ----------Backbone torsion suites----------                  

  Suite ID                 suite  suiteness  triaged angle
     C A 199                  !!      0.000  epsilon-1
     G A 204                  !!      0.000      None
     C A 210                  !!      0.000      None
     G A 214                  !!      0.000      None
     U A 233                  !!      0.000     gamma
     G A 237                  !!      0.000     gamma
     G A 241                  !!      0.000      None
     U A 249                  !!      0.000      None
     C A 250                  !!      0.000      None
     G A 252                  !!      0.000  epsilon-1
     G A 263                  !!      0.000      beta
     C A 269                  !!      0.000      None
     G A 272                  !!      0.000    zeta-1
     G A 282                  !!      0.000  epsilon-1
     G A 292                  !!      0.000      None
     G A 296                  !!      0.000      None
     A A 303                  !!      0.000     gamma
     C A 313                  !!      0.000     gamma
     G A 315                  !!      0.000     gamma
     G A 317                  !!      0.000      None
  10 suites triaged and 0 incomplete leaving 125 suites
  20/135 suite outliers present
  Average suiteness: 0.745
