
                    ----------Backbone bond lenths----------                   

  All bonds within 4.0 sigma of ideal values.

                    ----------Backbone bond angles----------                   

  residue               atom 1  atom 2  atom 3  sigmas
   A 195    G              O3'     P       OP1   16.58
   A 195    G              O3'     P       OP2  -10.95
   A 203    A              O3'     P       OP1   -5.11
   A 203    A              O3'     P       OP2   34.20
   A 213    G              O3'     P       OP2   34.52
   A 240    C              O3'     P       OP1    7.91
   A 240    C              O3'     P       OP2   23.19
   A 249    U              O3'     P       OP1   10.59
   A 249    U              O3'     P       OP2   20.42
   A 262    U              O3'     P       O5'   -5.43
   A 262    U              O3'     P       OP2    4.87
   A 294    G              O3'     C3'     C2'    5.60
   A 294    G              O4'     C4'     C3'   12.48
   A 295    C              O3'     P       O5'   -4.21
  14/2961 angle outliers present

                        ----------Sugar pucker----------                       

  residue                  delta   outlier   epsilon   outlier
   A 213    G               80.6       yes      36.5       yes
   A 262    U               86.1       yes      31.3       yes
   A 271    U               81.7       yes      14.3       yes
   A 281    G               80.9        no      33.7       yes
   A 295    C               78.2        no      22.5       yes
   A 302    C               81.6        no     138.9       yes
  6/134 pucker outliers present

                  ----------Backbone torsion suites----------                  

  Suite ID                 suite  suiteness  triaged angle
     U A 196                  !!      0.000     gamma
     C A 199                  !!      0.000     gamma
     C A 210                  !!      0.000     gamma
     G A 214                  !!      0.000  epsilon-1
     U A 233                  !!      0.000     gamma
     G A 237                  !!      0.000     gamma
     G A 241                  !!      0.000     gamma
     C A 250                  !!      0.000    zeta-1
     G A 252                  !!      0.000      None
     U A 262                  !!      0.000     alpha
     G A 263                  !!      0.000  epsilon-1
     U A 267                  !!      0.000      None
     G A 270                  !!      0.000      None
     G A 272                  !!      0.000  epsilon-1
     G A 282                  !!      0.000  epsilon-1
     A A 289                  !!      0.000     gamma
     C A 295                  !!      0.000      None
     G A 296                  !!      0.000  epsilon-1
     A A 303                  !!      0.000  epsilon-1
     G A 317                  !!      0.000      None
  15 suites triaged and 0 incomplete leaving 120 suites
  20/135 suite outliers present
  Average suiteness: 0.759
