
                    ----------Backbone bond lenths----------                   

  All bonds within 4.0 sigma of ideal values.

                    ----------Backbone bond angles----------                   

  All angles within 4.0 sigma of ideal values.

                        ----------Sugar pucker----------                       

  residue                  delta   outlier   epsilon   outlier
   A 222    C               80.1        no      30.0       yes
   A 252    G               79.5        no      28.0       yes
  2/123 pucker outliers present

                  ----------Backbone torsion suites----------                  

  Suite ID                 suite  suiteness  triaged angle
     A A 169                  !!      0.000      None
     C A 176                  !!      0.000      None
     C A 203                  !!      0.000      None
     A A 223                  !!      0.000  epsilon-1
     U A 224                  !!      0.000      None
     U A 239                  !!      0.000      None
     A A 253                  !!      0.000  epsilon-1
  2 suites triaged and 0 incomplete leaving 122 suites
  7/124 suite outliers present
  Average suiteness: 0.833
