
                    ----------Backbone bond lenths----------                   

  All bonds within 4.0 sigma of ideal values.

                    ----------Backbone bond angles----------                   

  All angles within 4.0 sigma of ideal values.

                        ----------Sugar pucker----------                       

  residue                  delta   outlier   epsilon   outlier
   A 219    G               78.6        no     142.5       yes
   A 252    G               79.3        no      27.7       yes
  2/123 pucker outliers present

                  ----------Backbone torsion suites----------                  

  Suite ID                 suite  suiteness  triaged angle
     U A 175                  !!      0.000      None
     C A 183                  !!      0.000      None
     A A 220                  !!      0.000  epsilon-1
     C A 222                  !!      0.000      None
     A A 223                  !!      0.000      None
     A A 253                  !!      0.000  epsilon-1
  2 suites triaged and 0 incomplete leaving 122 suites
  6/124 suite outliers present
  Average suiteness: 0.858
