
                    ----------Backbone bond lenths----------                   

  All bonds within 4.0 sigma of ideal values.

                    ----------Backbone bond angles----------                   

  All angles within 4.0 sigma of ideal values.

                        ----------Sugar pucker----------                       

  residue                  delta   outlier   epsilon   outlier
   A 209    U               76.5        no      85.7       yes
   A 281    G               79.4        no      27.8       yes
  2/134 pucker outliers present

                  ----------Backbone torsion suites----------                  

  Suite ID                 suite  suiteness  triaged angle
     U A 198                  !!      0.000      None
     C A 210                  !!      0.000  epsilon-1
     A A 220                  !!      0.000      None
     U A 221                  !!      0.000      None
     U A 249                  !!      0.000      None
     C A 250                  !!      0.000      None
     G A 252                  !!      0.000      None
     U A 262                  !!      0.000      None
     G A 263                  !!      0.000      None
     G A 282                  !!      0.000  epsilon-1
  2 suites triaged and 0 incomplete leaving 133 suites
  10/135 suite outliers present
  Average suiteness: 0.847
