
                    ----------Backbone bond lenths----------                   

  All bonds within 4.0 sigma of ideal values.

                    ----------Backbone bond angles----------                   

  All angles within 4.0 sigma of ideal values.

                        ----------Sugar pucker----------                       

  residue                  delta   outlier   epsilon   outlier
   A 209    U               76.7        no      80.6       yes
   A 281    G               79.3        no      26.9       yes
  2/134 pucker outliers present

                  ----------Backbone torsion suites----------                  

  Suite ID                 suite  suiteness  triaged angle
     U A 198                  !!      0.000      None
     C A 199                  !!      0.000      None
     C A 210                  !!      0.000  epsilon-1
     G A 214                  !!      0.000      None
     C A 250                  !!      0.000      None
     U A 262                  !!      0.000      None
     G A 263                  !!      0.000      None
     G A 282                  !!      0.000  epsilon-1
  2 suites triaged and 0 incomplete leaving 133 suites
  8/135 suite outliers present
  Average suiteness: 0.836
