
                    ----------Backbone bond lenths----------                   

  All bonds within 4.0 sigma of ideal values.

                    ----------Backbone bond angles----------                   

  All angles within 4.0 sigma of ideal values.

                        ----------Sugar pucker----------                       

  residue                  delta   outlier   epsilon   outlier
   A 281    G               79.3        no      27.2       yes
  1/134 pucker outliers present

                  ----------Backbone torsion suites----------                  

  Suite ID                 suite  suiteness  triaged angle
     U A 198                  !!      0.000      None
     C A 199                  !!      0.000      None
     C A 210                  !!      0.000      None
     G A 214                  !!      0.000      None
     C A 231                  !!      0.000     gamma
     G A 252                  !!      0.000      None
     U A 262                  !!      0.000      None
     G A 282                  !!      0.000  epsilon-1
     G A 296                  !!      0.000     gamma
  3 suites triaged and 0 incomplete leaving 132 suites
  9/135 suite outliers present
  Average suiteness: 0.836
