
                    ----------Backbone bond lenths----------                   

  All bonds within 4.0 sigma of ideal values.

                    ----------Backbone bond angles----------                   

  All angles within 4.0 sigma of ideal values.

                        ----------Sugar pucker----------                       

  residue                  delta   outlier   epsilon   outlier
   A 299    G               77.9        no      31.3       yes
  1/134 pucker outliers present

                  ----------Backbone torsion suites----------                  

  Suite ID                 suite  suiteness  triaged angle
     G A 213                  !!      0.000      None
     C A 228                  !!      0.000      None
     U A 239                  !!      0.000      None
     U A 267                  !!      0.000      None
     C A 268                  !!      0.000      None
     C A 273                  !!      0.000      None
     U A 280                  !!      0.000      None
     G A 281                  !!      0.000      None
     A A 300                  !!      0.000  epsilon-1
     C A 313                  !!      0.000      None
  1 suites triaged and 0 incomplete leaving 134 suites
  10/135 suite outliers present
  Average suiteness: 0.818
