
                    ----------Backbone bond lenths----------                   

  All bonds within 4.0 sigma of ideal values.

                    ----------Backbone bond angles----------                   

  All angles within 4.0 sigma of ideal values.

                        ----------Sugar pucker----------                       

  residue                  delta   outlier   epsilon   outlier
   A 299    G               78.9        no      28.3       yes
  1/134 pucker outliers present

                  ----------Backbone torsion suites----------                  

  Suite ID                 suite  suiteness  triaged angle
     G A 213                  !!      0.000      None
     U A 216                  !!      0.000      None
     G A 222                  !!      0.000     alpha
     C A 228                  !!      0.000      None
     C A 268                  !!      0.000      None
     C A 273                  !!      0.000     gamma
     U A 286                  !!      0.000      None
     C A 287                  !!      0.000     alpha
     G A 290                  !!      0.000      None
     A A 300                  !!      0.000  epsilon-1
     U A 311                  !!      0.000      None
  4 suites triaged and 0 incomplete leaving 131 suites
  11/135 suite outliers present
  Average suiteness: 0.805
