
Using nuclear cloud x-H distances and vdW radii

Using input model H/D atoms...

Bad Clashes >= 0.4 Angstrom:
 A 163    G  H4'  A 163    G  OP1 :0.940
 A 159    A  C4'  A 159    A  OP2 :0.873
 A 159    A  O4'  A 159    A  OP2 :0.846
 A 163    G  C4'  A 163    G  OP1 :0.824
 A 160    A  H3'  A 160    A  OP1 :0.824
 A 160    A  H8   A 160    A  OP2 :0.820
 A 160    A  C8   A 160    A  OP2 :0.789
 A 160    A  H8   A 160    A  P   :0.710
 A 208    C  O4'  A 208    C  OP1 :0.710
 A 210    U  C6   A 210    U  OP2 :0.710
 A 250    G  C8   A 250    G  OP2 :0.680
 A 159    A  H4'  A 159    A  OP2 :0.650
 A 160    A  C8   A 160    A  P   :0.636
 A 175    A  N7   A 178    C  N4  :0.635
 A 250    G  H8   A 250    G  OP2 :0.626
 A 284    A  O2'  A 285    A  OP2 :0.620
 A 210    U  H6   A 210    U  OP2 :0.614
 A 172    U  OP1  A 179    U  O4' :0.593
 A 245    U  O2'  A 246    U  OP2 :0.586
 A 167    U  O2'  A 168    G  OP2 :0.583
 A 290    U  C6   A 290    U  OP2 :0.575
 A 264    U  C4'  A 264    U  OP2 :0.541
 A 209    A  O2'  A 274    G  O2' :0.519
 A 208    C  O4'  A 208    C  P   :0.497
 A 237    G  H8   A 237    G  OP2 :0.482
 A 177    U  O2'  A 182    G  N7  :0.479
 A 284    A  O2'  A 285    A  O4' :0.467
 A 178    C  H6   A 178    C  O5' :0.464
 A 192    U  C2   A 196    G  O6  :0.453
 A 273    U  C2'  A 274    G  OP2 :0.444
 A 290    U  C5   A 290    U  OP2 :0.436
 A 245    U  O2'  A 246    U  P   :0.434
 A 167    U  H6   A 167    U  O5' :0.433
 A 206    U  H2'  A 207    C  C6  :0.431
 A 169    U  O4   A 171    U  C2  :0.428
 A 209    A  H4'  A 274    G  H1' :0.427
 A 238    U  H2'  A 239    C  C6  :0.419
 A 284    A  H1'  A 285    A  H1' :0.416
 A 217    A  H2'  A 219    C  C5  :0.413
 A 174    U  O4   A 175    A  N6  :0.412
 A 157    G  C6   A 158    C  C4  :0.405
 A 167    U  O2'  A 168    G  P   :0.404
 A 220    G  C6   A 221    C  C4  :0.404
 A 163    G  C6   A 164    C  C4  :0.402
clashscore = 9.88
