
Using nuclear cloud x-H distances and vdW radii

Using input model H/D atoms...

Bad Clashes >= 0.4 Angstrom:
 A 278    A  C8   A 278    A  OP2 :0.992
 A 255    A  O2'  A 256    G  OP1 :0.849
 A 278    A  H8   A 278    A  OP2 :0.811
 A 168    G  N2   A 280    C  O2' :0.798
 A 251    U  OP1  A 277    A  O2' :0.763
 A 255    A  O2'  A 256    G  P   :0.704
 A 220    G  H8   A 220    G  OP2 :0.685
 A 181    A  C8   A 181    A  OP2 :0.659
 A 167    U  O2'  A 168    G  O4' :0.644
 A 155    A  O2'  A 156    A  OP1 :0.638
 A 177    U  O2'  A 254    A  O2' :0.585
 A 155    A  O2'  A 156    A  P   :0.548
 A 220    G  C8   A 220    G  OP2 :0.509
 A 255    A  C2'  A 256    G  O5' :0.509
 A 215    C  O2'  A 216    A  O5' :0.508
 A 218    A  C8   A 218    A  OP1 :0.502
 A 237    G  H8   A 237    G  OP2 :0.482
 A 277    A  O2'  A 278    A  O5' :0.480
 A 170    G  C6   A 278    A  C2  :0.461
 A 217    A  H8   A 217    A  O5' :0.455
 A 192    U  C2   A 196    G  O6  :0.452
 A 178    C  N4   A 254    A  N3  :0.450
 A 223    U  H6   A 223    U  O5' :0.445
 A 155    A  C2'  A 156    A  O5' :0.445
 A 178    C  O4'  A 178    C  OP1 :0.440
 A 170    G  N1   A 278    A  C2  :0.439
 A 166    G  C2'  A 167    U  H4' :0.438
 A 279    C  H2'  A 280    C  H4' :0.436
 A 206    U  H2'  A 207    C  C6  :0.433
 A 163    G  N3   A 284    A  N6  :0.428
 A 238    U  H2'  A 239    C  C6  :0.419
 A 159    A  C2   A 160    A  C5  :0.416
 A 163    G  N2   A 284    A  N7  :0.407
 A 218    A  H8   A 218    A  P   :0.404
 A 159    A  C2   A 288    G  C2  :0.403
 A 163    G  C6   A 164    C  C4  :0.402
clashscore = 8.08
