
                    ----------Backbone bond lenths----------                   

  All bonds within 4.0 sigma of ideal values.

                    ----------Backbone bond angles----------                   

  residue               atom 1  atom 2  atom 3  sigmas
   A 167    U              O3'     C3'     C2'    5.34
   A 223    U              C4'     C3'     C2'    4.12
   A 223    U              O3'     C3'     C2'    5.49
  3/3071 angle outliers present

                        ----------Sugar pucker----------                       

  residue                  delta   outlier   epsilon   outlier
   A 174    U               79.9        no     128.7       yes
  1/139 pucker outliers present

                  ----------Backbone torsion suites----------                  

  Suite ID                 suite  suiteness  triaged angle
     A A 156                  !!      0.000      None
     A A 160                  !!      0.000     gamma
     G A 163                  !!      0.000      None
     U A 167                  !!      0.000      None
     G A 168                  !!      0.000      None
     U A 171                  !!      0.000      None
     A A 175                  !!      0.000  epsilon-1
     G A 176                  !!      0.000      None
     A A 180                  !!      0.000      None
     A A 181                  !!      0.000     gamma
     G A 182                  !!      0.000    zeta-1
     C A 194                  !!      0.000     gamma
     C A 208                  !!      0.000     gamma
     A A 209                  !!      0.000     gamma
     U A 210                  !!      0.000      None
     A A 218                  !!      0.000    zeta-1
     G A 220                  !!      0.000     gamma
     C A 222                  !!      0.000     gamma
     U A 223                  !!      0.000      None
     U A 224                  !!      0.000     gamma
     G A 250                  !!      0.000     gamma
     U A 262                  !!      0.000      None
     U A 264                  !!      0.000      None
     U A 265                  !!      0.000      None
     C A 268                  !!      0.000      None
     G A 274                  !!      0.000      None
     G A 288                  !!      0.000     gamma
  13 suites triaged and 0 incomplete leaving 127 suites
  27/140 suite outliers present
  Average suiteness: 0.683
