
                    ----------Backbone bond lenths----------                   

  All bonds within 4.0 sigma of ideal values.

                    ----------Backbone bond angles----------                   

  residue               atom 1  atom 2  atom 3  sigmas
   A 209    A              O4'     C1'     C2'    5.71
   A 209    A              C4'     C3'     C2'    9.08
   A 209    A              O4'     C4'     C3'    7.16
  3/3071 angle outliers present

                        ----------Sugar pucker----------                       

  residue                  delta   outlier   epsilon   outlier
   A 177    U              134.8        no      59.7       yes
  1/139 pucker outliers present

                  ----------Backbone torsion suites----------                  

  Suite ID                 suite  suiteness  triaged angle
     A A 159                  !!      0.000     gamma
     A A 160                  !!      0.000      None
     G A 163                  !!      0.000     gamma
     G A 168                  !!      0.000      None
     G A 170                  !!      0.000      beta
     U A 171                  !!      0.000      None
     G A 176                  !!      0.000      None
     U A 177                  !!      0.000     gamma
     C A 178                  !!      0.000  epsilon-1
     A A 180                  !!      0.000      None
     A A 181                  !!      0.000      None
     G A 182                  !!      0.000      None
     C A 194                  !!      0.000     gamma
     C A 208                  !!      0.000     gamma
     U A 210                  !!      0.000     gamma
     G A 220                  !!      0.000     gamma
     C A 222                  !!      0.000    zeta-1
     U A 223                  !!      0.000     gamma
     A A 225                  !!      0.000     alpha
     U A 246                  !!      0.000     gamma
     U A 247                  !!      0.000     gamma
     G A 250                  !!      0.000     gamma
     U A 265                  !!      0.000     gamma
     G A 274                  !!      0.000      None
     A A 278                  !!      0.000     gamma
     C A 280                  !!      0.000      None
  17 suites triaged and 0 incomplete leaving 123 suites
  26/140 suite outliers present
  Average suiteness: 0.723
