
Using nuclear cloud x-H distances and vdW radii

Using input model H/D atoms...

Bad Clashes >= 0.4 Angstrom:
 A 182    G  H8   A 182    G  OP2 :1.154
 A 182    G  C8   A 182    G  OP2 :0.989
 A 248    G  O4'  A 248    G  OP1 :0.824
 A 182    G  H8   A 182    G  P   :0.807
 A 171    U  H6   A 171    U  OP2 :0.692
 A 171    U  C6   A 171    U  OP2 :0.688
 A 182    G  C8   A 182    G  P   :0.667
 A 250    G  H8   A 250    G  OP2 :0.616
 A 247    U  O2'  A 248    G  OP1 :0.611
 A 159    A  H8   A 159    A  O5' :0.599
 A 250    G  C8   A 250    G  OP2 :0.596
 A 218    A  C8   A 218    A  OP1 :0.576
 A 217    A  N6   A 220    G  O6  :0.550
 A 210    U  H3'  A 210    U  P   :0.549
 A 210    U  H3'  A 210    U  OP2 :0.546
 A 209    A  H8   A 209    A  O5' :0.518
 A 216    A  C2   A 217    A  C4  :0.511
 A 210    U  C6   A 210    U  OP2 :0.486
 A 237    G  H8   A 237    G  OP2 :0.482
 A 169    U  O2'  A 170    G  O5' :0.462
 A 207    C  C2'  A 208    C  OP2 :0.460
 A 277    A  C2'  A 278    A  O5' :0.455
 A 192    U  C2   A 196    G  O6  :0.453
 A 209    A  C8   A 209    A  O5' :0.448
 A 206    U  H2'  A 207    C  C6  :0.432
 A 207    C  H2'  A 208    C  OP2 :0.429
 A 248    G  O4'  A 248    G  P   :0.429
 A 224    U  C5   A 225    A  C4  :0.425
 A 216    A  C2   A 250    G  C2  :0.424
 A 217    A  N1   A 249    U  N3  :0.420
 A 238    U  H2'  A 239    C  C6  :0.419
 A 163    G  C6   A 164    C  C4  :0.409
 A 219    C  O2'  A 245    U  OP1 :0.408
 A 157    G  C6   A 158    C  C4  :0.405
clashscore = 7.63
