
                    ----------Backbone bond lenths----------                   

  All bonds within 4.0 sigma of ideal values.

                    ----------Backbone bond angles----------                   

  residue               atom 1  atom 2  atom 3  sigmas
   A 247    U              O3'     P       O5'   -4.74
   A 265    U              O3'     C3'     C2'    5.15
  2/3071 angle outliers present

                        ----------Sugar pucker----------                       

  residue                  delta   outlier   epsilon   outlier
   A 247    U               81.6        no     128.1       yes
  1/139 pucker outliers present

                  ----------Backbone torsion suites----------                  

  Suite ID                 suite  suiteness  triaged angle
     A A 156                  !!      0.000    zeta-1
     G A 168                  !!      0.000      None
     G A 170                  !!      0.000      None
     A A 175                  !!      0.000      None
     U A 179                  !!      0.000     gamma
     A A 180                  !!      0.000     gamma
     G A 182                  !!      0.000     gamma
     C A 194                  !!      0.000     gamma
     C A 208                  !!      0.000     gamma
     A A 209                  !!      0.000      None
     U A 210                  !!      0.000      None
     A A 218                  !!      0.000     gamma
     G A 220                  !!      0.000     gamma
     U A 224                  !!      0.000     gamma
     U A 247                  !!      0.000      None
     G A 248                  !!      0.000  epsilon-1
     G A 250                  !!      0.000     gamma
     U A 263                  !!      0.000      None
     U A 265                  !!      0.000     gamma
     G A 274                  !!      0.000      None
  12 suites triaged and 0 incomplete leaving 128 suites
  20/140 suite outliers present
  Average suiteness: 0.720
