
                    ----------Backbone bond lenths----------                   

  All bonds within 4.0 sigma of ideal values.

                    ----------Backbone bond angles----------                   

  residue               atom 1  atom 2  atom 3  sigmas
   A 176    G              C4'     C3'     C2'    5.04
   A 176    G              C5'     C4'     O4'   -4.22
   A 219    C              O4'     C4'     C3'    4.27
  3/3071 angle outliers present

                        ----------Sugar pucker----------                       

  residue                  delta   outlier   epsilon   outlier
   A 155    A               79.7        no     128.7       yes
   A 181    A              167.4       yes     271.4        no
   A 215    C               79.4        no     153.6       yes
   A 255    A               81.4        no     114.1       yes
  4/139 pucker outliers present

                  ----------Backbone torsion suites----------                  

  Suite ID                 suite  suiteness  triaged angle
     A A 156                  !!      0.000  epsilon-1
     A A 160                  !!      0.000     gamma
     U A 167                  !!      0.000      None
     G A 170                  !!      0.000      None
     U A 171                  !!      0.000      None
     G A 176                  !!      0.000      None
     C A 178                  !!      0.000      None
     U A 179                  !!      0.000     gamma
     A A 180                  !!      0.000      None
     A A 181                  !!      0.000     delta
     G A 182                  !!      0.000   delta-1
     C A 194                  !!      0.000     gamma
     C A 208                  !!      0.000    zeta-1
     A A 209                  !!      0.000      None
     A A 216                  !!      0.000  epsilon-1
     A A 218                  !!      0.000     gamma
     G A 220                  !!      0.000      None
     U A 224                  !!      0.000     gamma
     A A 225                  !!      0.000      None
     G A 250                  !!      0.000     gamma
     G A 256                  !!      0.000  epsilon-1
     G A 274                  !!      0.000     gamma
     A A 278                  !!      0.000      None
     C A 280                  !!      0.000      None
     G A 288                  !!      0.000     gamma
  14 suites triaged and 0 incomplete leaving 126 suites
  25/140 suite outliers present
  Average suiteness: 0.746
