
                    ----------Backbone bond lenths----------                   

  All bonds within 4.0 sigma of ideal values.

                    ----------Backbone bond angles----------                   

  residue               atom 1  atom 2  atom 3  sigmas
   A 159    A              C4'     C3'     C2'    4.33
  1/3071 angle outliers present

                        ----------Sugar pucker----------                       

  residue                  delta   outlier   epsilon   outlier
   A 166    G               79.4        no     138.2       yes
  1/139 pucker outliers present

                  ----------Backbone torsion suites----------                  

  Suite ID                 suite  suiteness  triaged angle
     A A 156                  !!      0.000     gamma
     G A 157                  !!      0.000      None
     A A 159                  !!      0.000      None
     A A 160                  !!      0.000      None
     G A 163                  !!      0.000     gamma
     U A 167                  !!      0.000  epsilon-1
     G A 168                  !!      0.000      None
     G A 170                  !!      0.000     alpha
     U A 171                  !!      0.000      None
     A A 175                  !!      0.000      None
     G A 176                  !!      0.000      None
     C A 194                  !!      0.000     gamma
     U A 210                  !!      0.000      None
     A A 216                  !!      0.000      None
     A A 217                  !!      0.000      None
     A A 218                  !!      0.000     gamma
     C A 219                  !!      0.000     gamma
     A A 225                  !!      0.000      None
     U A 246                  !!      0.000     gamma
     U A 247                  !!      0.000     gamma
     G A 250                  !!      0.000     gamma
     G A 256                  !!      0.000     gamma
     A A 285                  !!      0.000      None
  11 suites triaged and 0 incomplete leaving 129 suites
  23/140 suite outliers present
  Average suiteness: 0.730
