
                    ----------Backbone bond lenths----------                   

  All bonds within 4.0 sigma of ideal values.

                    ----------Backbone bond angles----------                   

  residue               atom 1  atom 2  atom 3  sigmas
   A 177    U              O3'     C3'     C2'    5.52
   A 179    U              O3'     C3'     C2'    4.10
   A 247    U              O3'     C3'     C2'    4.06
  3/3071 angle outliers present

                        ----------Sugar pucker----------                       

  residue                  delta   outlier   epsilon   outlier
   A 166    G               79.5        no     146.1       yes
   A 175    A               84.2        no     148.3       yes
   A 218    A               80.2        no      17.0       yes
  3/139 pucker outliers present

                  ----------Backbone torsion suites----------                  

  Suite ID                 suite  suiteness  triaged angle
     U A 167                  !!      0.000  epsilon-1
     G A 170                  !!      0.000      beta
     G A 176                  !!      0.000  epsilon-1
     C A 178                  !!      0.000     gamma
     A A 181                  !!      0.000      None
     C A 194                  !!      0.000     gamma
     A A 209                  !!      0.000      None
     U A 210                  !!      0.000      None
     A A 217                  !!      0.000      None
     A A 218                  !!      0.000      None
     C A 219                  !!      0.000  epsilon-1
     A A 225                  !!      0.000      beta
     U A 247                  !!      0.000     gamma
     G A 248                  !!      0.000     gamma
     G A 250                  !!      0.000     gamma
     G A 256                  !!      0.000     gamma
     A A 284                  !!      0.000     gamma
     G A 288                  !!      0.000      None
  12 suites triaged and 0 incomplete leaving 128 suites
  18/140 suite outliers present
  Average suiteness: 0.739
