
Using nuclear cloud x-H distances and vdW radii

Using input model H/D atoms...

Bad Clashes >= 0.4 Angstrom:
 A 166    A  H8   A 166    A  OP1 :0.896
 A 166    A  C8   A 166    A  OP1 :0.891
 A 182    U  O2'  A 183    C  P   :0.735
 A 169    A  O2'  A 170    A  OP2 :0.732
 A 235    A  O2'  A 236    G  O5' :0.721
 A 235    A  O2'  A 236    G  P   :0.684
 A 242    G  H8   A 242    G  OP2 :0.680
 A 166    A  H8   A 166    A  P   :0.677
 A 235    A  C2'  A 236    G  OP2 :0.659
 A 182    U  O2'  A 183    C  OP2 :0.631
 A 252    G  O2'  A 253    A  O5' :0.600
 A 242    G  C8   A 242    G  OP2 :0.507
 A 252    G  H4'  A 253    A  O5' :0.470
 A 237    G  N2   A 238    U  O4  :0.451
 A 203    C  H6   A 203    C  O5' :0.451
 A 174    G  C6   A 271    G  C2  :0.445
 A 174    G  C5   A 175    U  C4  :0.426
 A 220    A  H8   A 220    A  P   :0.425
 A 218    C  H2'  A 219    G  C8  :0.423
 A 174    G  C6   A 175    U  C4  :0.421
 A 169    A  H4'  A 170    A  O5' :0.413
 A 252    G  O2'  A 253    A  C5' :0.411
 A 220    A  C8   A 220    A  OP2 :0.404
 A 235    A  H2'  A 236    G  OP2 :0.404
clashscore = 6.06
