
                    ----------Backbone bond lenths----------                   

  All bonds within 4.0 sigma of ideal values.

                    ----------Backbone bond angles----------                   

  residue               atom 1  atom 2  atom 3  sigmas
   A 194    U              O3'     P       OP1   -6.36
   A 194    U              O3'     P       OP2    8.66
   A 212    U              O3'     P       OP1    5.44
   A 212    U              O3'     P       OP2   25.78
  4/2719 angle outliers present

                        ----------Sugar pucker----------                       

  residue                  delta   outlier   epsilon   outlier
   A 169    A               77.9       yes      32.0       yes
   A 182    U               79.2        no      77.3       yes
   A 235    A               83.5        no     120.0       yes
   A 252    G               80.9        no      29.6       yes
  4/123 pucker outliers present

                  ----------Backbone torsion suites----------                  

  Suite ID                 suite  suiteness  triaged angle
     G A 165                  !!      0.000      None
     A A 166                  !!      0.000    zeta-1
     A A 170                  !!      0.000  epsilon-1
     C A 171                  !!      0.000      None
     C A 183                  !!      0.000  epsilon-1
     C A 186                  !!      0.000     gamma
     G A 219                  !!      0.000     alpha
     U A 221                  !!      0.000      None
     C A 222                  !!      0.000      None
     A A 235                  !!      0.000     gamma
     G A 236                  !!      0.000  epsilon-1
     G A 242                  !!      0.000     gamma
     G A 246                  !!      0.000     gamma
     A A 253                  !!      0.000  epsilon-1
     G A 271                  !!      0.000     gamma
     C A 275                  !!      0.000     gamma
  12 suites triaged and 0 incomplete leaving 112 suites
  16/124 suite outliers present
  Average suiteness: 0.771
