
                    ----------Backbone bond lenths----------                   

  All bonds within 4.0 sigma of ideal values.

                    ----------Backbone bond angles----------                   

  residue               atom 1  atom 2  atom 3  sigmas
   A 174    G              O4'     C4'     C3'    4.69
   A 194    U              O3'     P       OP1   -6.35
   A 194    U              O3'     P       OP2    8.66
   A 204    G              O3'     C3'     C2'    4.01
   A 212    U              O3'     P       OP1    5.44
   A 212    U              O3'     P       OP2   25.79
  6/2719 angle outliers present

                        ----------Sugar pucker----------                       

  residue                  delta   outlier   epsilon   outlier
   A 169    A               78.9        no      60.3       yes
   A 182    U               79.2        no      77.3       yes
   A 252    G               80.9        no      29.7       yes
  3/123 pucker outliers present

                  ----------Backbone torsion suites----------                  

  Suite ID                 suite  suiteness  triaged angle
     G A 165                  !!      0.000    zeta-1
     A A 166                  !!      0.000     gamma
     A A 170                  !!      0.000  epsilon-1
     C A 171                  !!      0.000      None
     C A 183                  !!      0.000  epsilon-1
     C A 186                  !!      0.000     gamma
     U A 201                  !!      0.000      None
     A A 220                  !!      0.000     gamma
     C A 222                  !!      0.000      None
     A A 235                  !!      0.000      None
     G A 246                  !!      0.000     gamma
     A A 253                  !!      0.000  epsilon-1
     G A 271                  !!      0.000     gamma
  9 suites triaged and 0 incomplete leaving 115 suites
  13/124 suite outliers present
  Average suiteness: 0.786
