
                    ----------Backbone bond lenths----------                   

  All bonds within 4.0 sigma of ideal values.

                    ----------Backbone bond angles----------                   

  residue               atom 1  atom 2  atom 3  sigmas
   A 186    C              O3'     C3'     C2'    4.48
   A 194    U              O3'     P       OP1   -6.36
   A 194    U              O3'     P       OP2    8.65
   A 204    G              C4'     C3'     C2'    4.75
   A 212    U              O3'     P       OP1    5.42
   A 212    U              O3'     P       OP2   25.80
   A 223    A              O3'     C3'     C2'    4.12
   A 235    A              O3'     C3'     C2'    4.08
  8/2719 angle outliers present

                        ----------Sugar pucker----------                       

  residue                  delta   outlier   epsilon   outlier
   A 163    A               79.5       yes      35.8       yes
   A 182    U               79.2        no      77.4       yes
   A 186    C               87.3        no     147.8       yes
   A 234    U               79.8        no      23.2       yes
   A 252    G               80.9        no      29.6       yes
  5/123 pucker outliers present

                  ----------Backbone torsion suites----------                  

  Suite ID                 suite  suiteness  triaged angle
     C A 164                  !!      0.000  epsilon-1
     G A 165                  !!      0.000      None
     A A 169                  !!      0.000      None
     C A 183                  !!      0.000  epsilon-1
     A A 187                  !!      0.000  epsilon-1
     C A 203                  !!      0.000      None
     C A 225                  !!      0.000      None
     A A 235                  !!      0.000  epsilon-1
     G A 236                  !!      0.000     gamma
     G A 246                  !!      0.000     gamma
     A A 253                  !!      0.000  epsilon-1
     G A 271                  !!      0.000     gamma
  8 suites triaged and 0 incomplete leaving 116 suites
  12/124 suite outliers present
  Average suiteness: 0.784
