
Using nuclear cloud x-H distances and vdW radii

Using input model H/D atoms...

Bad Clashes >= 0.4 Angstrom:
 A 235    A  H3'  A 235    A  OP1 :0.787
 A 182    U  O2'  A 183    C  P   :0.735
 A 235    A  H2'  A 235    A  OP1 :0.722
 A 235    A  C2'  A 235    A  OP1 :0.708
 A 235    A  C3'  A 235    A  OP1 :0.697
 A 182    U  O2'  A 183    C  OP2 :0.631
 A 170    A  C8   A 170    A  OP1 :0.603
 A 252    G  O2'  A 253    A  O5' :0.602
 A 252    G  H4'  A 253    A  O5' :0.470
 A 236    G  C8   A 236    G  OP1 :0.467
 A 170    A  H8   A 170    A  P   :0.459
 A 174    G  C6   A 271    G  C2  :0.443
 A 166    A  O3'  A 166    A  OP1 :0.443
 A 174    G  C5   A 175    U  C4  :0.435
 A 241    C  H6   A 241    C  O5' :0.426
 A 174    G  C6   A 175    U  C4  :0.418
 A 252    G  O2'  A 253    A  C5' :0.411
 A 174    G  H2'  A 175    U  C6  :0.405
 A 164    C  N4   A 166    A  C5  :0.405
 A 224    U  H2'  A 225    C  C6  :0.405
 A 234    U  C3'  A 235    A H5'' :0.402
 A 170    A  H8   A 170    A  OP2 :0.401
clashscore = 5.56
