
Using nuclear cloud x-H distances and vdW radii

Using input model H/D atoms...

Bad Clashes >= 0.4 Angstrom:
 A 242    G  C8   A 242    G  OP2 :0.768
 A 242    G  O4'  A 242    G  OP2 :0.746
 A 182    U  O2'  A 183    C  P   :0.735
 A 182    U  O2'  A 183    C  OP2 :0.630
 A 252    G  O2'  A 253    A  O5' :0.601
 A 219    G  O2'  A 222    C  N3  :0.576
 A 242    G  H8   A 242    G  OP2 :0.561
 A 234    U  H4'  A 235    A  OP1 :0.545
 A 225    C  H6   A 225    C  OP2 :0.532
 A 234    U  C4'  A 235    A  OP1 :0.531
 A 196    A  N6   A 205    U  O4  :0.491
 A 239    U  H6   A 239    U  O5' :0.487
 A 243    U  H2'  A 244    C  C6  :0.485
 A 165    G  O6   A 277    U  N3  :0.478
 A 204    G  H3'  A 204    G  N3  :0.477
 A 252    G  H4'  A 253    A  O5' :0.470
 A 241    C  O2   A 241    C H5'' :0.465
 A 222    C  C6   A 222    C  OP2 :0.460
 A 174    G  C6   A 271    G  C2  :0.459
 A 222    C  H6   A 222    C  OP2 :0.459
 A 174    G  C5   A 175    U  C4  :0.453
 A 165    G  C8   A 165    G  O5' :0.449
 A 169    A  O2'  A 171    C  N4  :0.427
 A 219    G  H8   A 219    G  O5' :0.418
 A 170    A  H2'  A 170    A  N3  :0.412
 A 252    G  O2'  A 253    A  C5' :0.411
 A 174    G  C6   A 175    U  C4  :0.403
clashscore = 6.82
