
                    ----------Backbone bond lenths----------                   

  All bonds within 4.0 sigma of ideal values.

                    ----------Backbone bond angles----------                   

  residue               atom 1  atom 2  atom 3  sigmas
   A 194    U              O3'     P       OP1   -6.35
   A 194    U              O3'     P       OP2    8.65
   A 212    U              O3'     P       OP1    5.43
   A 212    U              O3'     P       OP2   25.78
  4/2719 angle outliers present

                        ----------Sugar pucker----------                       

  residue                  delta   outlier   epsilon   outlier
   A 169    A               81.2        no      26.2       yes
   A 182    U               79.2        no      77.4       yes
   A 252    G               80.8        no      29.7       yes
  3/123 pucker outliers present

                  ----------Backbone torsion suites----------                  

  Suite ID                 suite  suiteness  triaged angle
     A A 166                  !!      0.000     gamma
     A A 169                  !!      0.000     gamma
     A A 170                  !!      0.000  epsilon-1
     C A 183                  !!      0.000  epsilon-1
     C A 186                  !!      0.000      None
     U A 201                  !!      0.000    zeta-1
     U A 202                  !!      0.000     gamma
     A A 220                  !!      0.000     gamma
     U A 221                  !!      0.000      None
     C A 222                  !!      0.000      None
     U A 224                  !!      0.000      None
     A A 235                  !!      0.000    zeta-1
     G A 236                  !!      0.000     gamma
     U A 238                  !!      0.000     gamma
     G A 246                  !!      0.000     gamma
     A A 253                  !!      0.000  epsilon-1
     G A 271                  !!      0.000     gamma
  13 suites triaged and 0 incomplete leaving 111 suites
  17/124 suite outliers present
  Average suiteness: 0.788
