
Using nuclear cloud x-H distances and vdW radii

Using input model H/D atoms...

Bad Clashes >= 0.4 Angstrom:
 A 182    U  O2'  A 183    C  P   :0.736
 A 219    G  O2'  A 220    A  O5' :0.687
 A 182    U  O2'  A 183    C  OP2 :0.632
 A 252    G  O2'  A 253    A  O5' :0.602
 A 242    G  N3   A 242    G H5'' :0.567
 A 220    A  N6   A 223    A  O4' :0.547
 A 204    G  H8   A 204    G  OP2 :0.536
 A 202    U  O2'  A 204    G  N7  :0.499
 A 242    G  N2   A 242    G  OP2 :0.477
 A 252    G  H4'  A 253    A  O5' :0.470
 A 174    G  H2'  A 175    U  C6  :0.460
 A 274    C  H6   A 274    C  O5' :0.453
 A 169    A  N1   A 274    C  N4  :0.449
 A 174    G  C6   A 271    G  C2  :0.442
 A 174    G  C6   A 175    U  C4  :0.430
 A 252    G  O2'  A 253    A  C5' :0.411
 A 235    A  H8   A 235    A  O5' :0.409
clashscore = 4.30
