
Using nuclear cloud x-H distances and vdW radii

Using input model H/D atoms...

Bad Clashes >= 0.4 Angstrom:
 A 164    C  C6   A 164    C  OP2 :1.043
 A 236    G  H3'  A 236    G  OP2 :0.899
 A 236    G  C8   A 236    G  OP2 :0.877
 A 164    C  H3'  A 164    C  OP2 :0.740
 A 182    U  O2'  A 183    C  P   :0.735
 A 170    A  H2'  A 170    A  N3  :0.692
 A 240    U  H6   A 240    U  OP2 :0.654
 A 170    A  O4'  A 170    A  OP1 :0.637
 A 182    U  O2'  A 183    C  OP2 :0.631
 A 240    U  H6   A 240    U  P   :0.630
 A 170    A  N9   A 170    A  OP1 :0.618
 A 252    G  O2'  A 253    A  O5' :0.601
 A 170    A  O4'  A 170    A  P   :0.590
 A 169    A  O2'  A 170    A  OP1 :0.577
 A 164    C  C6   A 164    C  P   :0.559
 A 170    A  C2'  A 170    A  N3  :0.549
 A 164    C  C3'  A 164    C  OP2 :0.499
 A 242    G  H8   A 242    G  O5' :0.478
 A 236    G  C8   A 236    G  P   :0.474
 A 252    G  H4'  A 253    A  O5' :0.470
 A 174    G  C6   A 271    G  C2  :0.458
 A 222    C  H6   A 222    C  O5' :0.455
 A 164    C  H3'  A 164    C  P   :0.453
 A 164    C  N1   A 164    C  OP2 :0.453
 A 170    A  C8   A 170    A  OP1 :0.451
 A 174    G  C5   A 175    U  C4  :0.446
 A 203    C  H6   A 203    C  O5' :0.433
 A 240    U  C6   A 240    U  OP2 :0.432
 A 234    U  H2'  A 235    A  H4' :0.432
 A 236    G  H3'  A 236    G  P   :0.430
 A 236    G  H8   A 236    G  P   :0.423
 A 174    G  C6   A 175    U  C4  :0.414
 A 201    U  H6   A 201    U  O5' :0.411
 A 252    G  O2'  A 253    A  C5' :0.411
 A 236    G  C3'  A 236    G  OP2 :0.408
 A 223    A  H8   A 223    A  OP1 :0.407
 A 235    A  N3   A 235    A  O2' :0.404
clashscore = 9.35
