
                    ----------Backbone bond lenths----------                   

  All bonds within 4.0 sigma of ideal values.

                    ----------Backbone bond angles----------                   

  residue               atom 1  atom 2  atom 3  sigmas
   A 194    U              O3'     P       OP1   -6.35
   A 194    U              O3'     P       OP2    8.65
   A 212    U              O3'     P       OP1    5.41
   A 212    U              O3'     P       OP2   25.79
  4/2719 angle outliers present

                        ----------Sugar pucker----------                       

  residue                  delta   outlier   epsilon   outlier
   A 169    A              155.7        no     359.7       yes
   A 182    U               79.1        no      77.4       yes
   A 185    G               79.5        no     105.9       yes
   A 219    G               81.2        no      25.5       yes
   A 252    G               80.9        no      29.6       yes
  5/123 pucker outliers present

                  ----------Backbone torsion suites----------                  

  Suite ID                 suite  suiteness  triaged angle
     C A 164                  !!      0.000     gamma
     G A 165                  !!      0.000    zeta-1
     A A 169                  !!      0.000     gamma
     A A 170                  !!      0.000  epsilon-1
     C A 171                  !!      0.000      None
     C A 183                  !!      0.000  epsilon-1
     C A 186                  !!      0.000  epsilon-1
     A A 187                  !!      0.000      None
     A A 220                  !!      0.000  epsilon-1
     A A 223                  !!      0.000      None
     U A 224                  !!      0.000      None
     A A 235                  !!      0.000      None
     G A 236                  !!      0.000    zeta-1
     C A 241                  !!      0.000      None
     G A 246                  !!      0.000     gamma
     A A 253                  !!      0.000  epsilon-1
     G A 271                  !!      0.000     gamma
  11 suites triaged and 0 incomplete leaving 113 suites
  17/124 suite outliers present
  Average suiteness: 0.769
