
                    ----------Backbone bond lenths----------                   

  All bonds within 4.0 sigma of ideal values.

                    ----------Backbone bond angles----------                   

  residue               atom 1  atom 2  atom 3  sigmas
   A 168    U              C4'     C3'     C2'    5.19
   A 194    U              O3'     P       OP1   -6.35
   A 194    U              O3'     P       OP2    8.65
   A 212    U              O3'     P       OP1    5.42
   A 212    U              O3'     P       OP2   25.79
  5/2719 angle outliers present

                        ----------Sugar pucker----------                       

  residue                  delta   outlier   epsilon   outlier
   A 182    U               79.2        no      77.3       yes
   A 220    A               83.5        no      34.9       yes
   A 234    U               79.9        no      34.8       yes
   A 252    G               80.9        no      29.6       yes
  4/123 pucker outliers present

                  ----------Backbone torsion suites----------                  

  Suite ID                 suite  suiteness  triaged angle
     G A 165                  !!      0.000      None
     A A 166                  !!      0.000      None
     U A 168                  !!      0.000      beta
     C A 183                  !!      0.000  epsilon-1
     C A 186                  !!      0.000     gamma
     U A 202                  !!      0.000      None
     C A 203                  !!      0.000      None
     U A 221                  !!      0.000  epsilon-1
     A A 223                  !!      0.000      None
     A A 235                  !!      0.000  epsilon-1
     G A 236                  !!      0.000      None
     G A 246                  !!      0.000     gamma
     A A 253                  !!      0.000  epsilon-1
     G A 271                  !!      0.000     gamma
  8 suites triaged and 0 incomplete leaving 116 suites
  14/124 suite outliers present
  Average suiteness: 0.776
