
                    ----------Backbone bond lenths----------                   

  All bonds within 4.0 sigma of ideal values.

                    ----------Backbone bond angles----------                   

  All angles within 4.0 sigma of ideal values.

                        ----------Sugar pucker----------                       

  residue                  delta   outlier   epsilon   outlier
   A 281    G               77.5        no     125.4       yes
  1/134 pucker outliers present

                  ----------Backbone torsion suites----------                  

  Suite ID                 suite  suiteness  triaged angle
     C A 210                  !!      0.000      None
     A A 211                  !!      0.000      None
     A A 219                  !!      0.000     gamma
     A A 220                  !!      0.000      None
     C A 231                  !!      0.000      None
     G A 239                  !!      0.000      None
     G A 263                  !!      0.000      None
     G A 282                  !!      0.000  epsilon-1
     A A 290                  !!      0.000     gamma
     U A 293                  !!      0.000     gamma
     C A 295                  !!      0.000      None
  4 suites triaged and 0 incomplete leaving 131 suites
  11/135 suite outliers present
  Average suiteness: 0.828
