
                    ----------Backbone bond lenths----------                   

  All bonds within 4.0 sigma of ideal values.

                    ----------Backbone bond angles----------                   

  All angles within 4.0 sigma of ideal values.

                        ----------Sugar pucker----------                       

  residue                  delta   outlier   epsilon   outlier
   A 281    G               80.0        no      24.2       yes
  1/134 pucker outliers present

                  ----------Backbone torsion suites----------                  

  Suite ID                 suite  suiteness  triaged angle
     C A 210                  !!      0.000      None
     A A 220                  !!      0.000      None
     U A 229                  !!      0.000      None
     C A 231                  !!      0.000      None
     G A 239                  !!      0.000      None
     A A 246                  !!      0.000      None
     G A 282                  !!      0.000  epsilon-1
     U A 293                  !!      0.000      None
     C A 295                  !!      0.000      None
  1 suites triaged and 0 incomplete leaving 134 suites
  9/135 suite outliers present
  Average suiteness: 0.819
