
                    ----------Backbone bond lenths----------                   

  All bonds within 4.0 sigma of ideal values.

                    ----------Backbone bond angles----------                   

  All angles within 4.0 sigma of ideal values.

                        ----------Sugar pucker----------                       

  All puckers have reasonable geometry.

                  ----------Backbone torsion suites----------                  

  Suite ID                 suite  suiteness  triaged angle
     C A 199                  !!      0.000      None
     A A 222                  !!      0.000      None
     C A 231                  !!      0.000      None
     G A 239                  !!      0.000      None
     A A 247                  !!      0.000      None
     U A 262                  !!      0.000      None
     G A 282                  !!      0.000      None
     G A 292                  !!      0.000      None
     G A 296                  !!      0.000      None
  0 suites triaged and 0 incomplete leaving 135 suites
  9/135 suite outliers present
  Average suiteness: 0.809
