
                    ----------Backbone bond lenths----------                   

  All bonds within 4.0 sigma of ideal values.

                    ----------Backbone bond angles----------                   

  residue               atom 1  atom 2  atom 3  sigmas
   A 261    A              C3'     O3'     P     -4.09
  1/2961 angle outliers present

                        ----------Sugar pucker----------                       

  residue                  delta   outlier   epsilon   outlier
   A 261    A               78.3        no      26.7       yes
   A 281    G               80.4        no      24.6       yes
  2/134 pucker outliers present

                  ----------Backbone torsion suites----------                  

  Suite ID                 suite  suiteness  triaged angle
     A A 211                  !!      0.000      None
     U A 230                  !!      0.000      None
     C A 231                  !!      0.000      None
     U A 262                  !!      0.000  epsilon-1
     G A 282                  !!      0.000  epsilon-1
     G A 296                  !!      0.000      None
  2 suites triaged and 0 incomplete leaving 133 suites
  6/135 suite outliers present
  Average suiteness: 0.840
