
                    ----------Backbone bond lenths----------                   

  All bonds within 4.0 sigma of ideal values.

                    ----------Backbone bond angles----------                   

  residue               atom 1  atom 2  atom 3  sigmas
   A 202    A              C3'     C2'     C1'    5.78
   A 203    A              O3'     P       OP2    5.18
   A 248    U              O3'     C3'     C2'   -5.20
   A 268    U              O4'     C1'     C2'    4.20
   A 268    U              C4'     C3'     C2'    5.23
   A 268    U              O4'     C4'     C3'    8.06
   A 269    C              O3'     C3'     C2'   -8.12
   A 309    A              C3'     C2'     C1'    5.34
   A 309    A              O3'     C3'     C2'    4.82
   A 309    A              O4'     C4'     C3'    5.33
   A 309    A              O3'     P       OP1   -4.93
   A 309    A              O3'     P       OP2    6.83
  12/2961 angle outliers present

                        ----------Sugar pucker----------                       

  residue                  delta   outlier   epsilon   outlier
   A 209    U               79.2        no      72.8       yes
   A 248    U               76.6        no     150.7       yes
   A 281    G               81.0        no      31.2       yes
  3/134 pucker outliers present

                  ----------Backbone torsion suites----------                  

  Suite ID                 suite  suiteness  triaged angle
     U A 193                  !!      0.000      None
     G A 195                  !!      0.000     gamma
     C A 199                  !!      0.000    zeta-1
     C A 210                  !!      0.000  epsilon-1
     G A 213                  !!      0.000      None
     G A 214                  !!      0.000      None
     A A 219                  !!      0.000      None
     A A 220                  !!      0.000      None
     U A 230                  !!      0.000    zeta-1
     A A 247                  !!      0.000     gamma
     U A 249                  !!      0.000  epsilon-1
     C A 250                  !!      0.000     gamma
     U A 262                  !!      0.000      None
     G A 270                  !!      0.000     gamma
     G A 272                  !!      0.000      None
     G A 282                  !!      0.000  epsilon-1
     U A 293                  !!      0.000      None
     G A 294                  !!      0.000      None
     G A 296                  !!      0.000     alpha
     G A 315                  !!      0.000      None
  10 suites triaged and 0 incomplete leaving 125 suites
  20/135 suite outliers present
  Average suiteness: 0.704
