
                    ----------Backbone bond lenths----------                   

  All bonds within 4.0 sigma of ideal values.

                    ----------Backbone bond angles----------                   

  residue               atom 1  atom 2  atom 3  sigmas
   A 202    A              C3'     C2'     C1'    5.76
   A 203    A              O3'     P       OP2    5.18
   A 309    A              C3'     C2'     C1'    5.33
   A 309    A              O3'     C3'     C2'    4.83
   A 309    A              O4'     C4'     C3'    5.39
   A 309    A              O3'     P       OP1   -4.94
   A 309    A              O3'     P       OP2    6.82
  7/2961 angle outliers present

                        ----------Sugar pucker----------                       

  residue                  delta   outlier   epsilon   outlier
   A 209    U               79.2        no      72.8       yes
   A 230    U              145.1        no       5.9       yes
   A 262    U              132.5        no     312.8       yes
   A 281    G               81.0        no      31.2       yes
  4/134 pucker outliers present

                  ----------Backbone torsion suites----------                  

  Suite ID                 suite  suiteness  triaged angle
     C A 199                  !!      0.000     gamma
     C A 210                  !!      0.000  epsilon-1
     U A 229                  !!      0.000      None
     C A 231                  !!      0.000  epsilon-1
     G A 232                  !!      0.000     gamma
     U A 233                  !!      0.000      None
     A A 246                  !!      0.000     gamma
     A A 247                  !!      0.000      None
     U A 248                  !!      0.000      None
     U A 249                  !!      0.000     gamma
     C A 250                  !!      0.000      None
     G A 251                  !!      0.000     alpha
     G A 252                  !!      0.000      None
     U A 262                  !!      0.000     alpha
     G A 263                  !!      0.000  epsilon-1
     U A 268                  !!      0.000      None
     G A 282                  !!      0.000  epsilon-1
     A A 289                  !!      0.000     gamma
     U A 293                  !!      0.000      None
     C A 295                  !!      0.000     gamma
     G A 315                  !!      0.000      None
  12 suites triaged and 0 incomplete leaving 123 suites
  21/135 suite outliers present
  Average suiteness: 0.739
