
Using nuclear cloud x-H distances and vdW radii

Using input model H/D atoms...

Bad Clashes >= 0.4 Angstrom:
 A 263    G  H3'  A 263    G  P   :0.837
 A 263    G  C8   A 263    G  OP1 :0.815
 A 209    U  O2'  A 210    C  P   :0.705
 A 249    U  O2'  A 250    C  O4' :0.692
 A 219    A  O2'  A 221    U  O4  :0.685
 A 262    U  C6   A 262    U  OP2 :0.673
 A 249    U  C2'  A 250    C  OP2 :0.671
 A 209    U  O2'  A 210    C  OP1 :0.666
 A 199    C  H4'  A 199    C  OP1 :0.659
 A 289    A  O2'  A 290    A  O5' :0.638
 A 249    U  O2'  A 250    C  P   :0.600
 A 295    C  O2'  A 296    G  OP1 :0.581
 A 249    U  O2'  A 250    C  O5' :0.572
 A 251    G  C4'  A 252    G  OP2 :0.556
 A 281    G  O2'  A 282    G  O5' :0.524
 A 263    G  C3'  A 263    G  P   :0.496
 A 249    U  H2'  A 250    C  OP2 :0.490
 A 262    U  C5   A 262    U  OP2 :0.486
 A 224    A  H2'  A 225    C  C6  :0.485
 A 228    U  N3   A 232    G  O6  :0.484
 A 209    U  H4'  A 210    C  OP2 :0.481
 A 229    U  C2   A 232    G  C6  :0.470
 A 262    U  H6   A 262    U  OP2 :0.462
 A 195    G  H2'  A 196    U  C6  :0.432
 A 317    G  C8   A 317    G  OP2 :0.430
 A 288    C  H2'  A 289    A  O4' :0.429
 A 315    G  C8   A 315    G  OP2 :0.428
 A 251    G  H2'  A 252    G  C8  :0.419
 A 251    G  O3'  A 252    G  O4' :0.418
clashscore = 6.71
