
                    ----------Backbone bond lenths----------                   

  All bonds within 4.0 sigma of ideal values.

                    ----------Backbone bond angles----------                   

  residue               atom 1  atom 2  atom 3  sigmas
   A 202    A              C3'     C2'     C1'    5.70
   A 203    A              O3'     P       OP2    5.19
   A 267    U              C4'     C3'     C2'    4.40
   A 291    G              C3'     C2'     C1'    6.32
   A 309    A              C3'     C2'     C1'    5.36
   A 309    A              O3'     C3'     C2'    4.85
   A 309    A              O4'     C4'     C3'    5.37
   A 309    A              O3'     P       OP1   -4.93
   A 309    A              O3'     P       OP2    6.83
  9/2961 angle outliers present

                        ----------Sugar pucker----------                       

  residue                  delta   outlier   epsilon   outlier
   A 209    U               79.2        no      72.8       yes
   A 281    G               81.0        no      31.2       yes
   A 292    G               76.7        no      33.9       yes
  3/134 pucker outliers present

                  ----------Backbone torsion suites----------                  

  Suite ID                 suite  suiteness  triaged angle
     U A 193                  !!      0.000      None
     C A 199                  !!      0.000     gamma
     C A 210                  !!      0.000  epsilon-1
     G A 214                  !!      0.000      None
     U A 221                  !!      0.000    zeta-1
     U A 248                  !!      0.000      None
     U A 249                  !!      0.000      None
     C A 250                  !!      0.000      None
     G A 252                  !!      0.000      None
     U A 262                  !!      0.000     gamma
     G A 263                  !!      0.000      None
     G A 270                  !!      0.000      None
     G A 272                  !!      0.000     gamma
     G A 282                  !!      0.000  epsilon-1
     A A 289                  !!      0.000     gamma
     U A 293                  !!      0.000  epsilon-1
     G A 296                  !!      0.000     gamma
     G A 315                  !!      0.000      None
  9 suites triaged and 0 incomplete leaving 126 suites
  18/135 suite outliers present
  Average suiteness: 0.763
