
Using nuclear cloud x-H distances and vdW radii

Using input model H/D atoms...

Bad Clashes >= 0.4 Angstrom:
 A 252    G  H8   A 252    G  OP2 :0.721
 A 209    U  O2'  A 210    C  P   :0.705
 A 261    A  O3'  A 262    U  O4' :0.676
 A 209    U  O2'  A 210    C  OP1 :0.666
 A 292    G  O2'  A 293    U  O5' :0.593
 A 262    U  O4'  A 262    U  P   :0.585
 A 281    G  O2'  A 282    G  O5' :0.525
 A 292    G  O2'  A 294    G  OP2 :0.524
 A 224    A  N6   A 236    G  O6  :0.489
 A 209    U  H4'  A 210    C  OP2 :0.481
 A 240    C  H6   A 240    C  O5' :0.464
 A 218    C  O2'  A 219    A  O4' :0.456
 A 219    A  H8   A 219    A  O5' :0.440
 A 268    U  H6   A 268    U  O5' :0.428
 A 315    G  C8   A 315    G  OP2 :0.428
 A 267    U  H2'  A 268    U  O4' :0.409
 A 239    G  H2'  A 240    C  C6  :0.408
 A 249    U  H3'  A 250    C  H5' :0.406
 A 195    G  H2'  A 196    U  C6  :0.406
 A 261    A  H2'  A 262    U  H1' :0.402
clashscore = 4.63
