
                    ----------Backbone bond lenths----------                   

  All bonds within 4.0 sigma of ideal values.

                    ----------Backbone bond angles----------                   

  residue               atom 1  atom 2  atom 3  sigmas
   A 202    A              C3'     C2'     C1'    5.77
   A 203    A              O3'     P       OP2    5.17
   A 309    A              C3'     C2'     C1'    5.36
   A 309    A              O3'     C3'     C2'    4.81
   A 309    A              O4'     C4'     C3'    5.38
   A 309    A              O3'     P       OP1   -4.94
   A 309    A              O3'     P       OP2    6.83
  7/2961 angle outliers present

                        ----------Sugar pucker----------                       

  residue                  delta   outlier   epsilon   outlier
   A 209    U               79.2        no      72.8       yes
   A 212    C               79.7        no     134.2       yes
   A 220    A              168.1       yes     278.1        no
   A 248    U              163.0       yes     225.5        no
   A 262    U               70.7        no     125.3       yes
   A 281    G               81.0        no      31.2       yes
   A 293    U               80.5        no      83.0       yes
  7/134 pucker outliers present

                  ----------Backbone torsion suites----------                  

  Suite ID                 suite  suiteness  triaged angle
     U A 193                  !!      0.000      None
     C A 199                  !!      0.000    zeta-1
     C A 210                  !!      0.000  epsilon-1
     G A 213                  !!      0.000  epsilon-1
     A A 220                  !!      0.000     delta
     U A 221                  !!      0.000   delta-1
     A A 247                  !!      0.000      None
     U A 248                  !!      0.000     gamma
     U A 249                  !!      0.000      None
     G A 251                  !!      0.000    zeta-1
     G A 252                  !!      0.000      None
     U A 262                  !!      0.000     alpha
     G A 263                  !!      0.000  epsilon-1
     G A 282                  !!      0.000  epsilon-1
     A A 290                  !!      0.000     gamma
     G A 294                  !!      0.000  epsilon-1
     G A 296                  !!      0.000     alpha
     G A 315                  !!      0.000      None
     G A 317                  !!      0.000      None
  13 suites triaged and 0 incomplete leaving 122 suites
  19/135 suite outliers present
  Average suiteness: 0.771
