
Using nuclear cloud x-H distances and vdW radii

Using input model H/D atoms...

Bad Clashes >= 0.4 Angstrom:
 A 212    C  C2'  A 213    G  OP1 :0.786
 A 293    U  O2'  A 294    G  OP2 :0.761
 A 212    C  O2'  A 213    G  OP1 :0.734
 A 293    U  O2'  A 294    G  P   :0.723
 A 209    U  O2'  A 210    C  P   :0.704
 A 209    U  O2'  A 210    C  OP1 :0.666
 A 219    A  H8   A 219    A  O5' :0.648
 A 262    U  O2'  A 263    G  O5' :0.605
 A 317    G  C8   A 317    G  OP2 :0.602
 A 218    C  H2'  A 219    A  O4' :0.593
 A 219    A  H2'  A 221    U  O4  :0.588
 A 213    G  H4'  A 213    G  OP1 :0.572
 A 289    A  H8   A 289    A  O5' :0.566
 A 246    A  O2'  A 247    A  OP2 :0.561
 A 251    G  O3'  A 252    G  O4' :0.540
 A 292    G  H8   A 292    G  O5' :0.539
 A 281    G  O2'  A 282    G  O5' :0.525
 A 219    A  C2'  A 221    U  O4  :0.515
 A 232    G  H8   A 232    G  OP2 :0.510
 A 262    U  C2'  A 263    G  OP2 :0.502
 A 218    C  H2'  A 219    A  C8  :0.494
 A 252    G  H8   A 252    G  P   :0.492
 A 209    U  H4'  A 210    C  OP2 :0.481
 A 293    U  O2'  A 294    G  O5' :0.475
 A 252    G  H8   A 252    G  OP2 :0.473
 A 219    A  C8   A 219    A  O5' :0.458
 A 293    U  C2'  A 294    G  OP2 :0.457
 A 262    U  O2'  A 263    G  P   :0.454
 A 212    C  H2'  A 213    G  OP1 :0.452
 A 224    A  N6   A 236    G  O6  :0.446
 A 246    A  C2'  A 247    A  OP2 :0.442
 A 212    C  O2'  A 213    G  P   :0.437
 A 261    A  C3'  A 262    U  C5' :0.430
 A 315    G  C8   A 315    G  OP2 :0.429
 A 247    A  O2'  A 249    U  OP2 :0.420
 A 317    G  H8   A 317    G  OP2 :0.404
 A 213    G  C4'  A 213    G  OP1 :0.400
clashscore = 8.56
