
                    ----------Backbone bond lenths----------                   

  All bonds within 4.0 sigma of ideal values.

                    ----------Backbone bond angles----------                   

  residue               atom 1  atom 2  atom 3  sigmas
   A 202    A              C3'     C2'     C1'    5.74
   A 203    A              O3'     P       OP2    5.17
   A 220    A              O3'     P       OP1   18.90
   A 220    A              O3'     P       OP2  -11.53
   A 249    U              O3'     P       O5'   -4.81
   A 251    G              O3'     P       OP1   14.67
   A 251    G              O3'     P       OP2   16.27
   A 262    U              O3'     P       OP1   19.66
   A 262    U              O3'     P       OP2   11.33
   A 271    U              O3'     P       OP1   30.02
   A 295    C              O3'     P       OP2    4.20
   A 309    A              C3'     C2'     C1'    5.35
   A 309    A              O3'     C3'     C2'    4.82
   A 309    A              O4'     C4'     C3'    5.38
   A 309    A              O3'     P       OP1   -4.93
   A 309    A              O3'     P       OP2    6.83
   A 317    G              O3'     P       OP1   -4.73
   A 317    G              O3'     P       OP2    6.60
  18/2961 angle outliers present

                        ----------Sugar pucker----------                       

  residue                  delta   outlier   epsilon   outlier
   A 209    U               79.2        no      72.8       yes
   A 249    U               81.5        no     126.7       yes
   A 281    G               81.0        no      31.2       yes
   A 289    A               85.3        no     149.0       yes
   A 295    C               88.2       yes      36.0       yes
  5/134 pucker outliers present

                  ----------Backbone torsion suites----------                  

  Suite ID                 suite  suiteness  triaged angle
     U A 196                  !!      0.000      None
     C A 199                  !!      0.000      None
     C A 210                  !!      0.000  epsilon-1
     U A 221                  !!      0.000     gamma
     G A 232                  !!      0.000     gamma
     C A 234                  !!      0.000     gamma
     U A 248                  !!      0.000      None
     U A 249                  !!      0.000      None
     C A 250                  !!      0.000  epsilon-1
     G A 252                  !!      0.000      None
     U A 262                  !!      0.000     alpha
     G A 263                  !!      0.000      beta
     G A 282                  !!      0.000  epsilon-1
     A A 289                  !!      0.000      None
     A A 290                  !!      0.000  epsilon-1
     G A 294                  !!      0.000      None
     G A 296                  !!      0.000  epsilon-1
     G A 315                  !!      0.000      None
     G A 317                  !!      0.000      None
  10 suites triaged and 0 incomplete leaving 125 suites
  19/135 suite outliers present
  Average suiteness: 0.751
