
                    ----------Backbone bond lenths----------                   

  residue               atom 1  atom 2  sigmas
   A 240    C              O4'     C1'    4.02
  1/1885 bond outliers present

                    ----------Backbone bond angles----------                   

  residue               atom 1  atom 2  atom 3  sigmas
   A 202    A              C3'     C2'     C1'    5.76
   A 203    A              O3'     P       OP2    5.16
   A 309    A              C3'     C2'     C1'    5.33
   A 309    A              O3'     C3'     C2'    4.81
   A 309    A              O4'     C4'     C3'    5.40
   A 309    A              O3'     P       OP1   -4.93
   A 309    A              O3'     P       OP2    6.83
  7/2961 angle outliers present

                        ----------Sugar pucker----------                       

  residue                  delta   outlier   epsilon   outlier
   A 209    U               79.2        no      72.8       yes
   A 212    C               79.7        no     136.4       yes
   A 249    U               80.9        no     132.2       yes
   A 281    G               81.0        no      31.2       yes
  4/134 pucker outliers present

                  ----------Backbone torsion suites----------                  

  Suite ID                 suite  suiteness  triaged angle
     U A 193                  !!      0.000      None
     U A 196                  !!      0.000      None
     C A 199                  !!      0.000     gamma
     C A 210                  !!      0.000  epsilon-1
     G A 213                  !!      0.000  epsilon-1
     A A 219                  !!      0.000      None
     U A 230                  !!      0.000      None
     G A 232                  !!      0.000      None
     G A 241                  !!      0.000     alpha
     U A 249                  !!      0.000      None
     C A 250                  !!      0.000  epsilon-1
     G A 251                  !!      0.000      None
     G A 252                  !!      0.000     gamma
     U A 268                  !!      0.000      None
     C A 269                  !!      0.000      None
     G A 282                  !!      0.000  epsilon-1
     G A 315                  !!      0.000      None
  7 suites triaged and 0 incomplete leaving 128 suites
  17/135 suite outliers present
  Average suiteness: 0.719
