
                    ----------Backbone bond lenths----------                   

  All bonds within 4.0 sigma of ideal values.

                    ----------Backbone bond angles----------                   

  residue               atom 1  atom 2  atom 3  sigmas
   A 264    U              C4'     C3'     C2'    4.32
   A 268    U              C5'     C4'     O4'    4.33
   A 274    C              O3'     P       OP1   18.88
   A 274    C              O3'     P       OP2  -11.52
   A 314    A              C4'     C3'     C2'    5.32
   A 314    A              O3'     C3'     C2'    9.79
  6/2961 angle outliers present

                        ----------Sugar pucker----------                       

  residue                  delta   outlier   epsilon   outlier
   A 209    U               79.2       yes      36.3       yes
   A 213    G               79.7        no      32.5       yes
   A 281    G               80.9        no     112.1       yes
  3/134 pucker outliers present

                  ----------Backbone torsion suites----------                  

  Suite ID                 suite  suiteness  triaged angle
     U A 193                  !!      0.000      None
     C A 199                  !!      0.000      None
     A A 202                  !!      0.000    zeta-1
     A A 203                  !!      0.000      None
     C A 210                  !!      0.000  epsilon-1
     C A 212                  !!      0.000      None
     G A 214                  !!      0.000  epsilon-1
     U A 221                  !!      0.000      None
     A A 222                  !!      0.000      None
     C A 231                  !!      0.000      None
     G A 236                  !!      0.000      beta
     A A 247                  !!      0.000      None
     C A 250                  !!      0.000     alpha
     G A 252                  !!      0.000     gamma
     G A 263                  !!      0.000      None
     G A 282                  !!      0.000  epsilon-1
     G A 294                  !!      0.000      None
     C A 295                  !!      0.000      None
     G A 296                  !!      0.000     gamma
     A A 303                  !!      0.000      None
     G A 310                  !!      0.000     gamma
     G A 315                  !!      0.000      None
  9 suites triaged and 0 incomplete leaving 126 suites
  22/135 suite outliers present
  Average suiteness: 0.718
