
                    ----------Backbone bond lenths----------                   

  All bonds within 4.0 sigma of ideal values.

                    ----------Backbone bond angles----------                   

  residue               atom 1  atom 2  atom 3  sigmas
   A 221    U              O3'     C3'     C2'    5.75
   A 264    U              C4'     C3'     C2'    4.35
   A 274    C              O3'     P       OP1   18.89
   A 274    C              O3'     P       OP2  -11.52
  4/2961 angle outliers present

                        ----------Sugar pucker----------                       

  residue                  delta   outlier   epsilon   outlier
   A 209    U               79.2       yes      37.3       yes
   A 213    G               79.7        no      32.6       yes
   A 281    G               80.9        no     112.0       yes
   A 313    C               81.6        no      80.8       yes
  4/134 pucker outliers present

                  ----------Backbone torsion suites----------                  

  Suite ID                 suite  suiteness  triaged angle
     U A 193                  !!      0.000      None
     U A 198                  !!      0.000      None
     A A 202                  !!      0.000      beta
     C A 210                  !!      0.000  epsilon-1
     C A 212                  !!      0.000     gamma
     G A 214                  !!      0.000  epsilon-1
     A A 219                  !!      0.000     gamma
     A A 220                  !!      0.000      None
     U A 221                  !!      0.000      None
     A A 222                  !!      0.000      None
     C A 231                  !!      0.000      None
     U A 233                  !!      0.000      None
     A A 247                  !!      0.000     gamma
     U A 248                  !!      0.000     gamma
     C A 250                  !!      0.000     gamma
     G A 252                  !!      0.000      None
     U A 253                  !!      0.000     gamma
     U A 262                  !!      0.000     gamma
     U A 267                  !!      0.000    zeta-1
     G A 282                  !!      0.000  epsilon-1
     G A 291                  !!      0.000      None
     U A 293                  !!      0.000     gamma
     A A 303                  !!      0.000      None
     G A 310                  !!      0.000     gamma
     A A 314                  !!      0.000  epsilon-1
     G A 315                  !!      0.000      None
  15 suites triaged and 0 incomplete leaving 120 suites
  26/135 suite outliers present
  Average suiteness: 0.729
