
                    ----------Backbone bond lenths----------                   

  All bonds within 4.0 sigma of ideal values.

                    ----------Backbone bond angles----------                   

  residue               atom 1  atom 2  atom 3  sigmas
   A 230    U              C4'     C3'     C2'   -5.43
   A 230    U              O3'     C3'     C2'  -15.57
   A 231    C              C4'     C3'     C2'   -4.07
   A 264    U              C4'     C3'     C2'    4.29
   A 274    C              O3'     P       OP1   18.88
   A 274    C              O3'     P       OP2  -11.51
   A 294    G              C4'     C3'     C2'    4.87
   A 294    G              O3'     C3'     C2'   -4.64
  8/2961 angle outliers present

                        ----------Sugar pucker----------                       

  residue                  delta   outlier   epsilon   outlier
   A 209    U               79.2       yes      36.6       yes
   A 213    G               79.7        no      32.5       yes
   A 229    U               82.3        no      68.9       yes
   A 230    U               56.0       yes     115.5       yes
   A 281    G               80.9        no     112.0       yes
   A 292    G               76.2        no     115.7       yes
   A 294    G               64.9       yes     107.7       yes
  7/134 pucker outliers present

                  ----------Backbone torsion suites----------                  

  Suite ID                 suite  suiteness  triaged angle
     U A 193                  !!      0.000      None
     C A 199                  !!      0.000     gamma
     C A 210                  !!      0.000  epsilon-1
     C A 212                  !!      0.000     gamma
     G A 214                  !!      0.000  epsilon-1
     U A 221                  !!      0.000      None
     A A 222                  !!      0.000      None
     U A 230                  !!      0.000  epsilon-1
     C A 231                  !!      0.000  epsilon-1
     U A 248                  !!      0.000      None
     C A 250                  !!      0.000     alpha
     G A 252                  !!      0.000     alpha
     U A 253                  !!      0.000     gamma
     U A 268                  !!      0.000      None
     U A 271                  !!      0.000     gamma
     G A 282                  !!      0.000  epsilon-1
     U A 293                  !!      0.000  epsilon-1
     G A 294                  !!      0.000     gamma
     C A 295                  !!      0.000  epsilon-1
     A A 303                  !!      0.000      None
     G A 310                  !!      0.000      None
     A A 314                  !!      0.000      None
  14 suites triaged and 0 incomplete leaving 121 suites
  22/135 suite outliers present
  Average suiteness: 0.729
