
                    ----------Backbone bond lenths----------                   

  All bonds within 4.0 sigma of ideal values.

                    ----------Backbone bond angles----------                   

  residue               atom 1  atom 2  atom 3  sigmas
   A 264    U              C4'     C3'     C2'    4.34
   A 274    C              O3'     P       OP1   18.87
   A 274    C              O3'     P       OP2  -11.51
  3/2961 angle outliers present

                        ----------Sugar pucker----------                       

  residue                  delta   outlier   epsilon   outlier
   A 196    U               81.2        no     142.7       yes
   A 202    A               82.1       yes      50.2       yes
   A 209    U               79.3       yes      37.2       yes
   A 213    G               79.7        no      32.5       yes
   A 251    G               80.9        no     145.0       yes
   A 261    A               79.3        no     130.8       yes
   A 281    G               80.9        no     112.0       yes
   A 292    G               87.7        no      79.6       yes
  8/134 pucker outliers present

                  ----------Backbone torsion suites----------                  

  Suite ID                 suite  suiteness  triaged angle
     U A 193                  !!      0.000     gamma
     G A 197                  !!      0.000  epsilon-1
     C A 199                  !!      0.000     gamma
     A A 203                  !!      0.000  epsilon-1
     C A 210                  !!      0.000  epsilon-1
     C A 212                  !!      0.000     gamma
     G A 214                  !!      0.000  epsilon-1
     U A 221                  !!      0.000      None
     U A 229                  !!      0.000      None
     U A 230                  !!      0.000      beta
     G A 237                  !!      0.000      None
     U A 249                  !!      0.000      None
     C A 250                  !!      0.000      None
     G A 252                  !!      0.000  epsilon-1
     U A 262                  !!      0.000  epsilon-1
     U A 267                  !!      0.000      None
     U A 268                  !!      0.000     gamma
     G A 272                  !!      0.000     gamma
     G A 282                  !!      0.000  epsilon-1
     A A 289                  !!      0.000     gamma
     U A 293                  !!      0.000  epsilon-1
     G A 296                  !!      0.000     gamma
     A A 303                  !!      0.000      None
     A A 314                  !!      0.000     gamma
     G A 315                  !!      0.000      None
  17 suites triaged and 0 incomplete leaving 118 suites
  25/135 suite outliers present
  Average suiteness: 0.749
