
                    ----------Backbone bond lenths----------                   

  All bonds within 4.0 sigma of ideal values.

                    ----------Backbone bond angles----------                   

  residue               atom 1  atom 2  atom 3  sigmas
   A 264    U              C4'     C3'     C2'    4.36
   A 274    C              O3'     P       OP1   18.87
   A 274    C              O3'     P       OP2  -11.50
  3/2961 angle outliers present

                        ----------Sugar pucker----------                       

  residue                  delta   outlier   epsilon   outlier
   A 209    U               79.2       yes      37.5       yes
   A 213    G               79.7        no      32.5       yes
   A 281    G               80.9        no     112.0       yes
  3/134 pucker outliers present

                  ----------Backbone torsion suites----------                  

  Suite ID                 suite  suiteness  triaged angle
     U A 193                  !!      0.000      None
     C A 210                  !!      0.000  epsilon-1
     C A 212                  !!      0.000      None
     G A 214                  !!      0.000  epsilon-1
     A A 220                  !!      0.000      None
     U A 221                  !!      0.000      None
     U A 230                  !!      0.000      None
     C A 231                  !!      0.000      None
     C A 234                  !!      0.000      None
     G A 237                  !!      0.000     gamma
     A A 246                  !!      0.000      None
     U A 249                  !!      0.000      None
     C A 250                  !!      0.000     gamma
     G A 252                  !!      0.000     gamma
     U A 262                  !!      0.000     gamma
     U A 267                  !!      0.000      None
     G A 282                  !!      0.000  epsilon-1
     U A 293                  !!      0.000      None
     G A 294                  !!      0.000     gamma
     A A 303                  !!      0.000      None
     G A 315                  !!      0.000      None
  8 suites triaged and 0 incomplete leaving 127 suites
  21/135 suite outliers present
  Average suiteness: 0.729
