
Using nuclear cloud x-H distances and vdW radii

Using input model H/D atoms...

Bad Clashes >= 0.4 Angstrom:
 A 315    G  C8   A 315    G  OP2 :0.934
 A 236    G  O4'  A 236    G  OP1 :0.893
 A 294    G  O4'  A 294    G  OP2 :0.816
 A 236    G  C4'  A 236    G  OP1 :0.750
 A 281    G  O2'  A 282    G  P   :0.723
 A 315    G  H8   A 315    G  OP2 :0.694
 A 281    G  O2'  A 282    G  O5' :0.679
 A 213    G  O2'  A 214    G  OP1 :0.625
 A 249    U  O2'  A 250    C  OP1 :0.611
 A 246    A  N6   A 250    C  O2  :0.593
 A 209    U  O2'  A 210    C  OP1 :0.585
 A 231    C  C6   A 231    C  P   :0.557
 A 281    G  C2'  A 282    G  OP2 :0.537
 A 220    A  O2'  A 222    A  OP1 :0.536
 A 231    C  O4'  A 231    C  OP2 :0.492
 A 209    U  H4'  A 210    C  OP1 :0.487
 A 262    U  H2'  A 263    G  C8  :0.477
 A 294    G  O2'  A 295    C  OP2 :0.475
 A 235    G  C2'  A 236    G  OP1 :0.467
 A 249    U  O2   A 249    U  O2' :0.466
 A 195    G  O6   A 314    A  N6  :0.460
 A 212    C  O2   A 252    G  N1  :0.460
 A 268    U  H6   A 268    U  O5' :0.456
 A 237    G  H2'  A 238    U  C6  :0.443
 A 230    U  O2'  A 231    C  OP2 :0.440
 A 281    G  O2'  A 282    G  OP2 :0.437
 A 235    G  H2'  A 236    G  OP1 :0.425
 A 262    U  H6   A 262    U  O5' :0.425
 A 236    G  H4'  A 236    G  OP1 :0.418
 A 195    G  H2'  A 196    U  C6  :0.414
 A 219    A  N1   A 240    C  N4  :0.412
 A 295    C  O2'  A 296    G  O5' :0.406
 A 194    C  H2'  A 195    G  C8  :0.402
 A 192    A  C6   A 193    U  C4  :0.402
clashscore = 7.86
