
Using nuclear cloud x-H distances and vdW radii

Using input model H/D atoms...

Bad Clashes >= 0.4 Angstrom:
 A 296    G  H8   A 296    G  P   :1.112
 A 296    G  C8   A 296    G  P   :0.995
 A 249    U  O2'  A 250    C  OP2 :0.944
 A 281    G  O2'  A 282    G  OP2 :0.932
 A 281    G  C2'  A 282    G  OP2 :0.798
 A 203    A  O2'  A 204    G  N7  :0.748
 A 281    G  O2'  A 282    G  P   :0.747
 A 292    G  O2'  A 294    G  N7  :0.729
 A 248    U  O2   A 250    C  O2' :0.700
 A 249    U  O2'  A 250    C  P   :0.678
 A 315    G  C8   A 315    G  OP2 :0.660
 A 213    G  O2'  A 214    G  OP1 :0.603
 A 204    G  H8   A 204    G  OP1 :0.550
 A 275    U  C6   A 275    U  OP2 :0.548
 A 281    G  O2'  A 282    G  O5' :0.484
 A 225    C  N4   A 236    G  O6  :0.481
 A 195    G  O6   A 314    A  N6  :0.475
 A 291    G  H8   A 291    G  O5' :0.462
 A 282    G  C6   A 303    A  N6  :0.445
 A 223    U  H2'  A 224    A  C8  :0.437
 A 203    A H5''  A 204    G  P   :0.434
 A 192    A  C6   A 193    U  C4  :0.423
 A 195    G  C6   A 315    G  C2  :0.422
 A 224    A  N6   A 237    G  O6  :0.421
 A 197    G  C2   A 198    U  C5  :0.419
 A 281    G  H4'  A 283    C  P   :0.419
 A 248    U  H2'  A 249    U  O4' :0.416
 A 211    A  H2'  A 212    C  O4' :0.415
 A 222    A  N6   A 239    G  O6  :0.414
 A 249    U  H4'  A 250    C  O5' :0.410
 A 224    A  H8   A 224    A  O5' :0.409
 A 308    U  N3   A 309    A  N7  :0.400
clashscore = 7.40
