
                    ----------Backbone bond lenths----------                   

  All bonds within 4.0 sigma of ideal values.

                    ----------Backbone bond angles----------                   

  residue               atom 1  atom 2  atom 3  sigmas
   A 203    A              O3'     C3'     C2'    4.78
   A 264    U              C4'     C3'     C2'    4.37
   A 274    C              O3'     P       OP1   18.87
   A 274    C              O3'     P       OP2  -11.51
  4/2961 angle outliers present

                        ----------Sugar pucker----------                       

  residue                  delta   outlier   epsilon   outlier
   A 209    U               79.3       yes      38.7       yes
   A 213    G               79.7        no      32.5       yes
   A 252    G               78.0        no     112.2       yes
   A 281    G               80.8        no     112.1       yes
  4/134 pucker outliers present

                  ----------Backbone torsion suites----------                  

  Suite ID                 suite  suiteness  triaged angle
     U A 193                  !!      0.000      None
     C A 199                  !!      0.000      None
     C A 210                  !!      0.000  epsilon-1
     C A 212                  !!      0.000      None
     G A 214                  !!      0.000  epsilon-1
     U A 221                  !!      0.000      None
     G A 232                  !!      0.000     alpha
     U A 248                  !!      0.000     gamma
     C A 250                  !!      0.000      None
     G A 252                  !!      0.000     gamma
     U A 253                  !!      0.000  epsilon-1
     G A 263                  !!      0.000      None
     U A 267                  !!      0.000      None
     G A 282                  !!      0.000  epsilon-1
     G A 292                  !!      0.000      None
     G A 294                  !!      0.000      None
     C A 295                  !!      0.000    zeta-1
     A A 303                  !!      0.000      None
     G A 315                  !!      0.000     gamma
  9 suites triaged and 0 incomplete leaving 126 suites
  19/135 suite outliers present
  Average suiteness: 0.707
