
                    ----------Backbone bond lenths----------                   

  All bonds within 4.0 sigma of ideal values.

                    ----------Backbone bond angles----------                   

  residue               atom 1  atom 2  atom 3  sigmas
   A 203    A              O3'     P       OP1   -8.54
   A 203    A              O3'     P       OP2   12.08
   A 240    C              O3'     P       OP1   -4.75
   A 240    C              O3'     P       OP2   34.60
   A 249    U              O3'     P       OP1   -4.22
   A 249    U              O3'     P       OP2    6.01
   A 251    G              O3'     P       OP2    5.34
   A 274    C              O3'     P       OP1   32.88
   A 281    G              O3'     P       OP1   25.61
   A 281    G              O3'     P       OP2    5.66
   A 309    A              O3'     P       OP1    7.08
   A 309    A              O3'     P       OP2   24.05
   A 316    A              O3'     P       OP1   31.02
   A 316    A              O3'     P       OP2   -7.46
  14/2961 angle outliers present

                        ----------Sugar pucker----------                       

  residue                  delta   outlier   epsilon   outlier
   A 203    A               81.9        no     349.4       yes
   A 281    G               80.9       yes      53.6       yes
   A 294    G               76.3        no      38.3       yes
   A 295    C               83.4        no      36.5       yes
  4/134 pucker outliers present

                  ----------Backbone torsion suites----------                  

  Suite ID                 suite  suiteness  triaged angle
     C A 199                  !!      0.000     gamma
     G A 204                  !!      0.000  epsilon-1
     C A 210                  !!      0.000      None
     G A 214                  !!      0.000     gamma
     C A 225                  !!      0.000      None
     U A 228                  !!      0.000      None
     G A 232                  !!      0.000      None
     G A 241                  !!      0.000      None
     C A 250                  !!      0.000      None
     G A 252                  !!      0.000     gamma
     G A 263                  !!      0.000      None
     U A 267                  !!      0.000    zeta-1
     U A 275                  !!      0.000    zeta-1
     G A 282                  !!      0.000  epsilon-1
     A A 290                  !!      0.000      None
     G A 291                  !!      0.000     gamma
     U A 293                  !!      0.000      None
     C A 295                  !!      0.000  epsilon-1
     G A 296                  !!      0.000  epsilon-1
     G A 315                  !!      0.000     gamma
     G A 317                  !!      0.000     gamma
  12 suites triaged and 0 incomplete leaving 123 suites
  21/135 suite outliers present
  Average suiteness: 0.717
