
                    ----------Backbone bond lenths----------                   

  All bonds within 4.0 sigma of ideal values.

                    ----------Backbone bond angles----------                   

  residue               atom 1  atom 2  atom 3  sigmas
   A 198    U              O3'     P       OP1    4.44
   A 198    U              O3'     P       OP2   26.91
   A 203    A              O3'     C3'     C2'    4.76
   A 203    A              O3'     P       OP1  -11.58
   A 203    A              O3'     P       OP2   21.66
   A 213    G              O3'     P       OP2    5.72
   A 249    U              O3'     P       OP1    6.07
   A 249    U              O3'     P       OP2   -4.26
   A 281    G              O3'     P       OP1   33.12
   A 295    C              O3'     P       OP1    6.32
   A 295    C              O3'     P       OP2   24.84
  11/2961 angle outliers present

                        ----------Sugar pucker----------                       

  residue                  delta   outlier   epsilon   outlier
   A 198    U               74.2        no      31.4       yes
   A 240    C               83.5        no     132.2       yes
   A 281    G               80.8        no      68.6       yes
   A 295    C               75.7        no     128.9       yes
   A 309    A               77.2        no     152.9       yes
  5/134 pucker outliers present

                  ----------Backbone torsion suites----------                  

  Suite ID                 suite  suiteness  triaged angle
     C A 199                  !!      0.000  epsilon-1
     G A 204                  !!      0.000     gamma
     C A 210                  !!      0.000      None
     G A 214                  !!      0.000     gamma
     C A 225                  !!      0.000      None
     C A 234                  !!      0.000      None
     G A 235                  !!      0.000      None
     G A 241                  !!      0.000  epsilon-1
     A A 246                  !!      0.000     gamma
     U A 248                  !!      0.000     gamma
     C A 250                  !!      0.000      beta
     G A 263                  !!      0.000     gamma
     U A 267                  !!      0.000    zeta-1
     U A 275                  !!      0.000     gamma
     G A 282                  !!      0.000  epsilon-1
     U A 293                  !!      0.000      None
     G A 296                  !!      0.000  epsilon-1
     G A 310                  !!      0.000  epsilon-1
     G A 315                  !!      0.000      None
     G A 317                  !!      0.000      None
  13 suites triaged and 0 incomplete leaving 122 suites
  20/135 suite outliers present
  Average suiteness: 0.729
