
                    ----------Backbone bond lenths----------                   

  All bonds within 4.0 sigma of ideal values.

                    ----------Backbone bond angles----------                   

  residue               atom 1  atom 2  atom 3  sigmas
   A 198    U              O3'     C3'     C2'    4.45
   A 236    G              O3'     P       OP1   10.53
   A 236    G              O3'     P       OP2   20.49
  3/2961 angle outliers present

                        ----------Sugar pucker----------                       

  residue                  delta   outlier   epsilon   outlier
   A 281    G               80.8       yes      45.4       yes
  1/134 pucker outliers present

                  ----------Backbone torsion suites----------                  

  Suite ID                 suite  suiteness  triaged angle
     U A 196                  !!      0.000      None
     U A 198                  !!      0.000      None
     C A 199                  !!      0.000     gamma
     A A 203                  !!      0.000      None
     C A 210                  !!      0.000      None
     G A 213                  !!      0.000      beta
     G A 214                  !!      0.000     gamma
     A A 219                  !!      0.000      None
     U A 230                  !!      0.000      None
     C A 234                  !!      0.000      None
     G A 237                  !!      0.000      None
     U A 248                  !!      0.000     gamma
     C A 250                  !!      0.000      None
     G A 251                  !!      0.000      None
     G A 252                  !!      0.000      None
     U A 267                  !!      0.000    zeta-1
     G A 282                  !!      0.000  epsilon-1
     G A 292                  !!      0.000      None
     G A 315                  !!      0.000     gamma
     G A 317                  !!      0.000      None
  7 suites triaged and 0 incomplete leaving 128 suites
  20/135 suite outliers present
  Average suiteness: 0.717
