
                    ----------Backbone bond lenths----------                   

  All bonds within 4.0 sigma of ideal values.

                    ----------Backbone bond angles----------                   

  residue               atom 1  atom 2  atom 3  sigmas
   A 213    G              O3'     P       OP1   18.85
   A 213    G              O3'     P       OP2  -11.53
   A 227    G              C4'     C3'     C2'    4.38
   A 236    G              O3'     P       OP1    6.88
   A 236    G              O3'     P       OP2   -4.97
   A 240    C              O3'     P       OP1   18.85
   A 240    C              O3'     P       OP2  -11.52
   A 251    G              O3'     P       OP1   -5.31
   A 251    G              O3'     P       OP2    7.29
   A 274    C              O3'     P       OP1   21.42
   A 274    C              O3'     P       OP2    9.62
   A 312    G              O3'     P       O5'   -5.64
   A 316    A              O3'     P       OP1   34.61
   A 316    A              O3'     P       OP2   -4.76
  14/2961 angle outliers present

                        ----------Sugar pucker----------                       

  residue                  delta   outlier   epsilon   outlier
   A 194    C               79.7        no      87.3       yes
   A 213    G               80.6        no      23.3       yes
   A 281    G               80.9        no     138.4       yes
   A 295    C               78.5       yes      32.1       yes
   A 312    G               81.1        no     106.4       yes
  5/134 pucker outliers present

                  ----------Backbone torsion suites----------                  

  Suite ID                 suite  suiteness  triaged angle
     G A 195                  !!      0.000  epsilon-1
     C A 199                  !!      0.000     gamma
     A A 203                  !!      0.000     gamma
     G A 204                  !!      0.000     gamma
     C A 210                  !!      0.000     gamma
     G A 214                  !!      0.000  epsilon-1
     A A 219                  !!      0.000      None
     A A 220                  !!      0.000      None
     U A 228                  !!      0.000      None
     U A 248                  !!      0.000     gamma
     U A 249                  !!      0.000     gamma
     C A 250                  !!      0.000     gamma
     G A 251                  !!      0.000     gamma
     G A 252                  !!      0.000      None
     C A 255                  !!      0.000      None
     U A 267                  !!      0.000    zeta-1
     U A 275                  !!      0.000      None
     G A 282                  !!      0.000  epsilon-1
     G A 292                  !!      0.000      None
     G A 294                  !!      0.000      None
     G A 296                  !!      0.000  epsilon-1
     C A 313                  !!      0.000  epsilon-1
     G A 315                  !!      0.000     gamma
     G A 317                  !!      0.000      None
  15 suites triaged and 0 incomplete leaving 120 suites
  24/135 suite outliers present
  Average suiteness: 0.738
