
Using nuclear cloud x-H distances and vdW radii

Using input model H/D atoms...

Bad Clashes >= 0.4 Angstrom:
 A 315    G  H4'  A 315    G  OP1 :1.039
 A 312    G  O2'  A 313    C  OP1 :0.931
 A 315    G  C4'  A 315    G  OP1 :0.868
 A 252    G  H8   A 252    G  OP2 :0.861
 A 296    G  C8   A 296    G  OP1 :0.811
 A 194    C  O2'  A 195    G  P   :0.760
 A 214    G  C8   A 214    G  OP1 :0.739
 A 194    C  O2'  A 195    G  O5' :0.663
 A 312    G  O2'  A 313    C  P   :0.655
 A 230    U  O2'  A 232    G  N7  :0.633
 A 194    C  O2'  A 195    G  OP2 :0.624
 A 281    G  O2'  A 282    G  O5' :0.620
 A 219    A  H8   A 219    A  OP2 :0.619
 A 296    G  C8   A 296    G  P   :0.608
 A 296    G  H8   A 296    G  P   :0.601
 A 296    G  H8   A 296    G  OP2 :0.562
 A 248    U  C6   A 248    U  OP1 :0.558
 A 255    C  C6   A 255    C  OP2 :0.540
 A 250    C  O3'  A 250    C  OP1 :0.522
 A 218    C  O2'  A 219    A  O5' :0.509
 A 252    G  C8   A 252    G  OP2 :0.498
 A 261    A  C2   A 262    U  C2  :0.484
 A 194    C  O2'  A 195    G  C5' :0.476
 A 262    U  H2'  A 263    G  C8  :0.476
 A 314    A  C5   A 315    G  H1' :0.464
 A 296    G  H3'  A 296    G  OP1 :0.457
 A 224    A  N6   A 236    G  O6  :0.456
 A 274    C  C2'  A 275    U  O5' :0.448
 A 308    U  N3   A 309    A  N7  :0.441
 A 251    G  H8   A 251    G  OP2 :0.433
 A 251    G  C6   A 252    G  O6  :0.428
 A 281    G  O2'  A 282    G  P   :0.421
 A 213    G  O3'  A 214    G  C8  :0.419
 A 274    C  H2'  A 275    U  O5' :0.416
 A 294    G  H4'  A 294    G  OP1 :0.410
 A 213    G  C2   A 251    G  C2  :0.410
 A 196    U  O4   A 315    G  N2  :0.409
 A 295    C  H4'  A 296    G  OP1 :0.407
 A 261    A  H2'  A 262    U  C6  :0.406
 A 262    U  H6   A 262    U  O5' :0.404
 A 219    A  C8   A 219    A  OP2 :0.403
clashscore = 9.48
