
                    ----------Backbone bond lenths----------                   

  All bonds within 4.0 sigma of ideal values.

                    ----------Backbone bond angles----------                   

  residue               atom 1  atom 2  atom 3  sigmas
   A 219    A              O4'     C4'     C3'    4.04
   A 231    C              C4'     C3'     C2'    5.32
   A 236    G              O3'     P       OP1   10.54
   A 236    G              O3'     P       OP2   20.48
  4/2961 angle outliers present

                        ----------Sugar pucker----------                       

  residue                  delta   outlier   epsilon   outlier
   A 213    G               80.6        no      69.3       yes
   A 219    A               76.2       yes      73.4       yes
   A 281    G               80.8        no      33.8       yes
   A 291    G               90.3       yes      32.4       yes
  4/134 pucker outliers present

                  ----------Backbone torsion suites----------                  

  Suite ID                 suite  suiteness  triaged angle
     A A 202                  !!      0.000    zeta-1
     C A 210                  !!      0.000      None
     G A 214                  !!      0.000  epsilon-1
     A A 220                  !!      0.000  epsilon-1
     U A 228                  !!      0.000      None
     U A 229                  !!      0.000    zeta-1
     U A 233                  !!      0.000     gamma
     C A 234                  !!      0.000      None
     G A 237                  !!      0.000      None
     A A 246                  !!      0.000     gamma
     A A 247                  !!      0.000      None
     U A 249                  !!      0.000      None
     C A 250                  !!      0.000     gamma
     G A 263                  !!      0.000     gamma
     U A 267                  !!      0.000    zeta-1
     G A 282                  !!      0.000  epsilon-1
     G A 291                  !!      0.000     gamma
     G A 292                  !!      0.000  epsilon-1
     G A 294                  !!      0.000     gamma
     G A 315                  !!      0.000     gamma
     G A 317                  !!      0.000      None
  14 suites triaged and 0 incomplete leaving 121 suites
  21/135 suite outliers present
  Average suiteness: 0.752
