
                    ----------Backbone bond lenths----------                   

  All bonds within 4.0 sigma of ideal values.

                    ----------Backbone bond angles----------                   

  residue               atom 1  atom 2  atom 3  sigmas
   A 198    U              O3'     C3'     C2'    8.47
   A 198    U              O3'     P       OP2    4.09
   A 213    G              O3'     P       OP2    4.69
   A 232    G              O3'     C3'     C2'   -5.50
   A 233    U              O3'     C3'     C2'   -6.04
   A 240    C              O3'     P       OP1    4.36
   A 249    U              O3'     P       OP1   18.85
   A 249    U              O3'     P       OP2  -11.49
   A 251    G              O4'     C4'     C3'    4.16
   A 281    G              O3'     P       OP1   18.85
   A 281    G              O3'     P       OP2  -11.51
   A 295    C              O3'     P       OP1   -4.07
   A 295    C              O3'     P       OP2    5.84
   A 312    G              O3'     P       OP2    4.01
   A 314    A              O3'     P       OP2   31.43
  15/2961 angle outliers present

                        ----------Sugar pucker----------                       

  residue                  delta   outlier   epsilon   outlier
   A 203    A               82.7        no      74.6       yes
   A 232    G               86.7       yes      52.3       yes
   A 233    U               90.0       yes      53.7       yes
   A 281    G               80.9        no      23.4       yes
  4/134 pucker outliers present

                  ----------Backbone torsion suites----------                  

  Suite ID                 suite  suiteness  triaged angle
     U A 196                  !!      0.000     gamma
     C A 199                  !!      0.000      None
     G A 204                  !!      0.000  epsilon-1
     C A 210                  !!      0.000      None
     G A 213                  !!      0.000    zeta-1
     G A 214                  !!      0.000      beta
     U A 228                  !!      0.000     gamma
     U A 230                  !!      0.000      None
     C A 231                  !!      0.000      None
     U A 233                  !!      0.000  epsilon-1
     C A 234                  !!      0.000  epsilon-1
     A A 247                  !!      0.000      None
     U A 249                  !!      0.000      None
     C A 250                  !!      0.000     gamma
     G A 252                  !!      0.000      beta
     G A 263                  !!      0.000     gamma
     U A 267                  !!      0.000    zeta-1
     G A 282                  !!      0.000  epsilon-1
     A A 289                  !!      0.000      None
     A A 290                  !!      0.000      None
     G A 294                  !!      0.000      None
     G A 296                  !!      0.000     gamma
     A A 303                  !!      0.000      None
     C A 313                  !!      0.000     gamma
     G A 315                  !!      0.000      None
     G A 317                  !!      0.000      None
  14 suites triaged and 0 incomplete leaving 121 suites
  26/135 suite outliers present
  Average suiteness: 0.726
