
Using nuclear cloud x-H distances and vdW radii

Using input model H/D atoms...

Bad Clashes >= 0.4 Angstrom:
 A 240    C  O2'  A 241    G  OP1 :0.924
 A 198    U  O2'  A 199    C  OP1 :0.872
 A 199    C  H3'  A 199    C  P   :0.862
 A 315    G  C8   A 315    G  OP2 :0.852
 A 317    G  C8   A 317    G  OP2 :0.838
 A 199    C  C6   A 199    C  OP1 :0.835
 A 214    G  H8   A 214    G  P   :0.765
 A 214    G  C8   A 214    G  P   :0.755
 A 250    C  O4'  A 250    C  OP1 :0.752
 A 214    G  H8   A 214    G  OP1 :0.729
 A 214    G  C8   A 214    G  OP1 :0.720
 A 295    C  O2'  A 296    G  OP1 :0.672
 A 281    G  O2'  A 282    G  P   :0.663
 A 204    G  H8   A 204    G  OP2 :0.651
 A 250    C  C4'  A 250    C  OP1 :0.644
 A 315    G  H8   A 315    G  OP2 :0.616
 A 309    A  O2'  A 310    G  OP1 :0.600
 A 317    G  H8   A 317    G  OP2 :0.596
 A 195    G  C6   A 315    G  C2  :0.548
 A 214    G  C8   A 214    G  OP2 :0.535
 A 202    A  H8   A 202    A  O5' :0.509
 A 240    C  O2'  A 241    G  P   :0.490
 A 199    C  C5   A 199    C  OP1 :0.490
 A 224    A  N6   A 236    G  O6  :0.486
 A 204    G  C8   A 204    G  OP2 :0.481
 A 212    C  H2'  A 213    G  O4' :0.457
 A 199    C  C3'  A 199    C  P   :0.457
 A 198    U  H4'  A 199    C  OP1 :0.456
 A 195    G  C6   A 196    U  N3  :0.441
 A 202    A  H2'  A 203    A  O4' :0.441
 A 201    C  H2'  A 202    A  C8  :0.429
 A 295    C  O2'  A 296    G  P   :0.408
clashscore = 7.40
