
                    ----------Backbone bond lenths----------                   

  All bonds within 4.0 sigma of ideal values.

                    ----------Backbone bond angles----------                   

  residue               atom 1  atom 2  atom 3  sigmas
   A 236    G              O3'     P       OP1   10.54
   A 236    G              O3'     P       OP2   20.47
  2/2961 angle outliers present

                        ----------Sugar pucker----------                       

  residue                  delta   outlier   epsilon   outlier
   A 281    G               80.9       yes      42.0       yes
  1/134 pucker outliers present

                  ----------Backbone torsion suites----------                  

  Suite ID                 suite  suiteness  triaged angle
     U A 196                  !!      0.000      None
     U A 198                  !!      0.000      None
     C A 199                  !!      0.000     gamma
     G A 204                  !!      0.000     gamma
     C A 210                  !!      0.000      None
     G A 213                  !!      0.000     gamma
     G A 214                  !!      0.000      None
     A A 220                  !!      0.000     alpha
     C A 225                  !!      0.000      None
     G A 232                  !!      0.000      None
     G A 237                  !!      0.000      None
     A A 246                  !!      0.000      None
     C A 250                  !!      0.000      None
     G A 251                  !!      0.000     gamma
     G A 252                  !!      0.000      beta
     G A 263                  !!      0.000     gamma
     U A 267                  !!      0.000    zeta-1
     G A 282                  !!      0.000  epsilon-1
     G A 315                  !!      0.000     gamma
     G A 317                  !!      0.000      None
  10 suites triaged and 0 incomplete leaving 125 suites
  20/135 suite outliers present
  Average suiteness: 0.737
