
                    ----------Backbone bond lenths----------                   

  All bonds within 4.0 sigma of ideal values.

                    ----------Backbone bond angles----------                   

  residue               atom 1  atom 2  atom 3  sigmas
   A 236    G              O3'     P       OP1   10.54
   A 236    G              O3'     P       OP2   20.48
   A 240    C              O3'     P       OP1   -4.86
   A 240    C              O3'     P       OP2    6.77
   A 249    U              O3'     P       OP2   32.55
   A 251    G              O3'     P       OP1   -7.44
   A 251    G              O3'     P       OP2   10.09
   A 274    C              O3'     P       OP1   -7.11
   A 274    C              O3'     P       OP2    9.68
   A 295    C              O3'     P       OP2    4.49
  10/2961 angle outliers present

                        ----------Sugar pucker----------                       

  residue                  delta   outlier   epsilon   outlier
   A 198    U              133.8        no      24.6       yes
  1/134 pucker outliers present

                  ----------Backbone torsion suites----------                  

  Suite ID                 suite  suiteness  triaged angle
     U A 198                  !!      0.000     gamma
     C A 199                  !!      0.000  epsilon-1
     C A 210                  !!      0.000      None
     G A 213                  !!      0.000     gamma
     G A 214                  !!      0.000      None
     G A 237                  !!      0.000      None
     A A 247                  !!      0.000     gamma
     U A 248                  !!      0.000      None
     C A 250                  !!      0.000    zeta-1
     G A 252                  !!      0.000    zeta-1
     G A 263                  !!      0.000     gamma
     U A 267                  !!      0.000    zeta-1
     U A 275                  !!      0.000    zeta-1
     G A 282                  !!      0.000      None
     A A 290                  !!      0.000      None
     G A 292                  !!      0.000     gamma
     C A 295                  !!      0.000     gamma
     G A 315                  !!      0.000     gamma
     G A 317                  !!      0.000      None
  12 suites triaged and 0 incomplete leaving 123 suites
  19/135 suite outliers present
  Average suiteness: 0.748
