
Using nuclear cloud x-H distances and vdW radii

Using input model H/D atoms...

Bad Clashes >= 0.4 Angstrom:
 A 244    G  O4'  A 244    G  OP2 :1.058
 A 199    C  C6   A 199    C  OP1 :0.924
 A 199    C  H3'  A 199    C  OP1 :0.791
 A 255    C  H4'  A 255    C  OP1 :0.712
 A 231    C  O4'  A 231    C  OP1 :0.694
 A 252    G  O2'  A 285    C  OP1 :0.680
 A 212    C  O2'  A 257    C  OP1 :0.656
 A 312    G  O2'  A 313    C  OP1 :0.644
 A 229    U  H3'  A 229    U  OP2 :0.632
 A 199    C  H6   A 199    C  P   :0.607
 A 245    C  O2'  A 246    A  O5' :0.604
 A 199    C  C6   A 199    C  P   :0.588
 A 255    C  C4'  A 255    C  OP1 :0.582
 A 244    G  C8   A 244    G  OP2 :0.581
 A 240    C  O2   A 246    A  N6  :0.579
 A 229    U  H3'  A 229    U  P   :0.572
 A 244    G  O4'  A 244    G  P   :0.550
 A 312    G  O2'  A 313    C  P   :0.541
 A 209    U  O2'  A 282    G  OP1 :0.538
 A 291    G  C2'  A 292    G  O5' :0.536
 A 210    C  N4   A 297    A  OP2 :0.513
 A 245    C  C2'  A 246    A  OP2 :0.502
 A 312    G  C2'  A 313    C  O5' :0.495
 A 241    G  N2   A 243    G  OP2 :0.481
 A 222    A  OP2  A 292    G  N2  :0.480
 A 249    U  H2'  A 250    C  C6  :0.472
 A 245    C  O2'  A 246    A  P   :0.470
 A 254    G  H2'  A 255    C  OP2 :0.466
 A 254    G  C2'  A 255    C  OP2 :0.462
 A 238    U  H2'  A 239    G  O4' :0.454
 A 291    G  N2   A 294    G  O6  :0.453
 A 244    G  H8   A 244    G  OP2 :0.422
 A 245    C  H2'  A 246    A  OP2 :0.422
 A 312    G  H2'  A 313    C  O5' :0.406
 A 289    A  C8   A 291    G  O6  :0.406
clashscore = 8.10
