
                    ----------Backbone bond lenths----------                   

  All bonds within 4.0 sigma of ideal values.

                    ----------Backbone bond angles----------                   

  residue               atom 1  atom 2  atom 3  sigmas
   A 230    U              O3'     P       OP1  -10.20
   A 230    U              O3'     P       OP2   14.63
   A 246    A              O3'     P       OP2   32.46
   A 274    C              O3'     P       OP1   -4.18
   A 274    C              O3'     P       OP2    6.00
  5/2961 angle outliers present

                        ----------Sugar pucker----------                       

  residue                  delta   outlier   epsilon   outlier
   A 223    U               82.9       yes      72.5       yes
   A 228    U               81.5        no     125.4       yes
   A 254    G               81.6        no     125.1       yes
  3/134 pucker outliers present

                  ----------Backbone torsion suites----------                  

  Suite ID                 suite  suiteness  triaged angle
     U A 193                  !!      0.000     gamma
     U A 196                  !!      0.000     gamma
     U A 198                  !!      0.000      None
     C A 199                  !!      0.000    zeta-1
     C A 210                  !!      0.000      None
     A A 211                  !!      0.000     gamma
     A A 224                  !!      0.000  epsilon-1
     U A 229                  !!      0.000  epsilon-1
     U A 230                  !!      0.000     gamma
     C A 231                  !!      0.000     gamma
     U A 242                  !!      0.000     gamma
     G A 244                  !!      0.000      None
     A A 247                  !!      0.000      None
     C A 255                  !!      0.000  epsilon-1
     G A 263                  !!      0.000     gamma
     U A 275                  !!      0.000      None
     G A 282                  !!      0.000      beta
     G A 291                  !!      0.000      None
     G A 296                  !!      0.000      None
  12 suites triaged and 0 incomplete leaving 123 suites
  19/135 suite outliers present
  Average suiteness: 0.819
