
                    ----------Backbone bond lenths----------                   

  All bonds within 4.0 sigma of ideal values.

                    ----------Backbone bond angles----------                   

  residue               atom 1  atom 2  atom 3  sigmas
   A 192    A              O3'     P       OP2   34.03
   A 195    G              O3'     P       OP1   -4.42
   A 195    G              O3'     P       OP2   35.03
   A 198    U              O3'     P       OP1    4.37
   A 203    A              O3'     P       OP2   30.37
   A 243    G              O3'     P       O5'   -4.13
   A 246    A              O3'     P       OP1   -4.34
   A 246    A              O3'     P       OP2    6.13
   A 274    C              O3'     P       OP2    5.76
   A 294    G              C3'     C2'     C1'    6.28
   A 294    G              C4'     C3'     C2'    7.24
   A 294    G              O4'     C4'     C3'    7.27
  12/2961 angle outliers present

                        ----------Sugar pucker----------                       

  residue                  delta   outlier   epsilon   outlier
   A 215    U               79.4       yes      45.1       yes
   A 223    U               80.4        no      81.9       yes
   A 254    G               81.5        no     107.8       yes
   A 295    C               85.1        no     153.5       yes
  4/134 pucker outliers present

                  ----------Backbone torsion suites----------                  

  Suite ID                 suite  suiteness  triaged angle
     U A 193                  !!      0.000      None
     G A 195                  !!      0.000      None
     U A 196                  !!      0.000     gamma
     U A 198                  !!      0.000      None
     C A 199                  !!      0.000     gamma
     C A 210                  !!      0.000      None
     A A 211                  !!      0.000      None
     C A 216                  !!      0.000  epsilon-1
     A A 222                  !!      0.000      None
     A A 224                  !!      0.000  epsilon-1
     U A 229                  !!      0.000      None
     U A 230                  !!      0.000      None
     C A 231                  !!      0.000      None
     G A 239                  !!      0.000     gamma
     G A 241                  !!      0.000    zeta-1
     U A 242                  !!      0.000     gamma
     G A 244                  !!      0.000      beta
     C A 255                  !!      0.000  epsilon-1
     U A 262                  !!      0.000      None
     G A 263                  !!      0.000     gamma
     U A 275                  !!      0.000     gamma
     G A 282                  !!      0.000      beta
     G A 291                  !!      0.000    zeta-1
     G A 292                  !!      0.000      None
     U A 293                  !!      0.000      None
     G A 294                  !!      0.000      None
     G A 296                  !!      0.000  epsilon-1
     G A 310                  !!      0.000     gamma
     G A 315                  !!      0.000     gamma
  16 suites triaged and 0 incomplete leaving 119 suites
  29/135 suite outliers present
  Average suiteness: 0.760
