
Using nuclear cloud x-H distances and vdW radii

Using input model H/D atoms...

Bad Clashes >= 0.4 Angstrom:
 A 223    U  O2'  A 224    A  OP1 :0.875
 A 228    U  O2'  A 229    U  O5' :0.789
 A 223    U  O2'  A 224    A  P   :0.719
 A 244    G  H4'  A 244    G  OP1 :0.718
 A 243    G  C2'  A 244    G  OP1 :0.668
 A 254    G  O2'  A 255    C  OP2 :0.651
 A 243    G  H2'  A 244    G  OP1 :0.616
 A 209    U  O2'  A 282    G  OP1 :0.604
 A 254    G  O2'  A 255    C  P   :0.603
 A 228    U  O2'  A 229    U  P   :0.589
 A 252    G  O2'  A 285    C  OP1 :0.575
 A 231    C  H6   A 231    C  OP2 :0.524
 A 244    G  C4'  A 244    G  OP1 :0.523
 A 225    C  N4   A 294    G  O6  :0.494
 A 241    G  N2   A 243    G  OP2 :0.479
 A 231    C  C6   A 231    C  OP2 :0.469
 A 228    U  C2'  A 229    U  OP2 :0.461
 A 249    U  H2'  A 250    C  C6  :0.457
 A 228    U  O2'  A 229    U  O4' :0.450
 A 254    G  C2'  A 255    C  OP1 :0.405
clashscore = 4.63
