
                    ----------Backbone bond lenths----------                   

  All bonds within 4.0 sigma of ideal values.

                    ----------Backbone bond angles----------                   

  residue               atom 1  atom 2  atom 3  sigmas
   A 195    G              O3'     P       OP2    4.10
   A 198    U              O3'     P       OP1    4.37
   A 216    C              O4'     C4'     C3'    5.73
   A 230    U              O3'     P       O5'   -4.68
   A 230    U              O3'     P       OP2    4.85
   A 274    C              O3'     P       OP1   18.88
   A 274    C              O3'     P       OP2  -11.49
   A 289    A              O3'     C3'     C2'    4.07
   A 295    C              O3'     C3'     C2'    4.88
  9/2961 angle outliers present

                        ----------Sugar pucker----------                       

  residue                  delta   outlier   epsilon   outlier
   A 223    U              151.2        no       4.3       yes
   A 230    U               84.6       yes      75.0       yes
   A 254    G               81.5       yes      47.6       yes
  3/134 pucker outliers present

                  ----------Backbone torsion suites----------                  

  Suite ID                 suite  suiteness  triaged angle
     A A 192                  !!      0.000     alpha
     U A 193                  !!      0.000      None
     U A 196                  !!      0.000     gamma
     C A 210                  !!      0.000      None
     A A 211                  !!      0.000     gamma
     A A 224                  !!      0.000  epsilon-1
     U A 229                  !!      0.000     gamma
     U A 230                  !!      0.000      None
     C A 231                  !!      0.000  epsilon-1
     G A 239                  !!      0.000      None
     G A 241                  !!      0.000     gamma
     U A 242                  !!      0.000     gamma
     G A 244                  !!      0.000      beta
     A A 247                  !!      0.000      None
     C A 255                  !!      0.000  epsilon-1
     U A 262                  !!      0.000     gamma
     G A 263                  !!      0.000     gamma
     G A 282                  !!      0.000      beta
     A A 290                  !!      0.000      None
     G A 294                  !!      0.000      None
     G A 296                  !!      0.000     gamma
     G A 310                  !!      0.000    zeta-1
  15 suites triaged and 0 incomplete leaving 120 suites
  22/135 suite outliers present
  Average suiteness: 0.767
