
Using nuclear cloud x-H distances and vdW radii

Using input model H/D atoms...

Bad Clashes >= 0.4 Angstrom:
 A 295    C  O2'  A 296    G  OP2 :0.894
 A 229    U  C6   A 229    U  OP1 :0.872
 A 215    U  O2'  A 216    C  O5' :0.808
 A 244    G  O4'  A 244    G  OP2 :0.754
 A 244    G  C8   A 244    G  OP2 :0.681
 A 246    A  H2'  A 246    A  N3  :0.664
 A 209    U  O2'  A 282    G  OP1 :0.658
 A 244    G  H8   A 244    G  OP2 :0.641
 A 255    C  H4'  A 255    C  OP1 :0.634
 A 252    G  O2'  A 285    C  OP1 :0.632
 A 254    G  C2'  A 255    C  OP2 :0.588
 A 217    A  O2'  A 226    C  O2' :0.549
 A 254    G  H2'  A 255    C  OP2 :0.545
 A 229    U  C5   A 229    U  OP1 :0.517
 A 255    C  C4'  A 255    C  OP1 :0.508
 A 223    U  O2   A 224    A  O2' :0.504
 A 291    G  N1   A 294    G  O2' :0.489
 A 241    G  N2   A 243    G  OP2 :0.472
 A 249    U  H2'  A 250    C  C6  :0.462
 A 215    U  H4'  A 216    C  O5' :0.454
 A 262    U  H2'  A 263    G  C8  :0.449
 A 263    G  H8   A 263    G  OP2 :0.444
 A 223    U  H4'  A 224    A  OP1 :0.439
 A 223    U  O3'  A 224    A  H4' :0.435
 A 203    A  C2'  A 204    G  OP1 :0.403
clashscore = 5.78
