
                    ----------Backbone bond lenths----------                   

  All bonds within 4.0 sigma of ideal values.

                    ----------Backbone bond angles----------                   

  residue               atom 1  atom 2  atom 3  sigmas
   A 246    A              O3'     P       OP1   18.87
   A 246    A              O3'     P       OP2  -11.51
   A 295    C              O3'     P       OP1  -11.07
   A 295    C              O3'     P       OP2   24.19
   A 309    A              O3'     P       OP1   18.85
   A 309    A              O3'     P       OP2  -11.52
  6/2961 angle outliers present

                        ----------Sugar pucker----------                       

  residue                  delta   outlier   epsilon   outlier
   A 192    A               80.5        no      26.5       yes
   A 198    U               81.5        no      31.4       yes
   A 281    G               80.9        no     129.4       yes
   A 312    G               81.2        no     115.0       yes
  4/134 pucker outliers present

                  ----------Backbone torsion suites----------                  

  Suite ID                 suite  suiteness  triaged angle
     A A 192                  !!      0.000      None
     U A 193                  !!      0.000  epsilon-1
     U A 196                  !!      0.000      None
     U A 198                  !!      0.000      None
     C A 199                  !!      0.000  epsilon-1
     C A 210                  !!      0.000      None
     A A 211                  !!      0.000     gamma
     A A 224                  !!      0.000      None
     U A 229                  !!      0.000      beta
     U A 230                  !!      0.000      None
     C A 231                  !!      0.000      None
     G A 239                  !!      0.000      None
     U A 242                  !!      0.000     gamma
     G A 244                  !!      0.000      None
     A A 246                  !!      0.000     gamma
     A A 247                  !!      0.000     gamma
     C A 255                  !!      0.000      beta
     G A 263                  !!      0.000     gamma
     U A 275                  !!      0.000    zeta-1
     G A 282                  !!      0.000  epsilon-1
     A A 289                  !!      0.000     gamma
     G A 296                  !!      0.000     gamma
     C A 313                  !!      0.000  epsilon-1
  14 suites triaged and 0 incomplete leaving 121 suites
  23/135 suite outliers present
  Average suiteness: 0.781
