
                    ----------Backbone bond lenths----------                   

  All bonds within 4.0 sigma of ideal values.

                    ----------Backbone bond angles----------                   

  residue               atom 1  atom 2  atom 3  sigmas
   A 203    A              O3'     P       OP1   11.69
   A 203    A              O3'     P       OP2   19.29
   A 243    G              O3'     P       O5'   -7.23
   A 309    A              O3'     P       OP1   32.98
   A 309    A              O3'     P       OP2   -6.05
  5/2961 angle outliers present

                        ----------Sugar pucker----------                       

  residue                  delta   outlier   epsilon   outlier
   A 292    G               84.9        no     144.6       yes
  1/134 pucker outliers present

                  ----------Backbone torsion suites----------                  

  Suite ID                 suite  suiteness  triaged angle
     U A 198                  !!      0.000      None
     C A 199                  !!      0.000      None
     A A 203                  !!      0.000     gamma
     G A 204                  !!      0.000     alpha
     C A 210                  !!      0.000      None
     A A 211                  !!      0.000     gamma
     A A 219                  !!      0.000      None
     A A 222                  !!      0.000     gamma
     A A 224                  !!      0.000     gamma
     U A 229                  !!      0.000     gamma
     U A 230                  !!      0.000     gamma
     C A 231                  !!      0.000      None
     U A 242                  !!      0.000     gamma
     G A 244                  !!      0.000     gamma
     A A 247                  !!      0.000     gamma
     C A 255                  !!      0.000     gamma
     U A 262                  !!      0.000     gamma
     G A 263                  !!      0.000     gamma
     G A 282                  !!      0.000      beta
     G A 291                  !!      0.000     gamma
     G A 292                  !!      0.000      None
     U A 293                  !!      0.000  epsilon-1
     G A 294                  !!      0.000      None
     C A 295                  !!      0.000      None
     G A 310                  !!      0.000    zeta-1
  17 suites triaged and 0 incomplete leaving 118 suites
  25/135 suite outliers present
  Average suiteness: 0.777
