
                    ----------Backbone bond lenths----------                   

  All bonds within 4.0 sigma of ideal values.

                    ----------Backbone bond angles----------                   

  residue               atom 1  atom 2  atom 3  sigmas
   A 198    U              O3'     P       OP2    4.01
   A 203    A              O3'     P       OP1   35.62
   A 210    C              O3'     P       OP2   33.64
   A 223    U              O3'     P       OP2    5.53
   A 246    A              O3'     P       OP2   29.37
   A 274    C              O3'     P       OP1   -4.13
   A 274    C              O3'     P       OP2    5.94
   A 295    C              O3'     P       OP1   -4.80
   A 295    C              O3'     P       OP2    6.70
   A 309    A              O3'     P       OP1   18.39
   A 309    A              O3'     P       OP2  -11.45
  11/2961 angle outliers present

                        ----------Sugar pucker----------                       

  residue                  delta   outlier   epsilon   outlier
   A 243    G               79.7        no     152.7       yes
   A 254    G               81.5        no     120.3       yes
   A 294    G               81.1        no      73.8       yes
  3/134 pucker outliers present

                  ----------Backbone torsion suites----------                  

  Suite ID                 suite  suiteness  triaged angle
     U A 196                  !!      0.000      None
     U A 198                  !!      0.000      None
     C A 199                  !!      0.000      None
     G A 204                  !!      0.000     gamma
     C A 210                  !!      0.000      None
     A A 211                  !!      0.000     gamma
     A A 224                  !!      0.000      None
     U A 229                  !!      0.000      None
     U A 230                  !!      0.000     gamma
     G A 239                  !!      0.000     gamma
     G A 241                  !!      0.000     gamma
     U A 242                  !!      0.000     gamma
     G A 244                  !!      0.000  epsilon-1
     C A 255                  !!      0.000  epsilon-1
     U A 262                  !!      0.000     gamma
     G A 263                  !!      0.000     gamma
     U A 275                  !!      0.000     gamma
     G A 282                  !!      0.000      beta
     A A 290                  !!      0.000      None
     G A 291                  !!      0.000      None
     C A 295                  !!      0.000  epsilon-1
     G A 296                  !!      0.000      None
  13 suites triaged and 0 incomplete leaving 122 suites
  22/135 suite outliers present
  Average suiteness: 0.787
