
Using nuclear cloud x-H distances and vdW radii

Using input model H/D atoms...

Bad Clashes >= 0.4 Angstrom:
 A 231    C  C6   A 231    C  OP2 :0.921
 A 244    G  O4'  A 244    G  OP2 :0.871
 A 231    C  O4'  A 231    C  P   :0.805
 A 230    U  O3'  A 231    C  O4' :0.757
 A 209    U  O2'  A 282    G  OP1 :0.657
 A 231    C  H6   A 231    C  OP2 :0.635
 A 255    C  H4'  A 255    C  OP1 :0.632
 A 252    G  O2'  A 285    C  OP1 :0.630
 A 229    U  H3'  A 229    U  OP2 :0.626
 A 262    U  O2'  A 263    G  OP1 :0.590
 A 254    G  C2'  A 255    C  OP2 :0.585
 A 223    U  OP2  A 294    G  N1  :0.552
 A 244    G  C8   A 244    G  OP2 :0.550
 A 254    G  H2'  A 255    C  OP2 :0.549
 A 230    U  O2'  A 231    C  OP1 :0.533
 A 255    C  C4'  A 255    C  OP1 :0.508
 A 241    G  N2   A 243    G  OP2 :0.484
 A 231    C  O4'  A 231    C  OP2 :0.483
 A 222    A  O4'  A 222    A  OP2 :0.471
 A 249    U  H2'  A 250    C  C6  :0.464
 A 230    U  C4'  A 231    C  OP2 :0.456
 A 244    G  H8   A 244    G  OP2 :0.442
 A 229    U  C6   A 229    U  OP2 :0.433
 A 229    U  H2'  A 229    U  O2  :0.420
 A 222    A  C4'  A 222    A  OP2 :0.416
 A 244    G  O4'  A 244    G  P   :0.409
 A 290    A  N1   A 295    C  N4  :0.405
 A 203    A  C2'  A 204    G  OP1 :0.400
clashscore = 6.48
