
Using nuclear cloud x-H distances and vdW radii

Using input model H/D atoms...

Bad Clashes >= 0.4 Angstrom:
 A 281    G  O2'  A 282    G  OP1 :1.156
 A 255    C  H4'  A 255    C  OP1 :1.008
 A 198    U  O2'  A 199    C  OP2 :0.921
 A 312    G  O2'  A 313    C  OP1 :0.884
 A 229    U  C6   A 229    U  OP2 :0.866
 A 244    G  O4'  A 244    G  OP2 :0.829
 A 198    U  H6   A 198    U  OP2 :0.698
 A 312    G  O2'  A 313    C  P   :0.680
 A 198    U  C6   A 198    U  OP2 :0.641
 A 192    A  O2'  A 193    U  OP1 :0.632
 A 229    U  H3'  A 229    U  P   :0.620
 A 281    G  C2'  A 282    G  OP1 :0.612
 A 252    G  O2'  A 285    C  OP1 :0.607
 A 245    C  O2'  A 246    A  O4' :0.604
 A 224    A  OP2  A 293    U  O2' :0.599
 A 230    U  O3'  A 231    C  O4' :0.595
 A 223    U  O2'  A 224    A  OP1 :0.594
 A 229    U  H3'  A 229    U  OP2 :0.591
 A 244    G  C8   A 244    G  OP2 :0.570
 A 212    C  O2'  A 257    C  OP1 :0.511
 A 281    G  O2'  A 282    G  P   :0.503
 A 229    U  N1   A 229    U  OP2 :0.494
 A 230    U  C2'  A 231    C  OP2 :0.488
 A 199    C  OP1  A 200    U  OP2 :0.487
 A 223    U  OP2  A 225    C  N4  :0.479
 A 221    U  H2'  A 222    A  C8  :0.477
 A 244    G  H8   A 244    G  OP2 :0.476
 A 241    G  N2   A 243    G  OP2 :0.475
 A 249    U  H2'  A 250    C  C6  :0.474
 A 245    C  O2'  A 246    A  C8  :0.467
 A 291    G  O2'  A 294    G  N7  :0.466
 A 295    C  H6   A 295    C  O5' :0.455
 A 199    C  H3'  A 199    C  P   :0.455
 A 210    C  C2'  A 211    A  OP2 :0.435
 A 229    U  H2'  A 229    U  O2  :0.433
 A 216    C  N4   A 224    A  N1  :0.421
 A 255    C  C4'  A 255    C  OP1 :0.418
 A 197    G  C3'  A 198    U  H5' :0.404
clashscore = 8.79
