
Using nuclear cloud x-H distances and vdW radii

Using input model H/D atoms...

Bad Clashes >= 0.4 Angstrom:
 A 231    C  C6   A 231    C  OP2 :1.149
 A 231    C  H6   A 231    C  OP2 :1.148
 A 254    G  O2'  A 255    C  OP1 :0.926
 A 229    U  H2'  A 229    U  O2  :0.885
 A 210    C  C6   A 210    C  OP2 :0.857
 A 229    U  C2'  A 229    U  O2  :0.825
 A 230    U  O2'  A 231    C  P   :0.761
 A 230    U  H4'  A 231    C  OP2 :0.729
 A 229    U  N1   A 229    U  OP1 :0.693
 A 229    U  C2   A 229    U  OP1 :0.686
 A 231    C  C5   A 231    C  OP2 :0.684
 A 209    U  O2'  A 282    G  OP1 :0.633
 A 221    U  O4   A 291    G  O2' :0.576
 A 231    C  H6   A 231    C  P   :0.563
 A 252    G  O2'  A 285    C  OP1 :0.559
 A 255    C  O4'  A 255    C  OP2 :0.544
 A 230    U  O2'  A 231    C  OP1 :0.531
 A 210    C  H6   A 210    C  OP2 :0.521
 A 192    A  N6   A 195    G  O6  :0.513
 A 223    U  C4'  A 224    A  OP2 :0.512
 A 223    U  C1'  A 224    A  OP2 :0.510
 A 244    G  C8   A 244    G  OP2 :0.508
 A 241    G  N2   A 243    G  OP2 :0.484
 A 223    U  O4'  A 224    A  OP2 :0.472
 A 249    U  H2'  A 250    C  C6  :0.470
 A 230    U  O2'  A 231    C  OP2 :0.466
 A 229    U  C3'  A 229    U  O2  :0.447
 A 293    U  O2   A 295    C  O4' :0.447
 A 221    U  OP2  A 291    G  N2  :0.435
 A 312    G  C5   A 313    C  C5  :0.434
 A 210    C  O2'  A 211    A  OP2 :0.427
 A 243    G  H3'  A 244    G  O4' :0.425
 A 223    U  H1'  A 224    A  OP2 :0.425
 A 230    U  H4'  A 231    C  C6  :0.414
 A 229    U  C6   A 229    U  OP1 :0.412
 A 240    C  H2'  A 241    G  O4' :0.411
 A 259    U  OP2  A 271    U H5'' :0.407
 A 223    U  H4'  A 224    A  O5' :0.406
clashscore = 8.79
