
                    ----------Backbone bond lenths----------                   

  All bonds within 4.0 sigma of ideal values.

                    ----------Backbone bond angles----------                   

  All angles within 4.0 sigma of ideal values.

                        ----------Sugar pucker----------                       

  residue                  delta   outlier   epsilon   outlier
   A 105    G               77.2        no     154.4       yes
  1/152 pucker outliers present

                  ----------Backbone torsion suites----------                  

  Suite ID                 suite  suiteness  triaged angle
     C A  17                  !!      0.000      None
     G A  18                  !!      0.000      None
     C A  36                  !!      0.000      None
     U A  65                  !!      0.000      None
     U A  74                  !!      0.000      None
     A A  88                  !!      0.000      None
     A A 106                  !!      0.000  epsilon-1
     C A 107                  !!      0.000      None
     U A 147                  !!      0.000      None
     U A 148                  !!      0.000      None
  1 suites triaged and 0 incomplete leaving 152 suites
  10/153 suite outliers present
  Average suiteness: 0.817
