
                    ----------Backbone bond lenths----------                   

  All bonds within 4.0 sigma of ideal values.

                    ----------Backbone bond angles----------                   

  All angles within 4.0 sigma of ideal values.

                        ----------Sugar pucker----------                       

  All puckers have reasonable geometry.

                  ----------Backbone torsion suites----------                  

  Suite ID                 suite  suiteness  triaged angle
     A A  16                  !!      0.000      None
     C A  17                  !!      0.000      None
     C A  36                  !!      0.000      None
     C A  56                  !!      0.000      None
     U A  64                  !!      0.000      None
     A A  73                  !!      0.000      None
     C A  94                  !!      0.000      None
     A A 106                  !!      0.000     gamma
     U A 147                  !!      0.000      None
     U A 149                  !!      0.000      None
  1 suites triaged and 0 incomplete leaving 152 suites
  10/153 suite outliers present
  Average suiteness: 0.823
