
Using nuclear cloud x-H distances and vdW radii

Using input model H/D atoms...

Bad Clashes >= 0.4 Angstrom:
 A 165    G  C8   A 165    G  OP1 :1.057
 A 165    G  H8   A 165    G  OP1 :0.990
 A 262    U  O2'  A 263    A  OP1 :0.878
 A 222    C  O2'  A 223    A  P   :0.779
 A 174    G  C2'  A 175    U  OP1 :0.752
 A 182    U  O2'  A 183    C  P   :0.748
 A 262    U  O2'  A 263    A  P   :0.721
 A 167    G  O2'  A 169    A  OP2 :0.720
 A 252    G  O2'  A 253    A  O5' :0.713
 A 257    A  H3'  A 257    A  N3  :0.690
 A 274    C  C6   A 274    C  OP1 :0.683
 A 182    U  O2'  A 183    C  OP2 :0.673
 A 170    A  O2'  A 171    C  O5' :0.662
 A 165    G  H8   A 165    G  P   :0.637
 A 277    U  C2'  A 278    G  O5' :0.621
 A 251    U  O2'  A 254    C  OP1 :0.621
 A 277    U  H2'  A 278    G  O5' :0.617
 A 174    G  O2'  A 175    U  OP1 :0.609
 A 169    A  H8   A 169    A  O5' :0.608
 A 239    U  H6   A 239    U  O5' :0.586
 A 222    C  O2'  A 223    A  OP2 :0.567
 A 199    G  O6   A 202    U  O2' :0.541
 A 174    G  C6   A 271    G  C2  :0.539
 A 258    A  H8   A 258    A  OP2 :0.537
 A 202    U  O2'  A 206    C  N4  :0.533
 A 280    C  H6   A 280    C  O5' :0.527
 A 174    G  H2'  A 175    U  OP1 :0.527
 A 275    C  H6   A 275    C  OP1 :0.521
 A 233    C  OP2  A 242    G  O2' :0.521
 A 279    U  H2'  A 280    C  C6  :0.517
 A 274    C  H6   A 274    C  OP1 :0.516
 A 157    C  N4   A 285    G  O6  :0.506
 A 174    G  C6   A 175    U  C4  :0.497
 A 239    U  C6   A 239    U  O5' :0.493
 A 165    G  O4'  A 165    G  OP1 :0.492
 A 210    G  C6   A 211    U  C2  :0.487
 A 222    C  O2'  A 223    A  OP1 :0.485
 A 253    A  C6   A 263    A  N6  :0.478
 A 174    G  C5   A 175    U  C4  :0.470
 A 277    U  O2'  A 278    G  OP1 :0.469
 A 197    C  N4   A 203    C  O3' :0.467
 A 169    A  C8   A 169    A  O5' :0.461
 A 280    C  C4   A 281    C  N4  :0.461
 A 274    C  H6   A 274    C  P   :0.458
 A 212    U  H2'  A 213    G  C8  :0.450
 A 256    G  N2   A 259    A  N7  :0.446
 A 222    C  H4'  A 223    A  OP2 :0.430
 A 205    U  H6   A 205    U  O5' :0.428
 A 237    G  N2   A 238    U  O4  :0.427
 A 174    G  O6   A 270    A  N6  :0.418
 A 227    G  C5   A 228    C  C5  :0.415
 A 182    U  H4'  A 183    C  OP2 :0.415
 A 186    C  C4   A 187    A  C5  :0.407
 A 252    G  H4'  A 253    A  O5' :0.407
 A 187    A  C6   A 188    G  N7  :0.405
 A 259    A  H2'  A 260    G  O4' :0.403
 A 275    C  C6   A 275    C  OP1 :0.401
clashscore = 12.32
