
Using nuclear cloud x-H distances and vdW radii

Using input model H/D atoms...

Bad Clashes >= 0.4 Angstrom:
 A 287    U  O4'  A 287    U  OP2 :1.225
 A 171    C  C6   A 171    C  OP1 :1.115
 A 275    C  C6   A 275    C  OP2 :1.025
 A 182    U H5''  A 183    C  OP1 :0.942
 A 258    A  O4'  A 258    A  OP1 :0.904
 A 262    U  O2'  A 263    A  OP1 :0.877
 A 287    U  C4'  A 287    U  OP2 :0.770
 A 186    C  H6   A 186    C  O5' :0.733
 A 262    U  O2'  A 263    A  P   :0.721
 A 252    G  O2'  A 253    A  O5' :0.714
 A 275    C  H6   A 275    C  OP2 :0.687
 A 171    C  H3'  A 171    C  OP1 :0.675
 A 201    U  O2'  A 202    U  OP1 :0.663
 A 165    G  H8   A 165    G  OP1 :0.658
 A 277    U  C2'  A 278    G  O5' :0.621
 A 277    U  H2'  A 278    G  O5' :0.619
 A 251    U  O2'  A 254    C  OP1 :0.619
 A 187    A  H8   A 187    A  O5' :0.614
 A 287    U  O2'  A 289    C  OP2 :0.600
 A 240    U  O2   A 240    U  O4' :0.579
 A 171    C  H6   A 171    C  OP1 :0.560
 A 287    U  O4'  A 287    U  P   :0.548
 A 257    A  O2'  A 258    A  O5' :0.539
 A 187    A  N6   A 188    G  O6  :0.535
 A 212    U  H2'  A 213    G  C8  :0.535
 A 279    U  H2'  A 280    C  C6  :0.525
 A 258    A  O4'  A 258    A  P   :0.518
 A 171    C  C6   A 171    C  P   :0.505
 A 167    G  O2'  A 168    U  O5' :0.501
 A 174    G  C6   A 271    G  C2  :0.493
 A 196    A  N6   A 204    G  N7  :0.493
 A 182    U  C5'  A 183    C  OP1 :0.493
 A 171    C  H6   A 171    C  P   :0.486
 A 253    A  C6   A 263    A  N6  :0.479
 A 174    G  C6   A 175    U  C4  :0.472
 A 277    U  O2'  A 278    G  OP1 :0.470
 A 239    U  H6   A 239    U  O5' :0.461
 A 280    C  C4   A 281    C  N4  :0.460
 A 185    G  H2'  A 186    C  C6  :0.458
 A 201    U  O2'  A 202    U  P   :0.454
 A 275    C  H3'  A 275    C  OP2 :0.452
 A 174    G  O6   A 270    A  N6  :0.444
 A 237    G  O6   A 242    G  N2  :0.441
 A 174    G  C5   A 175    U  C4  :0.440
 A 204    G  H8   A 204    G  OP1 :0.428
 A 259    A  H2'  A 260    G  O4' :0.423
 A 194    U  OP2  A 204    G  O2' :0.421
 A 256    G  C5   A 257    A  H1' :0.421
 A 186    C  H2'  A 187    A  C8  :0.414
 A 165    G  C8   A 165    G  OP1 :0.413
 A 186    C  C6   A 186    C  O5' :0.413
 A 280    C  H2'  A 281    C  C6  :0.413
 A 252    G  H4'  A 253    A  O5' :0.408
 A 211    U  H2'  A 212    U  C6  :0.406
 A 167    G  C2'  A 168    U  OP2 :0.402
 A 280    C  H6   A 280    C  O5' :0.401
clashscore = 12.10
