
                    ----------Backbone bond lenths----------                   

  All bonds within 4.0 sigma of ideal values.

                    ----------Backbone bond angles----------                   

  residue               atom 1  atom 2  atom 3  sigmas
   A 163    A              O3'     C3'     C2'    5.02
   A 163    A              O3'     P       O5'   -5.08
   A 274    C              C4'     O4'     C1'    4.45
   A 277    U              O3'     P       OP1    8.31
   A 277    U              O3'     P       OP2   -6.08
   A 286    U              O3'     C3'     C2'   -4.01
  6/3181 angle outliers present

                        ----------Sugar pucker----------                       

  residue                  delta   outlier   epsilon   outlier
   A 252    G               80.9        no      33.8       yes
   A 262    U               81.5        no      91.2       yes
   A 277    U               82.3        no     148.6       yes
  3/144 pucker outliers present

                  ----------Backbone torsion suites----------                  

  Suite ID                 suite  suiteness  triaged angle
     A A 163                  !!      0.000      None
     C A 164                  !!      0.000      None
     U A 168                  !!      0.000      None
     A A 170                  !!      0.000    zeta-1
     C A 171                  !!      0.000      None
     C A 183                  !!      0.000      None
     G A 188                  !!      0.000     gamma
     U A 200                  !!      0.000      None
     U A 201                  !!      0.000     gamma
     U A 202                  !!      0.000      None
     A A 220                  !!      0.000     gamma
     U A 221                  !!      0.000     gamma
     C A 222                  !!      0.000      None
     C A 228                  !!      0.000      None
     G A 236                  !!      0.000      None
     U A 240                  !!      0.000     gamma
     U A 243                  !!      0.000     gamma
     G A 246                  !!      0.000      None
     A A 253                  !!      0.000  epsilon-1
     G A 260                  !!      0.000     gamma
     A A 263                  !!      0.000  epsilon-1
     G A 271                  !!      0.000     gamma
     C A 274                  !!      0.000      None
     C A 275                  !!      0.000      None
     G A 278                  !!      0.000  epsilon-1
     G A 285                  !!      0.000     gamma
     U A 287                  !!      0.000      None
     U A 288                  !!      0.000      None
  13 suites triaged and 0 incomplete leaving 132 suites
  28/145 suite outliers present
  Average suiteness: 0.710
