
                    ----------Backbone bond lenths----------                   

  All bonds within 4.0 sigma of ideal values.

                    ----------Backbone bond angles----------                   

  residue               atom 1  atom 2  atom 3  sigmas
   A 277    U              O3'     P       OP1    8.30
   A 277    U              O3'     P       OP2   -6.08
  2/3181 angle outliers present

                        ----------Sugar pucker----------                       

  residue                  delta   outlier   epsilon   outlier
   A 168    U               82.3       yes      30.9       yes
   A 169    A               82.0       yes      30.7       yes
   A 174    G               77.0        no     141.2       yes
   A 186    C               84.9        no     142.5       yes
   A 252    G               80.9        no      33.8       yes
   A 262    U               81.4        no      91.2       yes
   A 277    U               82.4        no     148.6       yes
  7/144 pucker outliers present

                  ----------Backbone torsion suites----------                  

  Suite ID                 suite  suiteness  triaged angle
     A A 163                  !!      0.000     gamma
     C A 164                  !!      0.000      None
     G A 165                  !!      0.000      None
     U A 168                  !!      0.000      None
     A A 169                  !!      0.000  epsilon-1
     A A 170                  !!      0.000  epsilon-1
     C A 171                  !!      0.000     gamma
     G A 174                  !!      0.000      None
     U A 175                  !!      0.000  epsilon-1
     C A 183                  !!      0.000     alpha
     C A 186                  !!      0.000     gamma
     A A 187                  !!      0.000  epsilon-1
     G A 188                  !!      0.000      None
     U A 194                  !!      0.000     gamma
     U A 202                  !!      0.000      None
     C A 203                  !!      0.000     gamma
     C A 206                  !!      0.000     gamma
     U A 211                  !!      0.000     gamma
     U A 221                  !!      0.000      None
     A A 223                  !!      0.000     gamma
     A A 235                  !!      0.000      None
     U A 239                  !!      0.000    zeta-1
     C A 241                  !!      0.000     gamma
     G A 246                  !!      0.000      None
     A A 253                  !!      0.000  epsilon-1
     G A 256                  !!      0.000      None
     A A 257                  !!      0.000    zeta-1
     G A 260                  !!      0.000     gamma
     A A 263                  !!      0.000  epsilon-1
     G A 271                  !!      0.000     gamma
     C A 274                  !!      0.000      None
     C A 275                  !!      0.000      None
     G A 278                  !!      0.000  epsilon-1
     U A 287                  !!      0.000      None
     U A 288                  !!      0.000     gamma
  22 suites triaged and 0 incomplete leaving 123 suites
  35/145 suite outliers present
  Average suiteness: 0.728
