
                    ----------Backbone bond lenths----------                   

  All bonds within 4.0 sigma of ideal values.

                    ----------Backbone bond angles----------                   

  residue               atom 1  atom 2  atom 3  sigmas
   A 163    A              O3'     C3'     C2'    4.88
   A 163    A              O4'     C4'     C3'    4.37
   A 174    G              C4'     C3'     C2'    4.37
   A 277    U              O3'     P       OP1    8.32
   A 277    U              O3'     P       OP2   -6.09
  5/3181 angle outliers present

                        ----------Sugar pucker----------                       

  residue                  delta   outlier   epsilon   outlier
   A 170    A               86.0        no     144.6       yes
   A 174    G               80.3        no     147.4       yes
   A 182    U               79.1        no      80.6       yes
   A 222    C               84.9        no      78.9       yes
   A 252    G               80.9        no      33.7       yes
   A 262    U               81.4        no      91.3       yes
   A 277    U               82.4        no     148.6       yes
  7/144 pucker outliers present

                  ----------Backbone torsion suites----------                  

  Suite ID                 suite  suiteness  triaged angle
     A A 163                  !!      0.000      None
     C A 164                  !!      0.000      None
     G A 165                  !!      0.000    zeta-1
     U A 168                  !!      0.000     gamma
     A A 169                  !!      0.000      None
     A A 170                  !!      0.000      None
     C A 171                  !!      0.000  epsilon-1
     G A 174                  !!      0.000      None
     U A 175                  !!      0.000  epsilon-1
     C A 183                  !!      0.000  epsilon-1
     U A 194                  !!      0.000      None
     U A 201                  !!      0.000      None
     U A 202                  !!      0.000      None
     C A 203                  !!      0.000      None
     U A 205                  !!      0.000      None
     C A 206                  !!      0.000      None
     A A 223                  !!      0.000  epsilon-1
     U A 238                  !!      0.000      None
     G A 242                  !!      0.000     gamma
     G A 246                  !!      0.000      None
     A A 253                  !!      0.000  epsilon-1
     A A 257                  !!      0.000      None
     A A 258                  !!      0.000      None
     A A 263                  !!      0.000  epsilon-1
     G A 271                  !!      0.000     gamma
     C A 275                  !!      0.000      None
     G A 278                  !!      0.000  epsilon-1
     G A 285                  !!      0.000     gamma
     U A 286                  !!      0.000      None
     U A 287                  !!      0.000     gamma
     U A 288                  !!      0.000     gamma
  14 suites triaged and 0 incomplete leaving 131 suites
  31/145 suite outliers present
  Average suiteness: 0.723
