
Using nuclear cloud x-H distances and vdW radii

Using input model H/D atoms...

Bad Clashes >= 0.4 Angstrom:
 A 262    U  O2'  A 263    A  OP1 :0.877
 A 163    A H5''  A 164    C  OP2 :0.840
 A 163    A  C5'  A 164    C  OP2 :0.755
 A 262    U  O2'  A 263    A  P   :0.720
 A 252    G  O2'  A 253    A  O5' :0.712
 A 260    G  H8   A 260    G  OP2 :0.664
 A 277    U  C2'  A 278    G  O5' :0.621
 A 240    U  C6   A 240    U  OP1 :0.620
 A 251    U  O2'  A 254    C  OP1 :0.620
 A 201    U  O2'  A 202    U  O5' :0.618
 A 277    U  H2'  A 278    G  O5' :0.617
 A 163    A  C4'  A 164    C  OP2 :0.589
 A 169    A  H8   A 169    A  O5' :0.578
 A 174    G  C6   A 271    G  C2  :0.536
 A 279    U  H2'  A 280    C  C6  :0.515
 A 260    G  C8   A 260    G  OP2 :0.504
 A 174    G  O6   A 270    A  N6  :0.497
 A 174    G  C5   A 175    U  C4  :0.486
 A 243    U  C6   A 244    C  C5  :0.485
 A 182    U H5''  A 183    C  C5' :0.482
 A 210    G  C6   A 211    U  C2  :0.479
 A 240    U  H6   A 240    U  P   :0.479
 A 253    A  C6   A 263    A  N6  :0.477
 A 277    U  O2'  A 278    G  OP1 :0.469
 A 163    A  H3'  A 165    G H5'' :0.468
 A 201    U  C2'  A 202    U  O5' :0.465
 A 273    G  H2'  A 274    C  H5' :0.465
 A 212    U  H2'  A 213    G  C8  :0.446
 A 224    U  H2'  A 225    C  C6  :0.442
 A 280    C  C4   A 281    C  N4  :0.442
 A 174    G  C6   A 175    U  C4  :0.441
 A 223    A  H8   A 223    A  O5' :0.428
 A 280    C  H6   A 280    C  O5' :0.424
 A 228    C  H4'  A 228    C  OP1 :0.423
 A 187    A  H3'  A 188    G  C5' :0.421
 A 252    G  H4'  A 253    A  O5' :0.406
 A 280    C  H2'  A 281    C  C6  :0.405
 A 243    U  OP2  A 244    C  N4  :0.401
clashscore = 8.21
