
                    ----------Backbone bond lenths----------                   

  All bonds within 4.0 sigma of ideal values.

                    ----------Backbone bond angles----------                   

  residue               atom 1  atom 2  atom 3  sigmas
   A 211    U              O4'     C4'     C3'    4.21
   A 277    U              O3'     P       OP1    8.31
   A 277    U              O3'     P       OP2   -6.07
  3/3181 angle outliers present

                        ----------Sugar pucker----------                       

  residue                  delta   outlier   epsilon   outlier
   A 162    C               80.2        no     117.9       yes
   A 222    C               85.4        no      82.5       yes
   A 241    C               76.0        no      72.1       yes
   A 252    G               80.9        no      33.7       yes
   A 262    U               81.4        no      91.2       yes
   A 273    G               81.1        no     153.4       yes
   A 277    U               82.3        no     148.6       yes
  7/144 pucker outliers present

                  ----------Backbone torsion suites----------                  

  Suite ID                 suite  suiteness  triaged angle
     A A 163                  !!      0.000  epsilon-1
     C A 164                  !!      0.000      None
     G A 165                  !!      0.000      None
     A A 169                  !!      0.000    zeta-1
     C A 171                  !!      0.000     gamma
     G A 174                  !!      0.000     gamma
     C A 183                  !!      0.000     alpha
     C A 186                  !!      0.000      None
     A A 187                  !!      0.000      None
     U A 200                  !!      0.000      None
     U A 202                  !!      0.000     gamma
     G A 204                  !!      0.000      None
     U A 205                  !!      0.000      None
     C A 222                  !!      0.000      None
     A A 223                  !!      0.000  epsilon-1
     U A 224                  !!      0.000      None
     C A 228                  !!      0.000     gamma
     U A 240                  !!      0.000      None
     G A 242                  !!      0.000  epsilon-1
     G A 246                  !!      0.000      None
     A A 253                  !!      0.000  epsilon-1
     A A 263                  !!      0.000  epsilon-1
     G A 271                  !!      0.000     gamma
     C A 274                  !!      0.000  epsilon-1
     G A 278                  !!      0.000  epsilon-1
     G A 285                  !!      0.000      None
     U A 286                  !!      0.000      beta
     U A 288                  !!      0.000      None
  15 suites triaged and 0 incomplete leaving 130 suites
  28/145 suite outliers present
  Average suiteness: 0.716
