
                    ----------Backbone bond lenths----------                   

  All bonds within 4.0 sigma of ideal values.

                    ----------Backbone bond angles----------                   

  residue               atom 1  atom 2  atom 3  sigmas
   A 163    A              C3'     C2'     C1'    4.91
   A 163    A              O3'     C3'     C2'    5.05
   A 164    C              O3'     P       OP1   29.21
   A 168    U              O4'     C1'     C2'    4.19
   A 170    A              O3'     P       OP1   -9.96
   A 170    A              O3'     P       OP2   14.13
   A 187    A              O3'     P       OP2    5.10
   A 205    U              O3'     P       OP1   -4.15
   A 205    U              O3'     P       OP2    5.89
   A 212    U              O3'     P       OP1    6.12
   A 212    U              O3'     P       OP2   25.07
   A 235    A              O3'     P       OP2    4.46
   A 277    U              O3'     P       OP1    8.31
   A 277    U              O3'     P       OP2   -6.08
  14/3181 angle outliers present

                        ----------Sugar pucker----------                       

  residue                  delta   outlier   epsilon   outlier
   A 252    G               80.9        no      33.7       yes
   A 262    U               81.4        no      91.2       yes
   A 277    U               82.4        no     148.6       yes
  3/144 pucker outliers present

                  ----------Backbone torsion suites----------                  

  Suite ID                 suite  suiteness  triaged angle
     C A 164                  !!      0.000     gamma
     G A 165                  !!      0.000    zeta-1
     U A 168                  !!      0.000      None
     A A 170                  !!      0.000      None
     C A 171                  !!      0.000     gamma
     U A 175                  !!      0.000     gamma
     C A 183                  !!      0.000     alpha
     G A 188                  !!      0.000      None
     U A 195                  !!      0.000      None
     U A 201                  !!      0.000      None
     G A 204                  !!      0.000      None
     U A 205                  !!      0.000      None
     C A 206                  !!      0.000      None
     A A 220                  !!      0.000     gamma
     A A 223                  !!      0.000      None
     C A 225                  !!      0.000      None
     C A 228                  !!      0.000      None
     C A 244                  !!      0.000      None
     G A 246                  !!      0.000      None
     A A 253                  !!      0.000  epsilon-1
     A A 263                  !!      0.000  epsilon-1
     G A 271                  !!      0.000     gamma
     C A 274                  !!      0.000      None
     C A 275                  !!      0.000     gamma
     G A 278                  !!      0.000  epsilon-1
     U A 286                  !!      0.000      None
     U A 287                  !!      0.000      None
     U A 288                  !!      0.000     gamma
  12 suites triaged and 0 incomplete leaving 133 suites
  28/145 suite outliers present
  Average suiteness: 0.721
