
Using nuclear cloud x-H distances and vdW radii

Using input model H/D atoms...

Bad Clashes >= 0.4 Angstrom:
 A 242    G  O4'  A 242    G  OP2 :1.167
 A 165    G  H8   A 165    G  OP2 :1.104
 A 286    U  O4'  A 286    U  OP2 :1.041
 A 165    G  C8   A 165    G  OP2 :0.955
 A 262    U  O2'  A 263    A  OP1 :0.878
 A 235    A  H8   A 235    A  O5' :0.861
 A 222    C  O2'  A 223    A  P   :0.791
 A 286    U  C4'  A 286    U  OP2 :0.764
 A 241    C  O2'  A 242    G  P   :0.761
 A 241    C  O2'  A 242    G  OP2 :0.743
 A 286    U  O4'  A 286    U  P   :0.740
 A 262    U  O2'  A 263    A  P   :0.720
 A 252    G  O2'  A 253    A  O5' :0.712
 A 167    G  N2   A 170    A  N7  :0.688
 A 162    C  O2'  A 163    A  P   :0.674
 A 224    U  H6   A 224    U  O5' :0.672
 A 163    A  O2'  A 164    C  OP1 :0.642
 A 242    G  O4'  A 242    G  P   :0.636
 A 222    C  O2'  A 223    A  OP1 :0.624
 A 251    U  O2'  A 254    C  OP1 :0.621
 A 277    U  C2'  A 278    G  O5' :0.620
 A 277    U  H2'  A 278    G  O5' :0.617
 A 241    C  H4'  A 242    G  OP2 :0.583
 A 235    A  C5   A 236    G  N7  :0.579
 A 235    A  C8   A 235    A  O5' :0.577
 A 234    U  H2'  A 235    A  N7  :0.538
 A 170    A  H4'  A 170    A  OP2 :0.538
 A 168    U  O2   A 272    A  N6  :0.534
 A 162    C  C2'  A 163    A  OP1 :0.530
 A 174    G  C6   A 271    G  C2  :0.525
 A 279    U  H2'  A 280    C  C6  :0.513
 A 273    G  O2'  A 274    C  O5' :0.509
 A 182    U H5''  A 183    C  P   :0.509
 A 235    A  N6   A 236    G  O6  :0.507
 A 162    C  O2'  A 163    A  OP2 :0.494
 A 183    C  C4   A 252    G  C2  :0.483
 A 239    U  H6   A 239    U  O5' :0.481
 A 253    A  C6   A 263    A  N6  :0.478
 A 183    C  C5   A 252    G  C4  :0.476
 A 242    G  C1'  A 242    G  OP2 :0.475
 A 196    A  N6   A 204    G  N7  :0.475
 A 170    A  N6   A 276    U  O4' :0.474
 A 277    U  O2'  A 278    G  OP1 :0.470
 A 235    A  C6   A 236    G  C5  :0.470
 A 174    G  C5   A 175    U  C4  :0.467
 A 183    C  N4   A 252    G  C6  :0.467
 A 237    G  O6   A 242    G  N2  :0.465
 A 235    A  N6   A 236    G  C6  :0.456
 A 174    G  C6   A 175    U  C4  :0.455
 A 280    C  C4   A 281    C  N4  :0.455
 A 235    A  N1   A 246    G  C2  :0.440
 A 280    C  H6   A 280    C  O5' :0.436
 A 210    G  C6   A 211    U  C2  :0.434
 A 222    C  O2'  A 223    A  OP2 :0.428
 A 172    U  O2   A 274    C  N4  :0.427
 A 193    C  C4   A 194    U  C4  :0.424
 A 238    U  H2'  A 239    U  O4' :0.424
 A 174    G  O6   A 270    A  N6  :0.424
 A 163    A  H3'  A 164    C H5'' :0.420
 A 256    G  N2   A 259    A  OP2 :0.419
 A 187    A  O2'  A 224    U  O2  :0.415
 A 183    C  C5   A 252    G  N3  :0.414
 A 252    G  H4'  A 253    A  O5' :0.407
 A 256    G  C2   A 260    G  C6  :0.406
 A 242    G  C4   A 242    G  OP2 :0.401
clashscore = 14.05
