
Using nuclear cloud x-H distances and vdW radii

Using input model H/D atoms...

Bad Clashes >= 0.4 Angstrom:
 A 165    G  H8   A 165    G  OP2 :0.934
 A 262    U  O2'  A 263    A  OP1 :0.876
 A 165    G  C8   A 165    G  OP2 :0.862
 A 274    C  O4'  A 274    C  OP2 :0.826
 A 205    U  C2   A 205    U  OP1 :0.798
 A 288    U  C6   A 288    U  OP1 :0.765
 A 170    A  H2'  A 170    A  N3  :0.728
 A 233    C  OP2  A 242    G  O2' :0.725
 A 262    U  O2'  A 263    A  P   :0.722
 A 252    G  O2'  A 253    A  O5' :0.713
 A 165    G  H8   A 165    G  P   :0.680
 A 277    U  C2'  A 278    G  O5' :0.620
 A 251    U  O2'  A 254    C  OP1 :0.619
 A 277    U  H2'  A 278    G  O5' :0.618
 A 205    U  N1   A 205    U  OP1 :0.610
 A 275    C  H6   A 275    C  OP1 :0.577
 A 288    U  H6   A 288    U  OP1 :0.547
 A 175    U  H6   A 175    U  OP2 :0.546
 A 170    A  C2'  A 170    A  N3  :0.522
 A 279    U  H2'  A 280    C  C6  :0.509
 A 174    G  C6   A 271    G  C2  :0.490
 A 210    G  C6   A 211    U  C2  :0.488
 A 205    U  C6   A 205    U  OP1 :0.486
 A 174    G  C6   A 175    U  C4  :0.479
 A 253    A  C6   A 263    A  N6  :0.478
 A 277    U  O2'  A 278    G  OP1 :0.469
 A 174    G  O6   A 270    A  N6  :0.469
 A 174    G  C5   A 175    U  C4  :0.457
 A 168    U  O2'  A 171    C  N4  :0.456
 A 274    C  O2   A 275    C  N4  :0.453
 A 280    C  C4   A 281    C  N4  :0.451
 A 280    C  H6   A 280    C  O5' :0.442
 A 175    U  C6   A 175    U  OP2 :0.432
 A 193    C  C4   A 194    U  C4  :0.419
 A 205    U  OP2  A 207    C  N4  :0.418
 A 187    A  H3'  A 188    G  C5' :0.409
 A 252    G  H4'  A 253    A  O5' :0.408
 A 212    U  H2'  A 213    G  C8  :0.405
 A 235    A  H2'  A 236    G  O4' :0.405
 A 168    U  N3   A 271    G  N7  :0.404
 A 235    A  N6   A 246    G  C4  :0.402
clashscore = 8.86
