
Using nuclear cloud x-H distances and vdW radii

Using input model H/D atoms...

Bad Clashes >= 0.4 Angstrom:
 A 274    C  O4'  A 274    C  OP2 :1.009
 A 287    U  C6   A 287    U  OP1 :1.000
 A 262    U  O2'  A 263    A  OP1 :0.877
 A 287    U  H2'  A 287    U  OP1 :0.875
 A 188    G  C8   A 188    G  OP1 :0.843
 A 165    G  C8   A 165    G  OP1 :0.841
 A 256    G  H4'  A 256    G  OP1 :0.837
 A 165    G  H8   A 165    G  OP1 :0.827
 A 287    U  C6   A 287    U  P   :0.786
 A 221    U  O2'  A 222    C  OP2 :0.739
 A 262    U  O2'  A 263    A  P   :0.719
 A 252    G  O2'  A 253    A  O5' :0.711
 A 187    A  O2'  A 188    G  OP1 :0.706
 A 187    A  O2'  A 189    G  OP2 :0.701
 A 287    U  C2'  A 287    U  OP1 :0.656
 A 165    G  H8   A 165    G  P   :0.653
 A 287    U  N1   A 287    U  OP1 :0.628
 A 286    U  O3'  A 286    U  OP2 :0.628
 A 277    U  C2'  A 278    G  O5' :0.621
 A 251    U  O2'  A 254    C  OP1 :0.621
 A 286    U  C4'  A 286    U  OP2 :0.620
 A 286    U  H4'  A 286    U  OP2 :0.619
 A 277    U  H2'  A 278    G  O5' :0.617
 A 163    A  C8   A 163    A  OP2 :0.598
 A 256    G  C4'  A 256    G  OP1 :0.580
 A 188    G  H3'  A 188    G  OP1 :0.576
 A 188    G  H8   A 188    G  P   :0.565
 A 287    U  H6   A 287    U  P   :0.556
 A 174    G  C6   A 271    G  C2  :0.554
 A 163    A  C8   A 163    A  P   :0.545
 A 241    C  H6   A 241    C  O5' :0.542
 A 287    U  H6   A 287    U  OP2 :0.542
 A 223    A  C8   A 223    A  OP1 :0.533
 A 165    G  O4'  A 165    G  OP1 :0.527
 A 174    G  C5   A 175    U  C4  :0.524
 A 163    A  H8   A 163    A  OP2 :0.510
 A 235    A  N6   A 236    G  C2  :0.510
 A 279    U  H2'  A 280    C  C6  :0.510
 A 287    U  C6   A 287    U  OP2 :0.499
 A 253    A  C6   A 263    A  N6  :0.477
 A 277    U  O2'  A 278    G  OP1 :0.470
 A 188    G  C8   A 188    G  P   :0.469
 A 174    G  O6   A 270    A  N6  :0.465
 A 174    G  C6   A 175    U  C4  :0.450
 A 257    A  H8   A 257    A  OP1 :0.450
 A 243    U  C5   A 244    C  C5  :0.447
 A 210    G  C6   A 211    U  C2  :0.443
 A 186    C  H3'  A 187    A  C5' :0.436
 A 280    C  C4   A 281    C  N4  :0.436
 A 280    C  H6   A 280    C  O5' :0.433
 A 259    A  H3'  A 260    G  C8  :0.423
 A 193    C  C4   A 194    U  C4  :0.422
 A 287    U  C1'  A 287    U  OP1 :0.417
 A 221    U  C4'  A 222    C  O5' :0.414
 A 212    U  H2'  A 213    G  C8  :0.413
 A 223    A  H8   A 223    A  P   :0.411
 A 252    G  H4'  A 253    A  O5' :0.406
 A 221    U  H4'  A 222    C  O5' :0.404
 A 280    C  H2'  A 281    C  C6  :0.403
clashscore = 12.75
