
                    ----------Backbone bond lenths----------                   

  All bonds within 4.0 sigma of ideal values.

                    ----------Backbone bond angles----------                   

  residue               atom 1  atom 2  atom 3  sigmas
   A 238    U              C3'     C2'     C1'    4.32
   A 238    U              O4'     C4'     C3'    5.42
  2/3071 angle outliers present

                        ----------Sugar pucker----------                       

  residue                  delta   outlier   epsilon   outlier
   A 156    A               79.6       yes      38.0       yes
   A 169    U               79.8        no     154.4       yes
   A 181    A              139.4        no     312.7       yes
   A 222    C               79.2        no     151.0       yes
   A 234    U               86.8        no     142.7       yes
  5/139 pucker outliers present

                  ----------Backbone torsion suites----------                  

  Suite ID                 suite  suiteness  triaged angle
     G A 157                  !!      0.000  epsilon-1
     G A 170                  !!      0.000  epsilon-1
     U A 171                  !!      0.000    zeta-1
     U A 174                  !!      0.000     gamma
     A A 181                  !!      0.000      None
     G A 182                  !!      0.000  epsilon-1
     C A 194                  !!      0.000     gamma
     C A 215                  !!      0.000      None
     A A 216                  !!      0.000      None
     A A 218                  !!      0.000     gamma
     U A 223                  !!      0.000  epsilon-1
     U A 224                  !!      0.000      None
     A A 225                  !!      0.000     gamma
     C A 235                  !!      0.000  epsilon-1
     G A 248                  !!      0.000     gamma
     G A 252                  !!      0.000     gamma
     U A 263                  !!      0.000      None
     G A 274                  !!      0.000      None
     A A 277                  !!      0.000      None
     C A 280                  !!      0.000     alpha
     A A 284                  !!      0.000     gamma
  14 suites triaged and 0 incomplete leaving 126 suites
  21/140 suite outliers present
  Average suiteness: 0.766
