
                    ----------Backbone bond lenths----------                   

  residue               atom 1  atom 2  sigmas
   A 251    U              O3'     P     -5.49
  1/1955 bond outliers present

                    ----------Backbone bond angles----------                   

  residue               atom 1  atom 2  atom 3  sigmas
   A 238    U              C3'     C2'     C1'    4.28
   A 238    U              O4'     C4'     C3'    5.43
   A 251    U              O3'     P       O5'   -4.66
   A 252    G              C4'     C3'     C2'    4.75
   A 255    A              O3'     C3'     C2'    4.11
  5/3071 angle outliers present

                        ----------Sugar pucker----------                       

  residue                  delta   outlier   epsilon   outlier
   A 166    G               79.5        no      19.4       yes
   A 169    U               79.8        no     125.5       yes
   A 178    C               81.5        no      61.4       yes
   A 234    U               86.8        no     142.7       yes
   A 273    U               82.6        no     148.7       yes
  5/139 pucker outliers present

                  ----------Backbone torsion suites----------                  

  Suite ID                 suite  suiteness  triaged angle
     A A 160                  !!      0.000     gamma
     U A 167                  !!      0.000  epsilon-1
     G A 170                  !!      0.000  epsilon-1
     U A 171                  !!      0.000     gamma
     U A 174                  !!      0.000      None
     C A 178                  !!      0.000     gamma
     U A 179                  !!      0.000  epsilon-1
     C A 195                  !!      0.000      None
     C A 235                  !!      0.000  epsilon-1
     G A 248                  !!      0.000      None
     G A 252                  !!      0.000     gamma
     G A 253                  !!      0.000      None
     A A 254                  !!      0.000      None
     A A 255                  !!      0.000     gamma
     U A 263                  !!      0.000      None
     G A 274                  !!      0.000  epsilon-1
     A A 277                  !!      0.000     gamma
     A A 278                  !!      0.000      None
     A A 285                  !!      0.000      None
  11 suites triaged and 0 incomplete leaving 129 suites
  19/140 suite outliers present
  Average suiteness: 0.713
