
                    ----------Backbone bond lenths----------                   

  residue               atom 1  atom 2  sigmas
   A 252    G              O3'     P     -5.32
   A 277    A              O4'     C1'    4.02
  2/1955 bond outliers present

                    ----------Backbone bond angles----------                   

  residue               atom 1  atom 2  atom 3  sigmas
   A 195    C              O4'     C4'     C3'    4.69
   A 238    U              C3'     C2'     C1'    4.35
   A 238    U              O4'     C4'     C3'    5.45
   A 252    G              O4'     C1'     C2'    4.15
   A 252    G              O3'     P       O5'   -4.94
   A 277    A              O4'     C1'     C2'    5.93
  6/3071 angle outliers present

                        ----------Sugar pucker----------                       

  residue                  delta   outlier   epsilon   outlier
   A 177    U               80.3        no     338.1       yes
   A 195    C               80.3       yes      66.8       yes
   A 234    U               86.9        no     142.7       yes
   A 277    A              109.4       yes     154.4       yes
  4/139 pucker outliers present

                  ----------Backbone torsion suites----------                  

  Suite ID                 suite  suiteness  triaged angle
     G A 157                  !!      0.000     gamma
     U A 167                  !!      0.000      None
     G A 168                  !!      0.000     gamma
     G A 170                  !!      0.000      None
     U A 174                  !!      0.000     gamma
     C A 178                  !!      0.000  epsilon-1
     U A 179                  !!      0.000      None
     G A 196                  !!      0.000  epsilon-1
     C A 215                  !!      0.000     gamma
     U A 224                  !!      0.000      None
     C A 235                  !!      0.000  epsilon-1
     G A 252                  !!      0.000      None
     G A 253                  !!      0.000      None
     A A 254                  !!      0.000     gamma
     A A 255                  !!      0.000      None
     G A 256                  !!      0.000      None
     U A 263                  !!      0.000      None
     G A 274                  !!      0.000      None
     A A 277                  !!      0.000     delta
     A A 278                  !!      0.000  epsilon-1
     A A 284                  !!      0.000     gamma
     A A 285                  !!      0.000     gamma
     G A 288                  !!      0.000     gamma
     U A 289                  !!      0.000      None
  13 suites triaged and 0 incomplete leaving 127 suites
  24/140 suite outliers present
  Average suiteness: 0.723
