
Using nuclear cloud x-H distances and vdW radii

Using input model H/D atoms...

Bad Clashes >= 0.4 Angstrom:
 A 278    A  O4'  A 278    A  OP1 :1.054
 A 234    U  O2'  A 235    C  OP1 :0.965
 A 174    U  H4'  A 174    U  OP2 :0.891
 A 195    C  O2'  A 196    G  OP1 :0.815
 A 177    U  H4'  A 178    C  OP2 :0.812
 A 254    A  H3'  A 254    A  N3  :0.808
 A 195    C  O2'  A 196    G  P   :0.793
 A 277    A  C2'  A 278    A  OP1 :0.763
 A 177    U  C4'  A 178    C  OP2 :0.741
 A 196    G  O4'  A 196    G  OP1 :0.697
 A 174    U  C4'  A 174    U  OP2 :0.687
 A 170    G  H8   A 170    G  O5' :0.686
 A 177    U H5''  A 178    C  O5' :0.668
 A 278    A  O4'  A 278    A  P   :0.661
 A 277    A  H3'  A 277    A  H8  :0.644
 A 180    A  H8   A 180    A  OP1 :0.643
 A 255    A  O2'  A 256    G  C1' :0.627
 A 277    A  C8   A 277    A  H3' :0.607
 A 235    C  H6   A 235    C  P   :0.603
 A 235    C  C6   A 235    C  OP2 :0.603
 A 254    A  C3'  A 254    A  N3  :0.599
 A 254    A  N3   A 254    A H5'' :0.597
 A 235    C  H6   A 235    C  OP2 :0.591
 A 215    C  N4   A 250    G  OP2 :0.585
 A 277    A  O2'  A 278    A  OP1 :0.573
 A 179    U  O2'  A 181    A  N7  :0.571
 A 180    A  C8   A 180    A  OP1 :0.561
 A 273    U  C2'  A 274    G  OP1 :0.561
 A 277    A  H2'  A 278    A  OP1 :0.532
 A 277    A  C3'  A 277    A  C8  :0.531
 A 234    U  C2'  A 235    C  OP1 :0.527
 A 195    C  O2'  A 196    G  O4' :0.524
 A 177    U H5''  A 178    C  P   :0.517
 A 273    U  O2'  A 274    G  OP1 :0.511
 A 170    G  C8   A 170    G  O5' :0.509
 A 196    G  C4'  A 196    G  OP1 :0.508
 A 255    A  H3'  A 256    G  C8  :0.493
 A 208    C  H2'  A 209    A  C8  :0.484
 A 195    C  H4'  A 196    G  OP1 :0.481
 A 253    G  H4'  A 274    G  N3  :0.480
 A 216    A  H2'  A 216    A  N3  :0.471
 A 170    G  N3   A 278    A  C2  :0.468
 A 181    A  C2   A 209    A  N1  :0.465
 A 277    A  C8   A 278    A  N7  :0.464
 A 224    U  O4   A 246    U  N3  :0.452
 A 254    A  C5'  A 254    A  N3  :0.443
 A 206    U  H2'  A 207    C  C6  :0.438
 A 170    G  H2'  A 171    U  C6  :0.431
 A 279    C  H2'  A 280    C  O4' :0.429
 A 223    U  C2'  A 224    U  OP2 :0.429
 A 224    U  H2'  A 225    A  O4' :0.427
 A 285    A  H8   A 285    A  OP1 :0.423
 A 253    G  O2'  A 254    A  OP2 :0.421
 A 277    A  H2'  A 278    A  C8  :0.416
 A 177    U  C5'  A 178    C  OP2 :0.415
 A 163    G  C6   A 164    C  C4  :0.411
 A 255    A  C3'  A 256    G  C8  :0.409
 A 169    U  H2'  A 170    G  O4' :0.401
 A 252    G  H8   A 252    G H5'' :0.400
 A 223    U  H2'  A 224    U  OP2 :0.400
clashscore = 13.47
