
                    ----------Backbone bond lenths----------                   

  All bonds within 4.0 sigma of ideal values.

                    ----------Backbone bond angles----------                   

  residue               atom 1  atom 2  atom 3  sigmas
   A 166    G              O3'     P       O5'   -6.06
   A 166    G              C3'     O3'     P     -7.24
   A 238    U              C3'     C2'     C1'    4.32
   A 238    U              O4'     C4'     C3'    5.45
  4/3071 angle outliers present

                        ----------Sugar pucker----------                       

  residue                  delta   outlier   epsilon   outlier
   A 166    G               79.5        no     334.0       yes
   A 178    C              147.9        no       3.1       yes
   A 234    U               86.9        no     142.7       yes
  3/139 pucker outliers present

                  ----------Backbone torsion suites----------                  

  Suite ID                 suite  suiteness  triaged angle
     G A 157                  !!      0.000     alpha
     C A 158                  !!      0.000      beta
     U A 167                  !!      0.000  epsilon-1
     G A 168                  !!      0.000     gamma
     G A 170                  !!      0.000    zeta-1
     U A 171                  !!      0.000     gamma
     U A 174                  !!      0.000    zeta-1
     U A 177                  !!      0.000      None
     U A 179                  !!      0.000  epsilon-1
     G A 196                  !!      0.000      beta
     U A 210                  !!      0.000     gamma
     U A 211                  !!      0.000      None
     C A 215                  !!      0.000      None
     A A 216                  !!      0.000     gamma
     A A 217                  !!      0.000      None
     A A 218                  !!      0.000      beta
     U A 224                  !!      0.000     gamma
     C A 235                  !!      0.000  epsilon-1
     U A 247                  !!      0.000     gamma
     U A 263                  !!      0.000      None
     G A 274                  !!      0.000     gamma
     A A 277                  !!      0.000     gamma
     A A 278                  !!      0.000     gamma
     A A 285                  !!      0.000    zeta-1
  19 suites triaged and 0 incomplete leaving 121 suites
  24/140 suite outliers present
  Average suiteness: 0.752
