
Using nuclear cloud x-H distances and vdW radii

Using input model H/D atoms...

Bad Clashes >= 0.4 Angstrom:
 A 182    G  H8   A 182    G  P   :1.084
 A 163    G  O4'  A 163    G  OP1 :1.007
 A 234    U  O2'  A 235    C  OP1 :0.989
 A 182    G  H8   A 182    G  OP2 :0.901
 A 182    G  C8   A 182    G  P   :0.893
 A 182    G  C8   A 182    G  OP1 :0.829
 A 182    G  C8   A 182    G  OP2 :0.801
 A 223    U  H3'  A 223    U  O2  :0.781
 A 163    G  O4'  A 163    G  P   :0.718
 A 273    U  O2'  A 274    G  OP1 :0.706
 A 273    U  C2'  A 274    G  OP1 :0.684
 A 223    U  O2'  A 224    U  OP1 :0.661
 A 224    U  O4'  A 224    U  OP1 :0.651
 A 277    A  H8   A 277    A  OP2 :0.648
 A 277    A  O2'  A 278    A  N7  :0.606
 A 235    C  H6   A 235    C  OP2 :0.599
 A 223    U  C3'  A 223    U  O2  :0.598
 A 235    C  H6   A 235    C  P   :0.598
 A 235    C  C6   A 235    C  OP2 :0.597
 A 181    A  O2'  A 182    G  OP1 :0.575
 A 170    G  C5   A 278    A  C2  :0.572
 A 253    G  O6   A 275    G  O2' :0.563
 A 234    U  C2'  A 235    C  OP1 :0.538
 A 254    A  OP2  A 274    G  O2' :0.526
 A 223    U  C2'  A 223    U  O2  :0.513
 A 169    U  O2'  A 170    G  O5' :0.499
 A 277    A  O2'  A 278    A  C8  :0.499
 A 284    A  H2'  A 285    A  C8  :0.497
 A 182    G  O4'  A 182    G  OP2 :0.484
 A 277    A  C8   A 277    A  OP2 :0.483
 A 224    U  H2'  A 225    A  C8  :0.461
 A 224    U  H2'  A 225    A  O4' :0.457
 A 193    U  O2   A 195    C  N4  :0.452
 A 206    U  H2'  A 207    C  C6  :0.432
 A 223    U  O2'  A 224    U  O4' :0.427
 A 255    A H5''  A 256    G  OP2 :0.425
 A 176    G  N2   A 177    U  C2  :0.421
 A 181    A  O2'  A 182    G  P   :0.409
 A 224    U  O4'  A 224    U  P   :0.406
 A 163    G  C6   A 164    C  C4  :0.405
 A 167    U  H6   A 167    U  O5' :0.405
clashscore = 9.21
