
                    ----------Backbone bond lenths----------                   

  All bonds within 4.0 sigma of ideal values.

                    ----------Backbone bond angles----------                   

  residue               atom 1  atom 2  atom 3  sigmas
   A 211    U              O3'     C3'     C2'    4.71
   A 238    U              C3'     C2'     C1'    4.29
   A 238    U              O4'     C4'     C3'    5.41
  3/3071 angle outliers present

                        ----------Sugar pucker----------                       

  residue                  delta   outlier   epsilon   outlier
   A 169    U               79.9        no     150.7       yes
   A 234    U               86.9        no     142.7       yes
  2/139 pucker outliers present

                  ----------Backbone torsion suites----------                  

  Suite ID                 suite  suiteness  triaged angle
     C A 158                  !!      0.000     gamma
     A A 159                  !!      0.000      None
     G A 163                  !!      0.000      None
     U A 167                  !!      0.000      beta
     G A 168                  !!      0.000      None
     G A 170                  !!      0.000  epsilon-1
     U A 171                  !!      0.000      None
     U A 174                  !!      0.000      None
     U A 177                  !!      0.000     gamma
     C A 178                  !!      0.000      None
     U A 179                  !!      0.000      None
     A A 180                  !!      0.000      None
     G A 196                  !!      0.000      None
     C A 208                  !!      0.000     gamma
     U A 211                  !!      0.000     gamma
     C A 212                  !!      0.000     gamma
     C A 215                  !!      0.000     gamma
     U A 224                  !!      0.000     alpha
     C A 235                  !!      0.000  epsilon-1
     G A 252                  !!      0.000      None
     A A 254                  !!      0.000      None
     A A 255                  !!      0.000      None
     G A 256                  !!      0.000     gamma
     U A 263                  !!      0.000      None
     G A 274                  !!      0.000      None
     C A 280                  !!      0.000     gamma
     A A 284                  !!      0.000      None
     A A 285                  !!      0.000    zeta-1
     G A 288                  !!      0.000     gamma
  14 suites triaged and 0 incomplete leaving 126 suites
  29/140 suite outliers present
  Average suiteness: 0.697
