
Using nuclear cloud x-H distances and vdW radii

Using input model H/D atoms...

Bad Clashes >= 0.4 Angstrom:
 A 167    U  C6   A 167    U  OP1 :1.127
 A 277    A  C8   A 277    A  OP2 :1.037
 A 234    U  O2'  A 235    C  OP1 :0.964
 A 167    U  C2'  A 167    U  OP1 :0.957
 A 167    U  H2'  A 167    U  OP1 :0.921
 A 167    U  C1'  A 167    U  OP1 :0.891
 A 167    U  H6   A 167    U  OP1 :0.872
 A 178    C  O2'  A 179    U  OP2 :0.804
 A 254    A  OP2  A 274    G  O2' :0.786
 A 169    U  O2'  A 170    G  O5' :0.778
 A 273    U  O2'  A 274    G  OP1 :0.745
 A 277    A  H8   A 277    A  OP2 :0.732
 A 157    G  H8   A 157    G  OP2 :0.674
 A 273    U  C2'  A 274    G  OP1 :0.673
 A 167    U  O4'  A 167    U  OP1 :0.654
 A 167    U  N1   A 167    U  OP1 :0.643
 A 178    C  H4'  A 179    U  OP2 :0.622
 A 166    G  C4'  A 167    U  OP2 :0.619
 A 166    G H5''  A 167    U  OP2 :0.613
 A 235    C  H6   A 235    C  OP2 :0.605
 A 235    C  H6   A 235    C  P   :0.602
 A 235    C  C6   A 235    C  OP2 :0.602
 A 169    U  O2'  A 170    G  P   :0.589
 A 277    A  N7   A 277    A  OP2 :0.588
 A 167    U  H2'  A 167    U  P   :0.584
 A 255    A  H3'  A 256    G  C8  :0.573
 A 169    U  C2'  A 170    G  OP2 :0.569
 A 159    A  N6   A 288    G  N3  :0.558
 A 166    G  C5'  A 167    U  OP2 :0.555
 A 166    G  H4'  A 167    U  OP2 :0.547
 A 234    U  C2'  A 235    C  OP1 :0.529
 A 158    C  N4   A 288    G  N3  :0.527
 A 215    C  N3   A 216    A  N6  :0.513
 A 178    C  O2'  A 179    U  P   :0.487
 A 276    A  N1   A 277    A  C2  :0.487
 A 277    A  C2   A 278    A  C6  :0.486
 A 211    U  H6   A 211    U  O5' :0.473
 A 277    A  H8   A 277    A  P   :0.459
 A 178    C  C4'  A 179    U  OP2 :0.453
 A 167    U  C4'  A 167    U  OP1 :0.451
 A 206    U  H2'  A 207    C  C6  :0.438
 A 277    A  H2'  A 278    A  C8  :0.436
 A 169    U  O2'  A 170    G  C5' :0.435
 A 279    C  C5   A 280    C  N4  :0.434
 A 255    A  H3'  A 256    G  O4' :0.425
 A 169    U  H2'  A 170    G  OP2 :0.424
 A 254    A  C5   A 275    G  OP1 :0.423
 A 277    A  C2   A 278    A  C5  :0.414
 A 163    G  C6   A 164    C  C4  :0.410
 A 279    C  C4   A 280    C  C4  :0.406
clashscore = 11.23
