
Using nuclear cloud x-H distances and vdW radii

Using input model H/D atoms...

Bad Clashes >= 0.4 Angstrom:
 A 274    G  O4'  A 274    G  OP2 :1.130
 A 167    U  H3'  A 167    U  OP2 :1.072
 A 234    U  O2'  A 235    C  OP1 :0.978
 A 167    U  C3'  A 167    U  OP2 :0.913
 A 256    G  H8   A 256    G  OP2 :0.845
 A 167    U  H3'  A 167    U  P   :0.756
 A 274    G  O4'  A 274    G  P   :0.753
 A 253    G  H2'  A 253    G  N3  :0.745
 A 277    A  H8   A 277    A  O5' :0.724
 A 256    G  C8   A 256    G  OP2 :0.722
 A 166    G  C2'  A 167    U  OP1 :0.711
 A 252    G  O2'  A 253    G  OP2 :0.689
 A 224    U  O2'  A 225    A  P   :0.685
 A 166    G  O2'  A 167    U  OP1 :0.685
 A 283    U  O2'  A 284    A  N7  :0.674
 A 169    U  O2'  A 170    G  P   :0.656
 A 167    U  C2'  A 167    U  OP2 :0.654
 A 217    A  H8   A 217    A  O5' :0.639
 A 158    C  N4   A 288    G  N3  :0.617
 A 255    A  H3'  A 256    G  C8  :0.613
 A 235    C  H6   A 235    C  P   :0.607
 A 235    C  H6   A 235    C  OP2 :0.599
 A 235    C  C6   A 235    C  OP2 :0.597
 A 253    G  C2'  A 253    G  N3  :0.577
 A 169    U  O2'  A 170    G  O5' :0.558
 A 234    U  C2'  A 235    C  OP1 :0.532
 A 169    U  H2'  A 170    G  C8  :0.531
 A 170    G  N1   A 278    A  C2  :0.530
 A 169    U  H4'  A 170    G  OP1 :0.527
 A 167    U  C3'  A 167    U  P   :0.512
 A 224    U  O2'  A 225    A  OP1 :0.504
 A 173    C  N4   A 252    G  N3  :0.499
 A 276    A  H2'  A 277    A  C8  :0.488
 A 283    U  O2'  A 284    A  C8  :0.485
 A 274    G  C4'  A 274    G  OP2 :0.481
 A 277    A  C8   A 277    A  O5' :0.476
 A 224    U  O2'  A 225    A  O5' :0.475
 A 253    G  C2   A 275    G  H1' :0.474
 A 277    A  H8   A 277    A  P   :0.471
 A 193    U  O2'  A 196    G  O6  :0.470
 A 167    U  H2'  A 167    U  OP2 :0.470
 A 170    G  C5   A 171    U  C5  :0.451
 A 159    A  N6   A 288    G  N3  :0.439
 A 206    U  H2'  A 207    C  C6  :0.438
 A 279    C  H2'  A 280    C  C6  :0.405
 A 176    G  H22  A 178    C  C1' :0.404
 A 252    G  O2'  A 253    G  P   :0.403
 A 255    A  C3'  A 256    G  O4' :0.403
clashscore = 10.78
