
                    ----------Backbone bond lenths----------                   

  All bonds within 4.0 sigma of ideal values.

                    ----------Backbone bond angles----------                   

  residue               atom 1  atom 2  atom 3  sigmas
   A 157    G              C4'     C3'     C2'    4.16
   A 215    C              C4'     C3'     C2'    4.01
   A 215    C              C5'     C4'     O4'   -4.58
   A 222    C              C4'     C3'     C2'    4.43
   A 238    U              C3'     C2'     C1'    4.35
   A 238    U              O4'     C4'     C3'    5.41
   A 252    G              C5'     C4'     O4'   -4.88
  7/3071 angle outliers present

                        ----------Sugar pucker----------                       

  residue                  delta   outlier   epsilon   outlier
   A 166    G               79.5        no     149.5       yes
   A 169    U               79.8       yes      68.6       yes
   A 224    U               83.2        no      77.3       yes
   A 234    U               86.9        no     142.7       yes
  4/139 pucker outliers present

                  ----------Backbone torsion suites----------                  

  Suite ID                 suite  suiteness  triaged angle
     C A 158                  !!      0.000     gamma
     U A 167                  !!      0.000  epsilon-1
     G A 168                  !!      0.000     gamma
     G A 170                  !!      0.000  epsilon-1
     U A 174                  !!      0.000      None
     C A 178                  !!      0.000     gamma
     C A 194                  !!      0.000      None
     C A 212                  !!      0.000     gamma
     C A 215                  !!      0.000      None
     A A 225                  !!      0.000  epsilon-1
     C A 235                  !!      0.000  epsilon-1
     G A 252                  !!      0.000      None
     G A 253                  !!      0.000     gamma
     A A 254                  !!      0.000      None
     A A 255                  !!      0.000     gamma
     G A 256                  !!      0.000     alpha
     U A 263                  !!      0.000      None
     G A 274                  !!      0.000     gamma
     A A 285                  !!      0.000      None
     G A 288                  !!      0.000    zeta-1
  13 suites triaged and 0 incomplete leaving 127 suites
  20/140 suite outliers present
  Average suiteness: 0.722
