
Using nuclear cloud x-H distances and vdW radii

Using input model H/D atoms...

Bad Clashes >= 0.4 Angstrom:
 A 234    U  O2'  A 235    C  OP1 :0.970
 A 156    A  O2'  A 157    G  O5' :0.739
 A 225    A  H8   A 225    A  OP2 :0.715
 A 277    A  H8   A 277    A  OP2 :0.709
 A 182    G  H8   A 182    G  OP2 :0.700
 A 181    A  N6   A 210    U  O2' :0.697
 A 180    A  H3'  A 180    A  N3  :0.628
 A 235    C  H6   A 235    C  P   :0.611
 A 235    C  H6   A 235    C  OP2 :0.607
 A 235    C  C6   A 235    C  OP2 :0.595
 A 180    A  O2'  A 182    G  OP1 :0.589
 A 169    U  O2'  A 170    G  O5' :0.588
 A 222    C  O2'  A 223    U  OP1 :0.542
 A 234    U  C2'  A 235    C  OP1 :0.539
 A 169    U  O2'  A 170    G  O4' :0.529
 A 225    A  C8   A 225    A  OP2 :0.528
 A 170    G  C8   A 171    U  C5  :0.511
 A 180    A  C2'  A 180    A  N3  :0.497
 A 282    G  OP2  A 284    A  N6  :0.490
 A 215    C  H6   A 215    C  O5' :0.477
 A 180    A  H2'  A 180    A  N3  :0.458
 A 193    U  O2   A 195    C  N4  :0.454
 A 156    A  H4'  A 157    G  OP1 :0.447
 A 180    A  C3'  A 180    A  N3  :0.437
 A 206    U  H2'  A 207    C  C6  :0.437
 A 277    A  C8   A 277    A  OP2 :0.437
 A 277    A  C6   A 278    A  C2  :0.435
 A 277    A  N1   A 278    A  C2  :0.424
 A 279    C  C5   A 280    C  N4  :0.420
 A 284    A  O5'  A 285    A  H5' :0.420
 A 163    G  C6   A 164    C  C4  :0.408
clashscore = 6.96
