
                    ----------Backbone bond lenths----------                   

  All bonds within 4.0 sigma of ideal values.

                    ----------Backbone bond angles----------                   

  residue               atom 1  atom 2  atom 3  sigmas
   A 222    A              O3'     P       OP1   18.90
   A 222    A              O3'     P       OP2  -11.50
   A 233    U              O3'     P       OP1   -7.45
   A 233    U              O3'     P       OP2   10.06
   A 240    C              O3'     P       OP2    4.30
   A 249    U              O3'     P       OP2    4.77
   A 271    U              O3'     C3'     C2'    4.55
   A 312    G              O3'     P       OP1   -8.70
   A 312    G              O3'     P       OP2   29.12
  9/2961 angle outliers present

                        ----------Sugar pucker----------                       

  residue                  delta   outlier   epsilon   outlier
   A 211    A               79.8        no     151.6       yes
   A 281    G               80.9        no     113.9       yes
   A 292    G               91.3        no      52.1       yes
  3/134 pucker outliers present

                  ----------Backbone torsion suites----------                  

  Suite ID                 suite  suiteness  triaged angle
     U A 193                  !!      0.000     gamma
     C A 199                  !!      0.000     gamma
     C A 210                  !!      0.000      None
     C A 212                  !!      0.000  epsilon-1
     G A 214                  !!      0.000     alpha
     A A 220                  !!      0.000      None
     U A 223                  !!      0.000     gamma
     U A 230                  !!      0.000     gamma
     G A 232                  !!      0.000     gamma
     C A 234                  !!      0.000      None
     G A 237                  !!      0.000     gamma
     U A 249                  !!      0.000     gamma
     C A 250                  !!      0.000     gamma
     U A 262                  !!      0.000      None
     G A 263                  !!      0.000     gamma
     G A 272                  !!      0.000     gamma
     G A 282                  !!      0.000  epsilon-1
     U A 293                  !!      0.000  epsilon-1
     G A 296                  !!      0.000      None
     G A 310                  !!      0.000     gamma
     C A 313                  !!      0.000      None
     G A 317                  !!      0.000     gamma
  16 suites triaged and 0 incomplete leaving 119 suites
  22/135 suite outliers present
  Average suiteness: 0.754
