
Using nuclear cloud x-H distances and vdW radii

Using input model H/D atoms...

Bad Clashes >= 0.4 Angstrom:
 A 263    G  C8   A 263    G  OP1 :1.035
 A 213    G  O2'  A 214    G  OP1 :0.906
 A 263    G  H3'  A 263    G  OP1 :0.813
 A 263    G  C8   A 263    G  P   :0.740
 A 220    A  O2'  A 223    U  O4  :0.734
 A 263    G  H8   A 263    G  P   :0.713
 A 281    G  O2'  A 282    G  O5' :0.680
 A 220    A  O2'  A 224    A  N6  :0.679
 A 317    G  C8   A 317    G  OP2 :0.654
 A 281    G  O2'  A 282    G  P   :0.639
 A 281    G  C2'  A 282    G  OP2 :0.594
 A 263    G  H8   A 263    G  OP2 :0.590
 A 220    A  N6   A 238    U  OP2 :0.544
 A 213    G  H4'  A 214    G  OP1 :0.538
 A 213    G  O2'  A 214    G  P   :0.511
 A 203    A  H8   A 203    A  O5' :0.509
 A 198    U  H3'  A 199    C  C5' :0.493
 A 202    A  N1   A 309    A  N6  :0.478
 A 223    U  C6   A 223    U  OP1 :0.466
 A 263    G  H3'  A 263    G  P   :0.448
 A 252    G  H2'  A 253    U  C6  :0.445
 A 220    A  H2'  A 238    U  O4  :0.443
 A 233    U  O2'  A 234    C  OP2 :0.438
 A 196    U  H2'  A 197    G  C8  :0.433
 A 317    G  H8   A 317    G  OP2 :0.433
 A 220    A  C2'  A 224    A  N6  :0.405
 A 201    C  H2'  A 202    A  C8  :0.400
clashscore = 6.25
