
                    ----------Backbone bond lenths----------                   

  All bonds within 4.0 sigma of ideal values.

                    ----------Backbone bond angles----------                   

  residue               atom 1  atom 2  atom 3  sigmas
   A 314    A              O3'     P       OP1    8.44
   A 314    A              O3'     P       OP2   22.63
  2/2961 angle outliers present

                        ----------Sugar pucker----------                       

  residue                  delta   outlier   epsilon   outlier
   A 197    G               80.6        no     332.5       yes
   A 213    G               79.6       yes      55.8       yes
   A 281    G               80.9        no     120.9       yes
  3/134 pucker outliers present

                  ----------Backbone torsion suites----------                  

  Suite ID                 suite  suiteness  triaged angle
     U A 193                  !!      0.000      None
     U A 198                  !!      0.000  epsilon-1
     C A 199                  !!      0.000      None
     C A 210                  !!      0.000      None
     G A 214                  !!      0.000  epsilon-1
     A A 219                  !!      0.000     alpha
     A A 220                  !!      0.000      None
     U A 230                  !!      0.000     gamma
     G A 232                  !!      0.000      None
     G A 237                  !!      0.000      None
     U A 248                  !!      0.000    zeta-1
     U A 249                  !!      0.000      None
     C A 250                  !!      0.000     gamma
     G A 263                  !!      0.000     gamma
     G A 282                  !!      0.000  epsilon-1
     G A 292                  !!      0.000      None
     U A 293                  !!      0.000      None
     C A 295                  !!      0.000      None
     A A 309                  !!      0.000     alpha
     G A 317                  !!      0.000      None
  9 suites triaged and 0 incomplete leaving 126 suites
  20/135 suite outliers present
  Average suiteness: 0.720
