
Using nuclear cloud x-H distances and vdW radii

Using input model H/D atoms...

Bad Clashes >= 0.4 Angstrom:
 A 213    G  O2'  A 214    G  OP1 :0.906
 A 263    G  C8   A 263    G  OP1 :0.874
 A 249    U  O2'  A 250    C  O5' :0.819
 A 263    G  H3'  A 263    G  OP1 :0.803
 A 281    G  O2'  A 282    G  O5' :0.679
 A 199    C  H3'  A 199    C  OP2 :0.663
 A 317    G  C8   A 317    G  OP2 :0.654
 A 263    G  H8   A 263    G  P   :0.643
 A 281    G  O2'  A 282    G  P   :0.639
 A 249    U  O2'  A 250    C  P   :0.631
 A 198    U  N3   A 307    A  OP1 :0.596
 A 281    G  C2'  A 282    G  OP2 :0.594
 A 263    G  C8   A 263    G  P   :0.593
 A 197    G  C5'  A 198    U  OP2 :0.571
 A 249    U  H4'  A 250    C  O5' :0.557
 A 213    G  H4'  A 214    G  OP1 :0.538
 A 213    G  O2'  A 214    G  P   :0.512
 A 309    A  H8   A 309    A  O5' :0.493
 A 196    U  C2'  A 197    G  O5' :0.493
 A 197    G H5''  A 198    U  O5' :0.475
 A 197    G  C4'  A 198    U  OP2 :0.472
 A 196    U  O2'  A 197    G  O5' :0.465
 A 252    G  H2'  A 253    U  C6  :0.462
 A 312    G  C6   A 313    C  N4  :0.457
 A 268    U  C6   A 268    U  OP1 :0.451
 A 220    A  H1'  A 223    U  O4  :0.445
 A 317    G  H8   A 317    G  OP2 :0.433
 A 240    C  H2'  A 241    G  O5' :0.430
 A 289    A  O2'  A 290    A  O4' :0.429
 A 290    A  C2   A 296    G  H1' :0.423
 A 240    C  C2'  A 241    G  O5' :0.409
 A 197    G  C5'  A 198    U  P   :0.405
clashscore = 7.40
