
                    ----------Backbone bond lenths----------                   

  residue               atom 1  atom 2  sigmas
   A 268    U              O4'     C1'   -4.49
  1/1885 bond outliers present

                    ----------Backbone bond angles----------                   

  residue               atom 1  atom 2  atom 3  sigmas
   A 312    G              O3'     P       O5'   -4.23
   A 314    A              O3'     P       OP1    8.43
   A 314    A              O3'     P       OP2   22.63
  3/2961 angle outliers present

                        ----------Sugar pucker----------                       

  residue                  delta   outlier   epsilon   outlier
   A 197    G               80.6        no      32.6       yes
   A 213    G               79.6       yes      55.8       yes
   A 220    A               80.7        no      25.5       yes
   A 268    U               94.0       yes      50.9       yes
   A 270    G              154.5        no     344.8       yes
   A 281    G               80.8        no     120.9       yes
   A 293    U               78.9        no      35.1       yes
  7/134 pucker outliers present

                  ----------Backbone torsion suites----------                  

  Suite ID                 suite  suiteness  triaged angle
     U A 198                  !!      0.000  epsilon-1
     C A 199                  !!      0.000     gamma
     A A 203                  !!      0.000      None
     C A 210                  !!      0.000      None
     G A 214                  !!      0.000  epsilon-1
     U A 221                  !!      0.000  epsilon-1
     U A 229                  !!      0.000    zeta-1
     G A 237                  !!      0.000      None
     U A 248                  !!      0.000     gamma
     C A 250                  !!      0.000      None
     G A 252                  !!      0.000     gamma
     U A 262                  !!      0.000     gamma
     G A 263                  !!      0.000     gamma
     C A 269                  !!      0.000  epsilon-1
     U A 271                  !!      0.000  epsilon-1
     G A 282                  !!      0.000  epsilon-1
     A A 289                  !!      0.000    zeta-1
     G A 294                  !!      0.000  epsilon-1
     G A 296                  !!      0.000     gamma
     G A 317                  !!      0.000      None
  15 suites triaged and 0 incomplete leaving 120 suites
  20/135 suite outliers present
  Average suiteness: 0.761
