
                    ----------Backbone bond lenths----------                   

  All bonds within 4.0 sigma of ideal values.

                    ----------Backbone bond angles----------                   

  residue               atom 1  atom 2  atom 3  sigmas
   A 192    A              O3'     P       OP1   11.98
   A 192    A              O3'     P       OP2   -8.71
   A 203    A              O3'     P       OP2    5.37
   A 262    U              O3'     P       OP1  -10.64
   A 262    U              O3'     P       OP2   15.60
  5/2961 angle outliers present

                        ----------Sugar pucker----------                       

  residue                  delta   outlier   epsilon   outlier
   A 222    A               80.2        no      58.6       yes
   A 249    U               78.6        no      68.6       yes
   A 262    U               83.8        no     344.3       yes
   A 271    U               81.7        no     152.7       yes
   A 274    C               81.6        no     127.3       yes
   A 281    G               80.8        no     114.5       yes
  6/134 pucker outliers present

                  ----------Backbone torsion suites----------                  

  Suite ID                 suite  suiteness  triaged angle
     C A 199                  !!      0.000     gamma
     G A 204                  !!      0.000     gamma
     C A 210                  !!      0.000      None
     C A 212                  !!      0.000      None
     G A 214                  !!      0.000     alpha
     U A 221                  !!      0.000      None
     A A 222                  !!      0.000      None
     U A 223                  !!      0.000  epsilon-1
     C A 226                  !!      0.000     gamma
     C A 234                  !!      0.000    zeta-1
     C A 250                  !!      0.000  epsilon-1
     U A 262                  !!      0.000     alpha
     G A 263                  !!      0.000  epsilon-1
     G A 272                  !!      0.000  epsilon-1
     U A 275                  !!      0.000  epsilon-1
     G A 282                  !!      0.000  epsilon-1
     G A 296                  !!      0.000     gamma
     G A 315                  !!      0.000      None
     G A 317                  !!      0.000      None
  13 suites triaged and 0 incomplete leaving 122 suites
  19/135 suite outliers present
  Average suiteness: 0.759
