
                    ----------Backbone bond lenths----------                   

  All bonds within 4.0 sigma of ideal values.

                    ----------Backbone bond angles----------                   

  residue               atom 1  atom 2  atom 3  sigmas
   A 314    A              O3'     P       OP1    8.44
   A 314    A              O3'     P       OP2   22.62
  2/2961 angle outliers present

                        ----------Sugar pucker----------                       

  residue                  delta   outlier   epsilon   outlier
   A 213    G               79.6       yes      55.8       yes
   A 281    G               80.8        no     120.9       yes
   A 293    U               85.9       yes      32.2       yes
  3/134 pucker outliers present

                  ----------Backbone torsion suites----------                  

  Suite ID                 suite  suiteness  triaged angle
     U A 198                  !!      0.000     gamma
     C A 199                  !!      0.000     gamma
     A A 203                  !!      0.000      None
     C A 210                  !!      0.000      None
     G A 214                  !!      0.000  epsilon-1
     U A 221                  !!      0.000      None
     G A 237                  !!      0.000      None
     U A 248                  !!      0.000      None
     C A 250                  !!      0.000      None
     U A 262                  !!      0.000     gamma
     G A 263                  !!      0.000     gamma
     C A 269                  !!      0.000      None
     G A 282                  !!      0.000  epsilon-1
     G A 292                  !!      0.000     gamma
     G A 294                  !!      0.000  epsilon-1
     G A 296                  !!      0.000      None
     G A 317                  !!      0.000      None
  8 suites triaged and 0 incomplete leaving 127 suites
  17/135 suite outliers present
  Average suiteness: 0.718
