
Using nuclear cloud x-H distances and vdW radii

Using input model H/D atoms...

Bad Clashes >= 0.4 Angstrom:
 A 293    U  H3'  A 293    U  OP1 :0.886
 A 317    G  C8   A 317    G  OP2 :0.866
 A 292    G  H8   A 292    G  O5' :0.727
 A 281    G  O2'  A 282    G  P   :0.710
 A 211    A  O2'  A 212    C  O5' :0.710
 A 281    G  O2'  A 282    G  O5' :0.704
 A 317    G  H8   A 317    G  OP2 :0.675
 A 262    U  O2'  A 264    U  OP2 :0.622
 A 229    U  H6   A 229    U  O5' :0.610
 A 211    A  C2'  A 212    C  O5' :0.602
 A 281    G  C2'  A 282    G  OP2 :0.590
 A 292    G  C8   A 292    G  O5' :0.589
 A 292    G  O2'  A 293    U  OP1 :0.578
 A 223    U  O3'  A 223    U  OP2 :0.572
 A 221    U  O2   A 233    U  O2' :0.539
 A 195    G  O6   A 314    A  N6  :0.524
 A 289    A  H8   A 289    A  OP2 :0.496
 A 252    G  H2'  A 253    U  C6  :0.464
 A 236    G  C6   A 237    G  C6  :0.461
 A 293    U  H3'  A 293    U  P   :0.439
 A 281    G  O2'  A 282    G  OP2 :0.417
 A 212    C  C6   A 212    C  OP2 :0.416
 A 251    G  OP1  A 293    U  O2' :0.414
 A 289    A  C2   A 296    G  C6  :0.402
clashscore = 5.55
