
                    ----------Backbone bond lenths----------                   

  All bonds within 4.0 sigma of ideal values.

                    ----------Backbone bond angles----------                   

  residue               atom 1  atom 2  atom 3  sigmas
   A 267    U              O4'     C4'     C3'    4.94
   A 313    C              O3'     P       O5'   -5.06
   A 314    A              O3'     P       OP1    8.43
   A 314    A              O3'     P       OP2   22.63
  4/2961 angle outliers present

                        ----------Sugar pucker----------                       

  residue                  delta   outlier   epsilon   outlier
   A 197    G               80.6        no     318.1       yes
   A 213    G               79.6       yes      55.7       yes
   A 240    C               79.0        no     146.0       yes
   A 249    U               76.6       yes      69.5       yes
   A 267    U              164.1       yes     222.1        no
   A 281    G               80.8        no     120.9       yes
  6/134 pucker outliers present

                  ----------Backbone torsion suites----------                  

  Suite ID                 suite  suiteness  triaged angle
     U A 193                  !!      0.000      None
     G A 197                  !!      0.000     gamma
     U A 198                  !!      0.000  epsilon-1
     C A 199                  !!      0.000      None
     A A 203                  !!      0.000     gamma
     C A 210                  !!      0.000      None
     G A 214                  !!      0.000  epsilon-1
     U A 221                  !!      0.000      None
     A A 222                  !!      0.000      None
     G A 237                  !!      0.000      None
     C A 240                  !!      0.000     gamma
     G A 241                  !!      0.000  epsilon-1
     U A 248                  !!      0.000      None
     C A 250                  !!      0.000  epsilon-1
     U A 262                  !!      0.000      None
     G A 263                  !!      0.000      None
     U A 268                  !!      0.000      None
     G A 282                  !!      0.000  epsilon-1
     G A 296                  !!      0.000     gamma
     G A 317                  !!      0.000      None
  9 suites triaged and 0 incomplete leaving 126 suites
  20/135 suite outliers present
  Average suiteness: 0.714
