
                    ----------Backbone bond lenths----------                   

  All bonds within 4.0 sigma of ideal values.

                    ----------Backbone bond angles----------                   

  residue               atom 1  atom 2  atom 3  sigmas
   A 198    U              O3'     P       OP1   18.84
   A 198    U              O3'     P       OP2  -11.51
   A 203    A              O3'     P       OP1   18.84
   A 203    A              O3'     P       OP2  -11.51
   A 262    U              O3'     P       OP2    5.06
   A 291    G              O3'     C3'     C2'    4.11
   A 309    A              O3'     P       OP2    4.58
   A 314    A              O3'     P       OP1   -4.04
   A 314    A              O3'     P       OP2    5.78
  9/2961 angle outliers present

                        ----------Sugar pucker----------                       

  residue                  delta   outlier   epsilon   outlier
   A 198    U              142.4        no     313.7       yes
   A 262    U               82.1        no     141.0       yes
   A 281    G               80.9        no     113.4       yes
  3/134 pucker outliers present

                  ----------Backbone torsion suites----------                  

  Suite ID                 suite  suiteness  triaged angle
     U A 193                  !!      0.000      None
     C A 199                  !!      0.000  epsilon-1
     A A 203                  !!      0.000      None
     G A 204                  !!      0.000     alpha
     C A 210                  !!      0.000      None
     G A 214                  !!      0.000     alpha
     A A 219                  !!      0.000     gamma
     U A 221                  !!      0.000      None
     A A 222                  !!      0.000      None
     U A 223                  !!      0.000     gamma
     C A 234                  !!      0.000      None
     G A 237                  !!      0.000      None
     A A 247                  !!      0.000      None
     U A 249                  !!      0.000     gamma
     C A 250                  !!      0.000      None
     U A 262                  !!      0.000     gamma
     G A 263                  !!      0.000  epsilon-1
     U A 267                  !!      0.000      None
     G A 282                  !!      0.000  epsilon-1
     A A 290                  !!      0.000      None
     G A 292                  !!      0.000      None
     U A 293                  !!      0.000      None
     G A 296                  !!      0.000      None
     G A 310                  !!      0.000     gamma
     C A 313                  !!      0.000     gamma
     G A 317                  !!      0.000     gamma
  12 suites triaged and 0 incomplete leaving 123 suites
  26/135 suite outliers present
  Average suiteness: 0.726
