
                    ----------Backbone bond lenths----------                   

  residue               atom 1  atom 2  sigmas
   A 221    U              O4'     C1'   -5.44
  1/1885 bond outliers present

                    ----------Backbone bond angles----------                   

  residue               atom 1  atom 2  atom 3  sigmas
   A 221    U              C4'     C3'     C2'   -5.12
   A 233    U              O3'     P       OP1   30.55
   A 249    U              O3'     P       OP2    4.01
   A 252    G              O3'     P       OP1   -5.46
   A 252    G              O3'     P       OP2    7.51
   A 262    U              O3'     P       OP1    4.80
   A 312    G              O3'     P       OP1   18.85
   A 312    G              O3'     P       OP2  -11.51
   A 314    A              O3'     P       OP1    8.43
   A 314    A              O3'     P       OP2   22.63
  10/2961 angle outliers present

                        ----------Sugar pucker----------                       

  residue                  delta   outlier   epsilon   outlier
   A 213    G               79.6       yes      55.8       yes
   A 233    U               87.9        no     153.3       yes
   A 281    G               80.8        no     120.9       yes
  3/134 pucker outliers present

                  ----------Backbone torsion suites----------                  

  Suite ID                 suite  suiteness  triaged angle
     U A 193                  !!      0.000     gamma
     U A 198                  !!      0.000      None
     C A 199                  !!      0.000    zeta-1
     G A 204                  !!      0.000     gamma
     C A 210                  !!      0.000      None
     G A 214                  !!      0.000  epsilon-1
     U A 223                  !!      0.000     gamma
     C A 234                  !!      0.000  epsilon-1
     G A 237                  !!      0.000     gamma
     C A 240                  !!      0.000    zeta-1
     C A 250                  !!      0.000      beta
     U A 262                  !!      0.000     gamma
     G A 263                  !!      0.000      None
     G A 270                  !!      0.000      None
     G A 282                  !!      0.000  epsilon-1
     G A 296                  !!      0.000    zeta-1
     G A 310                  !!      0.000     alpha
     G A 317                  !!      0.000      None
  13 suites triaged and 0 incomplete leaving 122 suites
  18/135 suite outliers present
  Average suiteness: 0.761
