
                    ----------Backbone bond lenths----------                   

  All bonds within 4.0 sigma of ideal values.

                    ----------Backbone bond angles----------                   

  residue               atom 1  atom 2  atom 3  sigmas
   A 192    A              O3'     P       OP1    8.61
   A 192    A              O3'     P       OP2   -6.33
   A 195    G              C4'     C3'     C2'    4.23
   A 196    U              O4'     C4'     C3'    5.69
   A 198    U              O3'     P       OP1   23.56
   A 198    U              O3'     P       OP2    7.57
   A 203    A              O3'     P       OP1   -6.64
   A 203    A              O3'     P       OP2    8.96
   A 236    G              C4'     C3'     C2'    5.86
   A 236    G              O3'     P       OP1    6.32
   A 236    G              O3'     P       OP2   -4.48
   A 240    C              O3'     P       OP1   -4.53
   A 240    C              O3'     P       OP2    6.38
   A 247    A              C5'     C4'     O4'    4.86
   A 249    U              O3'     P       OP1   -4.42
   A 249    U              O3'     P       OP2    6.23
   A 309    A              O3'     P       OP1    6.49
   A 309    A              O3'     P       OP2   -4.63
  18/2961 angle outliers present

                        ----------Sugar pucker----------                       

  residue                  delta   outlier   epsilon   outlier
   A 240    C               78.4        no     146.4       yes
   A 249    U              159.1        no       9.7       yes
   A 261    A               79.3       yes      37.1       yes
   A 281    G               80.9        no     116.0       yes
  4/134 pucker outliers present

                  ----------Backbone torsion suites----------                  

  Suite ID                 suite  suiteness  triaged angle
     U A 193                  !!      0.000     gamma
     U A 198                  !!      0.000      None
     C A 199                  !!      0.000    zeta-1
     C A 210                  !!      0.000      None
     G A 214                  !!      0.000     alpha
     U A 221                  !!      0.000      None
     A A 222                  !!      0.000      None
     U A 223                  !!      0.000      None
     C A 234                  !!      0.000      None
     G A 237                  !!      0.000     gamma
     G A 241                  !!      0.000  epsilon-1
     A A 247                  !!      0.000      None
     U A 249                  !!      0.000     gamma
     C A 250                  !!      0.000  epsilon-1
     U A 262                  !!      0.000  epsilon-1
     G A 263                  !!      0.000     gamma
     U A 267                  !!      0.000      None
     G A 272                  !!      0.000      None
     G A 282                  !!      0.000  epsilon-1
     G A 291                  !!      0.000     gamma
     G A 292                  !!      0.000     alpha
     G A 294                  !!      0.000      None
     G A 296                  !!      0.000      None
     G A 315                  !!      0.000     gamma
     G A 317                  !!      0.000     gamma
  14 suites triaged and 0 incomplete leaving 121 suites
  25/135 suite outliers present
  Average suiteness: 0.732
