
                    ----------Backbone bond lenths----------                   

  All bonds within 4.0 sigma of ideal values.

                    ----------Backbone bond angles----------                   

  residue               atom 1  atom 2  atom 3  sigmas
   A 197    G              O3'     P       O5'   -4.19
   A 314    A              O3'     P       OP1    8.43
   A 314    A              O3'     P       OP2   22.63
  3/2961 angle outliers present

                        ----------Sugar pucker----------                       

  residue                  delta   outlier   epsilon   outlier
   A 197    G               80.6       yes      59.7       yes
   A 213    G               79.6       yes      55.8       yes
   A 281    G               80.8        no     120.9       yes
  3/134 pucker outliers present

                  ----------Backbone torsion suites----------                  

  Suite ID                 suite  suiteness  triaged angle
     G A 197                  !!      0.000     gamma
     U A 198                  !!      0.000  epsilon-1
     C A 199                  !!      0.000      None
     C A 210                  !!      0.000      None
     G A 214                  !!      0.000  epsilon-1
     A A 222                  !!      0.000      None
     C A 231                  !!      0.000      None
     G A 237                  !!      0.000      None
     A A 246                  !!      0.000      None
     U A 249                  !!      0.000      None
     C A 250                  !!      0.000      None
     U A 262                  !!      0.000      None
     G A 263                  !!      0.000     gamma
     U A 268                  !!      0.000      None
     G A 270                  !!      0.000      None
     G A 282                  !!      0.000  epsilon-1
     A A 289                  !!      0.000      None
     G A 292                  !!      0.000      None
     U A 293                  !!      0.000     gamma
     G A 296                  !!      0.000      None
     G A 317                  !!      0.000      None
  6 suites triaged and 0 incomplete leaving 129 suites
  21/135 suite outliers present
  Average suiteness: 0.716
