
Using nuclear cloud x-H distances and vdW radii

Using input model H/D atoms...

Bad Clashes >= 0.4 Angstrom:
 A 213    G  O2'  A 214    G  OP1 :0.905
 A 293    U  O2'  A 294    G  OP2 :0.732
 A 203    A  H8   A 203    A  OP2 :0.732
 A 292    G  H8   A 292    G  OP1 :0.712
 A 281    G  O2'  A 282    G  O5' :0.679
 A 317    G  C8   A 317    G  OP2 :0.654
 A 281    G  O2'  A 282    G  P   :0.639
 A 281    G  C2'  A 282    G  OP2 :0.594
 A 269    C  H6   A 269    C  OP2 :0.591
 A 222    A  H2   A 222    A  OP2 :0.585
 A 222    A  C2   A 222    A  OP2 :0.540
 A 213    G  H4'  A 214    G  OP1 :0.538
 A 252    G  H2'  A 253    U  C6  :0.531
 A 293    U  H3'  A 293    U  OP1 :0.525
 A 213    G  O2'  A 214    G  P   :0.511
 A 292    G  C8   A 292    G  OP1 :0.511
 A 269    C  C6   A 269    C  OP2 :0.506
 A 289    A  C2   A 296    G  C2  :0.482
 A 262    U  H3'  A 263    G  C5' :0.462
 A 220    A  N1   A 240    C  N4  :0.452
 A 317    G  H8   A 317    G  OP2 :0.432
 A 196    U  H2'  A 197    G  C8  :0.428
 A 289    A  C2   A 290    A  C4  :0.427
clashscore = 5.32
