
Using nuclear cloud x-H distances and vdW radii

Using input model H/D atoms...

Bad Clashes >= 0.4 Angstrom:
 A 213    G  O2'  A 214    G  OP1 :0.906
 A 198    U  O4'  A 198    U  OP2 :0.848
 A 249    U  H2'  A 249    U  OP2 :0.721
 A 281    G  O2'  A 282    G  O5' :0.679
 A 317    G  C8   A 317    G  OP2 :0.653
 A 281    G  O2'  A 282    G  P   :0.640
 A 292    G  H3'  A 292    G  OP1 :0.617
 A 281    G  C2'  A 282    G  OP2 :0.595
 A 220    A  O2'  A 237    G  O6  :0.591
 A 229    U  H6   A 229    U  O5' :0.583
 A 213    G  H4'  A 214    G  OP1 :0.538
 A 197    G H5''  A 198    U  P   :0.536
 A 199    C  H3'  A 199    C  P   :0.520
 A 213    G  O2'  A 214    G  P   :0.511
 A 252    G  H2'  A 253    U  C6  :0.506
 A 196    U  H2'  A 197    G  C8  :0.505
 A 197    G H5''  A 198    U  OP2 :0.499
 A 197    G  H4'  A 198    U  OP1 :0.498
 A 249    U  H2'  A 249    U  P   :0.446
 A 203    A  H2'  A 204    G  O4' :0.444
 A 199    C  H3'  A 199    C  OP2 :0.444
 A 251    G  O6   A 294    G  N2  :0.438
 A 317    G  H8   A 317    G  OP2 :0.433
 A 219    A  N7   A 241    G  N2  :0.432
 A 263    G  H8   A 263    G  OP1 :0.424
 A 197    G  C4'  A 198    U  OP1 :0.422
 A 270    G  H8   A 270    G  OP2 :0.422
 A 197    G  C5'  A 198    U  P   :0.415
 A 196    U  H2'  A 197    G  H8  :0.407
 A 198    U  C4'  A 198    U  OP2 :0.402
 A 250    C H5''  A 293    U  O2  :0.401
clashscore = 7.17
