
                    ----------Backbone bond lenths----------                   

  All bonds within 4.0 sigma of ideal values.

                    ----------Backbone bond angles----------                   

  All angles within 4.0 sigma of ideal values.

                        ----------Sugar pucker----------                       

  residue                  delta   outlier   epsilon   outlier
   A 252    G               75.5        no     129.6       yes
  1/144 pucker outliers present

                  ----------Backbone torsion suites----------                  

  Suite ID                 suite  suiteness  triaged angle
     G A 174                  !!      0.000      None
     U A 175                  !!      0.000      None
     G A 204                  !!      0.000      None
     U A 211                  !!      0.000      None
     A A 223                  !!      0.000      None
     C A 241                  !!      0.000      None
     G A 242                  !!      0.000      None
     A A 253                  !!      0.000  epsilon-1
     U A 286                  !!      0.000      None
     U A 287                  !!      0.000      None
  1 suites triaged and 0 incomplete leaving 144 suites
  10/145 suite outliers present
  Average suiteness: 0.796
