
                    ----------Backbone bond lenths----------                   

  All bonds within 4.0 sigma of ideal values.

                    ----------Backbone bond angles----------                   

  All angles within 4.0 sigma of ideal values.

                        ----------Sugar pucker----------                       

  residue                  delta   outlier   epsilon   outlier
   A 284    G               77.4        no     122.9       yes
  1/144 pucker outliers present

                  ----------Backbone torsion suites----------                  

  Suite ID                 suite  suiteness  triaged angle
     A A 169                  !!      0.000      None
     G A 174                  !!      0.000      None
     C A 186                  !!      0.000      None
     A A 187                  !!      0.000      None
     U A 202                  !!      0.000      None
     U A 211                  !!      0.000      None
     U A 221                  !!      0.000      None
     A A 223                  !!      0.000      None
     C A 241                  !!      0.000      None
     A A 253                  !!      0.000     gamma
     G A 285                  !!      0.000  epsilon-1
     U A 287                  !!      0.000      None
  2 suites triaged and 0 incomplete leaving 143 suites
  12/145 suite outliers present
  Average suiteness: 0.812
