
                    ----------Backbone bond lenths----------                   

  All bonds within 4.0 sigma of ideal values.

                    ----------Backbone bond angles----------                   

  All angles within 4.0 sigma of ideal values.

                        ----------Sugar pucker----------                       

  residue                  delta   outlier   epsilon   outlier
   A 299    G               77.2        no     148.7       yes
  1/134 pucker outliers present

                  ----------Backbone torsion suites----------                  

  Suite ID                 suite  suiteness  triaged angle
     C A 228                  !!      0.000      None
     A A 242                  !!      0.000      None
     C A 243                  !!      0.000     gamma
     U A 266                  !!      0.000     gamma
     A A 300                  !!      0.000  epsilon-1
     C A 301                  !!      0.000      None
     G A 314                  !!      0.000      None
  3 suites triaged and 0 incomplete leaving 132 suites
  7/135 suite outliers present
  Average suiteness: 0.855
