
                    ----------Backbone bond lenths----------                   

  All bonds within 4.0 sigma of ideal values.

                    ----------Backbone bond angles----------                   

  All angles within 4.0 sigma of ideal values.

                        ----------Sugar pucker----------                       

  All puckers have reasonable geometry.

                  ----------Backbone torsion suites----------                  

  Suite ID                 suite  suiteness  triaged angle
     G A 213                  !!      0.000      None
     C A 228                  !!      0.000      None
     A A 237                  !!      0.000      None
     A A 242                  !!      0.000      None
     C A 249                  !!      0.000      None
     U A 267                  !!      0.000      None
     C A 268                  !!      0.000      None
     A A 300                  !!      0.000     gamma
     G A 310                  !!      0.000      None
  1 suites triaged and 0 incomplete leaving 134 suites
  9/135 suite outliers present
  Average suiteness: 0.810
