
                    ----------Backbone bond lenths----------                   

  All bonds within 4.0 sigma of ideal values.

                    ----------Backbone bond angles----------                   

  All angles within 4.0 sigma of ideal values.

                        ----------Sugar pucker----------                       

  All puckers have reasonable geometry.

                  ----------Backbone torsion suites----------                  

  Suite ID                 suite  suiteness  triaged angle
     G A 213                  !!      0.000      None
     U A 214                  !!      0.000      None
     C A 228                  !!      0.000      None
     G A 232                  !!      0.000     alpha
     A A 242                  !!      0.000     gamma
     C A 243                  !!      0.000      None
     U A 266                  !!      0.000      None
     G A 270                  !!      0.000      None
     A A 300                  !!      0.000     gamma
     C A 313                  !!      0.000      None
  3 suites triaged and 0 incomplete leaving 132 suites
  10/135 suite outliers present
  Average suiteness: 0.832
