
                    ----------Backbone bond lenths----------                   

  All bonds within 4.0 sigma of ideal values.

                    ----------Backbone bond angles----------                   

  All angles within 4.0 sigma of ideal values.

                        ----------Sugar pucker----------                       

  All puckers have reasonable geometry.

                  ----------Backbone torsion suites----------                  

  Suite ID                 suite  suiteness  triaged angle
     A A 161                  !!      0.000      None
     U A 167                  !!      0.000      None
     G A 173                  !!      0.000      None
     C A 182                  !!      0.000      None
     C A 240                  !!      0.000      None
     G A 241                  !!      0.000      None
     A A 252                  !!      0.000     gamma
     A A 257                  !!      0.000     gamma
     G A 286                  !!      0.000      None
     U A 287                  !!      0.000      None
  2 suites triaged and 0 incomplete leaving 141 suites
  10/143 suite outliers present
  Average suiteness: 0.840
