
                    ----------Backbone bond lenths----------                   

  All bonds within 4.0 sigma of ideal values.

                    ----------Backbone bond angles----------                   

  All angles within 4.0 sigma of ideal values.

                        ----------Sugar pucker----------                       

  All puckers have reasonable geometry.

                  ----------Backbone torsion suites----------                  

  Suite ID                 suite  suiteness  triaged angle
     A A 161                  !!      0.000     alpha
     U A 167                  !!      0.000      None
     G A 173                  !!      0.000      None
     U A 174                  !!      0.000      None
     C A 182                  !!      0.000      None
     A A 219                  !!      0.000     alpha
     A A 222                  !!      0.000     alpha
     U A 239                  !!      0.000      None
     A A 252                  !!      0.000     gamma
  4 suites triaged and 0 incomplete leaving 139 suites
  9/143 suite outliers present
  Average suiteness: 0.836
