
                    ----------Backbone bond lenths----------                   

  All bonds within 4.0 sigma of ideal values.

                    ----------Backbone bond angles----------                   

  All angles within 4.0 sigma of ideal values.

                        ----------Sugar pucker----------                       

  All puckers have reasonable geometry.

                  ----------Backbone torsion suites----------                  

  Suite ID                 suite  suiteness  triaged angle
     C A  15                  !!      0.000      None
     C A  36                  !!      0.000      None
     U A  55                  !!      0.000      None
     U A  74                  !!      0.000      None
     C A  75                  !!      0.000      None
     U A  77                  !!      0.000      None
     C A  78                  !!      0.000      None
     U A  96                  !!      0.000      None
     A A 106                  !!      0.000     gamma
     U A 148                  !!      0.000      None
  1 suites triaged and 0 incomplete leaving 152 suites
  10/153 suite outliers present
  Average suiteness: 0.827
