
                    ----------Backbone bond lenths----------                   

  All bonds within 4.0 sigma of ideal values.

                    ----------Backbone bond angles----------                   

  All angles within 4.0 sigma of ideal values.

                        ----------Sugar pucker----------                       

  All puckers have reasonable geometry.

                  ----------Backbone torsion suites----------                  

  Suite ID                 suite  suiteness  triaged angle
     C A  15                  !!      0.000      None
     C A  36                  !!      0.000      None
     U A  53                  !!      0.000      None
     C A  59                  !!      0.000      None
     G A  72                  !!      0.000     gamma
     C A  78                  !!      0.000      None
     U A  96                  !!      0.000      None
     C A  97                  !!      0.000      None
     A A 106                  !!      0.000     gamma
     U A 149                  !!      0.000      None
  2 suites triaged and 0 incomplete leaving 151 suites
  10/153 suite outliers present
  Average suiteness: 0.836
