
                    ----------Backbone bond lenths----------                   

  All bonds within 4.0 sigma of ideal values.

                    ----------Backbone bond angles----------                   

  All angles within 4.0 sigma of ideal values.

                        ----------Sugar pucker----------                       

  residue                  delta   outlier   epsilon   outlier
   A 299    G               78.2        no      30.4       yes
  1/134 pucker outliers present

                  ----------Backbone torsion suites----------                  

  Suite ID                 suite  suiteness  triaged angle
     A A 238                  !!      0.000      None
     U A 267                  !!      0.000      None
     C A 268                  !!      0.000      None
     U A 285                  !!      0.000      None
     A A 300                  !!      0.000  epsilon-1
     A A 308                  !!      0.000      None
     U A 311                  !!      0.000      None
  1 suites triaged and 0 incomplete leaving 134 suites
  7/135 suite outliers present
  Average suiteness: 0.821
