
                    ----------Backbone bond lenths----------                   

  All bonds within 4.0 sigma of ideal values.

                    ----------Backbone bond angles----------                   

  All angles within 4.0 sigma of ideal values.

                        ----------Sugar pucker----------                       

  residue                  delta   outlier   epsilon   outlier
   A 299    G               78.7        no      27.8       yes
  1/134 pucker outliers present

                  ----------Backbone torsion suites----------                  

  Suite ID                 suite  suiteness  triaged angle
     U A 216                  !!      0.000      None
     C A 217                  !!      0.000      None
     C A 228                  !!      0.000      None
     U A 239                  !!      0.000      None
     C A 249                  !!      0.000      None
     G A 272                  !!      0.000      None
     C A 273                  !!      0.000      None
     U A 286                  !!      0.000     gamma
     A A 300                  !!      0.000  epsilon-1
     G A 312                  !!      0.000      None
  2 suites triaged and 0 incomplete leaving 133 suites
  10/135 suite outliers present
  Average suiteness: 0.807
