
                    ----------Backbone bond lenths----------                   

  All bonds within 4.0 sigma of ideal values.

                    ----------Backbone bond angles----------                   

  All angles within 4.0 sigma of ideal values.

                        ----------Sugar pucker----------                       

  residue                  delta   outlier   epsilon   outlier
   A 299    G               77.8        no      30.0       yes
  1/134 pucker outliers present

                  ----------Backbone torsion suites----------                  

  Suite ID                 suite  suiteness  triaged angle
     U A 216                  !!      0.000      None
     C A 228                  !!      0.000      None
     A A 237                  !!      0.000      None
     U A 248                  !!      0.000      None
     G A 250                  !!      0.000      None
     U A 267                  !!      0.000      None
     C A 268                  !!      0.000      None
     C A 273                  !!      0.000      None
     U A 286                  !!      0.000      None
     A A 300                  !!      0.000  epsilon-1
     G A 310                  !!      0.000      None
     C A 313                  !!      0.000      None
  1 suites triaged and 0 incomplete leaving 134 suites
  12/135 suite outliers present
  Average suiteness: 0.809
