
                    ----------Backbone bond lenths----------                   

  All bonds within 4.0 sigma of ideal values.

                    ----------Backbone bond angles----------                   

  residue               atom 1  atom 2  atom 3  sigmas
   A 215    G              C3'     O3'     P     -4.39
  1/2961 angle outliers present

                        ----------Sugar pucker----------                       

  residue                  delta   outlier   epsilon   outlier
   A 215    G               79.4        no      20.0       yes
   A 299    G               78.0        no      28.8       yes
  2/134 pucker outliers present

                  ----------Backbone torsion suites----------                  

  Suite ID                 suite  suiteness  triaged angle
     U A 216                  !!      0.000  epsilon-1
     C A 217                  !!      0.000      None
     C A 228                  !!      0.000      None
     G A 232                  !!      0.000     alpha
     A A 240                  !!      0.000      None
     C A 241                  !!      0.000      None
     C A 252                  !!      0.000      None
     U A 267                  !!      0.000      None
     C A 268                  !!      0.000      None
     G A 272                  !!      0.000      None
     G A 290                  !!      0.000      None
     A A 300                  !!      0.000  epsilon-1
     A A 308                  !!      0.000      None
     C A 313                  !!      0.000      None
  3 suites triaged and 0 incomplete leaving 132 suites
  14/135 suite outliers present
  Average suiteness: 0.800
