
Using nuclear cloud x-H distances and vdW radii

Using input model H/D atoms...

Bad Clashes >= 0.4 Angstrom:
 A  72    G  O2'  A  75    C  N4  :0.743
 A  73    A  O2'  A  74    U  P   :0.710
 A  78    C  H6   A  78    C  OP2 :0.707
 A  73    A  O2'  A  74    U  OP2 :0.675
 A  99    G  C8   A  99    G  OP2 :0.649
 A  10    C  H6   A  10    C  OP2 :0.633
 A  99    G  H8   A  99    G  OP2 :0.582
 A  78    C  C6   A  78    C  OP2 :0.565
 A  22    A  N6   A 130    G  N7  :0.557
 A  90    G  O6   A  95    G  N2  :0.532
 A  73    A  OP2  A  76    A  N6  :0.527
 A  21    U  O2'  A  23    A  N7  :0.524
 A  10    C  C6   A  10    C  OP2 :0.513
 A  40    A  N1   A  72    G  N2  :0.511
 A 113    G  N2   A 116    A  N7  :0.504
 A  73    A  H4'  A  74    U  OP2 :0.499
 A 105    G H5''  A 106    A  OP1 :0.457
 A  87    U  H2'  A  88    A  C8  :0.441
 A  47    U  N3   A  65    U  O4  :0.422
 A  80    G  C6   A  81    C  C4  :0.419
 A 105    G  C4'  A 106    A  OP1 :0.410
 A  14    A  C2   A  15    C  N4  :0.410
 A  91    U  O4   A  95    G  N2  :0.401
clashscore = 4.71
