
Using nuclear cloud x-H distances and vdW radii

Using input model H/D atoms...

Bad Clashes >= 0.4 Angstrom:
 A  64    U  H3'  A  64    U  O2  :0.839
 A  64    U  C3'  A  64    U  O2  :0.677
 A 145    G  N2   A 146    G  N7  :0.668
 A  99    G  C8   A  99    G  OP2 :0.647
 A  10    C  H6   A  10    C  OP2 :0.635
 A  64    U  C2'  A  64    U  O2  :0.615
 A  40    A  H8   A  40    A  O5' :0.591
 A  99    G  H8   A  99    G  OP2 :0.581
 A  40    A  N1   A  72    G  N2  :0.541
 A  10    C  C6   A  10    C  OP2 :0.514
 A 113    G  N2   A 116    A  N7  :0.506
 A  72    G  N2   A  73    A  N1  :0.474
 A 146    G  H1'  A 149    U  O4  :0.461
 A 105    G H5''  A 106    A  OP1 :0.458
 A  14    A  C2   A  15    C  N4  :0.456
 A  20    G  H2'  A  21    U  H4' :0.451
 A  64    U  H2'  A  64    U  O2  :0.439
 A  88    A  N6   A  99    G  C6  :0.427
 A  80    G  C6   A  81    C  C4  :0.418
 A 146    G  H4'  A 147    U  H3' :0.410
 A 105    G  C4'  A 106    A  OP1 :0.410
 A  87    U  O4   A  95    G  N1  :0.407
 A  22    A  N6   A 136    C  H1' :0.404
clashscore = 4.71
