
Using nuclear cloud x-H distances and vdW radii

Using input model H/D atoms...

Bad Clashes >= 0.4 Angstrom:
 A  21    U  O2'  A  22    A  OP2 :0.808
 A 146    G  O2'  A 149    U  O4  :0.753
 A  63    G  O2'  A  64    U  P   :0.753
 A  63    G  O2'  A  64    U  O5' :0.724
 A 135    C  H6   A 135    C  O5' :0.654
 A  99    G  C8   A  99    G  OP2 :0.647
 A  10    C  H6   A  10    C  OP2 :0.634
 A  99    G  H8   A  99    G  OP2 :0.582
 A  65    U  H2'  A  66    G  C8  :0.539
 A  48    U  C6   A  48    U  OP2 :0.521
 A  22    A  N6   A 136    C  O2  :0.515
 A  10    C  C6   A  10    C  OP2 :0.513
 A  22    A  H2'  A  22    A  N3  :0.508
 A 113    G  N2   A 116    A  N7  :0.506
 A  55    U  O2'  A  56    C  O5' :0.484
 A  14    A  C2   A  15    C  N4  :0.478
 A 105    G H5''  A 106    A  OP1 :0.458
 A  88    A  N6   A  99    G  C6  :0.440
 A  72    G  O2'  A  76    A  N6  :0.438
 A  21    U  H4'  A  22    A  O5' :0.431
 A  80    G  C6   A  81    C  C4  :0.419
 A 105    G  C4'  A 106    A  OP1 :0.410
 A  21    U  C4'  A  22    A  O5' :0.410
 A  63    G  O2'  A  64    U  OP1 :0.409
clashscore = 4.91
