
Using nuclear cloud x-H distances and vdW radii

Using input model H/D atoms...

Bad Clashes >= 0.4 Angstrom:
 A  89    G  C8   A  89    G  OP1 :1.177
 A  57    G  N2   A  57    G  OP1 :0.822
 A  35    U  H4'  A  36    C  OP1 :0.771
 A 105    G  O2'  A 106    A  O5' :0.767
 A  55    U  O2'  A  59    C  N4  :0.748
 A  89    G  H8   A  89    G  OP1 :0.730
 A  88    A  O2'  A  89    G  OP1 :0.689
 A  89    G  H3'  A  89    G  OP1 :0.667
 A  57    G  H22  A  57    G  P   :0.657
 A  39    C  H6   A  39    C  O5' :0.655
 A  93    U  O2'  A  95    G  N7  :0.584
 A 105    G  O2'  A 106    A  P   :0.568
 A  23    A  O2'  A  24    C  OP1 :0.537
 A  57    G  N3   A  57    G  O5' :0.532
 A 113    G  N2   A 116    A  N7  :0.521
 A  65    U  H2'  A  66    G  C8  :0.518
 A  74    U  O4   A 116    A  O2' :0.509
 A  15    C  H2'  A  16    A  C8  :0.487
 A  27    G  C6   A 132    G  C2  :0.455
 A  22    A  C4'  A  23    A  OP2 :0.451
 A  35    U  O2'  A  36    C  OP1 :0.449
 A 105    G  C2'  A 106    A  OP2 :0.448
 A  91    U  C2   A  92    U  C5  :0.446
 A  38    G  H2'  A  39    C  C6  :0.439
 A   8    G  O6   A 147    U  N3  :0.432
 A  27    G  C5   A  28    U  C4  :0.418
 A  89    G  H3'  A  89    G  P   :0.401
clashscore = 5.53
