
                    ----------Backbone bond lenths----------                   

  All bonds within 4.0 sigma of ideal values.

                    ----------Backbone bond angles----------                   

  residue               atom 1  atom 2  atom 3  sigmas
   A  27    G              C4'     C3'     C2'    4.42
   A  27    G              C5'     C4'     O4'   -4.41
   A  55    U              C4'     C3'     C2'   -5.45
   A  55    U              O3'     C3'     C2'  -15.54
  4/3357 angle outliers present

                        ----------Sugar pucker----------                       

  residue                  delta   outlier   epsilon   outlier
   A  21    U               79.7        no      84.0       yes
   A  27    G              152.8        no     318.4       yes
   A  55    U               54.6       yes     113.8       yes
   A 105    G               80.8        no      22.4       yes
  4/152 pucker outliers present

                  ----------Backbone torsion suites----------                  

  Suite ID                 suite  suiteness  triaged angle
     C A  10                  !!      0.000      None
     C A  15                  !!      0.000      None
     A A  22                  !!      0.000  epsilon-1
     G A  27                  !!      0.000     gamma
     U A  28                  !!      0.000  epsilon-1
     C A  36                  !!      0.000      None
     U A  55                  !!      0.000     delta
     C A  56                  !!      0.000  epsilon-1
     G A  57                  !!      0.000      None
     U A  64                  !!      0.000      None
     U A  65                  !!      0.000      None
     U A  74                  !!      0.000    zeta-1
     C A  78                  !!      0.000     gamma
     U A  93                  !!      0.000      None
     G A  99                  !!      0.000     alpha
     A A 106                  !!      0.000  epsilon-1
     U A 147                  !!      0.000      None
     U A 148                  !!      0.000      None
  9 suites triaged and 0 incomplete leaving 144 suites
  18/153 suite outliers present
  Average suiteness: 0.747
