
                    ----------Backbone bond lenths----------                   

  All bonds within 4.0 sigma of ideal values.

                    ----------Backbone bond angles----------                   

  All angles within 4.0 sigma of ideal values.

                        ----------Sugar pucker----------                       

  residue                  delta   outlier   epsilon   outlier
   A  27    G               80.0        no      35.7       yes
   A  76    A               77.9        no      26.8       yes
   A 105    G               80.9        no      22.4       yes
  3/152 pucker outliers present

                  ----------Backbone torsion suites----------                  

  Suite ID                 suite  suiteness  triaged angle
     C A  10                  !!      0.000      None
     U A  21                  !!      0.000      None
     G A  27                  !!      0.000      None
     U A  28                  !!      0.000  epsilon-1
     C A  36                  !!      0.000      None
     U A  54                  !!      0.000     gamma
     U A  55                  !!      0.000     gamma
     C A  56                  !!      0.000     gamma
     G A  57                  !!      0.000     gamma
     C A  59                  !!      0.000      None
     U A  64                  !!      0.000      None
     U A  65                  !!      0.000      beta
     G A  66                  !!      0.000      None
     U A  74                  !!      0.000     alpha
     C A  75                  !!      0.000      None
     U A  77                  !!      0.000  epsilon-1
     C A  94                  !!      0.000      None
     G A  95                  !!      0.000     alpha
     G A  99                  !!      0.000     alpha
     A A 106                  !!      0.000  epsilon-1
     U A 147                  !!      0.000     gamma
     U A 148                  !!      0.000      None
     U A 149                  !!      0.000     gamma
  13 suites triaged and 0 incomplete leaving 140 suites
  23/153 suite outliers present
  Average suiteness: 0.763
