
Using nuclear cloud x-H distances and vdW radii

Using input model H/D atoms...

Bad Clashes >= 0.4 Angstrom:
 A  89    G  H8   A  89    G  OP2 :0.702
 A  97    C  H3'  A  97    C  P   :0.664
 A  48    U  H6   A  48    U  OP2 :0.655
 A  99    G  C8   A  99    G  OP2 :0.648
 A  53    U  H6   A  53    U  O5' :0.640
 A  10    C  H6   A  10    C  OP2 :0.633
 A  48    U  C6   A  48    U  OP2 :0.617
 A  99    G  H8   A  99    G  OP2 :0.582
 A  75    C  N3   A  78    C  N4  :0.538
 A  28    U  H6   A  28    U  P   :0.527
 A  15    C  H6   A  15    C  O5' :0.520
 A  14    A  N1   A 141    C  N4  :0.519
 A  10    C  C6   A  10    C  OP2 :0.515
 A 113    G  N2   A 116    A  N7  :0.503
 A  96    U  C2'  A  97    C  OP2 :0.501
 A  23    A  C2   A  24    C  N4  :0.488
 A 105    G H5''  A 106    A  OP1 :0.458
 A  10    C  C2   A 146    G  N2  :0.451
 A  15    C  H2'  A  16    A  C8  :0.449
 A  88    A  C6   A  89    G  N1  :0.444
 A  63    G  C2   A  64    U  H1' :0.444
 A 146    G  O2'  A 149    U  O4  :0.442
 A  97    C  C3'  A  97    C  P   :0.434
 A   9    A  C5   A 146    G  N2  :0.430
 A  80    G  C6   A  81    C  C4  :0.418
 A  40    A  N6   A  76    A  O4' :0.415
 A  46    C  N4   A  64    U  O4  :0.414
 A 105    G  C4'  A 106    A  OP1 :0.410
 A  89    G  C8   A  89    G  OP2 :0.406
 A  52    G  C5   A  53    U  C2  :0.403
 A  28    U  H6   A  28    U  OP1 :0.402
clashscore = 6.35
