
                    ----------Backbone bond lenths----------                   

  All bonds within 4.0 sigma of ideal values.

                    ----------Backbone bond angles----------                   

  residue               atom 1  atom 2  atom 3  sigmas
   A  64    U              O4'     C1'     C2'    4.49
  1/3357 angle outliers present

                        ----------Sugar pucker----------                       

  residue                  delta   outlier   epsilon   outlier
   A  53    U              137.4        no      39.5       yes
   A 105    G               80.8        no      22.4       yes
  2/152 pucker outliers present

                  ----------Backbone torsion suites----------                  

  Suite ID                 suite  suiteness  triaged angle
     C A  10                  !!      0.000      None
     A A  22                  !!      0.000      None
     A A  23                  !!      0.000     gamma
     G A  27                  !!      0.000      None
     C A  36                  !!      0.000      None
     U A  54                  !!      0.000  epsilon-1
     G A  57                  !!      0.000     gamma
     U A  64                  !!      0.000      None
     U A  65                  !!      0.000      None
     A A  73                  !!      0.000     gamma
     G A  99                  !!      0.000     alpha
     A A 106                  !!      0.000  epsilon-1
     U A 148                  !!      0.000      None
  6 suites triaged and 0 incomplete leaving 147 suites
  13/153 suite outliers present
  Average suiteness: 0.755
