
Using nuclear cloud x-H distances and vdW radii

Using input model H/D atoms...

Bad Clashes >= 0.4 Angstrom:
 A  65    U  C6   A  65    U  OP1 :0.951
 A  23    A  C8   A  23    A  OP1 :0.824
 A  65    U  C6   A  65    U  P   :0.740
 A  55    U  O2'  A  58    U  O4  :0.723
 A  65    U  H6   A  65    U  P   :0.715
 A  64    U  O2'  A  65    U  OP1 :0.714
 A  65    U  H6   A  65    U  OP2 :0.700
 A 146    G  O2'  A 149    U  O4  :0.663
 A  40    A  N6   A  73    A  N7  :0.652
 A  99    G  C8   A  99    G  OP2 :0.648
 A  65    U  H3'  A  65    U  OP1 :0.643
 A  10    C  H6   A  10    C  OP2 :0.634
 A  53    U  C4'  A  54    U  OP1 :0.618
 A  53    U  O2'  A  55    U  OP2 :0.599
 A  99    G  H8   A  99    G  OP2 :0.582
 A  23    A  H8   A  23    A  P   :0.575
 A  47    U  N3   A  65    U  O4  :0.549
 A  28    U  H6   A  28    U  OP1 :0.527
 A  28    U  H6   A  28    U  P   :0.520
 A  10    C  C6   A  10    C  OP2 :0.514
 A 113    G  N2   A 116    A  N7  :0.504
 A  23    A  H3'  A  23    A  OP1 :0.499
 A  53    U  O4'  A  54    U  OP1 :0.490
 A  88    A  H2'  A  89    G  C8  :0.489
 A   9    A  N7   A 146    G  N2  :0.483
 A  87    U  H2'  A  88    A  C8  :0.477
 A  63    G  H2'  A  64    U  H4' :0.464
 A  53    U  C1'  A  54    U  OP1 :0.461
 A 105    G H5''  A 106    A  OP1 :0.458
 A  28    U  C6   A  28    U  OP1 :0.458
 A  23    A  C8   A  23    A  P   :0.457
 A  64    U  O2'  A  65    U  C5  :0.457
 A  92    U  H6   A  92    U  OP2 :0.453
 A  72    G  C2'  A  73    A  OP1 :0.449
 A  14    A  C2   A  15    C  N4  :0.449
 A  53    U  H4'  A  54    U  OP1 :0.443
 A 135    C  H6   A 135    C  O5' :0.430
 A  41    G  O6   A  72    G  N2  :0.426
 A  72    G  O2'  A  73    A  OP1 :0.421
 A  80    G  C6   A  81    C  C4  :0.418
 A 105    G  C4'  A 106    A  OP1 :0.410
 A 145    G  H2'  A 146    G  O4' :0.405
 A  71    C  H2'  A  72    G  O4' :0.401
clashscore = 8.80
