
                    ----------Backbone bond lenths----------                   

  All bonds within 4.0 sigma of ideal values.

                    ----------Backbone bond angles----------                   

  residue               atom 1  atom 2  atom 3  sigmas
   A  47    U              O3'     P       OP1    8.27
   A  47    U              O3'     P       OP2   -6.07
  2/3357 angle outliers present

                        ----------Sugar pucker----------                       

  residue                  delta   outlier   epsilon   outlier
   A 105    G               80.8        no     129.1       yes
  1/152 pucker outliers present

                  ----------Backbone torsion suites----------                  

  Suite ID                 suite  suiteness  triaged angle
     A A  22                  !!      0.000      None
     A A  23                  !!      0.000      None
     G A  27                  !!      0.000     gamma
     U A  28                  !!      0.000      None
     C A  36                  !!      0.000      None
     G A  41                  !!      0.000      None
     U A  55                  !!      0.000      None
     C A  59                  !!      0.000      None
     G A  66                  !!      0.000     gamma
     A A  73                  !!      0.000      None
     U A  74                  !!      0.000      None
     U A  77                  !!      0.000     gamma
     U A  91                  !!      0.000      None
     G A  95                  !!      0.000      None
     C A  97                  !!      0.000     gamma
     G A  99                  !!      0.000     gamma
     A A 106                  !!      0.000  epsilon-1
     C A 117                  !!      0.000     gamma
     U A 148                  !!      0.000      None
     U A 149                  !!      0.000     gamma
  8 suites triaged and 0 incomplete leaving 145 suites
  20/153 suite outliers present
  Average suiteness: 0.751
