
                    ----------Backbone bond lenths----------                   

  All bonds within 4.0 sigma of ideal values.

                    ----------Backbone bond angles----------                   

  residue               atom 1  atom 2  atom 3  sigmas
   A  15    C              O3'     P       OP2    5.59
   A  23    A              O3'     P       OP2    4.60
   A  65    U              O3'     P       OP2    4.51
   A  77    U              O3'     P       OP1   -9.92
   A  77    U              O3'     P       OP2   14.10
   A 135    C              O3'     P       OP1   -4.13
   A 135    C              O3'     P       OP2    5.87
   A 146    G              O4'     C4'     C3'    4.69
   A 148    U              O3'     P       OP1   -4.82
   A 148    U              O3'     P       OP2    6.75
  10/3357 angle outliers present

                        ----------Sugar pucker----------                       

  residue                  delta   outlier   epsilon   outlier
   A 105    G               80.9        no     143.3       yes
  1/152 pucker outliers present

                  ----------Backbone torsion suites----------                  

  Suite ID                 suite  suiteness  triaged angle
     C A  15                  !!      0.000     gamma
     A A  16                  !!      0.000     gamma
     A A  22                  !!      0.000      None
     C A  24                  !!      0.000      None
     G A  27                  !!      0.000     gamma
     C A  36                  !!      0.000     gamma
     U A  47                  !!      0.000     gamma
     U A  48                  !!      0.000      None
     U A  53                  !!      0.000      None
     C A  59                  !!      0.000      None
     C A  75                  !!      0.000     gamma
     A A  76                  !!      0.000      None
     U A  77                  !!      0.000      None
     C A  78                  !!      0.000      None
     G A  89                  !!      0.000      None
     U A  92                  !!      0.000    zeta-1
     G A  99                  !!      0.000    zeta-1
     A A 106                  !!      0.000  epsilon-1
     C A 117                  !!      0.000     gamma
     C A 142                  !!      0.000     gamma
     U A 147                  !!      0.000     gamma
     U A 148                  !!      0.000     alpha
     U A 149                  !!      0.000      None
  13 suites triaged and 0 incomplete leaving 140 suites
  23/153 suite outliers present
  Average suiteness: 0.769
