
Using nuclear cloud x-H distances and vdW radii

Using input model H/D atoms...

Bad Clashes >= 0.4 Angstrom:
 A  15    C  H6   A  15    C  OP2 :0.814
 A  15    C  H6   A  15    C  P   :0.804
 A  15    C  C6   A  15    C  OP2 :0.796
 A  21    U  O2'  A  22    A  P   :0.702
 A   9    A  N6   A 146    G  O2' :0.693
 A  21    U  O2'  A  22    A  OP2 :0.693
 A  99    G  C8   A  99    G  OP2 :0.648
 A  10    C  H6   A  10    C  OP2 :0.632
 A  14    A  O2'  A  15    C  OP2 :0.629
 A  55    U  H6   A  55    U  O5' :0.583
 A  99    G  H8   A  99    G  OP2 :0.582
 A  73    A  N3   A  77    U  N3  :0.572
 A  15    C  O4'  A  15    C  OP2 :0.538
 A  40    A  H8   A  40    A  O5' :0.530
 A  64    U  O2'  A  65    U  C5  :0.520
 A  74    U  H4'  A  74    U  OP2 :0.516
 A  10    C  C6   A  10    C  OP2 :0.515
 A  21    U  O2'  A  22    A  O5' :0.512
 A 113    G  N2   A 116    A  N7  :0.505
 A  22    A  H2'  A  22    A  N3  :0.503
 A  55    U  C6   A  55    U  O5' :0.501
 A  21    U  O2   A  23    A  N6  :0.487
 A  41    G  O4'  A  73    A  N6  :0.473
 A 146    G  O2'  A 149    U  O4  :0.465
 A  88    A  N6   A  99    G  C6  :0.465
 A  88    A  H3'  A  89    G  C8  :0.460
 A 105    G H5''  A 106    A  OP1 :0.458
 A  22    A  N6   A 136    C  O2  :0.456
 A  72    G  OP2  A  74    U  O2' :0.455
 A  27    G  N2   A  27    G  OP2 :0.440
 A  93    U  O2'  A  94    C  O4' :0.426
 A  21    U  C2'  A  22    A  OP2 :0.423
 A  88    A  C6   A  89    G  N1  :0.418
 A  80    G  C6   A  81    C  C4  :0.418
 A  15    C  C6   A  15    C  P   :0.417
 A  52    G  O6   A  56    C  O2' :0.416
 A 105    G  C4'  A 106    A  OP1 :0.410
 A  73    A  H1'  A  77    U  C4  :0.407
 A  52    G  C6   A  53    U  C4  :0.400
 A  53    U  C4   A  54    U  C2  :0.400
clashscore = 8.19
