
Using nuclear cloud x-H distances and vdW radii

Using input model H/D atoms...

Bad Clashes >= 0.4 Angstrom:
 A 101    C  C6   A 101    C  OP1 :1.117
 A 113    G  O2'  A 114    A  O5' :0.785
 A 100    U  H3'  A 100    U  O2  :0.782
 A  73    A  H3'  A  73    A  OP1 :0.749
 A  39    C  H6   A  39    C  OP2 :0.739
 A 101    C  H6   A 101    C  OP1 :0.711
 A 113    G  O2'  A 114    A  P   :0.708
 A  10    C  C6   A  10    C  OP2 :0.672
 A  40    A  H8   A  40    A  O5' :0.666
 A 142    C  H6   A 142    C  OP2 :0.645
 A 120    A  O2'  A 121    G  P   :0.617
 A  39    C  C6   A  39    C  OP2 :0.614
 A  35    U  O2'  A  36    C  OP2 :0.607
 A 120    A  O2'  A 121    G  OP1 :0.594
 A 148    U  O2'  A 150    C  OP2 :0.590
 A 100    U  C3'  A 100    U  O2  :0.581
 A 132    G  C8   A 132    G  OP2 :0.545
 A 101    C  H3'  A 101    C  OP1 :0.543
 A 113    G  C2'  A 114    A  OP2 :0.540
 A 142    C  C6   A 142    C  OP2 :0.531
 A  53    U  H6   A  53    U  O5' :0.520
 A  10    C  H6   A  10    C  OP2 :0.519
 A  73    A  N6   A 113    G  N7  :0.515
 A  14    A  N6   A 141    C  N3  :0.511
 A 120    A  H8   A 120    A  O5' :0.501
 A   9    A  C2'  A  10    C  O5' :0.499
 A 101    C  C5   A 101    C  OP1 :0.496
 A 132    G  H8   A 132    G  OP2 :0.490
 A  27    G  H2'  A  28    U  C6  :0.470
 A 136    C  C6   A 136    C  OP1 :0.461
 A 100    U  C2'  A 100    U  O2  :0.454
 A 116    C  N4   A 117    G  C6  :0.451
 A  74    U  H6   A  74    U  O5' :0.442
 A 146    G  H8   A 146    G  O5' :0.442
 A  35    U  C2'  A  36    C  OP2 :0.423
 A  40    A  C8   A  40    A  O5' :0.408
 A  15    C  N4   A 141    C  N3  :0.404
clashscore = 7.57
