
Using nuclear cloud x-H distances and vdW radii

Using input model H/D atoms...

Bad Clashes >= 0.4 Angstrom:
 A  55    U  C6   A  55    U  OP1 :1.351
 A 100    U  H2'  A 100    U  OP2 :1.047
 A 135    C  C6   A 135    C  OP2 :0.893
 A  55    U  C6   A  55    U  P   :0.808
 A 113    G  O2'  A 114    A  O5' :0.785
 A 100    U  C2'  A 100    U  OP2 :0.735
 A 113    G  O2'  A 114    A  P   :0.709
 A 148    U  O2'  A 149    U  OP2 :0.697
 A  55    U  N1   A  55    U  OP1 :0.683
 A  10    C  C6   A  10    C  OP2 :0.669
 A  55    U  H6   A  55    U  P   :0.664
 A 135    C  C5   A 135    C  OP2 :0.645
 A 120    A  O2'  A 121    G  P   :0.616
 A 148    U  H6   A 148    U  O5' :0.615
 A 135    C  H6   A 135    C  OP2 :0.610
 A  35    U  O2'  A  36    C  OP2 :0.608
 A 100    U  O2'  A 101    C  OP1 :0.601
 A  15    C  H6   A  15    C  O5' :0.596
 A 120    A  O2'  A 121    G  OP1 :0.594
 A 142    C  H6   A 142    C  OP2 :0.564
 A  49    A  N6   A  57    G  O6  :0.547
 A 132    G  C8   A 132    G  OP2 :0.544
 A  47    U  N3   A  65    U  O4  :0.540
 A 113    G  C2'  A 114    A  OP2 :0.540
 A  10    C  H6   A  10    C  OP2 :0.518
 A  99    G  O2'  A 100    U  OP1 :0.515
 A 120    A  H8   A 120    A  O5' :0.500
 A  40    A  N1   A  77    U  N3  :0.499
 A   9    A  C2'  A  10    C  O5' :0.498
 A 132    G  H8   A 132    G  OP2 :0.490
 A  23    A  N6   A 135    C  O2  :0.467
 A 142    C  C6   A 142    C  OP2 :0.463
 A  27    G  H2'  A  28    U  C6  :0.462
 A  94    G  C6   A  95    U  C2  :0.458
 A 116    C  N4   A 117    G  C6  :0.450
 A 100    U  OP1  A 101    C  N4  :0.449
 A  95    U  C2   A  96    U  C5  :0.445
 A  35    U  C2'  A  36    C  OP2 :0.424
 A  14    A  N6   A 141    C  N3  :0.424
 A  55    U  C5   A  55    U  OP1 :0.420
 A  50    C  N4   A  57    G  O6  :0.414
 A  73    A  H8   A  73    A  OP1 :0.407
 A 148    U  O2'  A 149    U  P   :0.401
clashscore = 8.80
