
Using nuclear cloud x-H distances and vdW radii

Using input model H/D atoms...

Bad Clashes >= 0.4 Angstrom:
 A  89    G  C8   A  89    G  OP1 :0.817
 A 113    G  O2'  A 114    A  O5' :0.785
 A 113    G  O2'  A 114    A  P   :0.709
 A  89    G  H3'  A  89    G  OP1 :0.709
 A  10    C  C6   A  10    C  OP2 :0.671
 A  23    A  H8   A  23    A  OP2 :0.666
 A  23    A  H8   A  23    A  P   :0.638
 A 120    A  O2'  A 121    G  P   :0.616
 A  35    U  O2'  A  36    C  OP2 :0.608
 A 120    A  O2'  A 121    G  OP1 :0.594
 A  88    A  H3'  A  88    A  OP1 :0.591
 A 135    C  H6   A 135    C  OP2 :0.587
 A  23    A  N6   A 135    C  O2  :0.586
 A  22    A  O2'  A  23    A  P   :0.577
 A  55    U  O2'  A  57    G  OP2 :0.569
 A  23    A  C8   A  23    A  OP2 :0.557
 A 132    G  C8   A 132    G  OP2 :0.545
 A 113    G  C2'  A 114    A  OP2 :0.542
 A  22    A  O2'  A  23    A  OP2 :0.539
 A 142    C  O4'  A 142    C  OP1 :0.534
 A  27    G  H2'  A  28    U  C6  :0.526
 A  10    C  H6   A  10    C  OP2 :0.519
 A  39    C  H6   A  39    C  OP2 :0.514
 A 120    A  H8   A 120    A  O5' :0.501
 A   9    A  C2'  A  10    C  O5' :0.499
 A 132    G  H8   A 132    G  OP2 :0.490
 A  39    C  C6   A  39    C  OP2 :0.481
 A  73    A  N7   A  75    C  N4  :0.474
 A  39    C  H2'  A  40    A  O4' :0.457
 A 116    C  N4   A 117    G  C6  :0.450
 A  21    U  H2'  A  22    A  O4' :0.447
 A  38    G  H2'  A  39    C  C6  :0.440
 A  63    G  H2'  A  64    U  O4' :0.438
 A  22    A  C2'  A  23    A  OP1 :0.425
 A 141    C  H6   A 141    C  O5' :0.425
 A  35    U  C2'  A  36    C  OP2 :0.424
 A  89    G  H3'  A  89    G  P   :0.418
 A  46    C  C4   A  47    U  C4  :0.417
 A 147    U  H3'  A 148    U  C5' :0.416
 A  52    G  N7   A  53    U  N3  :0.401
 A  40    A  O2'  A  41    G  H5' :0.400
clashscore = 8.39
