
                    ----------Backbone bond lenths----------                   

  All bonds within 4.0 sigma of ideal values.

                    ----------Backbone bond angles----------                   

  residue               atom 1  atom 2  atom 3  sigmas
   A  15    C              C3'     C2'     C1'   -4.20
   A  15    C              C4'     C3'     C2'    8.24
   A  15    C              O3'     C3'     C2'    7.59
   A 120    A              O3'     P       O5'   -4.48
  4/3357 angle outliers present

                        ----------Sugar pucker----------                       

  residue                  delta   outlier   epsilon   outlier
   A  35    U               79.1        no     154.7       yes
   A  76    A               80.6        no     148.3       yes
   A 113    G               80.9        no     114.5       yes
   A 120    A               85.0        no     104.4       yes
   A 147    U               84.3       yes      26.8       yes
  5/152 pucker outliers present

                  ----------Backbone torsion suites----------                  

  Suite ID                 suite  suiteness  triaged angle
     C A  10                  !!      0.000     gamma
     C A  15                  !!      0.000     gamma
     C A  36                  !!      0.000  epsilon-1
     U A  48                  !!      0.000      None
     G A  57                  !!      0.000      None
     U A  65                  !!      0.000     gamma
     G A  72                  !!      0.000      None
     A A  73                  !!      0.000      None
     U A  74                  !!      0.000      None
     A A  76                  !!      0.000      None
     U A  77                  !!      0.000  epsilon-1
     G A  89                  !!      0.000      None
     C A  98                  !!      0.000      None
     G A  99                  !!      0.000      None
     A A 114                  !!      0.000  epsilon-1
     G A 121                  !!      0.000  epsilon-1
     G A 132                  !!      0.000     gamma
     C A 136                  !!      0.000      None
     C A 142                  !!      0.000      None
     U A 148                  !!      0.000  epsilon-1
     U A 149                  !!      0.000      None
  9 suites triaged and 0 incomplete leaving 144 suites
  21/153 suite outliers present
  Average suiteness: 0.751
