
Using nuclear cloud x-H distances and vdW radii

Using input model H/D atoms...

Bad Clashes >= 0.4 Angstrom:
 A  89    G  H3'  A  89    G  OP1 :1.182
 A  89    G  C8   A  89    G  OP2 :1.122
 A  89    G  H8   A  89    G  OP2 :1.052
 A 136    C  C6   A 136    C  OP2 :0.875
 A  89    G  C8   A  89    G  P   :0.832
 A  89    G  H8   A  89    G  P   :0.828
 A  89    G  C3'  A  89    G  OP1 :0.789
 A 113    G  O2'  A 114    A  O5' :0.785
 A  88    A  H3'  A  88    A  OP1 :0.762
 A  57    G  H3'  A  57    G  N3  :0.711
 A 113    G  O2'  A 114    A  P   :0.708
 A 141    C  C6   A 141    C  OP2 :0.703
 A  15    C  O2'  A  16    A  OP1 :0.676
 A  10    C  C6   A  10    C  OP2 :0.671
 A  15    C  O2'  A  16    A  P   :0.664
 A  88    A  O2'  A  90    C  OP2 :0.660
 A 141    C  H6   A 141    C  OP2 :0.652
 A 136    C  C5   A 136    C  OP2 :0.630
 A 120    A  O2'  A 121    G  P   :0.617
 A  72    G  O2'  A  74    U  O2' :0.617
 A 136    C  H6   A 136    C  OP2 :0.613
 A  35    U  O2'  A  36    C  OP2 :0.607
 A 120    A  O2'  A 121    G  OP1 :0.594
 A  54    U  N3   A  57    G  O6  :0.559
 A 135    C  H6   A 135    C  O5' :0.556
 A  72    G  N3   A  72    G H5'' :0.549
 A 132    G  C8   A 132    G  OP2 :0.545
 A 113    G  C2'  A 114    A  OP2 :0.542
 A  10    C  H6   A  10    C  OP2 :0.519
 A  57    G  C3'  A  57    G  N3  :0.512
 A  56    C  O2   A  56    C  O4' :0.508
 A 120    A  H8   A 120    A  O5' :0.500
 A   9    A  C2'  A  10    C  O5' :0.499
 A  57    G  N3   A  57    G H5'' :0.498
 A 132    G  H8   A 132    G  OP2 :0.490
 A  27    G  H2'  A  28    U  C6  :0.478
 A  72    G  C5'  A  72    G  N3  :0.475
 A  54    U  H6   A  54    U  OP2 :0.457
 A 141    C  C5   A 141    C  OP2 :0.452
 A 116    C  N4   A 117    G  C6  :0.450
 A  14    A  N6   A 141    C  N3  :0.447
 A  88    A  O2'  A  89    G  OP1 :0.440
 A  35    U  C2'  A  36    C  OP2 :0.424
 A  88    A H5''  A  89    G  OP2 :0.420
 A   8    G  O6   A 147    U  N3  :0.418
 A  97    U  O2   A  98    C  N4  :0.415
 A  63    G  C6   A  64    U  C2  :0.412
 A  39    C  H2'  A  40    A  O4' :0.405
clashscore = 9.83
