
                    ----------Backbone bond lenths----------                   

  All bonds within 4.0 sigma of ideal values.

                    ----------Backbone bond angles----------                   

  residue               atom 1  atom 2  atom 3  sigmas
   A  23    A              O3'     P       OP1   -6.33
   A  23    A              O3'     P       OP2    8.56
   A  40    A              O3'     P       OP1    6.52
   A  40    A              O3'     P       OP2   24.64
   A  65    U              O3'     P       OP1   18.84
   A  65    U              O3'     P       OP2  -11.52
   A  77    U              O3'     P       OP1    8.49
   A  77    U              O3'     P       OP2   22.57
   A  88    A              O3'     P       OP1   18.85
   A  88    A              O3'     P       OP2  -11.51
   A 120    A              O3'     P       O5'   -4.48
   A 135    C              O3'     P       OP2   29.10
   A 148    U              O3'     P       OP1   -5.12
   A 148    U              O3'     P       OP2    7.10
  14/3357 angle outliers present

                        ----------Sugar pucker----------                       

  residue                  delta   outlier   epsilon   outlier
   A  35    U               79.1        no     154.7       yes
   A  88    A              157.2        no       5.7       yes
   A 113    G               80.9        no     114.5       yes
   A 120    A               84.9        no     104.3       yes
  4/152 pucker outliers present

                  ----------Backbone torsion suites----------                  

  Suite ID                 suite  suiteness  triaged angle
     C A  10                  !!      0.000     gamma
     A A  16                  !!      0.000     gamma
     A A  22                  !!      0.000      None
     C A  36                  !!      0.000  epsilon-1
     U A  48                  !!      0.000      None
     U A  54                  !!      0.000      None
     C A  59                  !!      0.000      None
     U A  74                  !!      0.000      None
     G A  89                  !!      0.000  epsilon-1
     C A 101                  !!      0.000     gamma
     A A 114                  !!      0.000  epsilon-1
     G A 121                  !!      0.000  epsilon-1
     G A 132                  !!      0.000     gamma
     C A 136                  !!      0.000      None
     C A 142                  !!      0.000      None
     U A 147                  !!      0.000     gamma
     U A 149                  !!      0.000      None
  9 suites triaged and 0 incomplete leaving 144 suites
  17/153 suite outliers present
  Average suiteness: 0.772
