
                    ----------Backbone bond lenths----------                   

  All bonds within 4.0 sigma of ideal values.

                    ----------Backbone bond angles----------                   

  residue               atom 1  atom 2  atom 3  sigmas
   A 120    A              O3'     P       O5'   -4.46
  1/3357 angle outliers present

                        ----------Sugar pucker----------                       

  residue                  delta   outlier   epsilon   outlier
   A  15    C               77.9        no      96.8       yes
   A  35    U               79.1        no     154.8       yes
   A  88    A               78.5        no      30.9       yes
   A 113    G               81.0        no     114.5       yes
   A 120    A               84.9        no     104.3       yes
  5/152 pucker outliers present

                  ----------Backbone torsion suites----------                  

  Suite ID                 suite  suiteness  triaged angle
     C A  10                  !!      0.000     gamma
     A A  16                  !!      0.000  epsilon-1
     C A  36                  !!      0.000  epsilon-1
     U A  48                  !!      0.000      None
     U A  54                  !!      0.000     gamma
     G A  72                  !!      0.000     gamma
     U A  74                  !!      0.000      None
     G A  89                  !!      0.000  epsilon-1
     C A  98                  !!      0.000      None
     A A 114                  !!      0.000  epsilon-1
     G A 121                  !!      0.000  epsilon-1
     G A 132                  !!      0.000     gamma
     C A 136                  !!      0.000      None
     C A 141                  !!      0.000     gamma
  10 suites triaged and 0 incomplete leaving 143 suites
  14/153 suite outliers present
  Average suiteness: 0.762
