
                    ----------Backbone bond lenths----------                   

  All bonds within 4.0 sigma of ideal values.

                    ----------Backbone bond angles----------                   

  All angles within 4.0 sigma of ideal values.

                        ----------Sugar pucker----------                       

  residue                  delta   outlier   epsilon   outlier
   A 209    U               76.5        no      82.5       yes
   A 281    G               79.2        no      27.6       yes
  2/134 pucker outliers present

                  ----------Backbone torsion suites----------                  

  Suite ID                 suite  suiteness  triaged angle
     C A 199                  !!      0.000      None
     G A 204                  !!      0.000      None
     C A 210                  !!      0.000  epsilon-1
     C A 250                  !!      0.000      None
     U A 262                  !!      0.000      None
     G A 263                  !!      0.000      None
     C A 269                  !!      0.000      None
     G A 270                  !!      0.000      None
     G A 272                  !!      0.000      None
     G A 282                  !!      0.000  epsilon-1
     A A 290                  !!      0.000      None
     G A 294                  !!      0.000      None
     G A 296                  !!      0.000      None
  2 suites triaged and 0 incomplete leaving 133 suites
  13/135 suite outliers present
  Average suiteness: 0.809
