
                    ----------Backbone bond lenths----------                   

  All bonds within 4.0 sigma of ideal values.

                    ----------Backbone bond angles----------                   

  All angles within 4.0 sigma of ideal values.

                        ----------Sugar pucker----------                       

  residue                  delta   outlier   epsilon   outlier
   A 209    U               76.2        no      81.0       yes
   A 281    G               78.9        no      28.0       yes
  2/134 pucker outliers present

                  ----------Backbone torsion suites----------                  

  Suite ID                 suite  suiteness  triaged angle
     U A 198                  !!      0.000      None
     C A 199                  !!      0.000      None
     C A 210                  !!      0.000  epsilon-1
     G A 214                  !!      0.000     alpha
     U A 223                  !!      0.000     gamma
     C A 250                  !!      0.000      None
     U A 253                  !!      0.000      None
     U A 262                  !!      0.000      None
     G A 263                  !!      0.000      None
     G A 282                  !!      0.000  epsilon-1
     G A 291                  !!      0.000      None
     U A 293                  !!      0.000      None
     G A 296                  !!      0.000      None
  4 suites triaged and 0 incomplete leaving 131 suites
  13/135 suite outliers present
  Average suiteness: 0.822
