
                    ----------Backbone bond lenths----------                   

  All bonds within 4.0 sigma of ideal values.

                    ----------Backbone bond angles----------                   

  All angles within 4.0 sigma of ideal values.

                        ----------Sugar pucker----------                       

  residue                  delta   outlier   epsilon   outlier
   A 281    G               78.9        no      29.1       yes
  1/134 pucker outliers present

                  ----------Backbone torsion suites----------                  

  Suite ID                 suite  suiteness  triaged angle
     A A 192                  !!      0.000      None
     C A 199                  !!      0.000      None
     C A 210                  !!      0.000      None
     U A 221                  !!      0.000      None
     C A 231                  !!      0.000      None
     U A 233                  !!      0.000     gamma
     C A 250                  !!      0.000      None
     G A 263                  !!      0.000      None
     G A 270                  !!      0.000      None
     G A 282                  !!      0.000  epsilon-1
     G A 291                  !!      0.000      None
  2 suites triaged and 0 incomplete leaving 133 suites
  11/135 suite outliers present
  Average suiteness: 0.789
