
                    ----------Backbone bond lenths----------                   

  All bonds within 4.0 sigma of ideal values.

                    ----------Backbone bond angles----------                   

  All angles within 4.0 sigma of ideal values.

                        ----------Sugar pucker----------                       

  residue                  delta   outlier   epsilon   outlier
   A 281    G               79.0        no      28.6       yes
  1/134 pucker outliers present

                  ----------Backbone torsion suites----------                  

  Suite ID                 suite  suiteness  triaged angle
     U A 198                  !!      0.000      None
     C A 199                  !!      0.000      None
     U A 221                  !!      0.000      None
     U A 233                  !!      0.000      None
     U A 249                  !!      0.000      None
     C A 250                  !!      0.000      None
     U A 262                  !!      0.000      None
     G A 263                  !!      0.000      None
     U A 268                  !!      0.000      None
     G A 282                  !!      0.000  epsilon-1
     A A 290                  !!      0.000     gamma
     G A 296                  !!      0.000      None
     G A 315                  !!      0.000      None
  2 suites triaged and 0 incomplete leaving 133 suites
  13/135 suite outliers present
  Average suiteness: 0.771
