
                    ----------Backbone bond lenths----------                   

  residue               atom 1  atom 2  sigmas
   A 230    U              C4'     O4'    4.45
  1/1885 bond outliers present

                    ----------Backbone bond angles----------                   

  residue               atom 1  atom 2  atom 3  sigmas
   A 203    A              O3'     P       O5'   -4.03
   A 230    U              C3'     C2'     C1'    4.93
   A 230    U              C4'     C3'     C2'    4.30
   A 230    U              O4'     C4'     C3'    5.01
   A 291    G              O3'     P       O5'   -5.39
  5/2961 angle outliers present

                        ----------Sugar pucker----------                       

  residue                  delta   outlier   epsilon   outlier
   A 203    A               79.2       yes      48.4       yes
   A 228    U               81.4        no      85.2       yes
   A 262    U               75.4        no      36.9       yes
   A 291    G               83.2        no     130.2       yes
  4/134 pucker outliers present

                  ----------Backbone torsion suites----------                  

  Suite ID                 suite  suiteness  triaged angle
     A A 192                  !!      0.000      None
     U A 193                  !!      0.000     gamma
     G A 195                  !!      0.000     gamma
     U A 198                  !!      0.000      None
     G A 204                  !!      0.000  epsilon-1
     A A 211                  !!      0.000      None
     U A 221                  !!      0.000      None
     U A 229                  !!      0.000  epsilon-1
     U A 230                  !!      0.000      None
     C A 231                  !!      0.000      None
     G A 243                  !!      0.000      None
     G A 244                  !!      0.000      beta
     A A 246                  !!      0.000      None
     A A 247                  !!      0.000      None
     C A 255                  !!      0.000      None
     G A 263                  !!      0.000  epsilon-1
     U A 267                  !!      0.000     gamma
     U A 271                  !!      0.000     gamma
     G A 292                  !!      0.000  epsilon-1
     G A 294                  !!      0.000      None
     A A 303                  !!      0.000      None
     A A 309                  !!      0.000     gamma
     G A 310                  !!      0.000      None
     C A 313                  !!      0.000      None
     G A 315                  !!      0.000     gamma
     G A 317                  !!      0.000     gamma
  12 suites triaged and 0 incomplete leaving 123 suites
  26/135 suite outliers present
  Average suiteness: 0.734
