
                    ----------Backbone bond lenths----------                   

  All bonds within 4.0 sigma of ideal values.

                    ----------Backbone bond angles----------                   

  residue               atom 1  atom 2  atom 3  sigmas
   A 195    G              O3'     P       OP1    4.83
   A 198    U              O3'     P       OP1   32.30
   A 203    A              O3'     P       OP1   -6.46
   A 203    A              O3'     P       OP2    8.74
   A 223    U              O3'     P       OP1   18.88
   A 223    U              O3'     P       OP2  -11.53
   A 281    G              O3'     P       OP1   -8.54
   A 281    G              O3'     P       OP2   11.68
   A 295    C              O3'     P       OP1   -4.80
   A 295    C              O3'     P       OP2    6.67
   A 316    A              O3'     P       O5'   -5.11
  11/2961 angle outliers present

                        ----------Sugar pucker----------                       

  residue                  delta   outlier   epsilon   outlier
   A 261    A               79.2        no     152.6       yes
   A 288    C               79.4        no     130.4       yes
   A 316    A               81.4        no     106.0       yes
  3/134 pucker outliers present

                  ----------Backbone torsion suites----------                  

  Suite ID                 suite  suiteness  triaged angle
     U A 193                  !!      0.000     gamma
     C A 199                  !!      0.000     gamma
     G A 204                  !!      0.000    zeta-1
     A A 211                  !!      0.000      None
     C A 216                  !!      0.000     gamma
     A A 217                  !!      0.000      None
     A A 219                  !!      0.000      None
     A A 224                  !!      0.000      None
     U A 229                  !!      0.000      None
     U A 230                  !!      0.000     gamma
     C A 231                  !!      0.000     gamma
     G A 239                  !!      0.000     gamma
     G A 243                  !!      0.000      None
     G A 244                  !!      0.000      beta
     C A 255                  !!      0.000      None
     U A 262                  !!      0.000  epsilon-1
     U A 267                  !!      0.000     gamma
     U A 271                  !!      0.000     gamma
     U A 275                  !!      0.000     gamma
     G A 282                  !!      0.000     gamma
     A A 289                  !!      0.000  epsilon-1
     G A 296                  !!      0.000      None
     A A 303                  !!      0.000      None
     A A 309                  !!      0.000     gamma
     G A 310                  !!      0.000      None
     C A 313                  !!      0.000      None
     G A 315                  !!      0.000      None
     G A 317                  !!      0.000  epsilon-1
  16 suites triaged and 0 incomplete leaving 119 suites
  28/135 suite outliers present
  Average suiteness: 0.740
