
                    ----------Backbone bond lenths----------                   

  All bonds within 4.0 sigma of ideal values.

                    ----------Backbone bond angles----------                   

  residue               atom 1  atom 2  atom 3  sigmas
   A 291    G              O3'     P       O5'   -5.39
  1/2961 angle outliers present

                        ----------Sugar pucker----------                       

  residue                  delta   outlier   epsilon   outlier
   A 195    G               82.4        no     146.2       yes
   A 198    U              148.5        no     312.0       yes
   A 203    A               92.7        no     151.1       yes
   A 291    G               83.2        no     130.2       yes
   A 314    A               81.4        no     126.9       yes
   A 316    A               81.4        no     143.7       yes
  6/134 pucker outliers present

                  ----------Backbone torsion suites----------                  

  Suite ID                 suite  suiteness  triaged angle
     G A 195                  !!      0.000     gamma
     U A 196                  !!      0.000  epsilon-1
     C A 199                  !!      0.000  epsilon-1
     G A 204                  !!      0.000  epsilon-1
     C A 210                  !!      0.000     gamma
     A A 211                  !!      0.000      None
     U A 221                  !!      0.000      None
     U A 229                  !!      0.000      None
     C A 231                  !!      0.000     gamma
     G A 243                  !!      0.000      None
     G A 244                  !!      0.000      beta
     A A 246                  !!      0.000     gamma
     A A 247                  !!      0.000      beta
     C A 255                  !!      0.000      None
     U A 262                  !!      0.000      None
     U A 267                  !!      0.000     gamma
     U A 271                  !!      0.000     gamma
     U A 275                  !!      0.000     gamma
     G A 282                  !!      0.000     gamma
     G A 292                  !!      0.000  epsilon-1
     G A 294                  !!      0.000      None
     A A 303                  !!      0.000     gamma
     C A 313                  !!      0.000    zeta-1
     G A 315                  !!      0.000  epsilon-1
     G A 317                  !!      0.000  epsilon-1
  18 suites triaged and 0 incomplete leaving 117 suites
  25/135 suite outliers present
  Average suiteness: 0.780
