
                    ----------Backbone bond lenths----------                   

  All bonds within 4.0 sigma of ideal values.

                    ----------Backbone bond angles----------                   

  residue               atom 1  atom 2  atom 3  sigmas
   A 291    G              O3'     P       O5'   -5.38
  1/2961 angle outliers present

                        ----------Sugar pucker----------                       

  residue                  delta   outlier   epsilon   outlier
   A 192    A               82.2        no      37.8       yes
   A 195    G               79.4        no     139.7       yes
   A 198    U               79.7        no     117.1       yes
   A 202    A               85.4        no      23.3       yes
   A 229    U              127.7       yes     204.4        no
   A 291    G               83.2        no     130.2       yes
  6/134 pucker outliers present

                  ----------Backbone torsion suites----------                  

  Suite ID                 suite  suiteness  triaged angle
     A A 192                  !!      0.000     gamma
     U A 193                  !!      0.000  epsilon-1
     G A 195                  !!      0.000     gamma
     U A 196                  !!      0.000  epsilon-1
     U A 198                  !!      0.000     alpha
     C A 199                  !!      0.000  epsilon-1
     A A 203                  !!      0.000  epsilon-1
     G A 204                  !!      0.000      None
     C A 210                  !!      0.000     gamma
     A A 211                  !!      0.000      None
     U A 221                  !!      0.000      None
     U A 229                  !!      0.000     gamma
     U A 230                  !!      0.000      None
     C A 231                  !!      0.000    zeta-1
     G A 243                  !!      0.000      None
     G A 244                  !!      0.000      beta
     A A 247                  !!      0.000      None
     C A 255                  !!      0.000     alpha
     U A 262                  !!      0.000     gamma
     G A 263                  !!      0.000      None
     U A 267                  !!      0.000     gamma
     U A 271                  !!      0.000     gamma
     G A 282                  !!      0.000     gamma
     G A 292                  !!      0.000  epsilon-1
     G A 294                  !!      0.000      None
     A A 303                  !!      0.000      None
     A A 309                  !!      0.000      None
     G A 310                  !!      0.000      None
     G A 315                  !!      0.000     gamma
  18 suites triaged and 0 incomplete leaving 117 suites
  29/135 suite outliers present
  Average suiteness: 0.759
