
Using nuclear cloud x-H distances and vdW radii

Using input model H/D atoms...

Bad Clashes >= 0.4 Angstrom:
 A 198    U  C6   A 198    U  OP2 :0.811
 A 192    A  H3'  A 192    A  OP1 :0.779
 A 254    G  O2'  A 255    C  OP1 :0.748
 A 198    U  C5   A 198    U  OP2 :0.714
 A 302    C  O2'  A 303    A  OP2 :0.680
 A 244    G  H4'  A 244    G  OP1 :0.668
 A 192    A  H2'  A 192    A  OP1 :0.667
 A 192    A  C3'  A 192    A  OP1 :0.653
 A 192    A  C2'  A 192    A  OP1 :0.628
 A 198    U  H6   A 198    U  OP2 :0.618
 A 315    G  H8   A 315    G  OP2 :0.605
 A 192    A  C4'  A 193    U  OP2 :0.604
 A 291    G  O2'  A 292    G  OP1 :0.550
 A 230    U  H6   A 230    U  OP2 :0.546
 A 254    G  H4'  A 255    C  OP1 :0.538
 A 302    C  H4'  A 303    A  O5' :0.528
 A 202    A  N1   A 309    A  N6  :0.525
 A 268    U  O2'  A 270    G  N7  :0.513
 A 192    A  H2'  A 192    A  P   :0.500
 A 267    U  O2   A 271    U  N3  :0.499
 A 291    G  N2   A 294    G  N7  :0.484
 A 218    C  O2'  A 219    A  O5' :0.481
 A 249    U  H2'  A 250    C  C6  :0.472
 A 192    A  O4'  A 193    U  OP2 :0.456
 A 218    C  N3   A 222    A  N6  :0.443
 A 302    C  C4'  A 303    A  O5' :0.438
 A 254    G  O2'  A 255    C  P   :0.425
 A 192    A  H4'  A 193    U  OP2 :0.419
 A 315    G  C8   A 315    G  OP2 :0.413
 A 243    G  O3'  A 244    G  O4' :0.408
 A 281    G  H2'  A 282    G  H5' :0.403
 A 230    U  C6   A 230    U  OP2 :0.401
clashscore = 7.40
