
                    ----------Backbone bond lenths----------                   

  All bonds within 4.0 sigma of ideal values.

                    ----------Backbone bond angles----------                   

  residue               atom 1  atom 2  atom 3  sigmas
   A 238    U              O3'     P       O5'   -4.46
   A 291    G              O3'     P       O5'   -5.42
  2/2961 angle outliers present

                        ----------Sugar pucker----------                       

  residue                  delta   outlier   epsilon   outlier
   A 195    G               80.7       yes      33.6       yes
   A 238    U               79.9        no      84.7       yes
   A 291    G               83.3        no     130.2       yes
  3/134 pucker outliers present

                  ----------Backbone torsion suites----------                  

  Suite ID                 suite  suiteness  triaged angle
     A A 192                  !!      0.000      None
     G A 195                  !!      0.000      None
     U A 196                  !!      0.000  epsilon-1
     C A 210                  !!      0.000     gamma
     A A 211                  !!      0.000    zeta-1
     U A 221                  !!      0.000      None
     C A 231                  !!      0.000      None
     G A 239                  !!      0.000  epsilon-1
     G A 243                  !!      0.000      None
     G A 244                  !!      0.000      beta
     C A 255                  !!      0.000     alpha
     U A 262                  !!      0.000      None
     G A 263                  !!      0.000      None
     U A 267                  !!      0.000     gamma
     U A 271                  !!      0.000     gamma
     G A 282                  !!      0.000     gamma
     G A 292                  !!      0.000  epsilon-1
     G A 294                  !!      0.000      None
     A A 303                  !!      0.000      None
     A A 309                  !!      0.000     gamma
     C A 313                  !!      0.000      None
  11 suites triaged and 0 incomplete leaving 124 suites
  21/135 suite outliers present
  Average suiteness: 0.736
