
Using nuclear cloud x-H distances and vdW radii

Using input model H/D atoms...

Bad Clashes >= 0.4 Angstrom:
 A 203    A  O2'  A 204    G  OP2 :1.224
 A 313    C  C6   A 313    C  OP2 :0.793
 A 228    U  O2'  A 229    U  P   :0.783
 A 204    G  C8   A 204    G  OP2 :0.744
 A 202    A  N1   A 309    A  N6  :0.714
 A 255    C  O4'  A 255    C  OP2 :0.713
 A 315    G  H8   A 315    G  OP2 :0.704
 A 262    U  O2'  A 263    G  O5' :0.687
 A 244    G  H4'  A 244    G  OP1 :0.668
 A 228    U  O2'  A 229    U  OP1 :0.663
 A 317    G  H8   A 317    G  OP2 :0.635
 A 317    G  C8   A 317    G  OP2 :0.624
 A 315    G  C8   A 315    G  OP2 :0.622
 A 262    U  O2'  A 264    U  OP2 :0.580
 A 291    G  O2'  A 292    G  OP1 :0.558
 A 211    A  C8   A 211    A  OP2 :0.526
 A 262    U  H4'  A 263    G  OP1 :0.517
 A 313    C  C5   A 313    C  OP2 :0.510
 A 218    C  O2'  A 219    A  O5' :0.498
 A 267    U  O2   A 271    U  N3  :0.497
 A 268    U  O2'  A 270    G  N7  :0.493
 A 249    U  H2'  A 250    C  C6  :0.476
 A 263    G  H8   A 263    G  OP1 :0.475
 A 203    A  O2'  A 204    G  C8  :0.472
 A 255    C  H6   A 255    C  P   :0.463
 A 291    G  N2   A 294    G  N7  :0.453
 A 204    G  C6   A 309    A  N6  :0.450
 A 262    U  C4'  A 263    G  OP1 :0.449
 A 204    G  H3'  A 204    G  P   :0.447
 A 230    U  C6   A 231    C  C5  :0.444
 A 203    A  O2'  A 204    G  P   :0.434
 A 218    C  N3   A 222    A  N6  :0.426
 A 313    C  H6   A 313    C  OP2 :0.424
 A 198    U  C4   A 199    C  C4  :0.422
 A 230    U  H3'  A 231    C  C6  :0.418
 A 204    G  OP1  A 205    U  OP2 :0.415
 A 230    U  C6   A 282    G  O2' :0.408
 A 243    G  O3'  A 244    G  O4' :0.408
 A 291    G  O2'  A 292    G  P   :0.404
 A 203    A  O2'  A 204    G  N7  :0.403
clashscore = 9.25
