
                    ----------Backbone bond lenths----------                   

  All bonds within 4.0 sigma of ideal values.

                    ----------Backbone bond angles----------                   

  residue               atom 1  atom 2  atom 3  sigmas
   A 246    A              O3'     C3'     C2'   -7.12
   A 291    G              O3'     P       O5'   -5.38
  2/2961 angle outliers present

                        ----------Sugar pucker----------                       

  residue                  delta   outlier   epsilon   outlier
   A 246    A               67.9        no      74.3       yes
   A 291    G               83.2        no     130.2       yes
   A 312    G               81.2        no     145.1       yes
  3/134 pucker outliers present

                  ----------Backbone torsion suites----------                  

  Suite ID                 suite  suiteness  triaged angle
     A A 192                  !!      0.000      None
     G A 195                  !!      0.000     gamma
     U A 196                  !!      0.000     gamma
     U A 198                  !!      0.000     gamma
     C A 199                  !!      0.000      None
     A A 202                  !!      0.000      None
     A A 203                  !!      0.000      None
     G A 204                  !!      0.000     gamma
     C A 210                  !!      0.000     gamma
     A A 211                  !!      0.000     gamma
     U A 221                  !!      0.000      None
     U A 229                  !!      0.000      None
     U A 230                  !!      0.000     gamma
     C A 231                  !!      0.000      None
     G A 243                  !!      0.000      None
     G A 244                  !!      0.000      beta
     A A 246                  !!      0.000      None
     A A 247                  !!      0.000  epsilon-1
     C A 255                  !!      0.000      beta
     U A 262                  !!      0.000      None
     G A 263                  !!      0.000      None
     U A 267                  !!      0.000     gamma
     U A 271                  !!      0.000     gamma
     G A 292                  !!      0.000  epsilon-1
     G A 294                  !!      0.000      None
     A A 303                  !!      0.000      None
     C A 313                  !!      0.000  epsilon-1
     G A 315                  !!      0.000      None
     G A 317                  !!      0.000     gamma
  15 suites triaged and 0 incomplete leaving 120 suites
  29/135 suite outliers present
  Average suiteness: 0.744
