
Using nuclear cloud x-H distances and vdW radii

Using input model H/D atoms...

Bad Clashes >= 0.4 Angstrom:
 A 196    U  C6   A 196    U  OP1 :1.152
 A 193    U  C6   A 193    U  OP1 :1.067
 A 196    U  O4'  A 196    U  OP1 :0.948
 A 196    U  H6   A 196    U  OP1 :0.807
 A 198    U  C2'  A 199    C  OP2 :0.769
 A 204    G  C8   A 204    G  OP2 :0.762
 A 204    G  H8   A 204    G  OP2 :0.751
 A 196    U  O4'  A 196    U  P   :0.742
 A 198    U  O2'  A 199    C  P   :0.719
 A 192    A  O2'  A 193    U  OP1 :0.700
 A 244    G  H4'  A 244    G  OP1 :0.668
 A 195    G  C2'  A 196    U  OP1 :0.636
 A 195    G  H2'  A 196    U  OP1 :0.636
 A 202    A  O2'  A 203    A  OP1 :0.627
 A 198    U  O2'  A 199    C  OP2 :0.612
 A 196    U  C1'  A 196    U  OP1 :0.604
 A 198    U  O2'  A 199    C  O5' :0.583
 A 196    U  N1   A 196    U  OP1 :0.552
 A 193    U  H6   A 193    U  OP1 :0.550
 A 291    G  O2'  A 292    G  OP1 :0.550
 A 193    U  C5   A 193    U  OP1 :0.539
 A 229    U  O2'  A 230    U  OP2 :0.526
 A 196    U  H6   A 196    U  P   :0.525
 A 268    U  O2'  A 270    G  N7  :0.523
 A 202    A  N3   A 309    A  N6  :0.510
 A 203    A  H8   A 203    A  OP1 :0.504
 A 267    U  O2   A 271    U  N3  :0.501
 A 218    C  O2'  A 219    A  O5' :0.497
 A 198    U  H2'  A 199    C  OP2 :0.492
 A 291    G  N2   A 294    G  N7  :0.475
 A 249    U  H2'  A 250    C  C6  :0.473
 A 193    U  H6   A 193    U  P   :0.469
 A 229    U  OP2  A 282    G  N2  :0.463
 A 195    G  O2'  A 196    U  P   :0.427
 A 218    C  N3   A 222    A  N6  :0.423
 A 195    G  O6   A 314    A  N6  :0.420
 A 192    A  N6   A 312    G  OP1 :0.419
 A 281    G  H2'  A 282    G  H5' :0.412
 A 243    G  O3'  A 244    G  O4' :0.408
 A 261    A  O2'  A 262    U  O5' :0.407
clashscore = 9.25
