
                    ----------Backbone bond lenths----------                   

  residue               atom 1  atom 2  sigmas
   A 210    C              O3'     P     -4.71
  1/1885 bond outliers present

                    ----------Backbone bond angles----------                   

  residue               atom 1  atom 2  atom 3  sigmas
   A 210    C              O3'     P       O5'   -4.33
   A 291    G              O3'     P       O5'   -5.39
  2/2961 angle outliers present

                        ----------Sugar pucker----------                       

  residue                  delta   outlier   epsilon   outlier
   A 210    C               85.1        no       3.9       yes
   A 261    A               79.2        no      56.7       yes
   A 291    G               83.2        no     130.2       yes
   A 302    C               81.6        no     331.3       yes
  4/134 pucker outliers present

                  ----------Backbone torsion suites----------                  

  Suite ID                 suite  suiteness  triaged angle
     U A 193                  !!      0.000      None
     C A 199                  !!      0.000     gamma
     A A 202                  !!      0.000     gamma
     A A 203                  !!      0.000      beta
     A A 211                  !!      0.000  epsilon-1
     U A 221                  !!      0.000      None
     U A 229                  !!      0.000     gamma
     U A 230                  !!      0.000      None
     C A 231                  !!      0.000     gamma
     G A 243                  !!      0.000      None
     G A 244                  !!      0.000      beta
     A A 246                  !!      0.000      None
     A A 247                  !!      0.000      None
     C A 255                  !!      0.000      None
     U A 262                  !!      0.000  epsilon-1
     G A 263                  !!      0.000     gamma
     U A 267                  !!      0.000     gamma
     U A 271                  !!      0.000     gamma
     G A 282                  !!      0.000     gamma
     G A 292                  !!      0.000  epsilon-1
     G A 294                  !!      0.000      None
     A A 303                  !!      0.000  epsilon-1
     A A 309                  !!      0.000      None
     G A 310                  !!      0.000      None
     C A 313                  !!      0.000      None
     G A 315                  !!      0.000     gamma
     G A 317                  !!      0.000      None
  15 suites triaged and 0 incomplete leaving 120 suites
  27/135 suite outliers present
  Average suiteness: 0.748
