
                    ----------Backbone bond lenths----------                   

  All bonds within 4.0 sigma of ideal values.

                    ----------Backbone bond angles----------                   

  residue               atom 1  atom 2  atom 3  sigmas
   A 198    U              O3'     C3'     C2'    4.45
   A 291    G              O3'     P       O5'   -5.38
  2/2961 angle outliers present

                        ----------Sugar pucker----------                       

  residue                  delta   outlier   epsilon   outlier
   A 230    U              158.8        no     354.0       yes
   A 291    G               83.3        no     130.2       yes
   A 302    C               81.6        no      23.2       yes
  3/134 pucker outliers present

                  ----------Backbone torsion suites----------                  

  Suite ID                 suite  suiteness  triaged angle
     U A 193                  !!      0.000     gamma
     G A 195                  !!      0.000      None
     U A 196                  !!      0.000     gamma
     U A 198                  !!      0.000      None
     C A 199                  !!      0.000      None
     A A 203                  !!      0.000      None
     G A 204                  !!      0.000      None
     U A 221                  !!      0.000      None
     U A 229                  !!      0.000      None
     U A 230                  !!      0.000      None
     C A 231                  !!      0.000  epsilon-1
     G A 243                  !!      0.000      None
     G A 244                  !!      0.000      beta
     A A 247                  !!      0.000      None
     C A 255                  !!      0.000      None
     G A 263                  !!      0.000      None
     U A 267                  !!      0.000     gamma
     U A 271                  !!      0.000     gamma
     G A 292                  !!      0.000  epsilon-1
     G A 294                  !!      0.000      None
     A A 303                  !!      0.000  epsilon-1
     G A 317                  !!      0.000     gamma
  9 suites triaged and 0 incomplete leaving 126 suites
  22/135 suite outliers present
  Average suiteness: 0.732
