
                    ----------Backbone bond lenths----------                   

  All bonds within 4.0 sigma of ideal values.

                    ----------Backbone bond angles----------                   

  residue               atom 1  atom 2  atom 3  sigmas
   A 267    U              O3'     C3'     C2'    7.15
  1/2961 angle outliers present

                        ----------Sugar pucker----------                       

  residue                  delta   outlier   epsilon   outlier
   A 227    U               79.4        no      79.6       yes
   A 299    G               80.9        no     105.3       yes
  2/134 pucker outliers present

                  ----------Backbone torsion suites----------                  

  Suite ID                 suite  suiteness  triaged angle
     G A 213                  !!      0.000      None
     C A 228                  !!      0.000  epsilon-1
     G A 231                  !!      0.000     alpha
     G A 232                  !!      0.000     alpha
     A A 237                  !!      0.000     gamma
     A A 238                  !!      0.000      None
     U A 248                  !!      0.000      None
     G A 250                  !!      0.000      None
     C A 252                  !!      0.000      None
     G A 255                  !!      0.000     gamma
     A A 264                  !!      0.000     gamma
     A A 265                  !!      0.000     gamma
     U A 266                  !!      0.000      None
     U A 267                  !!      0.000      None
     C A 268                  !!      0.000      None
     G A 270                  !!      0.000     gamma
     U A 280                  !!      0.000      None
     G A 281                  !!      0.000      None
     C A 287                  !!      0.000      None
     G A 288                  !!      0.000      beta
     G A 290                  !!      0.000     gamma
     A A 300                  !!      0.000  epsilon-1
     U A 311                  !!      0.000      None
     C A 313                  !!      0.000     gamma
     G A 333                  !!      0.000      None
  12 suites triaged and 0 incomplete leaving 123 suites
  25/135 suite outliers present
  Average suiteness: 0.754
