
                    ----------Backbone bond lenths----------                   

  All bonds within 4.0 sigma of ideal values.

                    ----------Backbone bond angles----------                   

  residue               atom 1  atom 2  atom 3  sigmas
   A 312    G              O3'     C3'     C2'   -4.10
   A 313    C              O3'     C3'     C2'   -7.22
  2/2961 angle outliers present

                        ----------Sugar pucker----------                       

  residue                  delta   outlier   epsilon   outlier
   A 227    U               79.4        no      79.7       yes
   A 267    U              152.8        no       8.3       yes
   A 299    G               80.9        no     105.3       yes
   A 312    G               96.7       yes      41.2       yes
   A 313    C              125.1       yes      54.3       yes
  5/134 pucker outliers present

                  ----------Backbone torsion suites----------                  

  Suite ID                 suite  suiteness  triaged angle
     C A 212                  !!      0.000     gamma
     C A 228                  !!      0.000  epsilon-1
     G A 232                  !!      0.000     alpha
     A A 238                  !!      0.000      None
     U A 251                  !!      0.000      None
     C A 252                  !!      0.000      None
     G A 255                  !!      0.000     gamma
     U A 266                  !!      0.000     gamma
     U A 267                  !!      0.000     gamma
     C A 268                  !!      0.000  epsilon-1
     G A 270                  !!      0.000      beta
     U A 280                  !!      0.000      None
     G A 281                  !!      0.000      beta
     A A 300                  !!      0.000  epsilon-1
     A A 308                  !!      0.000     gamma
     U A 311                  !!      0.000     gamma
     G A 312                  !!      0.000      None
     C A 313                  !!      0.000  epsilon-1
     G A 314                  !!      0.000  epsilon-1
     G A 333                  !!      0.000      None
  14 suites triaged and 0 incomplete leaving 121 suites
  20/135 suite outliers present
  Average suiteness: 0.792
