
Using nuclear cloud x-H distances and vdW radii

Using input model H/D atoms...

Bad Clashes >= 0.4 Angstrom:
 A 250    G  H3'  A 250    G  OP1 :1.125
 A 249    C  H3'  A 249    C  O2  :0.816
 A 270    G  H4'  A 270    G  OP1 :0.800
 A 252    C  H6   A 252    C  OP1 :0.762
 A 268    C  O3'  A 268    C  P   :0.740
 A 213    G  O2'  A 214    U  OP2 :0.702
 A 252    C  H6   A 252    C  P   :0.697
 A 299    G  O2'  A 300    A  O5' :0.688
 A 250    G  C3'  A 250    G  OP1 :0.687
 A 252    C  C6   A 252    C  OP1 :0.670
 A 267    U  O2'  A 268    C  OP1 :0.652
 A 332    A  C2'  A 333    G  O5' :0.649
 A 249    C  O2'  A 250    G  OP1 :0.608
 A 251    U  O2'  A 252    C  O5' :0.592
 A 258    C  H6   A 258    C  O5' :0.591
 A 249    C  C3'  A 249    C  O2  :0.585
 A 307    A  O2'  A 308    A  O4' :0.571
 A 249    C  C2'  A 250    G  OP1 :0.566
 A 239    U  H6   A 239    U  OP1 :0.545
 A 245    G  N7   A 250    G  N2  :0.542
 A 332    A  O2'  A 333    G  O5' :0.531
 A 231    G  C2'  A 232    G  OP2 :0.521
 A 307    A  H4'  A 307    A  OP1 :0.514
 A 231    G  H2'  A 232    G  OP2 :0.510
 A 216    U  C4   A 217    C  C5  :0.509
 A 252    C  C6   A 252    C  P   :0.503
 A 251    U  C2'  A 252    C  OP2 :0.502
 A 249    C  N4   A 252    C  OP1 :0.486
 A 215    G  H2'  A 216    U  C6  :0.474
 A 216    U  H6   A 216    U  O5' :0.470
 A 245    G  C6   A 246    U  C2  :0.460
 A 251    U  H2'  A 252    C  OP2 :0.452
 A 242    A  N7   A 255    G  N2  :0.448
 A 248    U  O2'  A 249    C  O4' :0.446
 A 268    C  H4'  A 268    C  OP2 :0.443
 A 216    U  O4   A 217    C  N4  :0.431
 A 308    A  C6   A 309    G  N7  :0.419
 A 231    G  C2   A 269    G  O6  :0.418
 A 332    A  H2'  A 333    G  O5' :0.411
 A 268    C  C3'  A 268    C  P   :0.411
 A 299    G  O2'  A 300    A  C5' :0.409
clashscore = 9.50
