
Using nuclear cloud x-H distances and vdW radii

Using input model H/D atoms...

Bad Clashes >= 0.4 Angstrom:
 A 238    A  O4'  A 239    U  OP2 :0.769
 A 299    G  O2'  A 300    A  P   :0.752
 A 227    U  O2'  A 228    C  P   :0.743
 A 238    A  C4'  A 239    U  OP2 :0.728
 A 299    G  O2'  A 300    A  O5' :0.723
 A 310    G  O4'  A 310    G  OP2 :0.716
 A 266    U  O2'  A 268    C  O2' :0.694
 A 332    A  C2'  A 333    G  O5' :0.580
 A 238    A  C1'  A 239    U  OP2 :0.570
 A 255    G  H8   A 255    G  OP2 :0.568
 A 227    U  O2'  A 228    C  OP1 :0.538
 A 251    U  C6   A 251    U  OP1 :0.530
 A 299    G  C2'  A 300    A  OP2 :0.526
 A 299    G  O2'  A 300    A  OP2 :0.509
 A 242    A  N6   A 254    G  O6  :0.493
 A 250    G  H8   A 250    G  OP2 :0.488
 A 213    G  O2'  A 214    U  P   :0.471
 A 251    U  H6   A 251    U  OP1 :0.463
 A 251    U  H6   A 251    U  P   :0.460
 A 227    U  O2'  A 228    C  OP2 :0.444
 A 332    A  H2'  A 333    G  O5' :0.438
 A 239    U  H3'  A 239    U  P   :0.419
 A 258    C  H6   A 258    C  O5' :0.413
 A 267    U  C2'  A 268    C  OP1 :0.407
 A 284    U  O4   A 288    G  N1  :0.405
 A 288    G  N3   A 288    G  O4' :0.404
 A 238    A  H4'  A 239    U  OP2 :0.401
clashscore = 6.25
