
Using nuclear cloud x-H distances and vdW radii

Using input model H/D atoms...

Bad Clashes >= 0.4 Angstrom:
 A 212    C  O2'  A 213    G  OP2 :0.763
 A 269    G  O2'  A 270    G  OP2 :0.757
 A 299    G  O2'  A 300    A  P   :0.752
 A 227    U  O2'  A 228    C  P   :0.745
 A 299    G  O2'  A 300    A  O5' :0.723
 A 310    G  O2'  A 311    U  OP2 :0.681
 A 312    G  H8   A 312    G  OP1 :0.672
 A 247    U  H6   A 247    U  O5' :0.657
 A 307    A  O2'  A 308    A  O4' :0.597
 A 215    G  N2   A 216    U  C4  :0.591
 A 332    A  C2'  A 333    G  O5' :0.580
 A 255    G  H8   A 255    G  OP2 :0.568
 A 267    U  O2'  A 268    C  O5' :0.565
 A 215    G  C2   A 216    U  C4  :0.562
 A 227    U  O2'  A 228    C  OP1 :0.537
 A 216    U  C4   A 217    C  C4  :0.532
 A 299    G  C2'  A 300    A  OP2 :0.525
 A 307    A  H8   A 307    A  O5' :0.519
 A 299    G  O2'  A 300    A  OP2 :0.511
 A 215    G  C2   A 216    U  C5  :0.500
 A 264    A  O2'  A 265    A  N7  :0.500
 A 306    C  H2'  A 307    A  O4' :0.470
 A 216    U  C5   A 217    C  C5  :0.468
 A 227    U  O2'  A 228    C  OP2 :0.445
 A 213    G  C6   A 333    G  C2  :0.440
 A 332    A  H2'  A 333    G  O5' :0.439
 A 242    A  N6   A 254    G  O6  :0.426
 A 249    C  H6   A 249    C  O5' :0.422
 A 308    A  H8   A 308    A  O5' :0.414
clashscore = 6.72
