
Using nuclear cloud x-H distances and vdW radii

Using input model H/D atoms...

Bad Clashes >= 0.4 Angstrom:
 A 281    G  H3'  A 281    G  OP2 :1.346
 A 281    G  C3'  A 281    G  OP2 :0.988
 A 281    G  H3'  A 281    G  P   :0.856
 A 212    C  H2'  A 212    C  OP2 :0.833
 A 251    U  H3'  A 251    U  O2  :0.782
 A 299    G  O2'  A 300    A  P   :0.752
 A 227    U  O2'  A 228    C  P   :0.745
 A 232    G  H8   A 232    G  OP2 :0.739
 A 299    G  O2'  A 300    A  O5' :0.723
 A 266    U  O2'  A 267    U  O4' :0.693
 A 311    U  O4'  A 312    G  N7  :0.687
 A 212    C  C2'  A 212    C  OP2 :0.647
 A 312    G  O2'  A 313    C  O5' :0.631
 A 251    U  C3'  A 251    U  O2  :0.589
 A 332    A  C2'  A 333    G  O5' :0.581
 A 255    G  H8   A 255    G  OP2 :0.568
 A 227    U  O2'  A 228    C  OP1 :0.536
 A 232    G  C8   A 232    G  OP2 :0.532
 A 267    U  O4'  A 268    C  OP2 :0.530
 A 299    G  C2'  A 300    A  OP2 :0.526
 A 281    G  C8   A 281    G  OP2 :0.521
 A 313    C  H2'  A 313    C  O2  :0.518
 A 212    C  C3'  A 212    C  OP2 :0.517
 A 299    G  O2'  A 300    A  OP2 :0.510
 A 270    G  H4'  A 270    G  OP1 :0.506
 A 267    U  C4'  A 268    C  OP2 :0.482
 A 212    C  H3'  A 212    C  OP2 :0.480
 A 216    U  C5   A 217    C  C5  :0.479
 A 265    A  O2'  A 268    C  O2  :0.477
 A 250    G  O2'  A 251    U  OP2 :0.470
 A 267    U  N3   A 313    C  O2' :0.465
 A 287    C  H6   A 287    C  O5' :0.453
 A 242    A  N6   A 254    G  O6  :0.447
 A 227    U  O2'  A 228    C  OP2 :0.444
 A 313    C  H1'  A 314    G  OP1 :0.441
 A 332    A  H2'  A 333    G  O5' :0.439
 A 281    G  C3'  A 281    G  P   :0.438
 A 267    U  H4'  A 268    C  O5' :0.426
 A 284    U  C5   A 285    U  C4  :0.417
 A 267    U  C1'  A 268    C  OP2 :0.415
clashscore = 9.26
