
Using nuclear cloud x-H distances and vdW radii

Using input model H/D atoms...

Bad Clashes >= 0.4 Angstrom:
 A 212    C  O2'  A 213    G  OP2 :0.770
 A 299    G  O2'  A 300    A  P   :0.751
 A 227    U  O2'  A 228    C  P   :0.743
 A 267    U  O2'  A 268    C  O5' :0.725
 A 299    G  O2'  A 300    A  O5' :0.722
 A 309    G  H3'  A 309    G  OP1 :0.621
 A 285    U  O4   A 288    G  N2  :0.619
 A 332    A  C2'  A 333    G  O5' :0.579
 A 237    A  N6   A 258    C  N3  :0.577
 A 287    C  O2'  A 288    G  O4' :0.574
 A 255    G  H8   A 255    G  OP2 :0.568
 A 308    A  H2'  A 308    A  N3  :0.567
 A 269    G  O2'  A 270    G  OP1 :0.557
 A 266    U  O4'  A 266    U  OP2 :0.548
 A 227    U  O2'  A 228    C  OP1 :0.537
 A 284    U  O4   A 290    G  N2  :0.530
 A 299    G  C2'  A 300    A  OP2 :0.527
 A 299    G  O2'  A 300    A  OP2 :0.510
 A 288    G  O2'  A 289    U  OP2 :0.483
 A 251    U  C5   A 252    C  C5  :0.478
 A 212    C  H4'  A 213    G  O5' :0.466
 A 242    A  N6   A 254    G  O6  :0.451
 A 227    U  O2'  A 228    C  OP2 :0.444
 A 309    G  H1'  A 310    G  C8  :0.438
 A 332    A  H2'  A 333    G  O5' :0.437
 A 215    G  H2'  A 216    U  C6  :0.436
 A 213    G  C6   A 333    G  C2  :0.433
 A 267    U  H4'  A 268    C  O5' :0.421
 A 238    A  C8   A 238    A  P   :0.418
 A 280    U  O2'  A 281    G  OP1 :0.405
 A 212    C  C4'  A 213    G  O5' :0.402
clashscore = 7.18
