
                    ----------Backbone bond lenths----------                   

  residue               atom 1  atom 2  sigmas
   A 216    U              O4'     C1'   -6.25
  1/1885 bond outliers present

                    ----------Backbone bond angles----------                   

  residue               atom 1  atom 2  atom 3  sigmas
   A 216    U              O4'     C1'     C2'    4.25
   A 312    G              O4'     C4'     C3'    4.62
  2/2961 angle outliers present

                        ----------Sugar pucker----------                       

  residue                  delta   outlier   epsilon   outlier
   A 227    U               79.4        no      79.7       yes
   A 236    C               79.4        no     154.6       yes
   A 299    G               80.8        no     105.3       yes
  3/134 pucker outliers present

                  ----------Backbone torsion suites----------                  

  Suite ID                 suite  suiteness  triaged angle
     G A 213                  !!      0.000      None
     U A 214                  !!      0.000     gamma
     U A 216                  !!      0.000      None
     C A 228                  !!      0.000  epsilon-1
     A A 237                  !!      0.000  epsilon-1
     U A 246                  !!      0.000      None
     U A 248                  !!      0.000      None
     G A 255                  !!      0.000     gamma
     A A 264                  !!      0.000      None
     A A 265                  !!      0.000     gamma
     U A 266                  !!      0.000     gamma
     U A 267                  !!      0.000      None
     C A 268                  !!      0.000      None
     G A 269                  !!      0.000      beta
     G A 270                  !!      0.000      None
     U A 280                  !!      0.000      None
     G A 281                  !!      0.000      None
     A A 300                  !!      0.000  epsilon-1
     A A 307                  !!      0.000     gamma
     U A 311                  !!      0.000      None
     G A 333                  !!      0.000      None
  9 suites triaged and 0 incomplete leaving 126 suites
  21/135 suite outliers present
  Average suiteness: 0.753
