
Using nuclear cloud x-H distances and vdW radii

Using input model H/D atoms...

Bad Clashes >= 0.4 Angstrom:
 A 280    U  H3'  A 280    U  OP1 :1.292
 A 280    U  C3'  A 280    U  OP1 :0.922
 A 309    G  O2'  A 310    G  OP2 :0.919
 A 280    U  H3'  A 280    U  P   :0.811
 A 250    G  N2   A 250    G  OP2 :0.758
 A 299    G  O2'  A 300    A  P   :0.752
 A 227    U  O2'  A 228    C  P   :0.743
 A 299    G  O2'  A 300    A  O5' :0.724
 A 309    G  O2'  A 310    G  P   :0.707
 A 268    C  H4'  A 268    C  OP2 :0.693
 A 270    G  N7   A 312    G  N2  :0.665
 A 237    A  O2'  A 238    A  N7  :0.613
 A 310    G  H2'  A 310    G  N3  :0.586
 A 311    U  O2   A 311    U  O2' :0.584
 A 332    A  C2'  A 333    G  O5' :0.579
 A 255    G  H8   A 255    G  OP2 :0.568
 A 310    G  C2'  A 310    G  N3  :0.546
 A 286    U  H6   A 286    U  OP1 :0.546
 A 265    A  H8   A 265    A  OP2 :0.543
 A 265    A  C8   A 265    A  OP2 :0.541
 A 227    U  O2'  A 228    C  OP1 :0.537
 A 266    U  O2'  A 268    C  O2' :0.530
 A 269    G  H4'  A 269    G  OP1 :0.528
 A 299    G  C2'  A 300    A  OP2 :0.527
 A 309    G  C2'  A 310    G  OP2 :0.512
 A 299    G  O2'  A 300    A  OP2 :0.511
 A 216    U  H6   A 216    U  O5' :0.505
 A 242    A  N6   A 254    G  O6  :0.456
 A 306    C  H2'  A 307    A  O4' :0.453
 A 311    U  C2'  A 311    U  O2  :0.448
 A 310    G  H3'  A 310    G  N3  :0.448
 A 227    U  O2'  A 228    C  OP2 :0.444
 A 332    A  H2'  A 333    G  O5' :0.437
 A 269    G  H3'  A 270    G  C8  :0.408
 A 212    C  H2'  A 214    U  C6  :0.407
clashscore = 8.11
