
Using nuclear cloud x-H distances and vdW radii

Using input model H/D atoms...

Bad Clashes >= 0.4 Angstrom:
 A 265    A  C8   A 265    A  OP1 :1.391
 A 265    A  H8   A 265    A  P   :0.872
 A 213    G  H3'  A 213    G  OP1 :0.867
 A 265    A  H8   A 265    A  OP1 :0.836
 A 213    G  C3'  A 213    G  OP1 :0.821
 A 213    G  C2'  A 213    G  OP1 :0.803
 A 213    G  H2'  A 213    G  OP1 :0.770
 A 299    G  O2'  A 300    A  P   :0.753
 A 227    U  O2'  A 228    C  P   :0.744
 A 311    U  H6   A 311    U  OP1 :0.727
 A 299    G  O2'  A 300    A  O5' :0.723
 A 237    A  N7   A 259    G  N2  :0.707
 A 269    G  H4'  A 269    G  OP1 :0.680
 A 266    U  O2'  A 267    U  O5' :0.672
 A 215    G  H2'  A 216    U  C6  :0.627
 A 332    A  C2'  A 333    G  O5' :0.580
 A 265    A  N9   A 265    A  OP1 :0.576
 A 216    U  H2'  A 217    C  C6  :0.573
 A 255    G  H8   A 255    G  OP2 :0.568
 A 265    A  H3'  A 265    A  OP1 :0.556
 A 214    U  C6   A 214    U  OP2 :0.538
 A 227    U  O2'  A 228    C  OP1 :0.537
 A 299    G  C2'  A 300    A  OP2 :0.526
 A 213    G  H2'  A 213    G  P   :0.513
 A 299    G  O2'  A 300    A  OP2 :0.511
 A 269    G  O3'  A 270    G  O4' :0.508
 A 247    U  H6   A 247    U  O5' :0.499
 A 215    G  C2   A 216    U  C2  :0.492
 A 307    A  O2'  A 308    A  O4' :0.462
 A 236    C  O2'  A 237    A  O5' :0.460
 A 242    A  N6   A 254    G  O6  :0.454
 A 306    C  H2'  A 307    A  O4' :0.452
 A 227    U  O2'  A 228    C  OP2 :0.444
 A 332    A  H2'  A 333    G  O5' :0.438
 A 215    G  C2   A 216    U  N3  :0.434
 A 213    G  N2   A 327    C  OP1 :0.431
 A 216    U  C2   A 217    C  C5  :0.415
 A 265    A  C3'  A 265    A  OP1 :0.409
 A 214    U  H6   A 214    U  OP2 :0.407
clashscore = 9.03
