
                    ----------Backbone bond lenths----------                   

  All bonds within 4.0 sigma of ideal values.

                    ----------Backbone bond angles----------                   

  residue               atom 1  atom 2  atom 3  sigmas
   A 250    G              O3'     C3'     C2'    4.96
   A 288    G              C3'     C2'     C1'    4.30
   A 289    U              O3'     C3'     C2'    6.59
  3/2961 angle outliers present

                        ----------Sugar pucker----------                       

  residue                  delta   outlier   epsilon   outlier
   A 227    U               79.3        no      79.7       yes
   A 237    A              146.7        no     349.9       yes
   A 266    U               79.7        no      72.5       yes
   A 267    U               78.7        no     136.0       yes
   A 299    G               80.9        no     105.2       yes
  5/134 pucker outliers present

                  ----------Backbone torsion suites----------                  

  Suite ID                 suite  suiteness  triaged angle
     C A 228                  !!      0.000  epsilon-1
     A A 238                  !!      0.000  epsilon-1
     C A 249                  !!      0.000      None
     C A 252                  !!      0.000      None
     G A 255                  !!      0.000     gamma
     A A 265                  !!      0.000      None
     U A 266                  !!      0.000     gamma
     U A 267                  !!      0.000  epsilon-1
     C A 268                  !!      0.000  epsilon-1
     G A 281                  !!      0.000     gamma
     U A 286                  !!      0.000     gamma
     C A 287                  !!      0.000      None
     A A 300                  !!      0.000  epsilon-1
     A A 307                  !!      0.000     gamma
     U A 311                  !!      0.000     gamma
     C A 313                  !!      0.000    zeta-1
     G A 314                  !!      0.000      None
     G A 333                  !!      0.000      None
  12 suites triaged and 0 incomplete leaving 123 suites
  18/135 suite outliers present
  Average suiteness: 0.752
