
                    ----------Backbone bond lenths----------                   

  All bonds within 4.0 sigma of ideal values.

                    ----------Backbone bond angles----------                   

  residue               atom 1  atom 2  atom 3  sigmas
   A 216    U              O3'     C3'     C2'    4.06
   A 216    U              C5'     C4'     O4'   -6.53
  2/2961 angle outliers present

                        ----------Sugar pucker----------                       

  residue                  delta   outlier   epsilon   outlier
   A 212    C               79.7       yes      31.5       yes
   A 227    U               79.4        no      79.6       yes
   A 269    G               73.9       yes      33.5       yes
   A 299    G               80.8        no     105.3       yes
   A 310    G               79.2        no      39.3       yes
  5/134 pucker outliers present

                  ----------Backbone torsion suites----------                  

  Suite ID                 suite  suiteness  triaged angle
     G A 213                  !!      0.000  epsilon-1
     C A 228                  !!      0.000  epsilon-1
     G A 232                  !!      0.000      None
     A A 238                  !!      0.000      None
     U A 239                  !!      0.000      None
     U A 246                  !!      0.000      None
     C A 249                  !!      0.000      None
     U A 251                  !!      0.000     gamma
     C A 252                  !!      0.000     gamma
     G A 255                  !!      0.000     gamma
     U A 267                  !!      0.000     gamma
     C A 268                  !!      0.000      None
     G A 269                  !!      0.000      None
     G A 270                  !!      0.000  epsilon-1
     U A 280                  !!      0.000     gamma
     U A 286                  !!      0.000      None
     C A 287                  !!      0.000     gamma
     A A 300                  !!      0.000  epsilon-1
     U A 311                  !!      0.000  epsilon-1
     G A 312                  !!      0.000      None
     G A 314                  !!      0.000      None
     G A 333                  !!      0.000      None
  11 suites triaged and 0 incomplete leaving 124 suites
  22/135 suite outliers present
  Average suiteness: 0.737
