
Using nuclear cloud x-H distances and vdW radii

Using input model H/D atoms...

Bad Clashes >= 0.4 Angstrom:
 A 288    G  O4'  A 288    G  OP2 :1.023
 A 267    U  H3'  A 267    U  OP1 :0.815
 A 299    G  O2'  A 300    A  P   :0.751
 A 227    U  O2'  A 228    C  P   :0.743
 A 299    G  O2'  A 300    A  O5' :0.722
 A 280    U  C2'  A 280    U  O2  :0.683
 A 280    U  H3'  A 280    U  O2  :0.649
 A 280    U  H2'  A 280    U  O2  :0.635
 A 332    A  C2'  A 333    G  O5' :0.580
 A 280    U  C3'  A 280    U  O2  :0.577
 A 288    G  C8   A 288    G  OP2 :0.575
 A 255    G  H8   A 255    G  OP2 :0.569
 A 284    U  N3   A 289    U  O4  :0.545
 A 227    U  O2'  A 228    C  OP1 :0.536
 A 299    G  C2'  A 300    A  OP2 :0.527
 A 299    G  O2'  A 300    A  OP2 :0.510
 A 242    A  N7   A 250    G  N2  :0.508
 A 308    A  N6   A 313    C  O2  :0.496
 A 266    U  H6   A 266    U  OP1 :0.483
 A 266    U  O2'  A 267    U  OP2 :0.470
 A 306    C  H2'  A 307    A  O4' :0.469
 A 288    G  O4'  A 288    G  P   :0.456
 A 216    U  H6   A 216    U  O5' :0.449
 A 242    A  N6   A 254    G  O6  :0.446
 A 227    U  O2'  A 228    C  OP2 :0.444
 A 267    U  H3'  A 268    C  H5' :0.440
 A 266    U  C6   A 266    U  OP1 :0.434
 A 213    G  C6   A 333    G  C2  :0.433
 A 215    G  H2'  A 216    U  C6  :0.429
 A 332    A  H2'  A 333    G  O5' :0.423
clashscore = 6.95
