
Using nuclear cloud x-H distances and vdW radii

Using input model H/D atoms...

Bad Clashes >= 0.4 Angstrom:
 A 266    U  O2'  A 267    U  P   :0.775
 A 299    G  O2'  A 300    A  P   :0.752
 A 249    C  O4'  A 249    C  OP1 :0.750
 A 227    U  O2'  A 228    C  P   :0.743
 A 299    G  O2'  A 300    A  O5' :0.723
 A 248    U  O2'  A 249    C  P   :0.682
 A 258    C  H6   A 258    C  O5' :0.682
 A 311    U  C6   A 311    U  OP2 :0.677
 A 211    U  O2'  A 213    G  N1  :0.676
 A 311    U  H6   A 311    U  OP2 :0.658
 A 266    U  O2'  A 267    U  OP1 :0.636
 A 332    A  C2'  A 333    G  O5' :0.580
 A 212    C  O2'  A 214    U  O4  :0.572
 A 255    G  H8   A 255    G  OP2 :0.568
 A 268    C  C6   A 268    C  OP2 :0.557
 A 247    U  H6   A 247    U  O5' :0.546
 A 266    U  O2'  A 267    U  O5' :0.545
 A 227    U  O2'  A 228    C  OP1 :0.536
 A 268    C  H6   A 268    C  OP2 :0.533
 A 299    G  C2'  A 300    A  OP2 :0.526
 A 264    A  N7   A 265    A  N6  :0.519
 A 299    G  O2'  A 300    A  OP2 :0.511
 A 248    U  O2'  A 249    C  O5' :0.489
 A 258    C  C6   A 258    C  O5' :0.477
 A 251    U  C6   A 252    C  C5  :0.477
 A 248    U  O2'  A 249    C  OP2 :0.474
 A 267    U  O2'  A 268    C  OP2 :0.461
 A 216    U  H6   A 216    U  O5' :0.460
 A 267    U  O2'  A 268    C  P   :0.456
 A 227    U  O2'  A 228    C  OP2 :0.443
 A 332    A  H2'  A 333    G  O5' :0.438
 A 242    A  N6   A 254    G  O6  :0.429
 A 311    U  C5   A 311    U  OP2 :0.427
 A 266    U  H4'  A 267    U  OP1 :0.419
 A 238    A  H8   A 238    A  OP1 :0.412
 A 306    C  H2'  A 307    A  O4' :0.411
 A 212    C  H6   A 212    C  O5' :0.407
 A 249    C  O4'  A 249    C  P   :0.401
clashscore = 8.80
