
                    ----------Backbone bond lenths----------                   

  All bonds within 4.0 sigma of ideal values.

                    ----------Backbone bond angles----------                   

  All angles within 4.0 sigma of ideal values.

                        ----------Sugar pucker----------                       

  All puckers have reasonable geometry.

                  ----------Backbone torsion suites----------                  

  Suite ID                 suite  suiteness  triaged angle
     A A 192                  !!      0.000      None
     A A 202                  !!      0.000      None
     A A 211                  !!      0.000      None
     A A 219                  !!      0.000      None
     A A 222                  !!      0.000      None
     U A 229                  !!      0.000      None
     G A 244                  !!      0.000      None
     U A 271                  !!      0.000     gamma
     G A 292                  !!      0.000      None
     G A 294                  !!      0.000      None
  1 suites triaged and 0 incomplete leaving 134 suites
  10/135 suite outliers present
  Average suiteness: 0.804
