
Using nuclear cloud x-H distances and vdW radii

Using input model H/D atoms...

Bad Clashes >= 0.4 Angstrom:
 A 250    G  H8   A 250    G  OP1 :1.353
 A 250    G  C8   A 250    G  OP1 :1.353
 A 235    C  O2'  A 236    U  OP2 :1.058
 A 209    A  C8   A 209    A  OP1 :1.009
 A 248    G  O4'  A 248    G  OP2 :0.797
 A 250    G  C8   A 250    G  P   :0.795
 A 250    G  H8   A 250    G  P   :0.755
 A 235    C  O2'  A 236    U  P   :0.754
 A 284    A  O2'  A 285    A  N7  :0.734
 A 194    C  O2'  A 195    C  OP1 :0.667
 A 255    A  O2'  A 256    G  P   :0.664
 A 255    A  O2'  A 256    G  O5' :0.652
 A 169    U  H4'  A 170    G  OP1 :0.621
 A 255    A  H4'  A 256    G  OP1 :0.611
 A 235    C  C2'  A 236    U  OP2 :0.557
 A 159    A  H3'  A 159    A  OP1 :0.554
 A 249    U  H4'  A 250    G  OP2 :0.540
 A 209    A  C8   A 209    A  P   :0.538
 A 249    U  C4'  A 250    G  OP2 :0.529
 A 169    U  O2'  A 170    G  O5' :0.525
 A 236    U  O2'  A 237    G  O4' :0.515
 A 278    A  H8   A 278    A  OP2 :0.514
 A 237    G  H2'  A 238    U  C6  :0.512
 A 167    U  H4'  A 168    G  O5' :0.507
 A 263    U  O2'  A 265    U  O4  :0.493
 A 217    A  O2'  A 218    A  N7  :0.491
 A 170    G  C6   A 279    C  H1' :0.490
 A 170    G  O6   A 279    C  H1' :0.489
 A 167    U  O4   A 276    A  N6  :0.485
 A 178    C  H4'  A 178    C  OP2 :0.462
 A 209    A  N7   A 209    A  OP1 :0.439
 A 193    U  O2'  A 196    G  O6  :0.433
 A 170    G  O6   A 279    C  C2  :0.433
 A 206    U  H2'  A 207    C  C6  :0.432
 A 238    U  H2'  A 239    C  C6  :0.430
 A 169    U  C4'  A 170    G  OP1 :0.426
 A 267    U  H2'  A 268    C  C6  :0.420
 A 170    G  H2'  A 171    U  H5' :0.410
 A 163    G  C6   A 164    C  C4  :0.409
 A 224    U  H2'  A 225    A  O4' :0.406
 A 220    G  C6   A 221    C  C4  :0.401
 A 157    G  C6   A 158    C  C4  :0.401
clashscore = 9.43
