
                    ----------Backbone bond lenths----------                   

  All bonds within 4.0 sigma of ideal values.

                    ----------Backbone bond angles----------                   

  residue               atom 1  atom 2  atom 3  sigmas
   A 170    G              O3'     P       OP1    4.08
   A 197    U              O3'     P       OP1   -7.45
   A 197    U              O3'     P       OP2   10.08
   A 209    A              O3'     P       OP1   13.81
   A 209    A              O3'     P       OP2   -9.84
   A 224    U              O3'     P       OP1   -4.89
   A 224    U              O3'     P       OP2    6.77
   A 249    U              O3'     P       O5'   -4.41
   A 284    A              O3'     P       OP1    4.62
  9/3071 angle outliers present

                        ----------Sugar pucker----------                       

  residue                  delta   outlier   epsilon   outlier
   A 170    G               84.6        no     147.5       yes
   A 209    A               84.3        no      10.5       yes
   A 235    C               78.2       yes      76.1       yes
   A 247    U               83.1        no      76.7       yes
   A 249    U               82.7        no      24.9       yes
   A 255    A               81.4        no      68.3       yes
  6/139 pucker outliers present

                  ----------Backbone torsion suites----------                  

  Suite ID                 suite  suiteness  triaged angle
     A A 156                  !!      0.000      None
     G A 157                  !!      0.000     gamma
     A A 159                  !!      0.000     gamma
     A A 160                  !!      0.000     gamma
     G A 163                  !!      0.000    zeta-1
     G A 168                  !!      0.000     gamma
     U A 171                  !!      0.000  epsilon-1
     A A 180                  !!      0.000     gamma
     G A 182                  !!      0.000     gamma
     A A 209                  !!      0.000     gamma
     U A 210                  !!      0.000  epsilon-1
     A A 217                  !!      0.000      None
     A A 218                  !!      0.000      None
     C A 219                  !!      0.000     gamma
     G A 220                  !!      0.000      None
     C A 222                  !!      0.000      None
     A A 225                  !!      0.000      None
     U A 234                  !!      0.000      None
     U A 236                  !!      0.000  epsilon-1
     U A 238                  !!      0.000     gamma
     U A 246                  !!      0.000     gamma
     G A 248                  !!      0.000  epsilon-1
     G A 250                  !!      0.000  epsilon-1
     G A 256                  !!      0.000  epsilon-1
     U A 263                  !!      0.000     gamma
     U A 264                  !!      0.000      None
     G A 274                  !!      0.000     gamma
     A A 278                  !!      0.000     gamma
     A A 285                  !!      0.000     gamma
  21 suites triaged and 0 incomplete leaving 119 suites
  29/140 suite outliers present
  Average suiteness: 0.748
