
                    ----------Backbone bond lenths----------                   

  All bonds within 4.0 sigma of ideal values.

                    ----------Backbone bond angles----------                   

  residue               atom 1  atom 2  atom 3  sigmas
   A 179    U              O3'     C3'     C2'   -7.51
   A 249    U              O3'     P       O5'   -4.39
  2/3071 angle outliers present

                        ----------Sugar pucker----------                       

  residue                  delta   outlier   epsilon   outlier
   A 169    U               79.9        no      92.1       yes
   A 179    U              138.5        no      66.7       yes
   A 194    C               90.8       yes      23.5       yes
   A 235    C               78.3        no      76.1       yes
   A 249    U               82.7        no      24.9       yes
   A 255    A               81.4        no      68.3       yes
  6/139 pucker outliers present

                  ----------Backbone torsion suites----------                  

  Suite ID                 suite  suiteness  triaged angle
     A A 156                  !!      0.000     gamma
     G A 157                  !!      0.000     gamma
     G A 163                  !!      0.000    zeta-1
     U A 167                  !!      0.000      None
     G A 168                  !!      0.000      None
     G A 170                  !!      0.000  epsilon-1
     U A 179                  !!      0.000     gamma
     A A 180                  !!      0.000  epsilon-1
     C A 195                  !!      0.000  epsilon-1
     A A 209                  !!      0.000      None
     U A 210                  !!      0.000     gamma
     A A 217                  !!      0.000      None
     C A 219                  !!      0.000    zeta-1
     C A 222                  !!      0.000      None
     U A 223                  !!      0.000      None
     A A 225                  !!      0.000     gamma
     U A 233                  !!      0.000     gamma
     U A 234                  !!      0.000      None
     U A 236                  !!      0.000  epsilon-1
     U A 246                  !!      0.000      None
     G A 248                  !!      0.000     gamma
     G A 250                  !!      0.000  epsilon-1
     G A 256                  !!      0.000  epsilon-1
     U A 263                  !!      0.000     gamma
     U A 264                  !!      0.000      None
     G A 274                  !!      0.000     gamma
     A A 278                  !!      0.000     gamma
     A A 284                  !!      0.000      beta
  19 suites triaged and 0 incomplete leaving 121 suites
  28/140 suite outliers present
  Average suiteness: 0.742
