
                    ----------Backbone bond lenths----------                   

  All bonds within 4.0 sigma of ideal values.

                    ----------Backbone bond angles----------                   

  residue               atom 1  atom 2  atom 3  sigmas
   A 193    U              C4'     C3'     C2'    7.35
   A 249    U              O3'     P       O5'   -4.40
  2/3071 angle outliers present

                        ----------Sugar pucker----------                       

  residue                  delta   outlier   epsilon   outlier
   A 167    U              120.0       yes     307.2        no
   A 169    U               79.9        no     136.5       yes
   A 209    A              169.2       yes     249.2        no
   A 235    C               78.2        no      76.2       yes
   A 249    U               82.6        no      24.9       yes
   A 255    A               81.4        no      68.3       yes
  6/139 pucker outliers present

                  ----------Backbone torsion suites----------                  

  Suite ID                 suite  suiteness  triaged angle
     A A 156                  !!      0.000      None
     G A 157                  !!      0.000      None
     G A 163                  !!      0.000    zeta-1
     U A 167                  !!      0.000     delta
     G A 168                  !!      0.000   delta-1
     G A 170                  !!      0.000  epsilon-1
     U A 177                  !!      0.000      None
     C A 178                  !!      0.000      None
     U A 179                  !!      0.000      None
     A A 180                  !!      0.000     alpha
     A A 181                  !!      0.000      None
     G A 182                  !!      0.000      None
     C A 194                  !!      0.000     gamma
     A A 209                  !!      0.000     delta
     U A 210                  !!      0.000   delta-1
     A A 216                  !!      0.000    zeta-1
     G A 220                  !!      0.000      None
     C A 222                  !!      0.000     gamma
     U A 223                  !!      0.000      None
     U A 224                  !!      0.000      None
     U A 233                  !!      0.000     gamma
     U A 234                  !!      0.000      None
     U A 236                  !!      0.000  epsilon-1
     U A 246                  !!      0.000      None
     U A 247                  !!      0.000      None
     G A 250                  !!      0.000  epsilon-1
     G A 256                  !!      0.000  epsilon-1
     U A 263                  !!      0.000     gamma
     U A 264                  !!      0.000      None
     G A 274                  !!      0.000     gamma
     A A 278                  !!      0.000     gamma
     A A 285                  !!      0.000      None
  17 suites triaged and 0 incomplete leaving 123 suites
  32/140 suite outliers present
  Average suiteness: 0.727
