
                    ----------Backbone bond lenths----------                   

  All bonds within 4.0 sigma of ideal values.

                    ----------Backbone bond angles----------                   

  residue               atom 1  atom 2  atom 3  sigmas
   A 156    A              C5'     C4'     O4'   -7.33
   A 219    C              O3'     C3'     C2'    5.07
   A 249    U              O3'     P       O5'   -4.43
  3/3071 angle outliers present

                        ----------Sugar pucker----------                       

  residue                  delta   outlier   epsilon   outlier
   A 218    A              150.5        no      12.7       yes
   A 223    U               79.9        no     135.4       yes
   A 235    C               78.2        no      76.1       yes
   A 249    U               82.7        no      24.9       yes
   A 255    A               81.3        no      68.4       yes
  5/139 pucker outliers present

                  ----------Backbone torsion suites----------                  

  Suite ID                 suite  suiteness  triaged angle
     A A 156                  !!      0.000     gamma
     G A 157                  !!      0.000      None
     A A 159                  !!      0.000     gamma
     A A 160                  !!      0.000    zeta-1
     G A 163                  !!      0.000    zeta-1
     G A 168                  !!      0.000      None
     U A 171                  !!      0.000     gamma
     A A 175                  !!      0.000      None
     G A 176                  !!      0.000     gamma
     C A 178                  !!      0.000      None
     U A 179                  !!      0.000      None
     A A 181                  !!      0.000      None
     G A 182                  !!      0.000      None
     A A 209                  !!      0.000      None
     U A 210                  !!      0.000     gamma
     A A 217                  !!      0.000     gamma
     A A 218                  !!      0.000     gamma
     C A 219                  !!      0.000  epsilon-1
     C A 222                  !!      0.000      None
     U A 223                  !!      0.000     gamma
     U A 224                  !!      0.000  epsilon-1
     U A 234                  !!      0.000      None
     U A 236                  !!      0.000  epsilon-1
     U A 246                  !!      0.000     gamma
     U A 247                  !!      0.000      None
     G A 248                  !!      0.000     gamma
     G A 250                  !!      0.000  epsilon-1
     G A 256                  !!      0.000  epsilon-1
     U A 263                  !!      0.000     gamma
     U A 264                  !!      0.000      None
     G A 274                  !!      0.000     gamma
     A A 278                  !!      0.000     gamma
     A A 285                  !!      0.000     gamma
  21 suites triaged and 0 incomplete leaving 119 suites
  33/140 suite outliers present
  Average suiteness: 0.735
