
                    ----------Backbone bond lenths----------                   

  All bonds within 4.0 sigma of ideal values.

                    ----------Backbone bond angles----------                   

  residue               atom 1  atom 2  atom 3  sigmas
   A 177    U              O3'     C3'     C2'   -4.21
   A 209    A              O3'     C3'     C2'    4.69
   A 216    A              C5'     C4'     O4'    4.28
   A 249    U              O3'     P       O5'   -4.41
  4/3071 angle outliers present

                        ----------Sugar pucker----------                       

  residue                  delta   outlier   epsilon   outlier
   A 169    U               79.9       yes      49.7       yes
   A 177    U               79.1        no      82.9       yes
   A 235    C               78.3        no      76.2       yes
   A 249    U               82.7        no      24.9       yes
   A 255    A               81.3        no      68.3       yes
  5/139 pucker outliers present

                  ----------Backbone torsion suites----------                  

  Suite ID                 suite  suiteness  triaged angle
     A A 159                  !!      0.000      None
     A A 160                  !!      0.000      None
     G A 163                  !!      0.000    zeta-1
     G A 168                  !!      0.000      None
     G A 170                  !!      0.000  epsilon-1
     U A 171                  !!      0.000      None
     G A 176                  !!      0.000      None
     C A 178                  !!      0.000  epsilon-1
     A A 180                  !!      0.000      None
     A A 209                  !!      0.000     gamma
     U A 210                  !!      0.000     gamma
     A A 218                  !!      0.000      beta
     G A 220                  !!      0.000      None
     C A 222                  !!      0.000    zeta-1
     U A 223                  !!      0.000      None
     U A 224                  !!      0.000      None
     U A 234                  !!      0.000      None
     U A 236                  !!      0.000  epsilon-1
     U A 246                  !!      0.000      None
     U A 247                  !!      0.000    zeta-1
     G A 250                  !!      0.000  epsilon-1
     G A 256                  !!      0.000  epsilon-1
     U A 263                  !!      0.000     gamma
     U A 264                  !!      0.000      None
     G A 274                  !!      0.000     gamma
     A A 278                  !!      0.000     gamma
     A A 285                  !!      0.000     gamma
  15 suites triaged and 0 incomplete leaving 125 suites
  27/140 suite outliers present
  Average suiteness: 0.719
