
                    ----------Backbone bond lenths----------                   

  All bonds within 4.0 sigma of ideal values.

                    ----------Backbone bond angles----------                   

  All angles within 4.0 sigma of ideal values.

                        ----------Sugar pucker----------                       

  residue                  delta   outlier   epsilon   outlier
   A 227    U               75.3        no     101.5       yes
   A 299    G               78.4        no      29.0       yes
  2/134 pucker outliers present

                  ----------Backbone torsion suites----------                  

  Suite ID                 suite  suiteness  triaged angle
     U A 221                  !!      0.000      None
     C A 228                  !!      0.000  epsilon-1
     U A 239                  !!      0.000      None
     G A 281                  !!      0.000      None
     A A 300                  !!      0.000  epsilon-1
     A A 308                  !!      0.000      None
  2 suites triaged and 0 incomplete leaving 133 suites
  6/135 suite outliers present
  Average suiteness: 0.808
