
                    ----------Backbone bond lenths----------                   

  All bonds within 4.0 sigma of ideal values.

                    ----------Backbone bond angles----------                   

  All angles within 4.0 sigma of ideal values.

                        ----------Sugar pucker----------                       

  residue                  delta   outlier   epsilon   outlier
   A 299    G               78.9        no      27.0       yes
  1/134 pucker outliers present

                  ----------Backbone torsion suites----------                  

  Suite ID                 suite  suiteness  triaged angle
     U A 216                  !!      0.000      None
     C A 217                  !!      0.000      None
     C A 228                  !!      0.000      None
     A A 242                  !!      0.000      None
     C A 243                  !!      0.000      None
     C A 252                  !!      0.000      None
     C A 268                  !!      0.000      None
     G A 272                  !!      0.000      None
     C A 273                  !!      0.000      None
     A A 300                  !!      0.000  epsilon-1
  1 suites triaged and 0 incomplete leaving 134 suites
  10/135 suite outliers present
  Average suiteness: 0.796
