
                    ----------Backbone bond lenths----------                   

  All bonds within 4.0 sigma of ideal values.

                    ----------Backbone bond angles----------                   

  All angles within 4.0 sigma of ideal values.

                        ----------Sugar pucker----------                       

  All puckers have reasonable geometry.

                  ----------Backbone torsion suites----------                  

  Suite ID                 suite  suiteness  triaged angle
     U A 216                  !!      0.000      None
     C A 228                  !!      0.000      None
     A A 238                  !!      0.000     gamma
     G A 244                  !!      0.000      None
     G A 250                  !!      0.000      None
     C A 268                  !!      0.000      None
     U A 285                  !!      0.000      None
     G A 290                  !!      0.000      None
     A A 300                  !!      0.000     gamma
     G A 314                  !!      0.000      None
  2 suites triaged and 0 incomplete leaving 133 suites
  10/135 suite outliers present
  Average suiteness: 0.796
