
                    ----------Backbone bond lenths----------                   

  All bonds within 4.0 sigma of ideal values.

                    ----------Backbone bond angles----------                   

  All angles within 4.0 sigma of ideal values.

                        ----------Sugar pucker----------                       

  residue                  delta   outlier   epsilon   outlier
   A 281    G               79.6        no      25.1       yes
  1/134 pucker outliers present

                  ----------Backbone torsion suites----------                  

  Suite ID                 suite  suiteness  triaged angle
     C A 199                  !!      0.000      None
     C A 210                  !!      0.000      None
     G A 213                  !!      0.000      None
     C A 250                  !!      0.000      None
     U A 262                  !!      0.000      None
     C A 269                  !!      0.000      None
     G A 282                  !!      0.000  epsilon-1
     G A 292                  !!      0.000      None
     G A 296                  !!      0.000     gamma
  2 suites triaged and 0 incomplete leaving 133 suites
  9/135 suite outliers present
  Average suiteness: 0.809
