
Using nuclear cloud x-H distances and vdW radii

Using input model H/D atoms...

Bad Clashes >= 0.4 Angstrom:
 A 173    C  C6   A 173    C  OP1 :1.175
 A 160    A  O4'  A 160    A  OP1 :1.026
 A 160    A  O4'  A 160    A  P   :0.985
 A 160    A  C8   A 160    A  OP1 :0.895
 A 179    U  H4'  A 179    U  OP1 :0.880
 A 166    G  O2'  A 167    U  P   :0.792
 A 224    U  H3'  A 224    U  O2  :0.746
 A 249    U  C5   A 249    U  OP2 :0.739
 A 166    G  O2'  A 167    U  OP1 :0.702
 A 249    U  C6   A 249    U  OP2 :0.680
 A 284    A  H4'  A 284    A  OP1 :0.679
 A 160    A  C1'  A 160    A  OP1 :0.630
 A 222    C  O2'  A 223    U  OP1 :0.630
 A 167    U  O2'  A 168    G  P   :0.623
 A 284    A  C4'  A 284    A  OP1 :0.590
 A 224    U  C3'  A 224    U  O2  :0.588
 A 252    G  O6   A 277    A  N6  :0.571
 A 274    G  H8   A 274    G  O5' :0.561
 A 179    U  C4'  A 179    U  OP1 :0.528
 A 166    G  O2'  A 167    U  O5' :0.522
 A 237    G  H8   A 237    G  OP2 :0.506
 A 211    U  H2'  A 212    C  C6  :0.505
 A 252    G  H8   A 252    G  O5' :0.505
 A 173    C  H3'  A 173    C  OP1 :0.491
 A 160    A  N9   A 160    A  OP1 :0.490
 A 173    C  H3'  A 173    C  P   :0.484
 A 173    C  H6   A 173    C  OP1 :0.481
 A 284    A  H3'  A 285    A  C8  :0.475
 A 283    U H5''  A 284    A  OP2 :0.465
 A 160    A  H8   A 160    A  OP1 :0.460
 A 248    G  H2'  A 248    G  N3  :0.455
 A 163    G  C6   A 284    A  N6  :0.450
 A 274    G  C8   A 274    G  O5' :0.447
 A 273    U  H2'  A 274    G  C8  :0.444
 A 246    U  N3   A 247    U  O4  :0.442
 A 167    U  O2'  A 168    G  OP1 :0.442
 A 254    A  H2'  A 255    A  C8  :0.439
 A 206    U  H2'  A 207    C  C6  :0.434
 A 249    U  N3   A 279    C  O2  :0.420
 A 157    G  N2   A 289    U  O2  :0.415
 A 236    U  H6   A 236    U  O5' :0.411
 A 163    G  C6   A 164    C  C4  :0.407
 A 253    G  H8   A 253    G  O5' :0.407
 A 248    G  O6   A 279    C  H1' :0.406
 A 159    A  C6   A 160    A  N6  :0.406
 A 210    U  H4'  A 210    U  OP1 :0.400
clashscore = 10.33
