
                    ----------Backbone bond lenths----------                   

  All bonds within 4.0 sigma of ideal values.

                    ----------Backbone bond angles----------                   

  residue               atom 1  atom 2  atom 3  sigmas
   A 167    U              O3'     C3'     C2'    4.08
   A 181    A              O4'     C4'     C3'    4.16
   A 192    U              O3'     C3'     C2'    4.88
   A 216    A              O3'     P       O5'   -7.06
  4/3071 angle outliers present

                        ----------Sugar pucker----------                       

  residue                  delta   outlier   epsilon   outlier
   A 216    A              144.4        no     150.3       yes
  1/139 pucker outliers present

                  ----------Backbone torsion suites----------                  

  Suite ID                 suite  suiteness  triaged angle
     C A 158                  !!      0.000     gamma
     A A 160                  !!      0.000     gamma
     G A 163                  !!      0.000      None
     G A 182                  !!      0.000      None
     U A 211                  !!      0.000      None
     A A 216                  !!      0.000      None
     A A 217                  !!      0.000  epsilon-1
     G A 237                  !!      0.000      None
     C A 239                  !!      0.000      None
     G A 253                  !!      0.000     gamma
     A A 254                  !!      0.000     gamma
     A A 255                  !!      0.000     gamma
     G A 256                  !!      0.000      None
     U A 265                  !!      0.000      None
     G A 274                  !!      0.000      None
     A A 277                  !!      0.000      None
  6 suites triaged and 0 incomplete leaving 134 suites
  16/140 suite outliers present
  Average suiteness: 0.709
