
Using nuclear cloud x-H distances and vdW radii

Using input model H/D atoms...

Bad Clashes >= 0.4 Angstrom:
 A 179    U  O2'  A 209    A  N6  :0.747
 A 173    C  H6   A 173    C  O5' :0.706
 A 177    U  C6   A 177    U  OP1 :0.670
 A 255    A  H8   A 255    A  OP2 :0.649
 A 251    U  O2'  A 252    G  O4' :0.622
 A 163    G  N2   A 284    A  N7  :0.608
 A 180    A  N7   A 208    C  N4  :0.555
 A 255    A  C8   A 255    A  OP2 :0.552
 A 253    G  N1   A 278    A  O2' :0.550
 A 177    U  H6   A 177    U  OP1 :0.547
 A 172    U  H2'  A 173    C  O4' :0.524
 A 181    A  N6   A 208    C  O2  :0.491
 A 237    G  H8   A 237    G  OP2 :0.481
 A 247    U  H6   A 247    U  O5' :0.443
 A 206    U  H2'  A 207    C  C6  :0.434
 A 163    G  H8   A 163    G  OP2 :0.419
 A 216    A  H3'  A 217    A  H5' :0.408
 A 207    C  H2'  A 208    C  C6  :0.407
 A 163    G  C6   A 164    C  C4  :0.406
clashscore = 4.27
