
Using nuclear cloud x-H distances and vdW radii

Using input model H/D atoms...

Bad Clashes >= 0.4 Angstrom:
 A 250    G  C8   A 250    G  OP1 :1.359
 A 250    G  H8   A 250    G  OP1 :1.171
 A 250    G  O4'  A 250    G  OP1 :0.910
 A 250    G  O4'  A 250    G  P   :0.748
 A 216    A  O2'  A 217    A  P   :0.737
 A 248    G  H3'  A 248    G  N3  :0.715
 A 163    G  N2   A 284    A  N7  :0.652
 A 250    G  C1'  A 250    G  OP1 :0.650
 A 216    A  O2'  A 217    A  OP1 :0.642
 A 250    G  N9   A 250    G  OP1 :0.625
 A 159    A  N7   A 288    G  N2  :0.612
 A 250    G  H8   A 250    G  P   :0.591
 A 277    A  H8   A 277    A  O5' :0.588
 A 167    U  C6   A 167    U  OP2 :0.574
 A 177    U  C6   A 177    U  OP1 :0.547
 A 167    U  C5   A 167    U  OP2 :0.510
 A 250    G  C4'  A 250    G  OP1 :0.505
 A 250    G  C8   A 250    G  P   :0.504
 A 237    G  H8   A 237    G  OP2 :0.491
 A 277    A  C8   A 277    A  O5' :0.482
 A 159    A  N6   A 288    G  N3  :0.467
 A 254    A  N1   A 275    G  N2  :0.462
 A 248    G  C3'  A 248    G  N3  :0.449
 A 179    U  O2   A 210    U  O2' :0.445
 A 275    G  H8   A 275    G  O5' :0.435
 A 206    U  H2'  A 207    C  C6  :0.434
 A 216    A  O2'  A 217    A  O5' :0.431
 A 159    A  H2'  A 160    A  O4' :0.428
 A 167    U  H6   A 167    U  OP2 :0.423
 A 207    C  H2'  A 208    C  O4' :0.420
 A 178    C  H2'  A 179    U  C6  :0.416
 A 157    G  H4'  A 157    G  OP2 :0.407
 A 163    G  C6   A 164    C  C4  :0.405
 A 222    C  OP2  A 224    U  O2' :0.400
clashscore = 7.63
