
Using nuclear cloud x-H distances and vdW radii

Using input model H/D atoms...

Bad Clashes >= 0.4 Angstrom:
 A 180    A  C8   A 180    A  OP2 :1.228
 A 180    A  O4'  A 180    A  OP2 :1.036
 A 173    C  C6   A 173    C  OP1 :1.023
 A 180    A  C8   A 180    A  P   :0.891
 A 180    A  H8   A 180    A  P   :0.869
 A 222    C  O2'  A 223    U  P   :0.838
 A 180    A  N9   A 180    A  OP2 :0.797
 A 222    C  O2'  A 223    U  OP2 :0.769
 A 173    C  H3'  A 173    C  OP1 :0.769
 A 180    A  C1'  A 180    A  OP2 :0.747
 A 222    C  C2'  A 223    U  OP2 :0.679
 A 249    U  H3'  A 249    U  H6  :0.616
 A 264    U  H6   A 264    U H5'' :0.608
 A 222    C  O2'  A 223    U  O5' :0.593
 A 210    U  H4'  A 210    U  OP1 :0.588
 A 249    U  C6   A 249    U  H3' :0.588
 A 236    U  H6   A 236    U  O5' :0.541
 A 236    U  O2'  A 237    G  OP1 :0.540
 A 173    C  H3'  A 173    C  P   :0.530
 A 264    U  C6   A 264    U H5'' :0.526
 A 211    U  H2'  A 212    C  C6  :0.519
 A 253    G  H8   A 253    G  O5' :0.515
 A 162    U  C5   A 163    G  N7  :0.480
 A 249    U  C3'  A 249    U  C6  :0.444
 A 263    U  H6   A 263    U  O5' :0.443
 A 159    A  N1   A 160    A  N6  :0.442
 A 159    A  H2'  A 160    A  C8  :0.440
 A 206    U  H2'  A 207    C  C6  :0.434
 A 159    A  C2   A 288    G  C2  :0.431
 A 263    U  O2'  A 264    U  OP1 :0.425
 A 173    C  C3'  A 173    C  OP1 :0.420
 A 251    U  H2'  A 252    G  O4' :0.413
 A 163    G  C6   A 164    C  C4  :0.409
 A 180    A  N6   A 209    A  N3  :0.408
 A 274    G  H8   A 274    G  O5' :0.406
clashscore = 7.86
