
Using nuclear cloud x-H distances and vdW radii

Using input model H/D atoms...

Bad Clashes >= 0.4 Angstrom:
 A 253    G  C8   A 253    G  OP2 :0.832
 A 159    A  O2'  A 160    A  OP2 :0.786
 A 210    U  O2'  A 211    U  O5' :0.716
 A 254    A  H8   A 254    A  O5' :0.687
 A 279    C  H6   A 279    C  O5' :0.682
 A 210    U  O2'  A 211    U  P   :0.673
 A 254    A  N1   A 275    G  N2  :0.656
 A 168    G  O4'  A 249    U  OP1 :0.619
 A 210    U  C2'  A 211    U  OP2 :0.568
 A 211    U  O2'  A 212    C  OP2 :0.537
 A 253    G  N2   A 278    A  N7  :0.519
 A 253    G  H8   A 253    G  OP2 :0.499
 A 160    A  H3'  A 160    A  OP2 :0.486
 A 237    G  H8   A 237    G  OP2 :0.484
 A 284    A  H4'  A 285    A  C8  :0.472
 A 277    A  H2'  A 278    A  C5  :0.454
 A 159    A  H4'  A 160    A  OP2 :0.451
 A 273    U  H2'  A 274    G  C8  :0.441
 A 217    A  O4'  A 217    A  P   :0.437
 A 284    A  H2'  A 284    A  OP1 :0.437
 A 159    A  H4'  A 160    A  C8  :0.437
 A 206    U  H2'  A 207    C  C6  :0.434
 A 279    C  C2'  A 280    C H5'' :0.432
 A 172    U  H2'  A 173    C  O4' :0.430
 A 223    U  O2'  A 249    U  N3  :0.427
 A 160    A  H3'  A 160    A  P   :0.423
 A 254    A  C8   A 254    A  O5' :0.414
 A 163    G  C6   A 164    C  C4  :0.405
 A 211    U  O3'  A 212    C  H4' :0.400
clashscore = 6.51
