
                    ----------Backbone bond lenths----------                   

  All bonds within 4.0 sigma of ideal values.

                    ----------Backbone bond angles----------                   

  residue               atom 1  atom 2  atom 3  sigmas
   A 192    U              O3'     C3'     C2'    4.88
   A 211    U              O3'     P       O5'   -4.22
   A 216    A              O3'     C3'     C2'   -5.47
  3/3071 angle outliers present

                        ----------Sugar pucker----------                       

  residue                  delta   outlier   epsilon   outlier
   A 173    C               80.4        no     130.1       yes
   A 177    U               73.4        no      77.1       yes
   A 211    U              147.7        no     353.3       yes
   A 216    A              134.4        no      33.5       yes
   A 246    U              144.5        no     316.5       yes
  5/139 pucker outliers present

                  ----------Backbone torsion suites----------                  

  Suite ID                 suite  suiteness  triaged angle
     G A 157                  !!      0.000     gamma
     U A 167                  !!      0.000      None
     G A 168                  !!      0.000      None
     C A 173                  !!      0.000     gamma
     U A 174                  !!      0.000  epsilon-1
     U A 177                  !!      0.000     gamma
     C A 178                  !!      0.000  epsilon-1
     U A 179                  !!      0.000      None
     U A 211                  !!      0.000     gamma
     C A 212                  !!      0.000  epsilon-1
     C A 215                  !!      0.000     gamma
     A A 217                  !!      0.000  epsilon-1
     U A 224                  !!      0.000     gamma
     G A 237                  !!      0.000      None
     C A 239                  !!      0.000      None
     U A 247                  !!      0.000  epsilon-1
     G A 253                  !!      0.000      None
     A A 254                  !!      0.000      None
     U A 265                  !!      0.000      None
     G A 274                  !!      0.000     gamma
     C A 280                  !!      0.000     gamma
     A A 285                  !!      0.000      None
  13 suites triaged and 0 incomplete leaving 127 suites
  22/140 suite outliers present
  Average suiteness: 0.731
