
                    ----------Backbone bond lenths----------                   

  All bonds within 4.0 sigma of ideal values.

                    ----------Backbone bond angles----------                   

  residue               atom 1  atom 2  atom 3  sigmas
   A 192    U              O3'     C3'     C2'    4.88
  1/3071 angle outliers present

                        ----------Sugar pucker----------                       

  residue                  delta   outlier   epsilon   outlier
   A 283    U               82.7        no     153.2       yes
  1/139 pucker outliers present

                  ----------Backbone torsion suites----------                  

  Suite ID                 suite  suiteness  triaged angle
     G A 157                  !!      0.000      None
     A A 160                  !!      0.000      None
     G A 163                  !!      0.000      beta
     G A 168                  !!      0.000     gamma
     U A 211                  !!      0.000      None
     C A 212                  !!      0.000      None
     A A 216                  !!      0.000      None
     G A 237                  !!      0.000      None
     C A 239                  !!      0.000      None
     G A 250                  !!      0.000     gamma
     G A 253                  !!      0.000     gamma
     U A 265                  !!      0.000      None
     G A 275                  !!      0.000      None
     A A 278                  !!      0.000      None
     C A 280                  !!      0.000     gamma
     A A 284                  !!      0.000  epsilon-1
  6 suites triaged and 0 incomplete leaving 134 suites
  16/140 suite outliers present
  Average suiteness: 0.696
