
Using nuclear cloud x-H distances and vdW radii

Using input model H/D atoms...

Bad Clashes >= 0.4 Angstrom:
 A 179    U  C6   A 179    U  OP1 :1.332
 A 178    C  O2'  A 179    U  OP2 :1.118
 A 162    U  O2'  A 163    G  OP1 :1.048
 A 237    G  C8   A 237    G  OP2 :1.044
 A 237    G  O4'  A 237    G  OP2 :1.025
 A 162    U  O2'  A 163    G  P   :0.899
 A 179    U  H6   A 179    U  OP1 :0.787
 A 222    C  O2'  A 223    U  OP2 :0.779
 A 173    C  O2'  A 174    U  OP2 :0.770
 A 179    U  C6   A 179    U  P   :0.765
 A 179    U  H6   A 179    U  P   :0.758
 A 215    C  O2'  A 216    A  OP2 :0.703
 A 236    U  O2'  A 237    G  OP2 :0.698
 A 215    C  H4'  A 216    A  OP2 :0.696
 A 162    U  H2'  A 163    G H5'' :0.660
 A 237    G  H8   A 237    G  OP2 :0.651
 A 159    A  N6   A 281    A  N7  :0.651
 A 179    U  N1   A 179    U  OP1 :0.635
 A 162    U  H2'  A 163    G  C5' :0.630
 A 223    U  H3'  A 223    U  OP1 :0.619
 A 237    G  H8   A 237    G  P   :0.588
 A 237    G  C1'  A 237    G  OP2 :0.581
 A 254    A  O4'  A 254    A  P   :0.575
 A 179    U  H3'  A 179    U  OP1 :0.557
 A 215    C  O2'  A 216    A  P   :0.556
 A 237    G  N9   A 237    G  OP2 :0.546
 A 211    U  H2'  A 212    C  C6  :0.544
 A 208    C  O2'  A 209    A  OP1 :0.537
 A 256    G  H8   A 256    G  OP2 :0.532
 A 178    C  O2'  A 179    U  P   :0.529
 A 248    G  N2   A 253    G  N7  :0.528
 A 236    U  O2'  A 237    G  O4' :0.506
 A 237    G  O4'  A 237    G  P   :0.499
 A 173    C  H4'  A 174    U  O5' :0.489
 A 162    U  C2'  A 163    G  O5' :0.468
 A 178    C  C2'  A 179    U  OP2 :0.460
 A 179    U  C3'  A 179    U  OP1 :0.458
 A 254    A  N7   A 274    G  N2  :0.455
 A 237    G  C8   A 237    G  P   :0.452
 A 179    U  C1'  A 179    U  OP1 :0.450
 A 214    A  N7   A 215    C  N4  :0.448
 A 173    C  C4'  A 174    U  O5' :0.443
 A 210    U  H2'  A 211    U  C6  :0.438
 A 284    A  C8   A 284    A  OP2 :0.437
 A 162    U  C2'  A 163    G  C5' :0.437
 A 162    U  C2'  A 163    G H5'' :0.434
 A 206    U  H2'  A 207    C  C6  :0.434
 A 275    G  H2'  A 276    A  C8  :0.427
 A 248    G  O6   A 275    G  N7  :0.424
 A 262    U  H3'  A 263    U  H5' :0.424
 A 284    A  H8   A 284    A  O5' :0.424
 A 207    C  H2'  A 208    C  O4' :0.423
 A 172    U  O3'  A 174    U  H5' :0.422
 A 234    U  O2'  A 235    C  H3' :0.413
 A 163    G  C6   A 164    C  C4  :0.409
clashscore = 12.35
