
                    ----------Backbone bond lenths----------                   

  All bonds within 4.0 sigma of ideal values.

                    ----------Backbone bond angles----------                   

  residue               atom 1  atom 2  atom 3  sigmas
   A 192    U              O3'     C3'     C2'    4.88
  1/3071 angle outliers present

                        ----------Sugar pucker----------                       

  residue                  delta   outlier   epsilon   outlier
   A 159    A               84.2       yes      37.6       yes
   A 210    U               77.8        no     115.8       yes
  2/139 pucker outliers present

                  ----------Backbone torsion suites----------                  

  Suite ID                 suite  suiteness  triaged angle
     G A 157                  !!      0.000     gamma
     C A 158                  !!      0.000      None
     A A 160                  !!      0.000  epsilon-1
     U A 167                  !!      0.000     gamma
     G A 168                  !!      0.000      None
     C A 173                  !!      0.000      None
     A A 209                  !!      0.000      None
     U A 211                  !!      0.000  epsilon-1
     C A 212                  !!      0.000      beta
     A A 216                  !!      0.000     gamma
     A A 217                  !!      0.000      beta
     G A 237                  !!      0.000      None
     C A 239                  !!      0.000      None
     U A 249                  !!      0.000      None
     G A 250                  !!      0.000      None
     G A 253                  !!      0.000      None
     U A 265                  !!      0.000      None
     A A 278                  !!      0.000      None
     C A 280                  !!      0.000      None
  7 suites triaged and 0 incomplete leaving 133 suites
  19/140 suite outliers present
  Average suiteness: 0.711
