
                    ----------Backbone bond lenths----------                   

  All bonds within 4.0 sigma of ideal values.

                    ----------Backbone bond angles----------                   

  residue               atom 1  atom 2  atom 3  sigmas
   A 192    U              O3'     C3'     C2'    4.88
   A 216    A              C4'     C3'     C2'   -5.57
   A 216    A              O3'     C3'     C2'  -12.93
   A 254    A              C3'     C2'     C1'    4.51
   A 254    A              C4'     C3'     C2'    4.05
   A 254    A              O3'     C3'     C2'    5.87
   A 254    A              O4'     C4'     C3'   13.72
   A 254    A              C5'     C4'     O4'    5.88
  8/3071 angle outliers present

                        ----------Sugar pucker----------                       

  residue                  delta   outlier   epsilon   outlier
   A 157    G               74.9        no     152.3       yes
   A 216    A               71.7        no      83.1       yes
   A 235    C               80.1        no      76.2       yes
   A 251    U               81.0        no      36.4       yes
  4/139 pucker outliers present

                  ----------Backbone torsion suites----------                  

  Suite ID                 suite  suiteness  triaged angle
     C A 158                  !!      0.000  epsilon-1
     G A 168                  !!      0.000      None
     C A 173                  !!      0.000      None
     U A 174                  !!      0.000      None
     A A 180                  !!      0.000    zeta-1
     A A 181                  !!      0.000      None
     U A 210                  !!      0.000     gamma
     C A 215                  !!      0.000      None
     A A 216                  !!      0.000     gamma
     A A 217                  !!      0.000  epsilon-1
     C A 222                  !!      0.000     gamma
     U A 223                  !!      0.000     alpha
     U A 224                  !!      0.000     gamma
     A A 225                  !!      0.000     alpha
     U A 236                  !!      0.000  epsilon-1
     U A 247                  !!      0.000     gamma
     G A 248                  !!      0.000      None
     U A 251                  !!      0.000     gamma
     G A 252                  !!      0.000  epsilon-1
     A A 259                  !!      0.000      beta
     G A 266                  !!      0.000     gamma
     U A 270                  !!      0.000      None
     A A 278                  !!      0.000     gamma
     A A 284                  !!      0.000     gamma
     A A 285                  !!      0.000      None
  17 suites triaged and 0 incomplete leaving 123 suites
  25/140 suite outliers present
  Average suiteness: 0.737
