
Using nuclear cloud x-H distances and vdW radii

Using input model H/D atoms...

Bad Clashes >= 0.4 Angstrom:
 A 221    C  O2'  A 222    C  O5' :0.801
 A 256    G  H8   A 256    G  OP2 :0.665
 A 256    G  C8   A 256    G  OP2 :0.585
 A 237    G  H8   A 237    G  OP2 :0.578
 A 261    G  O2'  A 262    U  O4' :0.571
 A 260    A  H8   A 260    A  O5' :0.555
 A 273    U  H6   A 273    U  O5' :0.547
 A 234    U  C6   A 234    U  OP1 :0.525
 A 211    U  H2'  A 212    C  C6  :0.485
 A 268    C  H6   A 268    C  O5' :0.483
 A 235    C  H6   A 235    C  O5' :0.479
 A 284    A  H2'  A 284    A  N3  :0.471
 A 264    U  H3'  A 264    U  OP1 :0.462
 A 159    A  N1   A 288    G  C2  :0.453
 A 256    G  H8   A 256    G  P   :0.444
 A 168    G  O2'  A 248    G  N7  :0.444
 A 178    C  O2'  A 210    U  O2  :0.443
 A 158    C  H2'  A 159    A  C8  :0.439
 A 234    U  H6   A 234    U  OP1 :0.439
 A 216    A  O2'  A 217    A  O5' :0.438
 A 206    U  H2'  A 207    C  C6  :0.434
 A 274    G  H2'  A 275    G  C8  :0.423
 A 238    U  H2'  A 239    C  C6  :0.415
 A 249    U  C6   A 249    U  H3' :0.411
 A 269    U  H6   A 269    U  O5' :0.411
 A 163    G  C6   A 164    C  C4  :0.405
 A 249    U  C6   A 249    U  O5' :0.405
 A 179    U H5''  A 180    A  C8  :0.404
 A 276    A  H2'  A 277    A  C8  :0.403
 A 168    G  O4'  A 247    U  OP2 :0.401
 A 172    U H5''  A 173    C  OP1 :0.400
clashscore = 6.96
