
                    ----------Backbone bond lenths----------                   

  All bonds within 4.0 sigma of ideal values.

                    ----------Backbone bond angles----------                   

  All angles within 4.0 sigma of ideal values.

                        ----------Sugar pucker----------                       

  residue                  delta   outlier   epsilon   outlier
   A 271    G               76.9        no     132.8       yes
  1/134 pucker outliers present

                  ----------Backbone torsion suites----------                  

  Suite ID                 suite  suiteness  triaged angle
     U A 214                  !!      0.000      None
     C A 228                  !!      0.000      None
     G A 232                  !!      0.000      None
     U A 239                  !!      0.000      None
     U A 267                  !!      0.000     gamma
     C A 268                  !!      0.000      None
     G A 272                  !!      0.000  epsilon-1
     U A 280                  !!      0.000      None
     G A 281                  !!      0.000      None
     A A 300                  !!      0.000     gamma
     A A 308                  !!      0.000      None
     U A 311                  !!      0.000      None
     C A 313                  !!      0.000      None
  3 suites triaged and 0 incomplete leaving 132 suites
  13/135 suite outliers present
  Average suiteness: 0.809
