
                    ----------Backbone bond lenths----------                   

  All bonds within 4.0 sigma of ideal values.

                    ----------Backbone bond angles----------                   

  All angles within 4.0 sigma of ideal values.

                        ----------Sugar pucker----------                       

  All puckers have reasonable geometry.

                  ----------Backbone torsion suites----------                  

  Suite ID                 suite  suiteness  triaged angle
     U A 214                  !!      0.000      None
     C A 228                  !!      0.000      None
     G A 232                  !!      0.000      None
     U A 239                  !!      0.000      None
     A A 240                  !!      0.000      None
     U A 266                  !!      0.000      None
     G A 272                  !!      0.000      None
     C A 273                  !!      0.000      None
     U A 280                  !!      0.000      None
     A A 300                  !!      0.000     gamma
     G A 310                  !!      0.000      None
     C A 313                  !!      0.000      None
     A A 332                  !!      0.000      None
  1 suites triaged and 0 incomplete leaving 134 suites
  13/135 suite outliers present
  Average suiteness: 0.774
