
                    ----------Backbone bond lenths----------                   

  All bonds within 4.0 sigma of ideal values.

                    ----------Backbone bond angles----------                   

  All angles within 4.0 sigma of ideal values.

                        ----------Sugar pucker----------                       

  All puckers have reasonable geometry.

                  ----------Backbone torsion suites----------                  

  Suite ID                 suite  suiteness  triaged angle
     U A 214                  !!      0.000      None
     U A 216                  !!      0.000      None
     C A 228                  !!      0.000      None
     G A 232                  !!      0.000      None
     U A 239                  !!      0.000      None
     A A 240                  !!      0.000      None
     U A 267                  !!      0.000      None
     C A 268                  !!      0.000      None
     G A 272                  !!      0.000      None
     U A 280                  !!      0.000      None
     G A 281                  !!      0.000      None
     G A 288                  !!      0.000      None
     A A 300                  !!      0.000     gamma
     G A 314                  !!      0.000      None
  1 suites triaged and 0 incomplete leaving 134 suites
  14/135 suite outliers present
  Average suiteness: 0.777
