
                    ----------Backbone bond lenths----------                   

  All bonds within 4.0 sigma of ideal values.

                    ----------Backbone bond angles----------                   

  All angles within 4.0 sigma of ideal values.

                        ----------Sugar pucker----------                       

  residue                  delta   outlier   epsilon   outlier
   A 169    A               77.4        no      73.5       yes
   A 252    G               79.2        no      29.1       yes
  2/123 pucker outliers present

                  ----------Backbone torsion suites----------                  

  Suite ID                 suite  suiteness  triaged angle
     A A 166                  !!      0.000     alpha
     A A 170                  !!      0.000  epsilon-1
     C A 171                  !!      0.000    zeta-1
     C A 183                  !!      0.000      None
     U A 201                  !!      0.000      None
     C A 222                  !!      0.000      None
     A A 235                  !!      0.000      None
     G A 236                  !!      0.000      None
     A A 253                  !!      0.000  epsilon-1
  4 suites triaged and 0 incomplete leaving 120 suites
  9/124 suite outliers present
  Average suiteness: 0.849
