
                    ----------Backbone bond lenths----------                   

  All bonds within 4.0 sigma of ideal values.

                    ----------Backbone bond angles----------                   

  All angles within 4.0 sigma of ideal values.

                        ----------Sugar pucker----------                       

  residue                  delta   outlier   epsilon   outlier
   A 252    G               78.9        no      29.9       yes
  1/123 pucker outliers present

                  ----------Backbone torsion suites----------                  

  Suite ID                 suite  suiteness  triaged angle
     C A 164                  !!      0.000      None
     A A 169                  !!      0.000      None
     A A 170                  !!      0.000      None
     C A 183                  !!      0.000      None
     A A 220                  !!      0.000      None
     A A 235                  !!      0.000      None
     A A 253                  !!      0.000  epsilon-1
  1 suites triaged and 0 incomplete leaving 123 suites
  7/124 suite outliers present
  Average suiteness: 0.837
