
                    ----------Backbone bond lenths----------                   

  All bonds within 4.0 sigma of ideal values.

                    ----------Backbone bond angles----------                   

  All angles within 4.0 sigma of ideal values.

                        ----------Sugar pucker----------                       

  residue                  delta   outlier   epsilon   outlier
   A 113    G               78.9        no      28.4       yes
  1/152 pucker outliers present

                  ----------Backbone torsion suites----------                  

  Suite ID                 suite  suiteness  triaged angle
     C A  36                  !!      0.000      None
     G A  57                  !!      0.000      None
     U A  58                  !!      0.000      None
     U A  97                  !!      0.000      None
     A A 114                  !!      0.000  epsilon-1
     U A 147                  !!      0.000      None
     U A 148                  !!      0.000      None
  1 suites triaged and 0 incomplete leaving 152 suites
  7/153 suite outliers present
  Average suiteness: 0.825
