
                    ----------Backbone bond lenths----------                   

  All bonds within 4.0 sigma of ideal values.

                    ----------Backbone bond angles----------                   

  All angles within 4.0 sigma of ideal values.

                        ----------Sugar pucker----------                       

  residue                  delta   outlier   epsilon   outlier
   A 113    G               78.6        no      29.3       yes
  1/152 pucker outliers present

                  ----------Backbone torsion suites----------                  

  Suite ID                 suite  suiteness  triaged angle
     A A  16                  !!      0.000      None
     C A  36                  !!      0.000      None
     U A  47                  !!      0.000      None
     U A  65                  !!      0.000      None
     C A  98                  !!      0.000      None
     A A 114                  !!      0.000  epsilon-1
     U A 148                  !!      0.000      None
  1 suites triaged and 0 incomplete leaving 152 suites
  7/153 suite outliers present
  Average suiteness: 0.829
