
                    ----------Backbone bond lenths----------                   

  All bonds within 4.0 sigma of ideal values.

                    ----------Backbone bond angles----------                   

  All angles within 4.0 sigma of ideal values.

                        ----------Sugar pucker----------                       

  residue                  delta   outlier   epsilon   outlier
   A 113    G               79.0        no      28.0       yes
  1/152 pucker outliers present

                  ----------Backbone torsion suites----------                  

  Suite ID                 suite  suiteness  triaged angle
     C A  10                  !!      0.000      None
     C A  36                  !!      0.000      None
     U A  47                  !!      0.000      None
     U A  48                  !!      0.000      None
     A A  73                  !!      0.000      None
     U A  74                  !!      0.000      None
     A A  88                  !!      0.000      None
     G A  89                  !!      0.000      None
     U A  96                  !!      0.000      None
     A A 114                  !!      0.000  epsilon-1
     U A 149                  !!      0.000      None
  1 suites triaged and 0 incomplete leaving 152 suites
  11/153 suite outliers present
  Average suiteness: 0.812
