
                    ----------Backbone bond lenths----------                   

  All bonds within 4.0 sigma of ideal values.

                    ----------Backbone bond angles----------                   

  All angles within 4.0 sigma of ideal values.

                        ----------Sugar pucker----------                       

  All puckers have reasonable geometry.

                  ----------Backbone torsion suites----------                  

  Suite ID                 suite  suiteness  triaged angle
     A A 160                  !!      0.000      None
     A A 161                  !!      0.000      None
     C A 182                  !!      0.000      None
     U A 201                  !!      0.000     gamma
     C A 202                  !!      0.000      None
     G A 218                  !!      0.000     gamma
     U A 220                  !!      0.000      None
     A A 234                  !!      0.000      None
     G A 235                  !!      0.000      None
     A A 252                  !!      0.000     gamma
     A A 258                  !!      0.000      None
  3 suites triaged and 0 incomplete leaving 140 suites
  11/143 suite outliers present
  Average suiteness: 0.840
