
                    ----------Backbone bond lenths----------                   

  All bonds within 4.0 sigma of ideal values.

                    ----------Backbone bond angles----------                   

  All angles within 4.0 sigma of ideal values.

                        ----------Sugar pucker----------                       

  All puckers have reasonable geometry.

                  ----------Backbone torsion suites----------                  

  Suite ID                 suite  suiteness  triaged angle
     A A 160                  !!      0.000      None
     C A 182                  !!      0.000      None
     C A 185                  !!      0.000      None
     A A 222                  !!      0.000      None
     A A 252                  !!      0.000     gamma
     A A 256                  !!      0.000     gamma
     A A 257                  !!      0.000      None
     G A 284                  !!      0.000      None
     U A 285                  !!      0.000      None
     G A 286                  !!      0.000     alpha
  3 suites triaged and 0 incomplete leaving 140 suites
  10/143 suite outliers present
  Average suiteness: 0.841
