
                    ----------Backbone bond lenths----------                   

  All bonds within 4.0 sigma of ideal values.

                    ----------Backbone bond angles----------                   

  All angles within 4.0 sigma of ideal values.

                        ----------Sugar pucker----------                       

  residue                  delta   outlier   epsilon   outlier
   A 251    G               79.4        no     147.2       yes
  1/142 pucker outliers present

                  ----------Backbone torsion suites----------                  

  Suite ID                 suite  suiteness  triaged angle
     A A 161                  !!      0.000     alpha
     C A 182                  !!      0.000      None
     A A 186                  !!      0.000      None
     U A 201                  !!      0.000      None
     C A 202                  !!      0.000      None
     G A 218                  !!      0.000      None
     A A 252                  !!      0.000  epsilon-1
     A A 257                  !!      0.000      None
     G A 286                  !!      0.000      None
  2 suites triaged and 0 incomplete leaving 141 suites
  9/143 suite outliers present
  Average suiteness: 0.825
