
                    ----------Backbone bond lenths----------                   

  All bonds within 4.0 sigma of ideal values.

                    ----------Backbone bond angles----------                   

  residue               atom 1  atom 2  atom 3  sigmas
   A  55    U              C3'     C2'     C1'    7.95
   A  55    U              C4'     C3'     C2'    6.24
   A  55    U              O4'     C4'     C3'    4.66
   A 148    U              O4'     C4'     C3'    4.93
  4/3357 angle outliers present

                        ----------Sugar pucker----------                       

  residue                  delta   outlier   epsilon   outlier
   A  16    A               84.8        no      77.0       yes
   A  21    U               76.5        no      79.5       yes
   A  35    U               79.2        no     152.0       yes
   A  55    U               63.8       yes      64.6       yes
   A  64    U               83.4       yes      31.7       yes
   A 105    G               80.8        no     148.1       yes
   A 134    G               81.2        no     127.4       yes
   A 148    U              165.7       yes     271.2        no
  8/152 pucker outliers present

                  ----------Backbone torsion suites----------                  

  Suite ID                 suite  suiteness  triaged angle
     C A  17                  !!      0.000  epsilon-1
     A A  22                  !!      0.000  epsilon-1
     C A  36                  !!      0.000  epsilon-1
     U A  48                  !!      0.000      None
     C A  56                  !!      0.000  epsilon-1
     U A  64                  !!      0.000     alpha
     U A  65                  !!      0.000  epsilon-1
     A A  73                  !!      0.000     alpha
     U A  74                  !!      0.000      None
     C A  75                  !!      0.000    zeta-1
     C A  78                  !!      0.000     gamma
     C A  81                  !!      0.000      None
     A A  88                  !!      0.000     gamma
     G A  89                  !!      0.000    zeta-1
     A A 106                  !!      0.000  epsilon-1
     C A 135                  !!      0.000  epsilon-1
     G A 146                  !!      0.000      None
     U A 147                  !!      0.000      None
     U A 148                  !!      0.000     delta
     U A 149                  !!      0.000   delta-1
  15 suites triaged and 0 incomplete leaving 138 suites
  20/153 suite outliers present
  Average suiteness: 0.774
