
                    ----------Backbone bond lenths----------                   

  All bonds within 4.0 sigma of ideal values.

                    ----------Backbone bond angles----------                   

  residue               atom 1  atom 2  atom 3  sigmas
   A  16    A              O3'     C3'     C2'   -5.17
  1/3357 angle outliers present

                        ----------Sugar pucker----------                       

  residue                  delta   outlier   epsilon   outlier
   A  35    U               79.3        no     151.9       yes
   A  87    U               79.9        no     147.3       yes
   A 105    G               80.8        no     148.1       yes
  3/152 pucker outliers present

                  ----------Backbone torsion suites----------                  

  Suite ID                 suite  suiteness  triaged angle
     A A  16                  !!      0.000     gamma
     C A  17                  !!      0.000    zeta-1
     A A  22                  !!      0.000     gamma
     A A  23                  !!      0.000      beta
     G A  27                  !!      0.000      None
     C A  36                  !!      0.000  epsilon-1
     A A  40                  !!      0.000    zeta-1
     U A  48                  !!      0.000      None
     U A  55                  !!      0.000      None
     G A  66                  !!      0.000     gamma
     G A  72                  !!      0.000      None
     C A  81                  !!      0.000      None
     A A  88                  !!      0.000  epsilon-1
     C A  94                  !!      0.000      None
     A A 106                  !!      0.000  epsilon-1
     U A 148                  !!      0.000     gamma
     U A 149                  !!      0.000      None
  10 suites triaged and 0 incomplete leaving 143 suites
  17/153 suite outliers present
  Average suiteness: 0.769
