
                    ----------Backbone bond lenths----------                   

  All bonds within 4.0 sigma of ideal values.

                    ----------Backbone bond angles----------                   

  residue               atom 1  atom 2  atom 3  sigmas
   A  88    A              O4'     C4'     C3'   -4.19
   A  88    A              C5'     C4'     O4'    4.69
  2/3357 angle outliers present

                        ----------Sugar pucker----------                       

  residue                  delta   outlier   epsilon   outlier
   A  35    U               79.2        no     151.9       yes
   A 105    G               80.8        no     148.1       yes
  2/152 pucker outliers present

                  ----------Backbone torsion suites----------                  

  Suite ID                 suite  suiteness  triaged angle
     A A  16                  !!      0.000     gamma
     C A  17                  !!      0.000      None
     G A  18                  !!      0.000      None
     A A  23                  !!      0.000      None
     C A  36                  !!      0.000  epsilon-1
     U A  47                  !!      0.000     gamma
     U A  48                  !!      0.000      None
     U A  55                  !!      0.000      None
     C A  56                  !!      0.000     alpha
     G A  57                  !!      0.000      None
     C A  59                  !!      0.000      None
     U A  64                  !!      0.000     gamma
     U A  74                  !!      0.000      None
     C A  75                  !!      0.000      None
     C A  81                  !!      0.000      None
     A A  88                  !!      0.000     gamma
     G A  89                  !!      0.000     gamma
     C A  94                  !!      0.000     gamma
     G A  95                  !!      0.000     alpha
     A A 106                  !!      0.000  epsilon-1
     A A 115                  !!      0.000      None
     C A 135                  !!      0.000     alpha
     C A 136                  !!      0.000     gamma
     U A 147                  !!      0.000      None
     U A 148                  !!      0.000     gamma
     U A 149                  !!      0.000      None
  13 suites triaged and 0 incomplete leaving 140 suites
  26/153 suite outliers present
  Average suiteness: 0.743
