
Using nuclear cloud x-H distances and vdW radii

Using input model H/D atoms...

Bad Clashes >= 0.4 Angstrom:
 A  16    A  O2'  A  17    C  P   :0.741
 A  35    U  O2'  A  36    C  OP2 :0.738
 A  15    C  O2'  A  16    A  O3' :0.726
 A  16    A  H3'  A  16    A  N3  :0.676
 A 145    G  C2'  A 146    G  OP1 :0.659
 A 105    G  O2'  A 106    A  O5' :0.653
 A  48    U  C6   A  48    U  OP2 :0.603
 A  77    U  H6   A  77    U  P   :0.593
 A  17    C  N4   A 139    G  O2' :0.592
 A  35    U  C2'  A  36    C  OP2 :0.582
 A  16    A  O2'  A  17    C  O5' :0.551
 A  16    A  O2'  A  17    C  OP1 :0.528
 A 135    C  H6   A 135    C  O5' :0.516
 A 145    G  H2'  A 146    G  OP1 :0.506
 A 146    G  OP2  A 148    U  O2' :0.501
 A  48    U  H6   A  48    U  OP2 :0.479
 A  16    A  H4'  A  17    C  OP1 :0.458
 A  77    U  H6   A  77    U  O5' :0.458
 A  95    G  O4'  A  95    G  OP2 :0.458
 A  72    G  H8   A  72    G  OP2 :0.451
 A 113    G  N2   A 116    A  N7  :0.449
 A  96    U  H2'  A  97    C  C6  :0.448
 A  17    C  OP1  A  18    G  C8  :0.441
 A  54    U  H6   A  54    U  O5' :0.436
 A  98    C  C4   A  99    G  N7  :0.436
 A  27    G  H2'  A  28    U  C6  :0.431
 A  88    A  H4'  A  89    G  N7  :0.429
 A  80    G  C5   A  81    C  C5  :0.417
 A  52    G  C8   A  54    U  O4  :0.415
 A  14    A  N1   A 141    C  N4  :0.412
 A  77    U  C5   A  77    U  OP2 :0.408
 A 140    U  H2'  A 141    C  C6  :0.407
 A 116    A  H8   A 116    A  O5' :0.406
 A  95    G  H2'  A  96    U  C6  :0.404
clashscore = 6.96
