
Using nuclear cloud x-H distances and vdW radii

Using input model H/D atoms...

Bad Clashes >= 0.4 Angstrom:
 A  22    A  C8   A  22    A  OP2 :1.005
 A 146    G  H3'  A 146    G  N3  :0.870
 A  21    U  O2'  A  22    A  OP2 :0.808
 A  16    A  O2'  A  17    C  OP2 :0.780
 A 135    C  O2'  A 136    C  OP1 :0.778
 A  35    U  O2'  A  36    C  OP2 :0.739
 A  22    A  H8   A  22    A  OP2 :0.727
 A 135    C  O2'  A 136    C  P   :0.704
 A 105    G  O2'  A 106    A  O5' :0.654
 A 146    G  C3'  A 146    G  N3  :0.596
 A  88    A  H4'  A  89    G  OP1 :0.591
 A  64    U  N3   A  66    G  N7  :0.585
 A  35    U  C2'  A  36    C  OP2 :0.583
 A  88    A  O2'  A  89    G  O5' :0.555
 A  88    A  N6   A  94    C  O2' :0.555
 A  48    U  C6   A  48    U  OP2 :0.522
 A  88    A  O2'  A  89    G  H3' :0.516
 A 115    A  H8   A 115    A  O5' :0.489
 A  88    A  O4'  A  89    G  N7  :0.468
 A  88    A  C4'  A  89    G  OP1 :0.462
 A  94    C  H4'  A  95    G  O5' :0.458
 A  72    G  O2'  A  75    C  N4  :0.457
 A  40    A  C2   A  76    A  N1  :0.456
 A  21    U  H4'  A  22    A  O5' :0.439
 A  98    C  C4   A  99    G  N7  :0.436
 A  14    A  N1   A 141    C  N4  :0.420
 A  80    G  C5   A  81    C  C5  :0.417
 A 146    G  C2'  A 146    G  N3  :0.416
 A  94    C H5''  A  95    G  OP1 :0.416
 A  21    U  O2   A 135    C  N4  :0.412
 A  15    C  O2'  A  17    C  C1' :0.409
 A 140    U  H2'  A 141    C  C6  :0.407
 A  65    U  H2'  A  66    G  C8  :0.400
 A  27    G  H2'  A  28    U  C6  :0.400
clashscore = 6.96
