
Using nuclear cloud x-H distances and vdW radii

Using input model H/D atoms...

Bad Clashes >= 0.4 Angstrom:
 A  35    U  O2'  A  36    C  OP2 :0.738
 A  87    U  C2'  A  88    A  OP2 :0.703
 A  65    U  H6   A  65    U  OP1 :0.689
 A  87    U  O2'  A  88    A  P   :0.674
 A  65    U  C6   A  65    U  OP1 :0.672
 A  17    C  N4   A 139    G  O2' :0.672
 A 105    G  O2'  A 106    A  O5' :0.653
 A 148    U  H2'  A 148    U  OP2 :0.649
 A 146    G  O2'  A 147    U  OP2 :0.620
 A  87    U  O2'  A  88    A  OP2 :0.619
 A  15    C  O2'  A  17    C  OP2 :0.616
 A  22    A  H3'  A  22    A  OP1 :0.616
 A  48    U  C6   A  48    U  OP2 :0.610
 A 117    C  H6   A 117    C  OP2 :0.607
 A  35    U  C2'  A  36    C  OP2 :0.582
 A  55    U  H6   A  55    U  O5' :0.543
 A  65    U  H6   A  65    U  P   :0.531
 A 148    U  C6   A 148    U  OP2 :0.505
 A  27    G  H2'  A  28    U  C6  :0.493
 A  94    C  C6   A  94    C  OP1 :0.492
 A 117    C  C6   A 117    C  OP2 :0.478
 A  87    U  O2'  A  88    A  O5' :0.474
 A  63    G  C2   A  65    U  OP1 :0.457
 A 135    C  H6   A 135    C  O5' :0.447
 A  98    C  C4   A  99    G  N7  :0.435
 A 115    A  H8   A 115    A  O5' :0.426
 A  14    A  N1   A 141    C  N4  :0.424
 A  80    G  C5   A  81    C  C5  :0.417
 A  88    A  N6   A 100    G  N3  :0.416
 A 113    G  N2   A 116    A  N7  :0.412
 A  55    U  C6   A  55    U  O5' :0.409
 A  48    U  C5   A  48    U  OP2 :0.406
clashscore = 6.55
