
Using nuclear cloud x-H distances and vdW radii

Using input model H/D atoms...

Bad Clashes >= 0.4 Angstrom:
 A  35    U  O2'  A  36    C  OP2 :0.737
 A  88    A  N6   A 100    G  N3  :0.705
 A 135    C  O2'  A 136    C  OP1 :0.695
 A 105    G  O2'  A 106    A  O5' :0.653
 A  41    G  N3   A  75    C  N4  :0.625
 A  35    U  C2'  A  36    C  OP2 :0.582
 A  56    C  H6   A  56    C  OP2 :0.581
 A  40    A  H8   A  40    A  O5' :0.578
 A  56    C  C6   A  56    C  OP2 :0.573
 A  40    A  N3   A  76    A  N6  :0.535
 A  27    G  H2'  A  28    U  C6  :0.513
 A   6    U  O4   A 146    G  N2  :0.503
 A  48    U  C6   A  48    U  OP2 :0.481
 A 135    C  H6   A 135    C  O5' :0.478
 A  87    U  C2'  A  88    A  OP2 :0.452
 A  87    U  H2'  A  88    A  OP2 :0.447
 A 135    C  O2'  A 136    C  P   :0.442
 A  14    A  N1   A 141    C  N4  :0.442
 A  98    C  C4   A  99    G  N7  :0.436
 A  56    C  H2'  A  57    G  C8  :0.434
 A 116    A  H8   A 116    A  O5' :0.430
 A 140    U  H2'  A 141    C  C6  :0.420
 A  80    G  C5   A  81    C  C5  :0.417
 A  22    A  C6   A 136    C  H1' :0.410
 A 116    A  H2'  A 117    C  O4' :0.404
clashscore = 5.12
