
Using nuclear cloud x-H distances and vdW radii

Using input model H/D atoms...

Bad Clashes >= 0.4 Angstrom:
 A 147    U  O4'  A 147    U  OP2 :1.074
 A  15    C  O2'  A  16    A  OP1 :0.978
 A 147    U  C4'  A 147    U  OP2 :0.862
 A 146    G  O2'  A 147    U  P   :0.750
 A  35    U  O2'  A  36    C  OP2 :0.739
 A 149    U  O3'  A 149    U  OP2 :0.707
 A  73    A  C2'  A  74    U  OP2 :0.703
 A  15    C  O2'  A  16    A  P   :0.662
 A 105    G  O2'  A 106    A  O5' :0.654
 A  73    A  O2'  A  76    A  OP2 :0.654
 A 146    G  O2'  A 147    U  OP2 :0.653
 A 114    A  O2'  A 115    A  O5' :0.645
 A 149    U  C4'  A 149    U  OP2 :0.642
 A  74    U  O4   A 116    A  O2' :0.634
 A 149    U  H4'  A 149    U  OP2 :0.625
 A 148    U  O4'  A 148    U  OP2 :0.613
 A  16    A  O2'  A  18    G  OP2 :0.609
 A  40    A  H8   A  40    A  O5' :0.592
 A  35    U  C2'  A  36    C  OP2 :0.582
 A 147    U  O4'  A 147    U  P   :0.563
 A 147    U  H4'  A 147    U  OP2 :0.544
 A  17    C  H6   A  17    C  O5' :0.530
 A  72    G  N2   A  76    A  N1  :0.515
 A 114    A  O2'  A 115    A  C8  :0.515
 A  73    A  O2'  A  74    U  OP2 :0.501
 A  57    G  H8   A  57    G  OP2 :0.499
 A 114    A  O2'  A 115    A  O4' :0.487
 A 148    U  C6   A 148    U  OP2 :0.483
 A  63    G  C6   A  64    U  C2  :0.457
 A  87    U  O2'  A  88    A  C8  :0.446
 A  14    A  N1   A 141    C  N4  :0.443
 A  64    U  O2   A  65    U  C5  :0.442
 A  98    C  C4   A  99    G  N7  :0.437
 A  20    G  H2'  A  21    U  O4' :0.436
 A  63    G  H2'  A  64    U  O4' :0.423
 A  73    A  H2'  A  74    U  OP2 :0.419
 A 114    A  H8   A 114    A  OP1 :0.418
 A  80    G  C5   A  81    C  C5  :0.417
 A  23    A  H2'  A  24    C  C6  :0.416
 A  88    A  N6   A 100    G  H1' :0.402
 A 140    U  H2'  A 141    C  C6  :0.402
clashscore = 8.39
