
                    ----------Backbone bond lenths----------                   

  All bonds within 4.0 sigma of ideal values.

                    ----------Backbone bond angles----------                   

  residue               atom 1  atom 2  atom 3  sigmas
   A  16    A              O4'     C4'     C3'    4.07
   A 135    C              O3'     P       O5'   -4.07
  2/3357 angle outliers present

                        ----------Sugar pucker----------                       

  residue                  delta   outlier   epsilon   outlier
   A  16    A               75.8       yes      38.2       yes
   A  21    U               80.1       yes      35.9       yes
   A  35    U               79.3        no     151.9       yes
   A  88    A               87.6       yes      28.9       yes
   A  94    C               79.0        no      18.1       yes
   A 105    G               80.8        no     148.1       yes
   A 135    C               77.5        no      86.6       yes
  7/152 pucker outliers present

                  ----------Backbone torsion suites----------                  

  Suite ID                 suite  suiteness  triaged angle
     C A  17                  !!      0.000  epsilon-1
     A A  22                  !!      0.000  epsilon-1
     C A  36                  !!      0.000  epsilon-1
     U A  47                  !!      0.000     gamma
     U A  48                  !!      0.000      None
     U A  64                  !!      0.000     gamma
     G A  72                  !!      0.000      None
     A A  73                  !!      0.000     alpha
     U A  74                  !!      0.000      None
     C A  78                  !!      0.000      None
     C A  81                  !!      0.000      None
     G A  89                  !!      0.000  epsilon-1
     G A  95                  !!      0.000  epsilon-1
     A A 106                  !!      0.000  epsilon-1
     A A 114                  !!      0.000     gamma
     C A 135                  !!      0.000     alpha
     C A 136                  !!      0.000  epsilon-1
     G A 146                  !!      0.000      None
     U A 147                  !!      0.000     gamma
     U A 148                  !!      0.000      None
     U A 149                  !!      0.000      None
  13 suites triaged and 0 incomplete leaving 140 suites
  21/153 suite outliers present
  Average suiteness: 0.767
