
Using nuclear cloud x-H distances and vdW radii

Using input model H/D atoms...

Bad Clashes >= 0.4 Angstrom:
 A  88    A  C8   A  88    A  OP2 :1.071
 A  21    U  O2'  A  22    A  OP2 :0.837
 A  56    C  H4'  A  56    C  OP2 :0.822
 A  95    G  H3'  A  95    G  N3  :0.822
 A  17    C  H3'  A  17    C  OP1 :0.800
 A  35    U  O2'  A  36    C  OP2 :0.737
 A  72    G  N2   A  76    A  N1  :0.712
 A 105    G  O2'  A 106    A  O5' :0.653
 A  17    C  H6   A  17    C  P   :0.639
 A  92    U  N3   A  95    G  O6  :0.589
 A  21    U  O2'  A  22    A  P   :0.584
 A  35    U  C2'  A  36    C  OP2 :0.582
 A  55    U  O2'  A  56    C  OP2 :0.572
 A  23    A  N6   A 135    C  N3  :0.514
 A  17    C  C6   A  17    C  P   :0.507
 A  88    A  H8   A  88    A  OP2 :0.501
 A  17    C  C6   A  17    C  OP1 :0.501
 A  92    U  H6   A  92    U  O5' :0.500
 A  21    U  H4'  A  22    A  O5' :0.495
 A  65    U  C4   A  66    G  N7  :0.486
 A  95    G  C3'  A  95    G  N3  :0.486
 A  41    G  N3   A  75    C  N4  :0.481
 A  87    U  O3'  A  88    A  O4' :0.478
 A  66    G  C4'  A  66    G  OP1 :0.475
 A  88    A  C8   A  88    A  P   :0.463
 A  51    G  O6   A  57    G  N2  :0.460
 A  56    C  C4'  A  56    C  OP2 :0.457
 A 147    U  N3   A 150    C  OP1 :0.456
 A 149    U  H4'  A 149    U  OP1 :0.443
 A  66    G  H4'  A  66    G  OP1 :0.438
 A  92    U  C6   A  92    U  O5' :0.437
 A  98    C  C4   A  99    G  N7  :0.436
 A  65    U  H6   A  65    U  O5' :0.436
 A  94    C  O2   A  95    G  N2  :0.435
 A  63    G  H2'  A  64    U  O4' :0.427
 A  65    U H5''  A  66    G  OP2 :0.424
 A 146    G  O6   A 151    A  N6  :0.424
 A  80    G  C5   A  81    C  C5  :0.417
 A  72    G  N3   A  76    A  N6  :0.409
 A  39    C  H2'  A  40    A  O4' :0.400
clashscore = 8.19
