
Using nuclear cloud x-H distances and vdW radii

Using input model H/D atoms...

Bad Clashes >= 0.4 Angstrom:
 A  54    U  H6   A  54    U  O5' :0.923
 A  74    U  C6   A  74    U  OP2 :0.893
 A  54    U  C6   A  54    U  O5' :0.800
 A  66    G  O4'  A  66    G  OP2 :0.756
 A  35    U  O2'  A  36    C  OP2 :0.738
 A  95    G  O2'  A  97    C  OP2 :0.657
 A 105    G  O2'  A 106    A  O5' :0.653
 A  66    G  C4'  A  66    G  OP2 :0.647
 A  74    U  H6   A  74    U  OP2 :0.623
 A  49    A  OP2  A  56    C  O2' :0.612
 A  74    U  C5   A  74    U  OP2 :0.582
 A  35    U  C2'  A  36    C  OP2 :0.582
 A  72    G  O2'  A  73    A  O5' :0.541
 A  63    G  C6   A  64    U  C2  :0.499
 A  64    U  O2   A  65    U  C5  :0.482
 A 116    A  H8   A 116    A  O5' :0.466
 A  21    U  O2   A 135    C  N4  :0.445
 A  98    C  C4   A  99    G  N7  :0.436
 A  52    G  N7   A  54    U  N3  :0.433
 A  14    A  N1   A 141    C  N4  :0.427
 A  63    G  H2'  A  64    U  O4' :0.424
 A  80    G  C5   A  81    C  C5  :0.417
 A 140    U  H2'  A 141    C  C6  :0.415
 A 146    G  H1'  A 150    C  H42 :0.413
 A  73    A  H2'  A  74    U  O4' :0.403
clashscore = 5.12
