
                    ----------Backbone bond lenths----------                   

  All bonds within 4.0 sigma of ideal values.

                    ----------Backbone bond angles----------                   

  All angles within 4.0 sigma of ideal values.

                        ----------Sugar pucker----------                       

  residue                  delta   outlier   epsilon   outlier
   A  15    C               80.2        no      68.8       yes
   A  16    A              163.8       yes     268.6        no
   A  35    U               79.2        no     152.0       yes
   A  73    A               81.0        no     149.2       yes
   A 105    G               80.8        no     148.1       yes
   A 146    G               81.4        no      81.8       yes
  6/152 pucker outliers present

                  ----------Backbone torsion suites----------                  

  Suite ID                 suite  suiteness  triaged angle
     A A  16                  !!      0.000  epsilon-1
     G A  18                  !!      0.000     gamma
     U A  21                  !!      0.000     gamma
     A A  22                  !!      0.000      None
     C A  36                  !!      0.000  epsilon-1
     U A  48                  !!      0.000      None
     U A  55                  !!      0.000      None
     G A  57                  !!      0.000      None
     G A  66                  !!      0.000    zeta-1
     A A  73                  !!      0.000     alpha
     U A  74                  !!      0.000  epsilon-1
     C A  75                  !!      0.000     alpha
     C A  78                  !!      0.000      None
     C A  81                  !!      0.000      None
     G A  95                  !!      0.000     gamma
     U A  96                  !!      0.000      None
     A A 106                  !!      0.000  epsilon-1
     A A 114                  !!      0.000      None
     A A 115                  !!      0.000     gamma
     G A 146                  !!      0.000      None
     U A 147                  !!      0.000  epsilon-1
     U A 148                  !!      0.000      None
     U A 149                  !!      0.000     gamma
  13 suites triaged and 0 incomplete leaving 140 suites
  23/153 suite outliers present
  Average suiteness: 0.746
