
                    ----------Backbone bond lenths----------                   

  All bonds within 4.0 sigma of ideal values.

                    ----------Backbone bond angles----------                   

  All angles within 4.0 sigma of ideal values.

                        ----------Sugar pucker----------                       

  residue                  delta   outlier   epsilon   outlier
   A  16    A               81.2       yes      71.1       yes
   A  35    U               79.3        no     152.0       yes
   A 105    G               80.7        no     148.1       yes
   A 146    G               74.3        no     147.2       yes
  4/152 pucker outliers present

                  ----------Backbone torsion suites----------                  

  Suite ID                 suite  suiteness  triaged angle
     C A  17                  !!      0.000  epsilon-1
     G A  18                  !!      0.000      None
     C A  24                  !!      0.000      None
     C A  36                  !!      0.000  epsilon-1
     U A  47                  !!      0.000     gamma
     U A  48                  !!      0.000     gamma
     C A  56                  !!      0.000      None
     U A  64                  !!      0.000     gamma
     G A  66                  !!      0.000      None
     G A  72                  !!      0.000      None
     A A  76                  !!      0.000    zeta-1
     C A  81                  !!      0.000      None
     G A  89                  !!      0.000      None
     U A  93                  !!      0.000      None
     C A  94                  !!      0.000      None
     G A  95                  !!      0.000      None
     A A 106                  !!      0.000  epsilon-1
     U A 147                  !!      0.000  epsilon-1
     U A 148                  !!      0.000      None
     U A 149                  !!      0.000     gamma
  9 suites triaged and 0 incomplete leaving 144 suites
  20/153 suite outliers present
  Average suiteness: 0.753
