
                    ----------Backbone bond lenths----------                   

  All bonds within 4.0 sigma of ideal values.

                    ----------Backbone bond angles----------                   

  All angles within 4.0 sigma of ideal values.

                        ----------Sugar pucker----------                       

  residue                  delta   outlier   epsilon   outlier
   A  35    U               79.3        no     151.9       yes
   A 105    G               80.8        no     148.1       yes
   A 135    C               88.9        no     142.0       yes
  3/152 pucker outliers present

                  ----------Backbone torsion suites----------                  

  Suite ID                 suite  suiteness  triaged angle
     A A  16                  !!      0.000     gamma
     C A  17                  !!      0.000      None
     G A  18                  !!      0.000    zeta-1
     U A  21                  !!      0.000      None
     A A  22                  !!      0.000     gamma
     C A  36                  !!      0.000  epsilon-1
     U A  48                  !!      0.000     gamma
     C A  56                  !!      0.000     alpha
     U A  64                  !!      0.000     gamma
     G A  66                  !!      0.000      None
     C A  75                  !!      0.000    zeta-1
     U A  77                  !!      0.000     gamma
     C A  81                  !!      0.000      None
     A A 106                  !!      0.000  epsilon-1
     C A 136                  !!      0.000  epsilon-1
     U A 147                  !!      0.000     alpha
     U A 148                  !!      0.000     alpha
     U A 149                  !!      0.000      None
  13 suites triaged and 0 incomplete leaving 140 suites
  18/153 suite outliers present
  Average suiteness: 0.767
