
                    ----------Backbone bond lenths----------                   

  All bonds within 4.0 sigma of ideal values.

                    ----------Backbone bond angles----------                   

  residue               atom 1  atom 2  atom 3  sigmas
   A  91    U              C4'     C3'     C2'    6.03
  1/3357 angle outliers present

                        ----------Sugar pucker----------                       

  residue                  delta   outlier   epsilon   outlier
   A  21    U               78.8        no      67.3       yes
   A  35    U               79.3        no     151.9       yes
   A 105    G               80.8        no     148.1       yes
  3/152 pucker outliers present

                  ----------Backbone torsion suites----------                  

  Suite ID                 suite  suiteness  triaged angle
     C A  17                  !!      0.000    zeta-1
     A A  22                  !!      0.000  epsilon-1
     C A  24                  !!      0.000      None
     G A  27                  !!      0.000      None
     C A  36                  !!      0.000  epsilon-1
     U A  48                  !!      0.000      None
     C A  56                  !!      0.000      beta
     G A  66                  !!      0.000      beta
     A A  73                  !!      0.000     gamma
     U A  74                  !!      0.000     gamma
     C A  75                  !!      0.000      None
     U A  77                  !!      0.000     gamma
     C A  81                  !!      0.000      None
     A A  88                  !!      0.000      None
     G A  89                  !!      0.000      None
     U A  93                  !!      0.000     gamma
     G A  95                  !!      0.000     alpha
     A A 106                  !!      0.000  epsilon-1
     C A 141                  !!      0.000     gamma
     G A 146                  !!      0.000     gamma
     U A 148                  !!      0.000      None
     U A 149                  !!      0.000      beta
  14 suites triaged and 0 incomplete leaving 139 suites
  22/153 suite outliers present
  Average suiteness: 0.764
