
                    ----------Backbone bond lenths----------                   

  All bonds within 4.0 sigma of ideal values.

                    ----------Backbone bond angles----------                   

  residue               atom 1  atom 2  atom 3  sigmas
   A  16    A              O3'     C3'     C2'   -5.15
   A  55    U              C4'     C3'     C2'   -5.41
   A  55    U              O3'     C3'     C2'  -15.56
   A  56    C              C4'     C3'     C2'   -4.06
  4/3357 angle outliers present

                        ----------Sugar pucker----------                       

  residue                  delta   outlier   epsilon   outlier
   A  35    U               79.3        no     151.9       yes
   A  55    U               55.5       yes     130.3       yes
   A  87    U               79.9        no     116.8       yes
   A 105    G               80.7        no     148.1       yes
   A 146    G               84.9        no     151.6       yes
  5/152 pucker outliers present

                  ----------Backbone torsion suites----------                  

  Suite ID                 suite  suiteness  triaged angle
     A A  16                  !!      0.000     gamma
     G A  18                  !!      0.000      None
     A A  23                  !!      0.000      None
     C A  36                  !!      0.000  epsilon-1
     U A  48                  !!      0.000      None
     U A  55                  !!      0.000     delta
     C A  56                  !!      0.000  epsilon-1
     U A  64                  !!      0.000      None
     G A  66                  !!      0.000     gamma
     A A  73                  !!      0.000      None
     U A  74                  !!      0.000      None
     C A  78                  !!      0.000     gamma
     C A  81                  !!      0.000      None
     A A  88                  !!      0.000  epsilon-1
     G A  89                  !!      0.000      None
     U A  93                  !!      0.000    zeta-1
     C A  94                  !!      0.000      None
     A A 106                  !!      0.000  epsilon-1
     U A 147                  !!      0.000  epsilon-1
     U A 148                  !!      0.000     gamma
     U A 149                  !!      0.000     gamma
  12 suites triaged and 0 incomplete leaving 141 suites
  21/153 suite outliers present
  Average suiteness: 0.755
