
Using nuclear cloud x-H distances and vdW radii

Using input model H/D atoms...

Bad Clashes >= 0.4 Angstrom:
 A 310    G  O4'  A 310    G  OP1 :1.200
 A 293    U  O4'  A 293    U  OP1 :1.130
 A 203    A  N6   A 309    A  N3  :0.731
 A 191    C  O2'  A 192    A  OP2 :0.700
 A 293    U  C4'  A 293    U  OP1 :0.689
 A 192    A  N7   A 317    G  N2  :0.655
 A 281    G  O2'  A 282    G  O5' :0.653
 A 310    G  C4'  A 310    G  OP1 :0.594
 A 309    A  H8   A 309    A  O5' :0.589
 A 317    G  H8   A 317    G  O5' :0.555
 A 308    U  O4   A 309    A  C2  :0.537
 A 317    G  C5   A 318    C  C4  :0.531
 A 317    G  C6   A 318    C  C4  :0.520
 A 309    A  C2   A 310    G  N7  :0.478
 A 191    C  O2'  A 192    A  P   :0.456
 A 224    A  N7   A 237    G  N2  :0.452
 A 293    U  O2'  A 295    C  OP2 :0.451
 A 308    U  H2'  A 309    A  O4' :0.447
 A 201    C  H3'  A 202    A  H4' :0.441
 A 310    G  O4'  A 310    G  P   :0.439
 A 317    G  C5   A 318    C  C5  :0.432
 A 213    G  O6   A 294    G  N1  :0.409
clashscore = 5.09
