
                    ----------Backbone bond lenths----------                   

  All bonds within 4.0 sigma of ideal values.

                    ----------Backbone bond angles----------                   

  residue               atom 1  atom 2  atom 3  sigmas
   A 220    A              C4'     C3'     C2'   -5.19
   A 220    A              O3'     C3'     C2'  -14.97
   A 236    G              O3'     P       O5'   -4.43
   A 236    G              C3'     O3'     P     -6.59
   A 281    G              O3'     P       OP1  -11.56
   A 281    G              O3'     P       OP2   21.60
  6/2961 angle outliers present

                        ----------Sugar pucker----------                       

  residue                  delta   outlier   epsilon   outlier
   A 213    G               80.6        no      28.5       yes
   A 220    A               59.2       yes     110.5       yes
   A 236    G               81.0        no     100.6       yes
   A 274    C               81.7        no     138.8       yes
   A 281    G               80.9        no      34.2       yes
  5/134 pucker outliers present

                  ----------Backbone torsion suites----------                  

  Suite ID                 suite  suiteness  triaged angle
     A A 192                  !!      0.000     gamma
     U A 196                  !!      0.000      None
     C A 199                  !!      0.000     gamma
     G A 204                  !!      0.000      beta
     C A 210                  !!      0.000     gamma
     G A 214                  !!      0.000  epsilon-1
     A A 220                  !!      0.000     delta
     U A 221                  !!      0.000  epsilon-1
     C A 225                  !!      0.000      None
     G A 237                  !!      0.000  epsilon-1
     A A 246                  !!      0.000     gamma
     A A 247                  !!      0.000     gamma
     U A 248                  !!      0.000     gamma
     G A 252                  !!      0.000      None
     U A 262                  !!      0.000     gamma
     U A 275                  !!      0.000  epsilon-1
     G A 282                  !!      0.000  epsilon-1
     A A 289                  !!      0.000      None
     G A 310                  !!      0.000    zeta-1
  15 suites triaged and 0 incomplete leaving 120 suites
  19/135 suite outliers present
  Average suiteness: 0.775
