
                    ----------Backbone bond lenths----------                   

  All bonds within 4.0 sigma of ideal values.

                    ----------Backbone bond angles----------                   

  residue               atom 1  atom 2  atom 3  sigmas
   A 281    G              O3'     P       OP1  -11.57
   A 281    G              O3'     P       OP2   21.60
  2/2961 angle outliers present

                        ----------Sugar pucker----------                       

  residue                  delta   outlier   epsilon   outlier
   A 219    A               84.2        no      35.1       yes
   A 281    G               80.9        no      34.2       yes
  2/134 pucker outliers present

                  ----------Backbone torsion suites----------                  

  Suite ID                 suite  suiteness  triaged angle
     C A 191                  !!      0.000     gamma
     U A 193                  !!      0.000      None
     C A 199                  !!      0.000      beta
     A A 203                  !!      0.000     gamma
     G A 204                  !!      0.000    zeta-1
     C A 210                  !!      0.000      None
     G A 214                  !!      0.000      None
     A A 220                  !!      0.000  epsilon-1
     U A 221                  !!      0.000     gamma
     A A 224                  !!      0.000     alpha
     C A 225                  !!      0.000      None
     A A 247                  !!      0.000      None
     C A 250                  !!      0.000      None
     G A 252                  !!      0.000     gamma
     U A 262                  !!      0.000      None
     G A 263                  !!      0.000     gamma
     G A 282                  !!      0.000  epsilon-1
     A A 289                  !!      0.000     gamma
     A A 290                  !!      0.000     gamma
     G A 292                  !!      0.000      None
     U A 293                  !!      0.000      None
     G A 294                  !!      0.000     alpha
     G A 310                  !!      0.000    zeta-1
  14 suites triaged and 0 incomplete leaving 121 suites
  23/135 suite outliers present
  Average suiteness: 0.750
