
Using nuclear cloud x-H distances and vdW radii

Using input model H/D atoms...

Bad Clashes >= 0.4 Angstrom:
 A 248    U  H3'  A 248    U  OP1 :0.795
 A 292    G  H8   A 292    G  OP2 :0.673
 A 281    G  O2'  A 282    G  O5' :0.653
 A 254    G  O6   A 294    G  N2  :0.618
 A 248    U  C3'  A 248    U  OP1 :0.616
 A 203    A  O2'  A 204    G  O4' :0.610
 A 224    A  O2'  A 226    C  OP2 :0.567
 A 293    U  O2'  A 295    C  OP1 :0.519
 A 197    G  C6   A 198    U  C2  :0.517
 A 281    G  O6   A 294    G  N2  :0.514
 A 203    A  H8   A 203    A  OP2 :0.509
 A 198    U  H2'  A 199    C  C6  :0.506
 A 220    A  N6   A 240    C  O2  :0.491
 A 219    A  C2   A 220    A  N7  :0.487
 A 251    G  N7   A 295    C  N4  :0.478
 A 317    G  C5   A 318    C  C4  :0.435
 A 192    A  N6   A 319    U  O4' :0.434
 A 262    U  H2'  A 263    G  C8  :0.429
 A 199    C  OP2  A 306    U  OP1 :0.428
 A 261    A  C2   A 262    U  C2  :0.423
 A 240    C  H6   A 240    C  O5' :0.422
 A 197    G  C6   A 198    U  N3  :0.421
 A 197    G  C5   A 198    U  C2  :0.417
 A 292    G  H2'  A 293    U  O4' :0.401
clashscore = 5.55
