
                    ----------Backbone bond lenths----------                   

  All bonds within 4.0 sigma of ideal values.

                    ----------Backbone bond angles----------                   

  residue               atom 1  atom 2  atom 3  sigmas
   A 192    A              C4'     C3'     C2'    4.16
   A 192    A              O3'     C3'     C2'   -4.52
   A 219    A              C4'     C3'     C2'    4.08
   A 246    A              O3'     C3'     C2'    4.53
   A 281    G              O3'     P       OP1  -11.56
   A 281    G              O3'     P       OP2   21.59
   A 293    U              C4'     O4'     C1'   -4.86
  7/2961 angle outliers present

                        ----------Sugar pucker----------                       

  residue                  delta   outlier   epsilon   outlier
   A 192    A               70.0        no      40.3       yes
   A 209    U               79.4        no     137.2       yes
   A 281    G               81.0        no      34.2       yes
   A 293    U               89.8       yes      39.1       yes
  4/134 pucker outliers present

                  ----------Backbone torsion suites----------                  

  Suite ID                 suite  suiteness  triaged angle
     C A 191                  !!      0.000     gamma
     A A 192                  !!      0.000      None
     U A 193                  !!      0.000  epsilon-1
     C A 199                  !!      0.000     gamma
     G A 204                  !!      0.000      beta
     C A 210                  !!      0.000  epsilon-1
     G A 213                  !!      0.000      None
     G A 237                  !!      0.000     gamma
     U A 248                  !!      0.000      None
     G A 251                  !!      0.000     gamma
     U A 262                  !!      0.000      None
     G A 282                  !!      0.000  epsilon-1
     A A 289                  !!      0.000      None
     A A 290                  !!      0.000     gamma
     G A 294                  !!      0.000  epsilon-1
     G A 310                  !!      0.000    zeta-1
  11 suites triaged and 0 incomplete leaving 124 suites
  16/135 suite outliers present
  Average suiteness: 0.760
