
Using nuclear cloud x-H distances and vdW radii

Using input model H/D atoms...

Bad Clashes >= 0.4 Angstrom:
 A 252    G  H8   A 252    G  OP2 :1.165
 A 198    U  O4'  A 198    U  OP1 :1.134
 A 252    G  C8   A 252    G  OP2 :1.000
 A 223    U  O2'  A 224    A  OP1 :0.970
 A 293    U  O2'  A 294    G  OP2 :0.852
 A 198    U  C6   A 198    U  OP1 :0.842
 A 293    U  H4'  A 294    G  OP2 :0.698
 A 250    C  C2'  A 251    G  OP1 :0.683
 A 192    A  N7   A 317    G  N2  :0.662
 A 281    G  O2'  A 282    G  O5' :0.653
 A 198    U  O4'  A 198    U  P   :0.634
 A 223    U  O2'  A 224    A  P   :0.590
 A 250    C  O2'  A 251    G  OP1 :0.588
 A 213    G  H8   A 213    G  OP2 :0.538
 A 198    U  C1'  A 198    U  OP1 :0.514
 A 289    A  O2'  A 290    A  O4' :0.512
 A 197    G  O2'  A 198    U  OP2 :0.501
 A 198    U  H6   A 198    U  OP1 :0.499
 A 293    U  O2'  A 294    G  P   :0.490
 A 293    U  C4'  A 294    G  OP2 :0.484
 A 240    C  C6   A 240    C  OP2 :0.481
 A 240    C  H6   A 240    C  OP2 :0.476
 A 204    G  C4'  A 204    G  OP1 :0.469
 A 210    C  C6   A 281    G  H2' :0.467
 A 212    C  O2'  A 213    G  H5' :0.459
 A 197    G  O2'  A 198    U  P   :0.453
 A 204    G  H4'  A 204    G  OP1 :0.449
 A 316    A  C6   A 317    G  C6  :0.448
 A 317    G  C5   A 318    C  C5  :0.444
 A 251    G  C4'  A 251    G  OP1 :0.434
 A 261    A  C2   A 262    U  C4  :0.428
 A 288    C  H2'  A 289    A  O4' :0.420
 A 316    A  H2'  A 317    G  C8  :0.417
 A 250    C  H2'  A 251    G  OP1 :0.414
clashscore = 7.86
