
                    ----------Backbone bond lenths----------                   

  All bonds within 4.0 sigma of ideal values.

                    ----------Backbone bond angles----------                   

  residue               atom 1  atom 2  atom 3  sigmas
   A 281    G              O3'     P       OP1  -11.57
   A 281    G              O3'     P       OP2   21.60
  2/2961 angle outliers present

                        ----------Sugar pucker----------                       

  residue                  delta   outlier   epsilon   outlier
   A 190    G               79.5        no     111.6       yes
   A 209    U               79.4        no      89.1       yes
   A 281    G               80.9        no      34.2       yes
   A 292    G               81.9        no      40.1       yes
   A 316    A               81.4        no     120.7       yes
  5/134 pucker outliers present

                  ----------Backbone torsion suites----------                  

  Suite ID                 suite  suiteness  triaged angle
     C A 191                  !!      0.000  epsilon-1
     C A 199                  !!      0.000     gamma
     A A 203                  !!      0.000     gamma
     G A 204                  !!      0.000     gamma
     C A 210                  !!      0.000  epsilon-1
     G A 213                  !!      0.000      None
     G A 214                  !!      0.000      None
     A A 224                  !!      0.000      None
     C A 225                  !!      0.000      None
     C A 240                  !!      0.000      None
     A A 247                  !!      0.000      None
     U A 248                  !!      0.000      None
     U A 249                  !!      0.000      None
     C A 250                  !!      0.000      None
     G A 251                  !!      0.000      None
     G A 282                  !!      0.000  epsilon-1
     U A 293                  !!      0.000  epsilon-1
     C A 295                  !!      0.000      None
     G A 310                  !!      0.000    zeta-1
     G A 317                  !!      0.000  epsilon-1
  9 suites triaged and 0 incomplete leaving 126 suites
  20/135 suite outliers present
  Average suiteness: 0.731
