
                    ----------Backbone bond lenths----------                   

  All bonds within 4.0 sigma of ideal values.

                    ----------Backbone bond angles----------                   

  residue               atom 1  atom 2  atom 3  sigmas
   A 281    G              O3'     P       OP1  -11.57
   A 281    G              O3'     P       OP2   21.60
  2/2961 angle outliers present

                        ----------Sugar pucker----------                       

  residue                  delta   outlier   epsilon   outlier
   A 197    G               80.0        no     117.0       yes
   A 246    A               78.7        no      33.6       yes
   A 281    G               80.8        no      34.2       yes
   A 293    U               83.8        no     142.9       yes
  4/134 pucker outliers present

                  ----------Backbone torsion suites----------                  

  Suite ID                 suite  suiteness  triaged angle
     U A 198                  !!      0.000  epsilon-1
     C A 199                  !!      0.000      None
     A A 203                  !!      0.000     gamma
     G A 204                  !!      0.000      None
     C A 210                  !!      0.000      None
     A A 220                  !!      0.000      None
     U A 221                  !!      0.000      None
     C A 225                  !!      0.000      None
     G A 237                  !!      0.000     gamma
     A A 247                  !!      0.000  epsilon-1
     C A 250                  !!      0.000      None
     G A 252                  !!      0.000      None
     U A 262                  !!      0.000      None
     G A 282                  !!      0.000  epsilon-1
     G A 294                  !!      0.000  epsilon-1
     G A 296                  !!      0.000     gamma
     G A 310                  !!      0.000    zeta-1
     G A 317                  !!      0.000      None
  8 suites triaged and 0 incomplete leaving 127 suites
  18/135 suite outliers present
  Average suiteness: 0.726
