
Using nuclear cloud x-H distances and vdW radii

Using input model H/D atoms...

Bad Clashes >= 0.4 Angstrom:
 A 204    G  H4'  A 204    G  OP1 :0.776
 A 293    U  O2'  A 294    G  OP2 :0.773
 A 204    G  C4'  A 204    G  OP1 :0.747
 A 209    U  O2'  A 210    C  OP2 :0.713
 A 281    G  O2'  A 282    G  O5' :0.653
 A 289    A  O2'  A 290    A  O4' :0.624
 A 192    A  H4'  A 193    U  OP2 :0.584
 A 192    A  C4'  A 193    U  OP2 :0.525
 A 219    A  N1   A 220    A  N6  :0.490
 A 210    C H5''  A 282    G H5'' :0.457
 A 309    A  C6   A 310    G  N7  :0.451
 A 240    C  H6   A 240    C  O5' :0.439
 A 209    U  O2'  A 210    C  P   :0.436
 A 308    U  C4   A 309    A  N1  :0.434
 A 224    A  H2'  A 225    C  C6  :0.431
 A 252    G  H8   A 252    G  OP2 :0.429
 A 249    U  H6   A 249    U  O5' :0.404
clashscore = 3.93
