
Using nuclear cloud x-H distances and vdW radii

Using input model H/D atoms...

Bad Clashes >= 0.4 Angstrom:
 A 190    G  O2'  A 191    C  OP1 :1.039
 A 316    A  O2'  A 317    G  OP1 :0.832
 A 209    U  O2'  A 210    C  P   :0.792
 A 292    G  O2'  A 293    U  O5' :0.734
 A 190    G  O2'  A 191    C  P   :0.729
 A 203    A  O2'  A 204    G  N7  :0.674
 A 316    A  O2'  A 317    G  P   :0.657
 A 281    G  O2'  A 282    G  O5' :0.651
 A 192    A  N7   A 317    G  N2  :0.627
 A 247    A  H3'  A 247    A  OP2 :0.597
 A 224    A  N3   A 225    C  N4  :0.589
 A 292    G  H4'  A 293    U  OP1 :0.582
 A 291    G  N2   A 294    G  O4' :0.574
 A 209    U  O2'  A 210    C  OP1 :0.565
 A 317    G  C5   A 318    C  C4  :0.535
 A 316    A  C5   A 317    G  C5  :0.505
 A 289    A  C2   A 296    G  C2  :0.505
 A 317    G  C6   A 318    C  C4  :0.491
 A 209    U  O2'  A 210    C  OP2 :0.489
 A 317    G  H2'  A 318    C  C6  :0.478
 A 316    A  H2'  A 317    G  C8  :0.463
 A 291    G  H8   A 291    G  OP2 :0.459
 A 293    U  O2'  A 295    C  OP1 :0.459
 A 289    A  C2   A 290    A  C4  :0.457
 A 190    G  C2   A 191    C  C2  :0.454
 A 248    U  C6   A 248    U  OP1 :0.445
 A 203    A  O2'  A 204    G  C8  :0.431
 A 248    U  H6   A 248    U  OP1 :0.425
 A 292    G  O2'  A 293    U  H3' :0.424
 A 294    G  N2   A 296    G  O6  :0.420
 A 317    G  C6   A 318    C  N4  :0.420
clashscore = 7.17
