
                    ----------Backbone bond lenths----------                   

  All bonds within 4.0 sigma of ideal values.

                    ----------Backbone bond angles----------                   

  residue               atom 1  atom 2  atom 3  sigmas
   A 281    G              O3'     P       OP1  -11.56
   A 281    G              O3'     P       OP2   21.60
  2/2961 angle outliers present

                        ----------Sugar pucker----------                       

  residue                  delta   outlier   epsilon   outlier
   A 281    G               80.9        no      34.2       yes
   A 292    G               79.1        no     141.7       yes
  2/134 pucker outliers present

                  ----------Backbone torsion suites----------                  

  Suite ID                 suite  suiteness  triaged angle
     C A 191                  !!      0.000     gamma
     A A 192                  !!      0.000     gamma
     U A 196                  !!      0.000      None
     C A 199                  !!      0.000     gamma
     A A 202                  !!      0.000      None
     A A 203                  !!      0.000      None
     C A 210                  !!      0.000     gamma
     A A 219                  !!      0.000      None
     U A 221                  !!      0.000    zeta-1
     A A 224                  !!      0.000     gamma
     U A 249                  !!      0.000     gamma
     U A 262                  !!      0.000     gamma
     G A 282                  !!      0.000  epsilon-1
     A A 290                  !!      0.000      None
     U A 293                  !!      0.000  epsilon-1
     G A 294                  !!      0.000      None
     G A 296                  !!      0.000      None
     G A 310                  !!      0.000      beta
  11 suites triaged and 0 incomplete leaving 124 suites
  18/135 suite outliers present
  Average suiteness: 0.735
