
                    ----------Backbone bond lenths----------                   

  All bonds within 4.0 sigma of ideal values.

                    ----------Backbone bond angles----------                   

  residue               atom 1  atom 2  atom 3  sigmas
   A 281    G              O3'     P       OP1  -11.57
   A 281    G              O3'     P       OP2   21.59
  2/2961 angle outliers present

                        ----------Sugar pucker----------                       

  residue                  delta   outlier   epsilon   outlier
   A 197    G               80.1        no     136.3       yes
   A 223    U               80.2       yes      62.0       yes
   A 250    C               81.6        no     152.2       yes
   A 281    G               80.9        no      34.2       yes
   A 293    U               78.3       yes      54.3       yes
  5/134 pucker outliers present

                  ----------Backbone torsion suites----------                  

  Suite ID                 suite  suiteness  triaged angle
     A A 192                  !!      0.000      None
     U A 193                  !!      0.000     gamma
     U A 198                  !!      0.000  epsilon-1
     C A 199                  !!      0.000      None
     C A 210                  !!      0.000     gamma
     G A 213                  !!      0.000     alpha
     A A 220                  !!      0.000      None
     A A 224                  !!      0.000  epsilon-1
     C A 240                  !!      0.000     alpha
     A A 246                  !!      0.000      None
     A A 247                  !!      0.000      None
     U A 248                  !!      0.000      None
     G A 251                  !!      0.000  epsilon-1
     G A 252                  !!      0.000      None
     G A 282                  !!      0.000  epsilon-1
     A A 290                  !!      0.000     gamma
     G A 291                  !!      0.000      None
     G A 294                  !!      0.000  epsilon-1
     G A 310                  !!      0.000    zeta-1
  11 suites triaged and 0 incomplete leaving 124 suites
  19/135 suite outliers present
  Average suiteness: 0.749
