
                    ----------Backbone bond lenths----------                   

  All bonds within 4.0 sigma of ideal values.

                    ----------Backbone bond angles----------                   

  residue               atom 1  atom 2  atom 3  sigmas
   A 262    U              C4'     C3'     C2'    4.04
   A 281    G              O3'     P       OP1  -11.56
   A 281    G              O3'     P       OP2   21.59
  3/2961 angle outliers present

                        ----------Sugar pucker----------                       

  residue                  delta   outlier   epsilon   outlier
   A 281    G               80.9        no      34.2       yes
  1/134 pucker outliers present

                  ----------Backbone torsion suites----------                  

  Suite ID                 suite  suiteness  triaged angle
     A A 192                  !!      0.000     alpha
     A A 203                  !!      0.000      None
     G A 204                  !!      0.000     gamma
     C A 210                  !!      0.000      None
     G A 213                  !!      0.000     gamma
     C A 225                  !!      0.000     gamma
     A A 246                  !!      0.000      None
     U A 248                  !!      0.000     gamma
     G A 251                  !!      0.000     gamma
     G A 252                  !!      0.000      None
     G A 282                  !!      0.000  epsilon-1
     U A 293                  !!      0.000      None
     G A 294                  !!      0.000     gamma
     G A 296                  !!      0.000      None
     G A 310                  !!      0.000    zeta-1
     G A 317                  !!      0.000      None
  9 suites triaged and 0 incomplete leaving 126 suites
  16/135 suite outliers present
  Average suiteness: 0.753
