
                    ----------Backbone bond lenths----------                   

  All bonds within 4.0 sigma of ideal values.

                    ----------Backbone bond angles----------                   

  residue               atom 1  atom 2  atom 3  sigmas
   A 281    G              O3'     P       OP1  -11.57
   A 281    G              O3'     P       OP2   21.60
   A 289    A              C4'     C3'     C2'    5.13
  3/2961 angle outliers present

                        ----------Sugar pucker----------                       

  residue                  delta   outlier   epsilon   outlier
   A 209    U               79.3       yes      51.8       yes
   A 281    G               80.9        no      34.2       yes
  2/134 pucker outliers present

                  ----------Backbone torsion suites----------                  

  Suite ID                 suite  suiteness  triaged angle
     A A 192                  !!      0.000     gamma
     U A 193                  !!      0.000      None
     C A 199                  !!      0.000      None
     G A 204                  !!      0.000     gamma
     C A 210                  !!      0.000  epsilon-1
     G A 214                  !!      0.000     alpha
     U A 248                  !!      0.000     gamma
     U A 249                  !!      0.000      None
     C A 250                  !!      0.000    zeta-1
     G A 251                  !!      0.000     alpha
     G A 252                  !!      0.000      None
     U A 262                  !!      0.000     gamma
     G A 282                  !!      0.000  epsilon-1
     G A 292                  !!      0.000      None
     C A 295                  !!      0.000     gamma
     A A 309                  !!      0.000     gamma
  11 suites triaged and 0 incomplete leaving 124 suites
  16/135 suite outliers present
  Average suiteness: 0.764
