
Using nuclear cloud x-H distances and vdW radii

Using input model H/D atoms...

Bad Clashes >= 0.4 Angstrom:
 A 249    U  H2'  A 249    U  O2  :0.932
 A 220    A  H3'  A 220    A  N3  :0.842
 A 236    G  O2'  A 237    G  OP1 :0.822
 A 249    U  C2'  A 249    U  O2  :0.796
 A 204    G  H4'  A 204    G  OP1 :0.721
 A 225    C  H6   A 225    C  OP2 :0.670
 A 204    G  C4'  A 204    G  OP1 :0.654
 A 281    G  O2'  A 282    G  O5' :0.653
 A 192    A  H8   A 192    A  OP2 :0.600
 A 220    A  C2   A 220    A  OP1 :0.579
 A 251    G  O6   A 295    C  O2' :0.538
 A 274    C  O2'  A 275    U  OP1 :0.530
 A 192    A  C8   A 192    A  OP2 :0.519
 A 236    G  O2'  A 237    G  P   :0.503
 A 201    C  H2'  A 202    A  C8  :0.500
 A 220    A  N3   A 220    A  O5' :0.497
 A 225    C  C6   A 225    C  OP2 :0.495
 A 212    C  O2'  A 213    G  H5' :0.479
 A 248    U  N3   A 252    G  O6  :0.452
 A 213    G  O2'  A 214    G  OP1 :0.449
 A 220    A  C2   A 220    A  P   :0.435
 A 210    C  C6   A 281    G  H2' :0.432
 A 274    C  O2'  A 275    U  P   :0.426
 A 220    A  C4   A 220    A  H3' :0.401
clashscore = 5.55
