
Using nuclear cloud x-H distances and vdW radii

Using input model H/D atoms...

Bad Clashes >= 0.4 Angstrom:
 A 197    G  O2'  A 198    U  OP1 :0.831
 A 192    A  N7   A 317    G  N2  :0.733
 A 246    A  O2'  A 247    A  OP2 :0.683
 A 197    G  O2'  A 198    U  P   :0.680
 A 281    G  O2'  A 282    G  O5' :0.652
 A 293    U  O2'  A 294    G  O5' :0.624
 A 251    G  O3'  A 252    G  O4' :0.564
 A 317    G  C6   A 318    C  C4  :0.560
 A 317    G  C5   A 318    C  C4  :0.546
 A 262    U  H6   A 262    U  O5' :0.525
 A 203    A  H2'  A 204    G  O4' :0.521
 A 210    C  C6   A 281    G  H2' :0.513
 A 308    U  C4   A 309    A  C5  :0.509
 A 316    A  C2'  A 317    G  O5' :0.477
 A 308    U  O4   A 309    A  C6  :0.476
 A 316    A  H2'  A 317    G  C8  :0.463
 A 291    G  O6   A 296    G  O4' :0.458
 A 317    G  C5   A 318    C  C5  :0.451
 A 316    A  C5   A 317    G  C5  :0.446
 A 317    G  C6   A 318    C  N4  :0.445
 A 293    U  H6   A 293    U  O5' :0.441
 A 202    A  N1   A 203    A  N6  :0.427
 A 195    G  C6   A 315    G  C2  :0.423
 A 246    A  H4'  A 247    A  OP2 :0.415
 A 224    A  C6   A 237    G  C6  :0.404
 A 308    U  C4   A 309    A  C6  :0.403
 A 218    C  H2'  A 219    A  C8  :0.401
clashscore = 6.25
