
                    ----------Backbone bond lenths----------                   

  All bonds within 4.0 sigma of ideal values.

                    ----------Backbone bond angles----------                   

  residue               atom 1  atom 2  atom 3  sigmas
   A 251    G              O3'     C3'     C2'    6.65
   A 281    G              O3'     P       OP1  -11.57
   A 281    G              O3'     P       OP2   21.60
  3/2961 angle outliers present

                        ----------Sugar pucker----------                       

  residue                  delta   outlier   epsilon   outlier
   A 247    A               83.8        no     144.8       yes
   A 281    G               80.9        no      34.2       yes
  2/134 pucker outliers present

                  ----------Backbone torsion suites----------                  

  Suite ID                 suite  suiteness  triaged angle
     C A 191                  !!      0.000     gamma
     U A 193                  !!      0.000     gamma
     U A 198                  !!      0.000      None
     A A 203                  !!      0.000     gamma
     G A 204                  !!      0.000     gamma
     C A 210                  !!      0.000      None
     G A 213                  !!      0.000      None
     C A 225                  !!      0.000      None
     A A 246                  !!      0.000      None
     U A 248                  !!      0.000  epsilon-1
     G A 251                  !!      0.000     gamma
     U A 262                  !!      0.000     gamma
     G A 263                  !!      0.000      None
     U A 275                  !!      0.000     gamma
     G A 282                  !!      0.000  epsilon-1
     G A 294                  !!      0.000      None
     C A 295                  !!      0.000      None
     G A 296                  !!      0.000      None
     A A 309                  !!      0.000     gamma
  10 suites triaged and 0 incomplete leaving 125 suites
  19/135 suite outliers present
  Average suiteness: 0.705
