
Using nuclear cloud x-H distances and vdW radii

Using input model H/D atoms...

Bad Clashes >= 0.4 Angstrom:
 A  35    U  O2'  A  36    C  OP1 :0.984
 A 146    G  O2'  A 149    U  O4  :0.658
 A  40    A  N3   A  76    A  N6  :0.657
 A 148    U  H6   A 148    U  OP1 :0.646
 A  95    G  H3'  A  95    G  N3  :0.641
 A  22    A  N6   A 136    C  O2  :0.621
 A  40    A  H8   A  40    A  OP2 :0.620
 A  14    A  O4'  A  14    A  OP2 :0.569
 A 113    G  N2   A 116    A  OP2 :0.528
 A 116    A  H8   A 116    A  O5' :0.521
 A  92    U  H6   A  92    U  OP2 :0.498
 A 105    G  O2'  A 106    A  O5' :0.495
 A  87    U  H2'  A  88    A  C8  :0.490
 A 149    U  H6   A 149    U  OP1 :0.487
 A  50    C  N4   A  57    G  OP1 :0.475
 A  14    A  O4'  A  14    A  P   :0.474
 A  47    U  C4   A  48    U  C5  :0.473
 A 148    U  C6   A 148    U  OP1 :0.470
 A  80    G  C5   A  81    C  C5  :0.454
 A  46    C  C4   A  47    U  C5  :0.446
 A  74    U  H6   A  74    U  O5' :0.444
 A  80    G  C6   A  81    C  C4  :0.422
 A  46    C  N4   A  47    U  C4  :0.421
 A 115    A  H2'  A 116    A  C8  :0.417
 A  63    G  C6   A  64    U  C2  :0.417
 A  35    U  O2'  A  36    C  P   :0.416
 A 149    U  C6   A 149    U  OP1 :0.414
 A  27    G  C6   A 132    G  C2  :0.413
 A  94    C  O2   A  95    G  N2  :0.408
 A  88    A  H8   A  88    A  O5' :0.406
 A  88    A  C6   A  89    G  C6  :0.404
 A  27    G  C6   A  28    U  C4  :0.402
 A  13    G  H2'  A  14    A  C8  :0.402
clashscore = 6.76
