
Using nuclear cloud x-H distances and vdW radii

Using input model H/D atoms...

Bad Clashes >= 0.4 Angstrom:
 A  35    U  O2'  A  36    C  OP1 :0.984
 A 148    U  O2'  A 149    U  OP2 :0.738
 A 147    U  C6   A 147    U  OP2 :0.714
 A  20    G  O2'  A  21    U  P   :0.705
 A 147    U  C5   A 147    U  OP2 :0.605
 A  40    A  N1   A  72    G  N2  :0.603
 A  20    G  O2'  A  21    U  OP1 :0.602
 A 147    U  H6   A 147    U  OP2 :0.583
 A  87    U  O4   A  95    G  C2  :0.557
 A  76    A  O2'  A  77    U  O4' :0.548
 A  87    U  O4   A  95    G  N1  :0.531
 A  88    A  N6   A  99    G  C6  :0.531
 A 113    G  N2   A 116    A  OP2 :0.529
 A 116    A  H8   A 116    A  O5' :0.522
 A 147    U  H6   A 147    U  P   :0.509
 A  15    C  H3'  A  15    C  OP1 :0.503
 A  95    G  C2   A  98    C  N4  :0.499
 A 105    G  O2'  A 106    A  O5' :0.496
 A  88    A  N6   A  89    G  C6  :0.474
 A   7    U  O4   A 147    U  N3  :0.466
 A  21    U  O4   A 135    C  N4  :0.462
 A  80    G  C5   A  81    C  C5  :0.454
 A  47    U  C4   A  48    U  C5  :0.450
 A 135    C  H6   A 135    C  O5' :0.447
 A  20    G  O2'  A  21    U  O5' :0.440
 A 148    U  H6   A 148    U  O5' :0.425
 A  80    G  C6   A  81    C  C4  :0.422
 A 147    U  H6   A 147    U  O5' :0.421
 A 115    A  H2'  A 116    A  C8  :0.418
 A  35    U  O2'  A  36    C  P   :0.417
 A  27    G  C6   A 132    G  C2  :0.412
 A  21    U  H2'  A  23    A  C8  :0.409
 A  58    U  C5   A  59    C  C5  :0.403
 A  27    G  C6   A  28    U  C4  :0.403
clashscore = 6.96
