
                    ----------Backbone bond lenths----------                   

  All bonds within 4.0 sigma of ideal values.

                    ----------Backbone bond angles----------                   

  residue               atom 1  atom 2  atom 3  sigmas
   A  64    U              C4'     C3'     C2'    4.71
   A  88    A              O4'     C4'     C3'    4.69
   A 116    A              O3'     P       OP2    4.48
  3/3357 angle outliers present

                        ----------Sugar pucker----------                       

  residue                  delta   outlier   epsilon   outlier
   A  14    A               78.2        no      34.1       yes
   A  21    U               81.1       yes      72.0       yes
   A  35    U               79.2       yes      52.4       yes
   A 105    G               80.8        no     147.3       yes
  4/152 pucker outliers present

                  ----------Backbone torsion suites----------                  

  Suite ID                 suite  suiteness  triaged angle
     C A  15                  !!      0.000  epsilon-1
     A A  22                  !!      0.000  epsilon-1
     C A  36                  !!      0.000  epsilon-1
     U A  55                  !!      0.000      None
     U A  58                  !!      0.000      None
     C A  75                  !!      0.000     gamma
     A A  76                  !!      0.000      None
     G A  89                  !!      0.000      None
     U A  92                  !!      0.000      None
     G A  95                  !!      0.000      None
     G A  99                  !!      0.000      None
     A A 106                  !!      0.000  epsilon-1
     C A 135                  !!      0.000     gamma
     U A 148                  !!      0.000      None
  6 suites triaged and 0 incomplete leaving 147 suites
  14/153 suite outliers present
  Average suiteness: 0.755
