
                    ----------Backbone bond lenths----------                   

  All bonds within 4.0 sigma of ideal values.

                    ----------Backbone bond angles----------                   

  residue               atom 1  atom 2  atom 3  sigmas
   A 116    A              O3'     P       OP2    4.49
   A 135    C              O4'     C4'     C3'    5.77
   A 148    U              O3'     C3'     C2'   -5.23
  3/3357 angle outliers present

                        ----------Sugar pucker----------                       

  residue                  delta   outlier   epsilon   outlier
   A  35    U               79.2       yes      52.4       yes
   A 105    G               80.8        no     147.3       yes
   A 147    U               78.9       yes      29.5       yes
   A 148    U               77.3        no      75.7       yes
  4/152 pucker outliers present

                  ----------Backbone torsion suites----------                  

  Suite ID                 suite  suiteness  triaged angle
     C A  15                  !!      0.000     gamma
     A A  16                  !!      0.000      None
     A A  23                  !!      0.000      None
     C A  24                  !!      0.000      beta
     C A  36                  !!      0.000  epsilon-1
     U A  47                  !!      0.000      None
     U A  53                  !!      0.000     gamma
     U A  58                  !!      0.000      None
     U A  64                  !!      0.000     gamma
     C A  75                  !!      0.000    zeta-1
     U A  77                  !!      0.000     gamma
     U A  96                  !!      0.000      None
     G A  99                  !!      0.000      None
     A A 106                  !!      0.000  epsilon-1
     C A 135                  !!      0.000     gamma
     C A 136                  !!      0.000     alpha
     U A 148                  !!      0.000  epsilon-1
     U A 149                  !!      0.000  epsilon-1
  12 suites triaged and 0 incomplete leaving 141 suites
  18/153 suite outliers present
  Average suiteness: 0.777
