
Using nuclear cloud x-H distances and vdW radii

Using input model H/D atoms...

Bad Clashes >= 0.4 Angstrom:
 A  35    U  O2'  A  36    C  OP1 :0.985
 A  15    C  O2'  A  16    A  P   :0.675
 A  15    C  O2'  A  16    A  OP1 :0.622
 A  15    C  C2'  A  16    A  O5' :0.532
 A 113    G  N2   A 116    A  OP2 :0.529
 A  15    C  H6   A  15    C  O5' :0.529
 A 116    A  H8   A 116    A  O5' :0.521
 A  65    U  H2'  A  66    G  C8  :0.505
 A 105    G  O2'  A 106    A  O5' :0.496
 A  87    U  H2'  A  88    A  C8  :0.482
 A  27    G  H2'  A  28    U  C6  :0.462
 A  56    C  H6   A  56    C  OP2 :0.458
 A  80    G  C5   A  81    C  C5  :0.455
 A  15    C  N3   A  16    A  N7  :0.445
 A  21    U  O2'  A  23    A  N7  :0.425
 A  46    C  C4   A  47    U  C4  :0.422
 A  80    G  C6   A  81    C  C4  :0.421
 A  77    U  H2'  A  78    C  C6  :0.419
 A 115    A  H2'  A 116    A  C8  :0.418
 A  35    U  O2'  A  36    C  P   :0.416
 A  54    U  O2'  A  55    U  OP1 :0.413
 A  88    A  C6   A  89    G  C6  :0.407
clashscore = 4.50
