
                    ----------Backbone bond lenths----------                   

  All bonds within 4.0 sigma of ideal values.

                    ----------Backbone bond angles----------                   

  residue               atom 1  atom 2  atom 3  sigmas
   A 116    A              O3'     P       OP2    4.48
  1/3357 angle outliers present

                        ----------Sugar pucker----------                       

  residue                  delta   outlier   epsilon   outlier
   A  35    U               79.2       yes      52.4       yes
   A  87    U               79.8        no     142.4       yes
   A 105    G               80.8        no     147.3       yes
  3/152 pucker outliers present

                  ----------Backbone torsion suites----------                  

  Suite ID                 suite  suiteness  triaged angle
     U A  21                  !!      0.000     gamma
     A A  22                  !!      0.000     gamma
     C A  36                  !!      0.000  epsilon-1
     G A  57                  !!      0.000      None
     U A  64                  !!      0.000     gamma
     A A  73                  !!      0.000      None
     U A  74                  !!      0.000      None
     C A  75                  !!      0.000     gamma
     U A  77                  !!      0.000      None
     C A  78                  !!      0.000     gamma
     A A  88                  !!      0.000  epsilon-1
     U A  92                  !!      0.000    zeta-1
     G A  99                  !!      0.000      None
     A A 106                  !!      0.000  epsilon-1
     C A 136                  !!      0.000     alpha
     C A 141                  !!      0.000     gamma
     U A 148                  !!      0.000     gamma
  12 suites triaged and 0 incomplete leaving 141 suites
  17/153 suite outliers present
  Average suiteness: 0.762
