
Using nuclear cloud x-H distances and vdW radii

Using input model H/D atoms...

Bad Clashes >= 0.4 Angstrom:
 A  35    U  O2'  A  36    C  OP1 :0.986
 A  22    A  C8   A  22    A  P   :0.853
 A  22    A  H8   A  22    A  OP2 :0.832
 A  22    A  C8   A  22    A  OP1 :0.811
 A  22    A  H8   A  22    A  P   :0.776
 A  88    A  O4'  A  88    A  P   :0.776
 A  22    A  C8   A  22    A  OP2 :0.738
 A  76    A  H8   A  76    A  O5' :0.729
 A 136    C  C6   A 136    C  OP2 :0.692
 A  40    A  H8   A  40    A  O5' :0.675
 A  22    A  H3'  A  22    A  OP1 :0.575
 A  87    U  C2'  A  88    A  OP1 :0.553
 A  88    A  O4'  A  88    A  OP1 :0.550
 A  73    A  O4'  A  76    A  N6  :0.546
 A  14    A  N1   A 141    C  N4  :0.546
 A  53    U  O2'  A  54    U  O2  :0.536
 A  54    U  H2'  A  54    U  O2  :0.531
 A 136    C  H6   A 136    C  OP2 :0.530
 A 113    G  N2   A 116    A  OP2 :0.529
 A 116    A  H8   A 116    A  O5' :0.519
 A 136    C  C5   A 136    C  OP2 :0.504
 A 105    G  O2'  A 106    A  O5' :0.497
 A  87    U  H2'  A  88    A  OP1 :0.494
 A  21    U  O2'  A  23    A  OP2 :0.494
 A  47    U  C2   A  48    U  C5  :0.473
 A  27    G  H2'  A  28    U  C6  :0.473
 A  77    U  O2'  A  78    C  O5' :0.460
 A  76    A  C8   A  76    A  O5' :0.459
 A  80    G  C5   A  81    C  C5  :0.455
 A  20    G  N2   A  22    A  OP2 :0.445
 A  50    C  N4   A  56    C  O2' :0.435
 A  13    G  H2'  A  14    A  C8  :0.429
 A  40    A  N3   A  73    A  N6  :0.428
 A  80    G  C6   A  81    C  C4  :0.420
 A 115    A  H2'  A 116    A  C8  :0.419
 A  77    U  O2'  A  78    C  P   :0.418
 A  57    G  C8   A  57    G  O5' :0.418
 A  35    U  O2'  A  36    C  P   :0.415
 A  13    G  N2   A  14    A  C2  :0.415
 A  13    G  C2   A  14    A  C2  :0.411
 A  72    G  N2   A  73    A  N7  :0.411
 A  22    A  C3'  A  22    A  OP1 :0.410
 A  47    U  H6   A  47    U  O5' :0.410
 A  73    A  H4'  A  73    A  OP1 :0.408
 A  46    C  C4   A  47    U  C2  :0.401
clashscore = 9.21
