
                    ----------Backbone bond lenths----------                   

  All bonds within 4.0 sigma of ideal values.

                    ----------Backbone bond angles----------                   

  residue               atom 1  atom 2  atom 3  sigmas
   A  93    U              O3'     C3'     C2'    6.96
   A 116    A              O3'     P       OP2    4.48
  2/3357 angle outliers present

                        ----------Sugar pucker----------                       

  residue                  delta   outlier   epsilon   outlier
   A  35    U               79.2       yes      52.5       yes
   A 105    G               80.8        no     147.3       yes
  2/152 pucker outliers present

                  ----------Backbone torsion suites----------                  

  Suite ID                 suite  suiteness  triaged angle
     A A  14                  !!      0.000      None
     C A  15                  !!      0.000      None
     C A  36                  !!      0.000  epsilon-1
     A A  40                  !!      0.000      None
     C A  56                  !!      0.000     gamma
     G A  57                  !!      0.000      None
     U A  58                  !!      0.000      None
     A A  76                  !!      0.000      None
     C A  78                  !!      0.000      None
     U A  93                  !!      0.000     gamma
     C A  94                  !!      0.000     gamma
     G A  99                  !!      0.000      None
     A A 106                  !!      0.000  epsilon-1
     U A 147                  !!      0.000      None
     U A 148                  !!      0.000     gamma
     U A 149                  !!      0.000      None
  6 suites triaged and 0 incomplete leaving 147 suites
  16/153 suite outliers present
  Average suiteness: 0.738
