
Using nuclear cloud x-H distances and vdW radii

Using input model H/D atoms...

Bad Clashes >= 0.4 Angstrom:
 A  35    U  O2'  A  36    C  OP1 :0.986
 A  54    U  H6   A  54    U  O5' :0.885
 A  15    C  O2'  A  16    A  N7  :0.748
 A  73    A  H2'  A  73    A  N3  :0.579
 A  54    U  C6   A  54    U  O5' :0.576
 A  73    A  N6   A  76    A  N1  :0.563
 A  16    A  H8   A  16    A  OP2 :0.562
 A 113    G  N2   A 116    A  OP2 :0.529
 A  65    U  H2'  A  66    G  C8  :0.527
 A 116    A  H8   A 116    A  O5' :0.521
 A  64    U  H6   A  64    U  O5' :0.520
 A 105    G  O2'  A 106    A  O5' :0.496
 A  87    U  H2'  A  88    A  C8  :0.496
 A  94    C  N3   A  97    C  O4' :0.491
 A  58    U  H6   A  58    U  O5' :0.477
 A  52    G  C4   A  54    U  O4  :0.461
 A  27    G  C6   A 132    G  C2  :0.459
 A  80    G  C5   A  81    C  C5  :0.455
 A  88    A  C6   A  89    G  C6  :0.440
 A  41    G  H1'  A  73    A  C6  :0.430
 A  16    A  H8   A  16    A  P   :0.430
 A  63    G  H2'  A  64    U  O4' :0.425
 A  20    G  N2   A  22    A  N1  :0.422
 A  80    G  C6   A  81    C  C4  :0.421
 A 115    A  H2'  A 116    A  C8  :0.418
 A  64    U  O2   A  65    U  C5  :0.418
 A  35    U  O2'  A  36    C  P   :0.416
 A  15    C  H6   A  15    C  O5' :0.413
clashscore = 5.73
