
                    ----------Backbone bond lenths----------                   

  All bonds within 4.0 sigma of ideal values.

                    ----------Backbone bond angles----------                   

  residue               atom 1  atom 2  atom 3  sigmas
   A 116    A              O3'     P       OP2    4.48
  1/3357 angle outliers present

                        ----------Sugar pucker----------                       

  residue                  delta   outlier   epsilon   outlier
   A  14    A               81.6        no      30.0       yes
   A  35    U               79.2       yes      52.5       yes
   A 105    G               80.8        no     147.3       yes
  3/152 pucker outliers present

                  ----------Backbone torsion suites----------                  

  Suite ID                 suite  suiteness  triaged angle
     C A  15                  !!      0.000  epsilon-1
     C A  24                  !!      0.000    zeta-1
     C A  36                  !!      0.000  epsilon-1
     U A  47                  !!      0.000      None
     U A  55                  !!      0.000    zeta-1
     C A  59                  !!      0.000      None
     U A  64                  !!      0.000      None
     U A  74                  !!      0.000      None
     C A  75                  !!      0.000     gamma
     U A  77                  !!      0.000     gamma
     C A  94                  !!      0.000     gamma
     G A  99                  !!      0.000      None
     A A 106                  !!      0.000  epsilon-1
     C A 136                  !!      0.000     alpha
     G A 146                  !!      0.000     alpha
     U A 147                  !!      0.000      None
     U A 149                  !!      0.000     gamma
  11 suites triaged and 0 incomplete leaving 142 suites
  17/153 suite outliers present
  Average suiteness: 0.769
