
                    ----------Backbone bond lenths----------                   

  All bonds within 4.0 sigma of ideal values.

                    ----------Backbone bond angles----------                   

  residue               atom 1  atom 2  atom 3  sigmas
   A 116    A              O3'     P       OP2    4.47
   A 148    U              O3'     C3'     C2'   -5.24
  2/3357 angle outliers present

                        ----------Sugar pucker----------                       

  residue                  delta   outlier   epsilon   outlier
   A  15    C              141.6        no     315.9       yes
   A  20    G               79.6        no      75.8       yes
   A  35    U               79.2       yes      52.5       yes
   A 105    G               80.8        no     147.3       yes
   A 148    U               78.7        no      63.0       yes
  5/152 pucker outliers present

                  ----------Backbone torsion suites----------                  

  Suite ID                 suite  suiteness  triaged angle
     A A  16                  !!      0.000  epsilon-1
     U A  21                  !!      0.000  epsilon-1
     A A  22                  !!      0.000      None
     C A  36                  !!      0.000  epsilon-1
     U A  47                  !!      0.000      None
     U A  54                  !!      0.000    zeta-1
     U A  55                  !!      0.000     gamma
     A A  73                  !!      0.000      None
     C A  75                  !!      0.000      None
     A A  76                  !!      0.000      None
     U A  77                  !!      0.000     gamma
     G A  89                  !!      0.000     gamma
     U A  92                  !!      0.000      None
     G A  95                  !!      0.000      None
     G A  99                  !!      0.000      None
     A A 106                  !!      0.000  epsilon-1
     C A 136                  !!      0.000      None
     U A 147                  !!      0.000      None
     U A 149                  !!      0.000  epsilon-1
  9 suites triaged and 0 incomplete leaving 144 suites
  19/153 suite outliers present
  Average suiteness: 0.764
