
Using nuclear cloud x-H distances and vdW radii

Using input model H/D atoms...

Bad Clashes >= 0.4 Angstrom:
 A  35    U  O2'  A  36    C  OP1 :0.985
 A  94    C  H2'  A  94    C  OP2 :0.775
 A 136    C  C6   A 136    C  OP2 :0.742
 A  94    C  C2'  A  94    C  OP2 :0.666
 A  64    U  H6   A  64    U  OP2 :0.655
 A  14    A  O2'  A  15    C  O5' :0.647
 A  65    U  H2'  A  66    G  C8  :0.612
 A  55    U  H6   A  55    U  OP1 :0.610
 A  95    G  H3'  A  95    G  N3  :0.610
 A 136    C  H6   A 136    C  OP2 :0.579
 A 136    C  C5   A 136    C  OP2 :0.557
 A  55    U  C6   A  55    U  OP1 :0.551
 A  94    C  C3'  A  94    C  OP2 :0.547
 A  54    U  H6   A  54    U  O5' :0.546
 A  22    A  N6   A 136    C  O2  :0.534
 A 113    G  N2   A 116    A  OP2 :0.528
 A  94    C  H3'  A  94    C  OP2 :0.525
 A 116    A  H8   A 116    A  O5' :0.522
 A 105    G  O2'  A 106    A  O5' :0.495
 A  46    C  C4   A  47    U  C4  :0.469
 A  91    U  N3   A  95    G  O6  :0.467
 A  87    U  H2'  A  88    A  C8  :0.465
 A  52    G  C8   A  54    U  O4  :0.464
 A  80    G  C5   A  81    C  C5  :0.454
 A  77    U  H2'  A  78    C  C6  :0.450
 A  88    A  H8   A  88    A  O5' :0.434
 A   9    A  N6   A 146    G  O6  :0.430
 A  27    G  C6   A 132    G  C2  :0.424
 A  80    G  C6   A  81    C  C4  :0.422
 A 115    A  H2'  A 116    A  C8  :0.418
 A  35    U  O2'  A  36    C  P   :0.417
 A  63    G  C6   A  64    U  C2  :0.415
 A  27    G  C6   A  28    U  C4  :0.401
clashscore = 6.76
