
                    ----------Backbone bond lenths----------                   

  All bonds within 4.0 sigma of ideal values.

                    ----------Backbone bond angles----------                   

  All angles within 4.0 sigma of ideal values.

                        ----------Sugar pucker----------                       

  All puckers have reasonable geometry.

                  ----------Backbone torsion suites----------                  

  Suite ID                 suite  suiteness  triaged angle
     C A 158                  !!      0.000     gamma
     U A 167                  !!      0.000     gamma
     G A 168                  !!      0.000      None
     U A 174                  !!      0.000     gamma
     A A 181                  !!      0.000      None
     U A 193                  !!      0.000      None
     C A 195                  !!      0.000     gamma
     A A 209                  !!      0.000     gamma
     U A 224                  !!      0.000      beta
     C A 235                  !!      0.000      None
     U A 236                  !!      0.000     gamma
     G A 250                  !!      0.000     gamma
     U A 263                  !!      0.000      None
     A A 276                  !!      0.000     gamma
     G A 288                  !!      0.000      None
  9 suites triaged and 0 incomplete leaving 131 suites
  15/140 suite outliers present
  Average suiteness: 0.749
