
Using nuclear cloud x-H distances and vdW radii

Using input model H/D atoms...

Bad Clashes >= 0.4 Angstrom:
 A 162    U  O2'  A 163    G  OP1 :0.882
 A 163    G  N2   A 284    A  N7  :0.772
 A 210    U  O2'  A 211    U  OP1 :0.690
 A 162    U  O2'  A 163    G  P   :0.674
 A 224    U  H4'  A 224    U  OP1 :0.664
 A 159    A  H8   A 159    A  OP1 :0.598
 A 194    C  O2   A 194    C  O4' :0.597
 A 264    U  O2'  A 265    U  OP2 :0.594
 A 196    G  O4'  A 198    C  N4  :0.585
 A 253    G  N1   A 276    A  N7  :0.560
 A 159    A  C8   A 159    A  OP1 :0.559
 A 252    G  N2   A 277    A  N7  :0.541
 A 234    U  O2'  A 236    U  OP2 :0.539
 A 235    C  H6   A 235    C  OP1 :0.522
 A 158    C  O2'  A 160    A  OP1 :0.513
 A 254    A  H8   A 254    A  OP1 :0.499
 A 273    U  H2'  A 274    G  C8  :0.455
 A 224    U  C4'  A 224    U  OP1 :0.428
 A 233    U  H6   A 233    U  O5' :0.427
 A 274    G  N1   A 275    G  N3  :0.423
 A 206    U  H2'  A 207    C  C6  :0.422
 A 211    U  H2'  A 212    C  C6  :0.415
 A 237    G  H8   A 237    G  O5' :0.413
 A 215    C  H2'  A 216    A  C8  :0.413
 A 256    G  C6   A 274    G  C2  :0.413
 A 256    G  C5   A 274    G  N2  :0.413
 A 236    U  H2'  A 237    G  O4' :0.408
 A 178    C  N4   A 211    U  O4  :0.405
 A 163    G  C6   A 164    C  C4  :0.401
clashscore = 6.51
