
                    ----------Backbone bond lenths----------                   

  All bonds within 4.0 sigma of ideal values.

                    ----------Backbone bond angles----------                   

  residue               atom 1  atom 2  atom 3  sigmas
   A 177    U              C3'     C2'     C1'    5.88
   A 177    U              O3'     C3'     C2'    5.42
   A 177    U              O4'     C4'     C3'    8.86
   A 195    C              O3'     C3'     C2'    4.58
  4/3071 angle outliers present

                        ----------Sugar pucker----------                       

  residue                  delta   outlier   epsilon   outlier
   A 194    C               80.3        no     153.4       yes
   A 277    A               86.9        no      50.1       yes
  2/139 pucker outliers present

                  ----------Backbone torsion suites----------                  

  Suite ID                 suite  suiteness  triaged angle
     G A 168                  !!      0.000      None
     C A 173                  !!      0.000     gamma
     U A 193                  !!      0.000      None
     C A 195                  !!      0.000  epsilon-1
     G A 196                  !!      0.000      None
     C A 215                  !!      0.000     gamma
     U A 224                  !!      0.000     gamma
     U A 236                  !!      0.000     alpha
     G A 256                  !!      0.000     gamma
     U A 263                  !!      0.000      None
     U A 264                  !!      0.000     gamma
     A A 278                  !!      0.000  epsilon-1
     G A 288                  !!      0.000     gamma
  9 suites triaged and 0 incomplete leaving 131 suites
  13/140 suite outliers present
  Average suiteness: 0.737
