
Using nuclear cloud x-H distances and vdW radii

Using input model H/D atoms...

Bad Clashes >= 0.4 Angstrom:
 A 212    C  H6   A 212    C  OP2 :0.953
 A 212    C  C6   A 212    C  OP2 :0.864
 A 167    U  C6   A 167    U  OP1 :0.835
 A 163    G  N2   A 284    A  N7  :0.760
 A 237    G  H8   A 237    G  OP2 :0.710
 A 236    U  H6   A 236    U  OP2 :0.701
 A 250    G  N2   A 254    A  N7  :0.675
 A 255    A  N7   A 274    G  N2  :0.629
 A 173    C  O2'  A 174    U  P   :0.604
 A 263    U  O2'  A 265    U  OP2 :0.594
 A 249    U  H6   A 249    U  O5' :0.593
 A 173    C  C2'  A 174    U  O5' :0.593
 A 254    A  H8   A 254    A  O5' :0.570
 A 255    A  N3   A 276    A  N6  :0.553
 A 189    G  N7   A 196    G  N2  :0.537
 A 167    U  N1   A 167    U  OP1 :0.525
 A 266    G  H8   A 266    G  O5' :0.513
 A 173    C  O2'  A 174    U  OP1 :0.513
 A 236    U  C6   A 236    U  OP2 :0.512
 A 276    A  H8   A 276    A  O5' :0.511
 A 167    U  O4'  A 167    U  OP1 :0.507
 A 196    G  C2'  A 197    U  OP2 :0.507
 A 179    U  N3   A 209    A  N1  :0.501
 A 238    U  H2'  A 239    C  C6  :0.484
 A 173    C  H2'  A 174    U  O5' :0.478
 A 237    G  C8   A 237    G  OP2 :0.468
 A 252    G  O6   A 278    A  N1  :0.442
 A 251    U  C6   A 251    U  OP1 :0.432
 A 206    U  H2'  A 207    C  C6  :0.423
 A 265    U  H2'  A 266    G  O4' :0.415
 A 158    C  H2'  A 159    A  C8  :0.412
 A 196    G  O2'  A 198    C  N4  :0.411
 A 159    A  N1   A 288    G  C2  :0.404
 A 163    G  C6   A 164    C  C4  :0.400
clashscore = 7.63
