
Using nuclear cloud x-H distances and vdW radii

Using input model H/D atoms...

Bad Clashes >= 0.4 Angstrom:
 A 156    A  O2'  A 157    G  OP1 :1.038
 A 223    U  H4'  A 223    U  OP1 :0.955
 A 194    C  O2'  A 195    C  OP1 :0.843
 A 163    G  N2   A 284    A  N7  :0.835
 A 156    A  O2'  A 157    G  P   :0.789
 A 234    U  O2'  A 236    U  O4  :0.719
 A 162    U  O2'  A 163    G  OP1 :0.649
 A 194    C  O2'  A 195    C  P   :0.633
 A 223    U  C4'  A 223    U  OP1 :0.605
 A 196    G  O4'  A 198    C  N4  :0.605
 A 159    A  N7   A 288    G  N2  :0.572
 A 179    U  N3   A 209    A  N1  :0.521
 A 236    U  H6   A 236    U  O5' :0.499
 A 252    G  O2'  A 255    A  N6  :0.493
 A 238    U  H2'  A 239    C  C6  :0.481
 A 256    G  O5'  A 275    G  N2  :0.466
 A 173    C  O2'  A 174    U  H5' :0.452
 A 235    C  H3'  A 236    U  C6  :0.440
 A 256    G  O4'  A 275    G  N2  :0.426
 A 168    G  H4'  A 250    G  OP1 :0.424
 A 215    C  O2'  A 216    A  N7  :0.424
 A 206    U  H2'  A 207    C  C6  :0.422
 A 273    U  H2'  A 274    G  O4' :0.420
 A 215    C  O2'  A 216    A  C8  :0.414
 A 168    G  C2   A 222    C  C4  :0.412
 A 224    U  H2'  A 225    A  C8  :0.410
 A 166    G  H2'  A 167    U  C6  :0.409
 A 277    A  H8   A 277    A  O5' :0.405
 A 159    A  N6   A 288    G  N3  :0.404
 A 163    G  C6   A 164    C  C4  :0.401
clashscore = 6.74
