
Using nuclear cloud x-H distances and vdW radii

Using input model H/D atoms...

Bad Clashes >= 0.4 Angstrom:
 A 249    U  C4'  A 249    U  OP1 :0.899
 A 249    U  H4'  A 249    U  OP1 :0.801
 A 235    C  O4'  A 235    C  OP1 :0.737
 A 215    C  O2'  A 216    A  N7  :0.722
 A 277    A  H8   A 277    A  O5' :0.717
 A 180    A  O2'  A 181    A  OP1 :0.692
 A 254    A  N1   A 275    G  N2  :0.675
 A 249    U  O4'  A 249    U  OP1 :0.639
 A 196    G  H3'  A 196    G  N3  :0.636
 A 266    G  H8   A 266    G  OP2 :0.601
 A 181    A  N6   A 208    C  O2  :0.580
 A 163    G  N2   A 284    A  N7  :0.558
 A 277    A  C8   A 277    A  O5' :0.553
 A 277    A  H8   A 277    A  P   :0.512
 A 163    G  C4'  A 163    G  OP1 :0.477
 A 163    G  H4'  A 163    G  OP1 :0.460
 A 254    A  H8   A 254    A  O5' :0.442
 A 179    U  N3   A 209    A  N1  :0.423
 A 206    U  H2'  A 207    C  C6  :0.423
 A 159    A  H8   A 159    A  O5' :0.419
 A 158    C  H2'  A 159    A  C8  :0.413
 A 163    G  C6   A 164    C  C4  :0.400
clashscore = 4.94
