
                    ----------Backbone bond lenths----------                   

  residue               atom 1  atom 2  sigmas
   A 173    C              O4'     C1'   -4.30
  1/1955 bond outliers present

                    ----------Backbone bond angles----------                   

  residue               atom 1  atom 2  atom 3  sigmas
   A 194    C              O3'     P       O5'   -4.03
  1/3071 angle outliers present

                        ----------Sugar pucker----------                       

  residue                  delta   outlier   epsilon   outlier
   A 156    A               79.6        no      95.7       yes
   A 162    U               79.6        no     149.0       yes
   A 194    C               81.7        no     126.6       yes
  3/139 pucker outliers present

                  ----------Backbone torsion suites----------                  

  Suite ID                 suite  suiteness  triaged angle
     G A 157                  !!      0.000  epsilon-1
     G A 163                  !!      0.000  epsilon-1
     U A 167                  !!      0.000     alpha
     G A 168                  !!      0.000      None
     C A 173                  !!      0.000     alpha
     C A 195                  !!      0.000  epsilon-1
     U A 197                  !!      0.000      None
     U A 223                  !!      0.000     gamma
     U A 224                  !!      0.000      None
     C A 235                  !!      0.000     alpha
     U A 236                  !!      0.000      None
     G A 250                  !!      0.000      None
     A A 254                  !!      0.000      None
     G A 288                  !!      0.000     gamma
  8 suites triaged and 0 incomplete leaving 132 suites
  14/140 suite outliers present
  Average suiteness: 0.729
