
                    ----------Backbone bond lenths----------                   

  All bonds within 4.0 sigma of ideal values.

                    ----------Backbone bond angles----------                   

  residue               atom 1  atom 2  atom 3  sigmas
   A 216    A              O3'     C3'     C2'    5.03
   A 255    A              O3'     C3'     C2'   -4.24
   A 284    A              C3'     C2'     C1'    5.31
   A 284    A              O3'     C3'     C2'    4.81
   A 284    A              O4'     C4'     C3'    5.39
  5/3071 angle outliers present

                        ----------Sugar pucker----------                       

  residue                  delta   outlier   epsilon   outlier
   A 166    G               79.5        no     148.0       yes
   A 248    G               81.3        no     148.4       yes
   A 283    U               82.7        no     151.4       yes
  3/139 pucker outliers present

                  ----------Backbone torsion suites----------                  

  Suite ID                 suite  suiteness  triaged angle
     A A 159                  !!      0.000     alpha
     A A 160                  !!      0.000     gamma
     U A 167                  !!      0.000  epsilon-1
     G A 168                  !!      0.000      None
     C A 173                  !!      0.000     gamma
     A A 209                  !!      0.000      None
     A A 216                  !!      0.000     gamma
     A A 225                  !!      0.000      beta
     U A 236                  !!      0.000     gamma
     G A 237                  !!      0.000      None
     U A 249                  !!      0.000  epsilon-1
     G A 250                  !!      0.000     gamma
     G A 252                  !!      0.000      None
     A A 255                  !!      0.000      None
     G A 256                  !!      0.000    zeta-1
     U A 263                  !!      0.000     gamma
     U A 264                  !!      0.000      None
     G A 275                  !!      0.000     gamma
     A A 276                  !!      0.000     gamma
     A A 284                  !!      0.000  epsilon-1
     A A 285                  !!      0.000      None
  14 suites triaged and 0 incomplete leaving 126 suites
  21/140 suite outliers present
  Average suiteness: 0.763
