
                    ----------Backbone bond lenths----------                   

  All bonds within 4.0 sigma of ideal values.

                    ----------Backbone bond angles----------                   

  residue               atom 1  atom 2  atom 3  sigmas
   A 253    G              C4'     C3'     C2'    4.18
   A 253    G              O3'     C3'     C2'    5.13
   A 264    U              O3'     C3'     C2'   11.53
  3/3071 angle outliers present

                        ----------Sugar pucker----------                       

  residue                  delta   outlier   epsilon   outlier
   A 173    C               83.1        no     133.7       yes
   A 264    U              108.9       yes     238.7        no
  2/139 pucker outliers present

                  ----------Backbone torsion suites----------                  

  Suite ID                 suite  suiteness  triaged angle
     A A 159                  !!      0.000      None
     G A 163                  !!      0.000     gamma
     U A 167                  !!      0.000      None
     G A 168                  !!      0.000     alpha
     U A 174                  !!      0.000  epsilon-1
     G A 196                  !!      0.000      None
     C A 212                  !!      0.000      None
     A A 225                  !!      0.000      None
     U A 236                  !!      0.000      None
     U A 251                  !!      0.000    zeta-1
     U A 264                  !!      0.000     delta
     U A 265                  !!      0.000   delta-1
     G A 274                  !!      0.000      None
     A A 285                  !!      0.000      None
  6 suites triaged and 0 incomplete leaving 134 suites
  14/140 suite outliers present
  Average suiteness: 0.745
