
                    ----------Backbone bond lenths----------                   

  All bonds within 4.0 sigma of ideal values.

                    ----------Backbone bond angles----------                   

  residue               atom 1  atom 2  atom 3  sigmas
   A 224    U              C4'     C3'     C2'    4.67
   A 232    G              C4'     C3'     C2'    4.31
  2/3071 angle outliers present

                        ----------Sugar pucker----------                       

  residue                  delta   outlier   epsilon   outlier
   A 180    A               84.2        no      32.8       yes
  1/139 pucker outliers present

                  ----------Backbone torsion suites----------                  

  Suite ID                 suite  suiteness  triaged angle
     G A 163                  !!      0.000     gamma
     U A 167                  !!      0.000      None
     A A 181                  !!      0.000  epsilon-1
     U A 197                  !!      0.000     gamma
     A A 216                  !!      0.000     gamma
     A A 225                  !!      0.000      None
     C A 235                  !!      0.000      None
     U A 249                  !!      0.000      beta
     G A 250                  !!      0.000     alpha
     U A 264                  !!      0.000     gamma
     U A 265                  !!      0.000      None
     A A 278                  !!      0.000     gamma
  8 suites triaged and 0 incomplete leaving 132 suites
  12/140 suite outliers present
  Average suiteness: 0.773
