
                    ----------Backbone bond lenths----------                   

  All bonds within 4.0 sigma of ideal values.

                    ----------Backbone bond angles----------                   

  residue               atom 1  atom 2  atom 3  sigmas
   A 253    G              C4'     C3'     C2'    4.30
  1/3071 angle outliers present

                        ----------Sugar pucker----------                       

  residue                  delta   outlier   epsilon   outlier
   A 158    C               80.8        no      33.4       yes
   A 173    C               81.1        no     126.6       yes
  2/139 pucker outliers present

                  ----------Backbone torsion suites----------                  

  Suite ID                 suite  suiteness  triaged angle
     G A 157                  !!      0.000      None
     A A 159                  !!      0.000  epsilon-1
     A A 160                  !!      0.000      None
     U A 167                  !!      0.000      None
     G A 168                  !!      0.000      None
     U A 174                  !!      0.000  epsilon-1
     U A 192                  !!      0.000      None
     C A 195                  !!      0.000      None
     A A 209                  !!      0.000     gamma
     C A 215                  !!      0.000     gamma
     U A 223                  !!      0.000     gamma
     A A 225                  !!      0.000     gamma
     G A 250                  !!      0.000      None
     U A 265                  !!      0.000     gamma
  7 suites triaged and 0 incomplete leaving 133 suites
  14/140 suite outliers present
  Average suiteness: 0.733
