
Using nuclear cloud x-H distances and vdW radii

Using input model H/D atoms...

Bad Clashes >= 0.4 Angstrom:
 A 249    U  C5   A 249    U  OP2 :0.909
 A 224    U  H4'  A 224    U  OP1 :0.843
 A 163    G  N2   A 284    A  N7  :0.740
 A 178    C  O2'  A 179    U  OP1 :0.699
 A 249    U  C6   A 249    U  OP2 :0.639
 A 266    G  H8   A 266    G  OP2 :0.622
 A 232    G  H8   A 232    G  O5' :0.594
 A 252    G  N1   A 278    A  N1  :0.559
 A 167    U  OP2  A 250    G  O4' :0.556
 A 253    G  N3   A 277    A  N6  :0.526
 A 224    U  C4'  A 224    U  OP1 :0.516
 A 255    A  N6   A 274    G  O6  :0.508
 A 178    C  H6   A 178    C  O5' :0.501
 A 167    U  C2'  A 168    G  OP1 :0.485
 A 276    A  O2'  A 277    A  OP1 :0.476
 A 276    A  C2'  A 277    A  OP1 :0.471
 A 167    U  O2'  A 168    G  OP1 :0.461
 A 215    C  O2   A 217    A  N6  :0.448
 A 237    G  H8   A 237    G  OP2 :0.444
 A 253    G  N1   A 276    A  OP1 :0.442
 A 252    G  N2   A 279    C  O2  :0.435
 A 253    G  H2'  A 254    A  C8  :0.434
 A 253    G  H8   A 253    G  O5' :0.426
 A 158    C  H2'  A 159    A  C8  :0.424
 A 206    U  H2'  A 207    C  C6  :0.423
 A 159    A  N1   A 288    G  C2  :0.422
 A 195    C  H2'  A 196    G  C8  :0.421
 A 249    U  C6   A 249    U  P   :0.418
 A 168    G  O4'  A 249    U  O2  :0.412
 A 211    U  H2'  A 212    C  C6  :0.407
clashscore = 6.74
