
                    ----------Backbone bond lenths----------                   

  All bonds within 4.0 sigma of ideal values.

                    ----------Backbone bond angles----------                   

  residue               atom 1  atom 2  atom 3  sigmas
   A 162    U              O3'     P       O5'   -5.53
   A 210    U              C4'     C3'     C2'   -4.14
   A 249    U              C4'     C3'     C2'    4.02
  3/3071 angle outliers present

                        ----------Sugar pucker----------                       

  residue                  delta   outlier   epsilon   outlier
   A 162    U               79.6        no      88.7       yes
   A 210    U               88.3       yes      47.0       yes
   A 249    U               70.4        no     139.5       yes
  3/139 pucker outliers present

                  ----------Backbone torsion suites----------                  

  Suite ID                 suite  suiteness  triaged angle
     C A 158                  !!      0.000      None
     A A 159                  !!      0.000     gamma
     A A 160                  !!      0.000      None
     G A 163                  !!      0.000  epsilon-1
     U A 167                  !!      0.000      None
     G A 168                  !!      0.000     alpha
     G A 196                  !!      0.000      None
     U A 211                  !!      0.000  epsilon-1
     C A 215                  !!      0.000     gamma
     U A 224                  !!      0.000      beta
     C A 235                  !!      0.000      None
     U A 249                  !!      0.000      None
     G A 250                  !!      0.000  epsilon-1
     G A 253                  !!      0.000      None
     U A 263                  !!      0.000     gamma
     G A 275                  !!      0.000      None
     A A 277                  !!      0.000     gamma
  9 suites triaged and 0 incomplete leaving 131 suites
  17/140 suite outliers present
  Average suiteness: 0.733
