
                    ----------Backbone bond lenths----------                   

  All bonds within 4.0 sigma of ideal values.

                    ----------Backbone bond angles----------                   

  All angles within 4.0 sigma of ideal values.

                        ----------Sugar pucker----------                       

  residue                  delta   outlier   epsilon   outlier
   A 281    G               78.1        no     141.3       yes
  1/134 pucker outliers present

                  ----------Backbone torsion suites----------                  

  Suite ID                 suite  suiteness  triaged angle
     C A 210                  !!      0.000      None
     A A 224                  !!      0.000      None
     C A 225                  !!      0.000      None
     A A 246                  !!      0.000      None
     U A 249                  !!      0.000      None
     C A 250                  !!      0.000      None
     G A 251                  !!      0.000      None
     U A 262                  !!      0.000      None
     G A 263                  !!      0.000      None
     G A 282                  !!      0.000  epsilon-1
     C A 295                  !!      0.000    zeta-1
  2 suites triaged and 0 incomplete leaving 133 suites
  11/135 suite outliers present
  Average suiteness: 0.816
