
                    ----------Backbone bond lenths----------                   

  All bonds within 4.0 sigma of ideal values.

                    ----------Backbone bond angles----------                   

  All angles within 4.0 sigma of ideal values.

                        ----------Sugar pucker----------                       

  residue                  delta   outlier   epsilon   outlier
   A 281    G               79.0        no     146.7       yes
  1/134 pucker outliers present

                  ----------Backbone torsion suites----------                  

  Suite ID                 suite  suiteness  triaged angle
     G A 195                  !!      0.000      None
     C A 210                  !!      0.000      None
     G A 214                  !!      0.000      None
     C A 225                  !!      0.000     alpha
     C A 231                  !!      0.000      None
     G A 232                  !!      0.000      None
     A A 247                  !!      0.000      None
     U A 248                  !!      0.000      None
     C A 250                  !!      0.000      None
     U A 262                  !!      0.000      None
     G A 263                  !!      0.000      None
     G A 282                  !!      0.000  epsilon-1
     U A 293                  !!      0.000      None
     G A 296                  !!      0.000     gamma
  3 suites triaged and 0 incomplete leaving 132 suites
  14/135 suite outliers present
  Average suiteness: 0.812
