
                    ----------Backbone bond lenths----------                   

  All bonds within 4.0 sigma of ideal values.

                    ----------Backbone bond angles----------                   

  residue               atom 1  atom 2  atom 3  sigmas
   A 223    U              C3'     O3'     P     -4.06
  1/2961 angle outliers present

                        ----------Sugar pucker----------                       

  residue                  delta   outlier   epsilon   outlier
   A 223    U               80.8        no      20.6       yes
   A 281    G               78.0        no     142.0       yes
  2/134 pucker outliers present

                  ----------Backbone torsion suites----------                  

  Suite ID                 suite  suiteness  triaged angle
     C A 210                  !!      0.000      None
     A A 224                  !!      0.000  epsilon-1
     C A 225                  !!      0.000      None
     C A 250                  !!      0.000      None
     G A 270                  !!      0.000      None
     G A 282                  !!      0.000  epsilon-1
     G A 296                  !!      0.000     gamma
  3 suites triaged and 0 incomplete leaving 132 suites
  7/135 suite outliers present
  Average suiteness: 0.846
