
                    ----------Backbone bond lenths----------                   

  All bonds within 4.0 sigma of ideal values.

                    ----------Backbone bond angles----------                   

  residue               atom 1  atom 2  atom 3  sigmas
   A 195    G              C4'     C3'     C2'    4.11
   A 195    G              O3'     P       OP2    4.15
   A 203    A              O3'     P       OP1   18.85
   A 203    A              O3'     P       OP2  -11.51
   A 223    U              O3'     C3'     C2'   -4.03
   A 230    U              O3'     P       OP1  -11.41
   A 230    U              O3'     P       OP2   18.09
   A 269    C              O3'     C3'     C2'    6.14
   A 270    G              O4'     C4'     C3'    4.13
   A 295    C              O3'     P       OP2   33.97
  10/2961 angle outliers present

                        ----------Sugar pucker----------                       

  residue                  delta   outlier   epsilon   outlier
   A 203    A               80.6        no     138.3       yes
   A 223    U              127.8       yes     277.6        no
  2/134 pucker outliers present

                  ----------Backbone torsion suites----------                  

  Suite ID                 suite  suiteness  triaged angle
     U A 196                  !!      0.000     gamma
     C A 199                  !!      0.000     gamma
     G A 204                  !!      0.000  epsilon-1
     C A 210                  !!      0.000      None
     A A 211                  !!      0.000     gamma
     C A 216                  !!      0.000     gamma
     A A 217                  !!      0.000      None
     C A 218                  !!      0.000      None
     A A 219                  !!      0.000      None
     A A 224                  !!      0.000      beta
     U A 229                  !!      0.000     gamma
     U A 230                  !!      0.000     gamma
     C A 231                  !!      0.000     gamma
     U A 242                  !!      0.000     gamma
     G A 243                  !!      0.000      None
     G A 244                  !!      0.000      beta
     C A 255                  !!      0.000     gamma
     U A 262                  !!      0.000     alpha
     G A 263                  !!      0.000      None
     U A 268                  !!      0.000      None
     G A 270                  !!      0.000     gamma
     U A 275                  !!      0.000    zeta-1
     G A 282                  !!      0.000      None
     U A 293                  !!      0.000      None
     G A 296                  !!      0.000      None
     C A 313                  !!      0.000     gamma
  16 suites triaged and 0 incomplete leaving 119 suites
  26/135 suite outliers present
  Average suiteness: 0.770
