
Using nuclear cloud x-H distances and vdW radii

Using input model H/D atoms...

Bad Clashes >= 0.4 Angstrom:
 A 244    G  O4'  A 244    G  OP2 :0.956
 A 263    G  H3'  A 263    G  OP1 :0.956
 A 263    G  C8   A 263    G  OP1 :0.905
 A 275    U  H4'  A 275    U  OP1 :0.874
 A 263    G  H8   A 263    G  P   :0.855
 A 263    G  C8   A 263    G  P   :0.813
 A 244    G  C8   A 244    G  OP2 :0.777
 A 229    U  C6   A 229    U  OP2 :0.762
 A 203    A  N6   A 309    A  N3  :0.714
 A 229    U  H3'  A 229    U  OP2 :0.707
 A 261    A  O2'  A 262    U  O5' :0.687
 A 228    U  O2'  A 229    U  OP1 :0.679
 A 244    G  H8   A 244    G  OP2 :0.675
 A 244    G  O4'  A 244    G  P   :0.672
 A 192    A  N7   A 317    G  N2  :0.668
 A 275    U  C4'  A 275    U  OP1 :0.663
 A 261    A  O2'  A 263    G  OP2 :0.648
 A 269    C  O2'  A 270    G  O5' :0.645
 A 315    G  C8   A 315    G  OP2 :0.638
 A 315    G  H8   A 315    G  OP2 :0.638
 A 230    U  H2'  A 230    U  OP2 :0.626
 A 255    C  H4'  A 255    C  OP1 :0.606
 A 263    G  C3'  A 263    G  OP1 :0.593
 A 223    U  OP2  A 261    A  N6  :0.585
 A 210    C  H6   A 210    C H5'' :0.569
 A 191    C  O2'  A 192    A  O5' :0.568
 A 230    U  C2'  A 230    U  OP2 :0.555
 A 294    G  O3'  A 295    C  O4' :0.548
 A 229    U  H3'  A 229    U  P   :0.534
 A 255    C  C4'  A 255    C  OP1 :0.530
 A 212    C  O2'  A 231    C  N4  :0.528
 A 221    U  O2'  A 271    U  OP1 :0.524
 A 197    G  C2   A 198    U  C4  :0.506
 A 263    G  H8   A 263    G  OP2 :0.504
 A 230    U  H3'  A 230    U  P   :0.503
 A 198    U  C4   A 199    C  C4  :0.495
 A 230    U  H3'  A 230    U  OP2 :0.488
 A 242    U  O2'  A 243    G  O4' :0.486
 A 210    C  C6   A 210    C H5'' :0.476
 A 267    U  H6   A 267    U  O5' :0.472
 A 243    G  H8   A 243    G  OP2 :0.469
 A 249    U  H2'  A 250    C  C6  :0.459
 A 246    A  N1   A 247    A  N6  :0.458
 A 263    G  C8   A 263    G  OP2 :0.447
 A 242    U  O2'  A 243    G  O5' :0.441
 A 230    U  C3'  A 230    U  OP2 :0.439
 A 202    A  N6   A 310    G  C4  :0.432
 A 269    C  H4'  A 270    G  O5' :0.427
 A 213    G  H4'  A 231    C  N3  :0.425
 A 217    A  N6   A 222    A  C8  :0.418
 A 222    A  H2'  A 222    A  N3  :0.414
 A 290    A  C2   A 291    G  C4  :0.407
 A 230    U  C3'  A 230    U  P   :0.404
clashscore = 12.26
