
                    ----------Backbone bond lenths----------                   

  All bonds within 4.0 sigma of ideal values.

                    ----------Backbone bond angles----------                   

  residue               atom 1  atom 2  atom 3  sigmas
   A 192    A              O3'     P       OP1   -8.72
   A 192    A              O3'     P       OP2   29.10
   A 195    G              C4'     C3'     C2'    4.24
   A 195    G              C4'     O4'     C1'    4.21
   A 195    G              O3'     P       OP1   -9.31
   A 195    G              O3'     P       OP2   28.07
   A 198    U              O3'     P       OP2    4.36
   A 223    U              O3'     P       OP2    5.71
   A 230    U              O3'     P       OP2   29.09
   A 246    A              O3'     P       OP2   29.10
   A 269    C              O3'     C3'     C2'    6.15
   A 270    G              O4'     C4'     C3'    4.08
   A 295    C              O3'     P       OP1   -9.33
   A 295    C              O3'     P       OP2   28.07
  14/2961 angle outliers present

                        ----------Sugar pucker----------                       

  residue                  delta   outlier   epsilon   outlier
   A 191    C               79.5        no     150.8       yes
   A 195    G               81.9        no     140.9       yes
   A 254    G               81.5        no     147.9       yes
  3/134 pucker outliers present

                  ----------Backbone torsion suites----------                  

  Suite ID                 suite  suiteness  triaged angle
     A A 192                  !!      0.000  epsilon-1
     U A 193                  !!      0.000    zeta-1
     U A 196                  !!      0.000  epsilon-1
     U A 198                  !!      0.000     gamma
     C A 199                  !!      0.000      None
     C A 210                  !!      0.000     gamma
     A A 211                  !!      0.000     gamma
     U A 221                  !!      0.000     gamma
     A A 224                  !!      0.000     gamma
     U A 229                  !!      0.000      None
     U A 230                  !!      0.000      None
     C A 231                  !!      0.000    zeta-1
     U A 242                  !!      0.000      None
     G A 243                  !!      0.000      None
     G A 244                  !!      0.000      beta
     A A 247                  !!      0.000     gamma
     C A 255                  !!      0.000  epsilon-1
     G A 263                  !!      0.000     gamma
     U A 268                  !!      0.000      None
     G A 270                  !!      0.000     gamma
     U A 275                  !!      0.000      None
     G A 282                  !!      0.000      beta
     G A 296                  !!      0.000    zeta-1
  16 suites triaged and 0 incomplete leaving 119 suites
  23/135 suite outliers present
  Average suiteness: 0.803
