
                    ----------Backbone bond lenths----------                   

  All bonds within 4.0 sigma of ideal values.

                    ----------Backbone bond angles----------                   

  residue               atom 1  atom 2  atom 3  sigmas
   A 198    U              O3'     P       OP1    6.07
   A 198    U              O3'     P       OP2   -4.27
   A 230    U              O3'     P       OP1   18.84
   A 230    U              O3'     P       OP2  -11.50
   A 246    A              O3'     P       OP2    4.39
   A 269    C              O3'     C3'     C2'    6.11
   A 270    G              O4'     C4'     C3'    4.11
   A 274    C              O3'     P       OP1    4.62
   A 289    A              O3'     C3'     C2'    6.50
   A 290    A              O3'     C3'     C2'    4.57
   A 309    A              O3'     P       OP1   34.07
  11/2961 angle outliers present

                        ----------Sugar pucker----------                       

  residue                  delta   outlier   epsilon   outlier
   A 203    A               81.0        no      76.5       yes
   A 254    G               81.6        no      81.9       yes
  2/134 pucker outliers present

                  ----------Backbone torsion suites----------                  

  Suite ID                 suite  suiteness  triaged angle
     A A 192                  !!      0.000      None
     U A 193                  !!      0.000      None
     C A 199                  !!      0.000     gamma
     G A 204                  !!      0.000  epsilon-1
     C A 210                  !!      0.000      None
     A A 211                  !!      0.000     gamma
     A A 219                  !!      0.000      None
     A A 224                  !!      0.000    zeta-1
     U A 229                  !!      0.000     gamma
     U A 230                  !!      0.000      None
     C A 231                  !!      0.000      None
     G A 244                  !!      0.000      beta
     A A 247                  !!      0.000      None
     C A 255                  !!      0.000  epsilon-1
     G A 263                  !!      0.000      None
     U A 268                  !!      0.000      None
     G A 270                  !!      0.000     gamma
     U A 275                  !!      0.000     gamma
     G A 282                  !!      0.000      beta
     G A 296                  !!      0.000    zeta-1
     G A 315                  !!      0.000      None
  11 suites triaged and 0 incomplete leaving 124 suites
  21/135 suite outliers present
  Average suiteness: 0.762
