
Using nuclear cloud x-H distances and vdW radii

Using input model H/D atoms...

Bad Clashes >= 0.4 Angstrom:
 A 247    A  C8   A 247    A  OP2 :1.396
 A 247    A  H8   A 247    A  P   :1.368
 A 247    A  H8   A 247    A  OP2 :1.228
 A 282    G  O4'  A 282    G  OP1 :1.164
 A 247    A  C8   A 247    A  P   :1.161
 A 282    G  C4'  A 282    G  OP1 :0.906
 A 247    A  O4'  A 247    A  OP2 :0.879
 A 254    G  O3'  A 255    C  O4' :0.771
 A 247    A  C8   A 247    A  OP1 :0.753
 A 254    G  O2'  A 255    C  P   :0.737
 A 209    U  O2'  A 281    G  O3' :0.727
 A 203    A  O2'  A 204    G  P   :0.705
 A 244    G  C8   A 244    G  OP2 :0.679
 A 228    U  O2'  A 230    U  OP2 :0.667
 A 229    U  OP2  A 293    U  O2' :0.600
 A 254    G  O2'  A 255    C  OP2 :0.554
 A 247    A  N9   A 247    A  OP2 :0.542
 A 247    A  C1'  A 247    A  OP2 :0.533
 A 203    A  O2'  A 204    G  OP2 :0.523
 A 210    C  C2'  A 211    A  OP2 :0.516
 A 221    U  O2   A 272    G  O2' :0.487
 A 220    A  H1'  A 266    U  O2' :0.481
 A 249    U  H2'  A 250    C  C6  :0.475
 A 282    G  O4'  A 282    G  P   :0.472
 A 221    U  O2'  A 273    G  O4' :0.470
 A 222    A  H8   A 222    A  OP2 :0.460
 A 229    U  H3'  A 230    U  H5' :0.456
 A 192    A  H5'  A 192    A  N3  :0.444
 A 282    G  H4'  A 282    G  OP1 :0.443
 A 244    G  H8   A 244    G  OP2 :0.441
 A 246    A  H2'  A 247    A  C8  :0.436
 A 246    A  C2   A 247    A  N6  :0.427
 A 252    G  H4'  A 283    C  OP1 :0.426
 A 203    A  O2'  A 204    G  O5' :0.425
 A 254    G H5''  A 255    C  H1' :0.421
 A 221    U HO2'  A 273    G  H5' :0.421
 A 217    A  H2'  A 218    C  C6  :0.420
 A 195    G  H2'  A 196    U  C6  :0.415
 A 254    G  O3'  A 255    C  C4' :0.414
 A 246    A  C2'  A 247    A  OP2 :0.410
 A 215    U  O2'  A 216    C  O4' :0.405
clashscore = 9.48
