
                    ----------Backbone bond lenths----------                   

  All bonds within 4.0 sigma of ideal values.

                    ----------Backbone bond angles----------                   

  residue               atom 1  atom 2  atom 3  sigmas
   A 192    A              O3'     P       OP1   -5.72
   A 192    A              O3'     P       OP2    7.82
   A 198    U              O3'     P       OP1    7.17
   A 198    U              O3'     P       OP2   -5.21
   A 203    A              O3'     P       OP1   18.84
   A 203    A              O3'     P       OP2  -11.51
   A 210    C              O3'     P       OP2    4.03
   A 217    A              O3'     C3'     C2'    4.65
   A 243    G              O3'     P       OP1   18.85
   A 243    G              O3'     P       OP2  -11.50
   A 246    A              O3'     P       OP1    5.34
   A 269    C              O3'     C3'     C2'    6.12
   A 270    G              O4'     C4'     C3'    4.10
   A 274    C              O3'     P       OP1   18.89
   A 274    C              O3'     P       OP2  -11.48
   A 309    A              O3'     P       OP1   -9.88
   A 309    A              O3'     P       OP2   14.00
  17/2961 angle outliers present

                        ----------Sugar pucker----------                       

  residue                  delta   outlier   epsilon   outlier
   A 203    A               81.9        no     135.9       yes
  1/134 pucker outliers present

                  ----------Backbone torsion suites----------                  

  Suite ID                 suite  suiteness  triaged angle
     A A 192                  !!      0.000     gamma
     U A 193                  !!      0.000      None
     U A 196                  !!      0.000      None
     C A 199                  !!      0.000      None
     A A 203                  !!      0.000      None
     G A 204                  !!      0.000  epsilon-1
     C A 210                  !!      0.000      None
     A A 211                  !!      0.000     gamma
     U A 229                  !!      0.000      None
     U A 242                  !!      0.000      None
     G A 244                  !!      0.000      beta
     C A 255                  !!      0.000     gamma
     U A 262                  !!      0.000     alpha
     G A 263                  !!      0.000      None
     U A 268                  !!      0.000      None
     G A 270                  !!      0.000     gamma
     U A 275                  !!      0.000      None
     G A 282                  !!      0.000      None
     G A 294                  !!      0.000      None
     G A 315                  !!      0.000     gamma
  8 suites triaged and 0 incomplete leaving 127 suites
  20/135 suite outliers present
  Average suiteness: 0.731
