
Using nuclear cloud x-H distances and vdW radii

Using input model H/D atoms...

Bad Clashes >= 0.4 Angstrom:
 A 195    G  H8   A 195    G  OP2 :1.098
 A 195    G  C8   A 195    G  OP2 :0.918
 A 262    U  C4'  A 262    U  OP2 :0.871
 A 230    U  O2'  A 231    C  O5' :0.833
 A 210    C  C6   A 210    C H5'' :0.781
 A 295    C  O4'  A 295    C  OP2 :0.772
 A 262    U  H4'  A 262    U  OP2 :0.746
 A 255    C  H4'  A 255    C  OP1 :0.692
 A 262    U  O4'  A 262    U  OP2 :0.690
 A 193    U  H6   A 193    U  OP1 :0.670
 A 295    C  C6   A 295    C  OP2 :0.670
 A 315    G  C8   A 315    G  OP2 :0.638
 A 315    G  H8   A 315    G  OP2 :0.635
 A 210    C  H6   A 210    C H5'' :0.631
 A 192    A  H3'  A 192    A  N3  :0.624
 A 244    G  H8   A 244    G  OP2 :0.611
 A 295    C  H6   A 295    C  OP2 :0.569
 A 212    C  O2'  A 231    C  N4  :0.529
 A 216    C  H6   A 216    C  O5' :0.514
 A 254    G  C2'  A 255    C  OP1 :0.505
 A 254    G  O2'  A 255    C  P   :0.487
 A 213    G  OP2  A 256    A  O4' :0.484
 A 202    A  H8   A 202    A  OP2 :0.482
 A 295    C  H6   A 295    C  P   :0.477
 A 203    A  O2'  A 204    G  O4' :0.475
 A 261    A  C2'  A 262    U  OP2 :0.468
 A 198    U  C4   A 199    C  C4  :0.466
 A 249    U  H2'  A 250    C  C6  :0.462
 A 197    G  C2   A 198    U  C4  :0.459
 A 292    G  O2'  A 293    U  O5' :0.456
 A 210    C  C5'  A 210    C  H6  :0.453
 A 215    U  H2'  A 216    C  C6  :0.447
 A 231    C  H6   A 231    C  OP2 :0.445
 A 210    C  C5'  A 210    C  C6  :0.444
 A 193    U  C6   A 193    U  OP1 :0.438
 A 254    G  O3'  A 255    C  O4' :0.438
 A 246    A  H8   A 246    A  P   :0.427
 A 197    G  C2   A 198    U  C5  :0.426
 A 213    G  H4'  A 231    C  N3  :0.426
 A 202    A  C8   A 202    A  OP2 :0.425
 A 246    A  N1   A 247    A  N6  :0.423
 A 194    C  H2'  A 195    G  C8  :0.417
 A 194    C  O2'  A 195    G  H5' :0.417
 A 254    G  H2'  A 255    C  OP1 :0.416
 A 219    A  H2'  A 220    A  C8  :0.412
 A 261    A  O2'  A 262    U  H4' :0.408
 A 192    A  N3   A 192    A  O5' :0.405
clashscore = 10.87
