
                    ----------Backbone bond lenths----------                   

  All bonds within 4.0 sigma of ideal values.

                    ----------Backbone bond angles----------                   

  residue               atom 1  atom 2  atom 3  sigmas
   A 203    A              O3'     P       OP2    5.62
   A 210    C              O3'     P       OP1  -11.30
   A 210    C              O3'     P       OP2   17.86
   A 243    G              O3'     P       O5'   -4.04
   A 243    G              O3'     P       OP2    4.64
   A 246    A              O3'     P       OP1  -11.61
   A 246    A              O3'     P       OP2   21.32
   A 269    C              O3'     C3'     C2'    6.13
   A 270    G              O4'     C4'     C3'    4.14
   A 292    G              O4'     C4'     C3'    4.71
   A 309    A              O3'     P       OP2    4.30
  11/2961 angle outliers present

                        ----------Sugar pucker----------                       

  residue                  delta   outlier   epsilon   outlier
   A 192    A              149.1        no     351.5       yes
   A 229    U              128.2       yes     282.9        no
   A 243    G               92.8        no     148.2       yes
  3/134 pucker outliers present

                  ----------Backbone torsion suites----------                  

  Suite ID                 suite  suiteness  triaged angle
     A A 192                  !!      0.000     gamma
     U A 193                  !!      0.000  epsilon-1
     U A 196                  !!      0.000     gamma
     C A 199                  !!      0.000     gamma
     G A 204                  !!      0.000      None
     C A 210                  !!      0.000      None
     A A 211                  !!      0.000      None
     A A 219                  !!      0.000     gamma
     U A 223                  !!      0.000     gamma
     U A 229                  !!      0.000     gamma
     U A 230                  !!      0.000      None
     C A 231                  !!      0.000      None
     U A 242                  !!      0.000     gamma
     G A 244                  !!      0.000  epsilon-1
     A A 247                  !!      0.000     gamma
     C A 255                  !!      0.000      beta
     G A 263                  !!      0.000      None
     U A 268                  !!      0.000      None
     G A 270                  !!      0.000     gamma
     U A 293                  !!      0.000      None
     C A 313                  !!      0.000     gamma
     G A 315                  !!      0.000      None
  13 suites triaged and 0 incomplete leaving 122 suites
  22/135 suite outliers present
  Average suiteness: 0.751
