
Using nuclear cloud x-H distances and vdW radii

Using input model H/D atoms...

Bad Clashes >= 0.4 Angstrom:
 A 252    C  O4'  A 252    C  OP1 :0.945
 A 243    C  H3'  A 243    C  OP2 :0.938
 A 242    A  C8   A 242    A  OP2 :0.915
 A 243    C  C6   A 243    C  OP2 :0.759
 A 299    G  O2'  A 300    A  P   :0.745
 A 288    G  N3   A 288    G H5'' :0.714
 A 333    G  H8   A 333    G  OP2 :0.708
 A 333    G  C8   A 333    G  OP2 :0.675
 A 241    C  O3'  A 242    A  O4' :0.653
 A 299    G  O2'  A 300    A  O5' :0.639
 A 227    U  O2'  A 228    C  OP1 :0.620
 A 299    G  C2'  A 300    A  OP2 :0.615
 A 242    A  H8   A 242    A  OP2 :0.604
 A 299    G  O2'  A 300    A  OP2 :0.589
 A 248    U  O2'  A 250    G  N7  :0.579
 A 312    G  H2'  A 312    G  N3  :0.555
 A 243    C  H3'  A 243    C  P   :0.522
 A 285    U  H6   A 285    U  OP2 :0.515
 A 312    G  C2'  A 312    G  N3  :0.504
 A 285    U  C6   A 285    U  OP2 :0.500
 A 293    U  C6   A 293    U  OP2 :0.496
 A 219    C  H2'  A 220    U  O4' :0.454
 A 241    C  C3'  A 242    A  O4' :0.452
 A 280    U  H2'  A 281    G  C8  :0.451
 A 252    C  C6   A 252    C  OP1 :0.440
 A 332    A  C2'  A 333    G  H5' :0.438
 A 312    G  H3'  A 312    G  N3  :0.428
 A 216    U  O4   A 217    C  N4  :0.420
 A 258    C  H6   A 258    C  O5' :0.414
 A 242    A  O4'  A 242    A  P   :0.414
 A 216    U  C4   A 217    C  C4  :0.411
 A 269    G  H3'  A 270    G  H5' :0.410
 A 220    U  O2   A 328    G  C2  :0.405
clashscore = 7.64
