
                    ----------Backbone bond lenths----------                   

  residue               atom 1  atom 2  sigmas
   A 249    C              C3'     C2'    4.65
  1/1885 bond outliers present

                    ----------Backbone bond angles----------                   

  residue               atom 1  atom 2  atom 3  sigmas
   A 221    U              O3'     P       OP2   27.45
   A 241    C              O3'     P       O5'   -4.56
   A 327    C              O3'     P       OP1   -4.70
   A 327    C              O3'     P       OP2    6.57
  4/2961 angle outliers present

                        ----------Sugar pucker----------                       

  residue                  delta   outlier   epsilon   outlier
   A 227    U               79.5        no      31.6       yes
   A 249    C               88.2        no     151.1       yes
   A 299    G               80.9        no     107.6       yes
  3/134 pucker outliers present

                  ----------Backbone torsion suites----------                  

  Suite ID                 suite  suiteness  triaged angle
     G A 213                  !!      0.000     gamma
     U A 216                  !!      0.000     gamma
     G A 222                  !!      0.000      None
     C A 228                  !!      0.000  epsilon-1
     G A 231                  !!      0.000     alpha
     A A 242                  !!      0.000     gamma
     C A 243                  !!      0.000      None
     G A 250                  !!      0.000  epsilon-1
     U A 267                  !!      0.000      None
     G A 270                  !!      0.000     gamma
     G A 281                  !!      0.000      None
     U A 284                  !!      0.000     gamma
     U A 285                  !!      0.000      beta
     U A 293                  !!      0.000     gamma
     A A 300                  !!      0.000  epsilon-1
     G A 309                  !!      0.000    zeta-1
     G A 312                  !!      0.000      None
     G A 314                  !!      0.000      None
     G A 333                  !!      0.000      None
  12 suites triaged and 0 incomplete leaving 123 suites
  19/135 suite outliers present
  Average suiteness: 0.758
