
                    ----------Backbone bond lenths----------                   

  All bonds within 4.0 sigma of ideal values.

                    ----------Backbone bond angles----------                   

  residue               atom 1  atom 2  atom 3  sigmas
   A 221    U              O3'     P       OP2   27.44
   A 238    A              O4'     C4'     C3'    4.69
   A 269    G              C4'     C3'     C2'    4.32
   A 311    U              C4'     C3'     C2'    4.23
   A 311    U              C5'     C4'     O4'   -8.70
   A 327    C              O3'     P       OP1   -4.69
   A 327    C              O3'     P       OP2    6.58
  7/2961 angle outliers present

                        ----------Sugar pucker----------                       

  residue                  delta   outlier   epsilon   outlier
   A 227    U               79.5        no      31.7       yes
   A 299    G               81.0        no     107.6       yes
   A 311    U               59.4       yes     223.5        no
  3/134 pucker outliers present

                  ----------Backbone torsion suites----------                  

  Suite ID                 suite  suiteness  triaged angle
     G A 213                  !!      0.000      None
     G A 222                  !!      0.000      None
     C A 228                  !!      0.000  epsilon-1
     G A 232                  !!      0.000      None
     A A 242                  !!      0.000     alpha
     U A 248                  !!      0.000      None
     U A 267                  !!      0.000      None
     C A 268                  !!      0.000      None
     G A 270                  !!      0.000     gamma
     G A 281                  !!      0.000      None
     U A 286                  !!      0.000     gamma
     U A 293                  !!      0.000     gamma
     A A 300                  !!      0.000  epsilon-1
     G A 309                  !!      0.000     gamma
     U A 311                  !!      0.000     delta
     G A 312                  !!      0.000   delta-1
     G A 314                  !!      0.000     gamma
     G A 333                  !!      0.000      None
  10 suites triaged and 0 incomplete leaving 125 suites
  18/135 suite outliers present
  Average suiteness: 0.749
