
Using nuclear cloud x-H distances and vdW radii

Using input model H/D atoms...

Bad Clashes >= 0.4 Angstrom:
 A 299    G  O2'  A 300    A  P   :0.743
 A 333    G  H8   A 333    G  OP2 :0.710
 A 212    C  O2'  A 213    G  N7  :0.699
 A 258    C  H6   A 258    C  O5' :0.682
 A 333    G  C8   A 333    G  OP2 :0.676
 A 241    C  O2'  A 242    A  N7  :0.664
 A 287    C  O2'  A 288    G  OP2 :0.660
 A 267    U  H3'  A 267    U  OP1 :0.659
 A 299    G  O2'  A 300    A  O5' :0.638
 A 227    U  O2'  A 228    C  OP1 :0.620
 A 299    G  C2'  A 300    A  OP2 :0.614
 A 299    G  O2'  A 300    A  OP2 :0.589
 A 287    C  O2'  A 288    G  P   :0.567
 A 247    U  H6   A 247    U  O5' :0.540
 A 270    G  H8   A 270    G  OP2 :0.528
 A 293    U  C6   A 293    U  OP2 :0.496
 A 258    C  C6   A 258    C  O5' :0.488
 A 313    C  C3'  A 314    G  C5' :0.458
 A 219    C  H2'  A 220    U  O4' :0.453
 A 332    A  C2'  A 333    G  H5' :0.437
 A 211    U  H2'  A 212    C  O4' :0.437
 A 241    C  O2'  A 242    A  C8  :0.434
 A 267    U  C3'  A 267    U  OP1 :0.418
 A 280    U  H2'  A 281    G  C8  :0.414
 A 285    U  O2   A 288    G  N1  :0.408
 A 220    U  O2   A 328    G  C2  :0.406
 A 257    G  H2'  A 258    C  C6  :0.400
clashscore = 6.25
