
Using nuclear cloud x-H distances and vdW radii

Using input model H/D atoms...

Bad Clashes >= 0.4 Angstrom:
 A 243    C  H6   A 243    C  P   :0.950
 A 268    C  C6   A 268    C  OP2 :0.885
 A 268    C  H6   A 268    C  OP2 :0.862
 A 243    C  C6   A 243    C  OP1 :0.853
 A 243    C  C6   A 243    C  P   :0.792
 A 299    G  O2'  A 300    A  P   :0.743
 A 333    G  H8   A 333    G  OP2 :0.709
 A 242    A  O2'  A 243    C  OP1 :0.703
 A 333    G  C8   A 333    G  OP2 :0.676
 A 299    G  O2'  A 300    A  O5' :0.639
 A 227    U  O2'  A 228    C  OP1 :0.621
 A 299    G  C2'  A 300    A  OP2 :0.615
 A 299    G  O2'  A 300    A  OP2 :0.589
 A 268    C  C5   A 268    C  OP2 :0.589
 A 267    U  O4   A 309    G  O2' :0.586
 A 250    G  H1'  A 251    U  OP2 :0.552
 A 250    G  H8   A 250    G  O5' :0.524
 A 313    C  C3'  A 314    G  C5' :0.506
 A 293    U  C6   A 293    U  OP2 :0.495
 A 250    G  C1'  A 251    U  OP2 :0.485
 A 251    U  O2   A 253    C  N4  :0.484
 A 250    G  C8   A 250    G  O5' :0.481
 A 280    U  H2'  A 281    G  C8  :0.469
 A 250    G  H4'  A 251    U  O5' :0.461
 A 243    C  C6   A 243    C  OP2 :0.457
 A 219    C  H2'  A 220    U  O4' :0.454
 A 243    C  H3'  A 243    C  OP1 :0.447
 A 332    A  C2'  A 333    G  H5' :0.438
 A 285    U  O2'  A 286    U  O5' :0.430
 A 288    G  H8   A 288    G  O5' :0.422
 A 269    G  N7   A 312    G  C6  :0.421
 A 313    C  H6   A 313    C  O5' :0.412
 A 237    A  N6   A 256    U  O4  :0.411
 A 216    U  H2'  A 217    C  C6  :0.409
 A 220    U  O2   A 328    G  C2  :0.404
 A 313    C  C3'  A 314    G H5'' :0.403
clashscore = 8.34
