
Using nuclear cloud x-H distances and vdW radii

Using input model H/D atoms...

Bad Clashes >= 0.4 Angstrom:
 A 311    U  O4'  A 311    U  OP2 :0.969
 A 270    G  H4'  A 270    G  OP2 :0.942
 A 311    U  C4'  A 311    U  OP2 :0.897
 A 213    G  O2'  A 214    U  OP2 :0.791
 A 311    U  O2'  A 313    C  N4  :0.777
 A 270    G  C4'  A 270    G  OP2 :0.767
 A 242    A  O2'  A 243    C  P   :0.764
 A 299    G  O2'  A 300    A  P   :0.744
 A 242    A  O2'  A 243    C  O5' :0.735
 A 333    G  H8   A 333    G  OP2 :0.709
 A 333    G  C8   A 333    G  OP2 :0.676
 A 287    C  O2'  A 288    G  O5' :0.666
 A 269    G  N3   A 270    G  O2' :0.649
 A 299    G  O2'  A 300    A  O5' :0.639
 A 227    U  O2'  A 228    C  OP1 :0.620
 A 299    G  C2'  A 300    A  OP2 :0.615
 A 299    G  O2'  A 300    A  OP2 :0.589
 A 258    C  H6   A 258    C  O5' :0.577
 A 311    U  H4'  A 311    U  OP2 :0.575
 A 242    A  O2'  A 243    C  OP2 :0.529
 A 242    A  H4'  A 243    C  O5' :0.524
 A 307    A  O2'  A 308    A  O4' :0.516
 A 213    G  H4'  A 214    U  OP2 :0.514
 A 231    G  N7   A 312    G  N1  :0.501
 A 293    U  C6   A 293    U  OP2 :0.496
 A 269    G  O2'  A 270    G  O3' :0.482
 A 265    A  C2'  A 266    U  OP2 :0.464
 A 219    C  H2'  A 220    U  O4' :0.454
 A 332    A  C2'  A 333    G  H5' :0.437
 A 285    U  H6   A 285    U  O5' :0.430
 A 280    U  H2'  A 281    G  C8  :0.430
 A 311    U  O4'  A 311    U  P   :0.429
 A 265    A  O2'  A 266    U  OP2 :0.427
 A 242    A  N6   A 250    G  OP2 :0.426
 A 269    G  C2   A 270    G  O2' :0.425
 A 264    A  C6   A 265    A  H1' :0.407
 A 220    U  O2   A 328    G  C2  :0.404
clashscore = 8.57
