
Using nuclear cloud x-H distances and vdW radii

Using input model H/D atoms...

Bad Clashes >= 0.4 Angstrom:
 A 312    G  C8   A 312    G  OP1 :0.851
 A 254    G  C2'  A 255    G  OP1 :0.823
 A 268    C  O4'  A 268    C  OP2 :0.769
 A 299    G  O2'  A 300    A  P   :0.745
 A 332    A  O2'  A 333    G  OP1 :0.739
 A 299    G  O2'  A 300    A  O5' :0.723
 A 280    U  O2'  A 281    G  OP2 :0.709
 A 280    U  H3'  A 280    U  OP1 :0.690
 A 332    A  O2'  A 333    G  P   :0.681
 A 312    G  H8   A 312    G  OP1 :0.667
 A 248    U  O2'  A 249    C  O5' :0.666
 A 254    G  H2'  A 255    G  OP1 :0.652
 A 307    A  H8   A 307    A  O5' :0.625
 A 311    U  O2'  A 312    G  O5' :0.625
 A 258    C  H6   A 258    C  O5' :0.572
 A 299    G  C2'  A 300    A  OP2 :0.567
 A 254    G  O2'  A 255    G  OP1 :0.567
 A 285    U  O2'  A 287    C  OP2 :0.544
 A 231    G  C2'  A 232    G  OP1 :0.511
 A 242    A  N6   A 254    G  O6  :0.488
 A 268    C  O4'  A 268    C  P   :0.488
 A 299    G  O2'  A 300    A  OP2 :0.473
 A 247    U  H6   A 247    U  O5' :0.457
 A 268    C  C6   A 268    C  OP1 :0.453
 A 228    C  H5'  A 300    A  OP2 :0.451
 A 290    G  H8   A 290    G  OP1 :0.447
 A 284    U  O2'  A 288    G  O6  :0.441
 A 247    U  H2'  A 248    U  O4' :0.435
 A 332    A  C2'  A 333    G  O5' :0.435
 A 280    U  H4'  A 281    G  OP2 :0.435
 A 280    U  O2'  A 281    G  P   :0.432
 A 269    G  H8   A 269    G  O5' :0.426
 A 309    G  H2'  A 310    G  O4' :0.423
 A 280    U  C3'  A 280    U  OP1 :0.416
 A 307    A  C8   A 307    A  O5' :0.415
 A 266    U  H6   A 266    U  O5' :0.414
 A 220    U  O2   A 328    G  C2  :0.408
 A 268    C  H6   A 268    C  P   :0.404
clashscore = 8.80
