
                    ----------Backbone bond lenths----------                   

  All bonds within 4.0 sigma of ideal values.

                    ----------Backbone bond angles----------                   

  residue               atom 1  atom 2  atom 3  sigmas
   A 213    G              O3'     P       OP1   18.88
   A 213    G              O3'     P       OP2  -11.50
   A 221    U              O3'     P       OP2   27.45
   A 269    G              O3'     P       OP1   18.85
   A 269    G              O3'     P       OP2  -11.49
   A 289    U              O3'     P       OP1    5.51
   A 313    C              O3'     P       OP1   -7.73
   A 313    C              O3'     P       OP2   10.48
   A 327    C              O3'     P       OP1   -4.70
   A 327    C              O3'     P       OP2    6.57
  10/2961 angle outliers present

                        ----------Sugar pucker----------                       

  residue                  delta   outlier   epsilon   outlier
   A 227    U               79.5        no      31.6       yes
   A 299    G               80.9        no     107.6       yes
  2/134 pucker outliers present

                  ----------Backbone torsion suites----------                  

  Suite ID                 suite  suiteness  triaged angle
     U A 214                  !!      0.000     gamma
     G A 222                  !!      0.000      None
     C A 228                  !!      0.000  epsilon-1
     G A 232                  !!      0.000     alpha
     A A 238                  !!      0.000     gamma
     U A 239                  !!      0.000      None
     A A 242                  !!      0.000     gamma
     C A 243                  !!      0.000     gamma
     U A 247                  !!      0.000     gamma
     C A 252                  !!      0.000      None
     U A 267                  !!      0.000     alpha
     C A 268                  !!      0.000     gamma
     G A 269                  !!      0.000     alpha
     G A 270                  !!      0.000    zeta-1
     U A 285                  !!      0.000     gamma
     C A 287                  !!      0.000      None
     U A 293                  !!      0.000     gamma
     A A 300                  !!      0.000  epsilon-1
     A A 307                  !!      0.000     gamma
     A A 308                  !!      0.000      None
     G A 310                  !!      0.000     gamma
     U A 311                  !!      0.000      None
     G A 312                  !!      0.000      None
     C A 313                  !!      0.000      None
     G A 314                  !!      0.000      None
     G A 333                  !!      0.000      None
  16 suites triaged and 0 incomplete leaving 119 suites
  26/135 suite outliers present
  Average suiteness: 0.774
