
Using nuclear cloud x-H distances and vdW radii

Using input model H/D atoms...

Bad Clashes >= 0.4 Angstrom:
 A 258    C  O2'  A 259    G  OP1 :0.829
 A 231    G  H8   A 231    G  OP2 :0.808
 A 299    G  O2'  A 300    A  P   :0.744
 A 333    G  H8   A 333    G  OP2 :0.709
 A 333    G  C8   A 333    G  OP2 :0.676
 A 231    G  C8   A 231    G  OP2 :0.673
 A 299    G  O2'  A 300    A  O5' :0.640
 A 241    C  O3'  A 242    A  O4' :0.632
 A 227    U  O2'  A 228    C  OP1 :0.621
 A 299    G  C2'  A 300    A  OP2 :0.615
 A 299    G  O2'  A 300    A  OP2 :0.590
 A 258    C  O2'  A 259    G  P   :0.557
 A 293    U  C6   A 293    U  OP2 :0.495
 A 284    U  N3   A 289    U  O4  :0.494
 A 285    U  H6   A 285    U  OP2 :0.477
 A 285    U  C6   A 285    U  OP2 :0.476
 A 287    C  H6   A 287    C  O5' :0.466
 A 241    C  O3'  A 242    A  C4' :0.456
 A 219    C  H2'  A 220    U  O4' :0.454
 A 280    U  H2'  A 281    G  C8  :0.451
 A 242    A  O4'  A 242    A  P   :0.448
 A 269    G  OP1  A 311    U  N3  :0.446
 A 332    A  C2'  A 333    G  H5' :0.439
 A 313    C  C3'  A 314    G  C5' :0.433
 A 269    G  H8   A 269    G  O5' :0.430
 A 258    C  C4   A 259    G  N7  :0.429
 A 216    U  H2'  A 217    C  C6  :0.418
 A 306    C  H2'  A 307    A  O4' :0.417
 A 236    C  H2'  A 237    A  O4' :0.416
 A 211    U  O2'  A 212    C  C5  :0.416
 A 267    U  H3'  A 268    C  H5' :0.409
 A 313    C  H3'  A 314    G  C5' :0.406
 A 220    U  O2   A 328    G  C2  :0.403
 A 258    C  H6   A 258    C  O5' :0.402
clashscore = 7.87
