
Using nuclear cloud x-H distances and vdW radii

Using input model H/D atoms...

Bad Clashes >= 0.4 Angstrom:
 A 248    U  C6   A 248    U  OP1 :1.129
 A 299    G  O2'  A 300    A  P   :0.743
 A 270    G  O4'  A 270    G  OP2 :0.731
 A 333    G  H8   A 333    G  OP2 :0.710
 A 333    G  C8   A 333    G  OP2 :0.676
 A 268    C  O4'  A 268    C  OP2 :0.674
 A 309    G  C8   A 309    G  OP2 :0.672
 A 270    G  O4'  A 270    G  P   :0.640
 A 299    G  O2'  A 300    A  O5' :0.639
 A 242    A  H2'  A 242    A  N3  :0.634
 A 248    U  H6   A 248    U  OP1 :0.627
 A 227    U  O2'  A 228    C  OP1 :0.619
 A 309    G  H8   A 309    G  OP2 :0.619
 A 299    G  C2'  A 300    A  OP2 :0.614
 A 310    G  O2'  A 312    G  OP1 :0.591
 A 299    G  O2'  A 300    A  OP2 :0.589
 A 307    A  O2'  A 308    A  O4' :0.574
 A 248    U  C6   A 248    U  P   :0.543
 A 248    U  H6   A 248    U  P   :0.530
 A 241    C  O2'  A 242    A  N7  :0.497
 A 293    U  C6   A 293    U  OP2 :0.496
 A 310    G  C2'  A 311    U  OP2 :0.477
 A 241    C  O2'  A 242    A  C8  :0.459
 A 267    U  C5'  A 268    C  H4' :0.454
 A 219    C  H2'  A 220    U  O4' :0.454
 A 258    C  H6   A 258    C  O5' :0.450
 A 280    U  H2'  A 281    G  C8  :0.440
 A 332    A  C2'  A 333    G  H5' :0.439
 A 216    U  H2'  A 217    C  C6  :0.429
 A 312    G  OP1  A 313    C  N4  :0.423
 A 310    G  O2'  A 311    U  OP2 :0.421
 A 212    C  H2'  A 214    U  C5  :0.418
 A 306    C  H2'  A 307    A  O4' :0.417
 A 279    A  C2   A 280    U  C2  :0.415
 A 264    A  O2'  A 265    A  C8  :0.409
 A 220    U  O2   A 328    G  C2  :0.405
clashscore = 8.34
