
                    ----------Backbone bond lenths----------                   

  All bonds within 4.0 sigma of ideal values.

                    ----------Backbone bond angles----------                   

  residue               atom 1  atom 2  atom 3  sigmas
   A 221    U              O3'     P       OP2   27.45
   A 327    C              O3'     P       OP1   -4.70
   A 327    C              O3'     P       OP2    6.57
  3/2961 angle outliers present

                        ----------Sugar pucker----------                       

  residue                  delta   outlier   epsilon   outlier
   A 227    U               79.6        no      31.6       yes
   A 267    U               81.7       yes      26.4       yes
   A 299    G               80.9        no     107.6       yes
   A 309    G               83.5        no      23.6       yes
  4/134 pucker outliers present

                  ----------Backbone torsion suites----------                  

  Suite ID                 suite  suiteness  triaged angle
     C A 217                  !!      0.000      None
     G A 222                  !!      0.000      None
     C A 228                  !!      0.000  epsilon-1
     A A 238                  !!      0.000     gamma
     C A 243                  !!      0.000      None
     U A 266                  !!      0.000     gamma
     U A 267                  !!      0.000      None
     C A 268                  !!      0.000  epsilon-1
     G A 270                  !!      0.000      None
     U A 285                  !!      0.000      None
     U A 286                  !!      0.000    zeta-1
     C A 287                  !!      0.000      None
     U A 293                  !!      0.000     gamma
     A A 300                  !!      0.000  epsilon-1
     G A 310                  !!      0.000  epsilon-1
     U A 311                  !!      0.000     alpha
     G A 314                  !!      0.000      None
     G A 333                  !!      0.000      None
  9 suites triaged and 0 incomplete leaving 126 suites
  18/135 suite outliers present
  Average suiteness: 0.740
