
                    ----------Backbone bond lenths----------                   

  All bonds within 4.0 sigma of ideal values.

                    ----------Backbone bond angles----------                   

  All angles within 4.0 sigma of ideal values.

                        ----------Sugar pucker----------                       

  residue                  delta   outlier   epsilon   outlier
   A 252    G               76.0        no     118.1       yes
  1/144 pucker outliers present

                  ----------Backbone torsion suites----------                  

  Suite ID                 suite  suiteness  triaged angle
     C A 162                  !!      0.000      None
     C A 183                  !!      0.000      None
     U A 194                  !!      0.000      None
     U A 205                  !!      0.000      None
     U A 212                  !!      0.000      None
     G A 213                  !!      0.000      None
     U A 221                  !!      0.000      None
     A A 253                  !!      0.000  epsilon-1
     U A 286                  !!      0.000      None
     U A 287                  !!      0.000      None
  1 suites triaged and 0 incomplete leaving 144 suites
  10/145 suite outliers present
  Average suiteness: 0.804
