
                    ----------Backbone bond lenths----------                   

  All bonds within 4.0 sigma of ideal values.

                    ----------Backbone bond angles----------                   

  All angles within 4.0 sigma of ideal values.

                        ----------Sugar pucker----------                       

  All puckers have reasonable geometry.

                  ----------Backbone torsion suites----------                  

  Suite ID                 suite  suiteness  triaged angle
     G A 174                  !!      0.000      None
     C A 183                  !!      0.000      None
     U A 194                  !!      0.000      None
     U A 195                  !!      0.000     gamma
     U A 201                  !!      0.000      None
     U A 211                  !!      0.000      None
     A A 223                  !!      0.000      None
     C A 241                  !!      0.000      None
     A A 253                  !!      0.000      None
     U A 286                  !!      0.000      None
     U A 288                  !!      0.000      None
  1 suites triaged and 0 incomplete leaving 144 suites
  11/145 suite outliers present
  Average suiteness: 0.802
