
                    ----------Backbone bond lenths----------                   

  All bonds within 4.0 sigma of ideal values.

                    ----------Backbone bond angles----------                   

  All angles within 4.0 sigma of ideal values.

                        ----------Sugar pucker----------                       

  residue                  delta   outlier   epsilon   outlier
   A 252    G               76.9        no     108.5       yes
  1/144 pucker outliers present

                  ----------Backbone torsion suites----------                  

  Suite ID                 suite  suiteness  triaged angle
     G A 174                  !!      0.000      None
     C A 183                  !!      0.000      None
     C A 203                  !!      0.000      None
     U A 211                  !!      0.000      None
     U A 221                  !!      0.000      None
     C A 222                  !!      0.000      None
     G A 236                  !!      0.000      None
     A A 253                  !!      0.000  epsilon-1
     U A 286                  !!      0.000      None
     U A 287                  !!      0.000      None
     U A 288                  !!      0.000      None
  1 suites triaged and 0 incomplete leaving 144 suites
  11/145 suite outliers present
  Average suiteness: 0.779
