
                    ----------Backbone bond lenths----------                   

  All bonds within 4.0 sigma of ideal values.

                    ----------Backbone bond angles----------                   

  All angles within 4.0 sigma of ideal values.

                        ----------Sugar pucker----------                       

  residue                  delta   outlier   epsilon   outlier
   A 252    G               77.8        no     117.2       yes
  1/144 pucker outliers present

                  ----------Backbone torsion suites----------                  

  Suite ID                 suite  suiteness  triaged angle
     A A 170                  !!      0.000      None
     G A 174                  !!      0.000      None
     C A 183                  !!      0.000      None
     U A 200                  !!      0.000      None
     U A 212                  !!      0.000      None
     A A 220                  !!      0.000      None
     C A 222                  !!      0.000      None
     A A 253                  !!      0.000  epsilon-1
     A A 258                  !!      0.000      None
  1 suites triaged and 0 incomplete leaving 144 suites
  9/145 suite outliers present
  Average suiteness: 0.812
