
                    ----------Backbone bond lenths----------                   

  All bonds within 4.0 sigma of ideal values.

                    ----------Backbone bond angles----------                   

  All angles within 4.0 sigma of ideal values.

                        ----------Sugar pucker----------                       

  All puckers have reasonable geometry.

                  ----------Backbone torsion suites----------                  

  Suite ID                 suite  suiteness  triaged angle
     G A 204                  !!      0.000      None
     U A 205                  !!      0.000      None
     C A 210                  !!      0.000      None
     G A 214                  !!      0.000      None
     U A 228                  !!      0.000      None
     C A 250                  !!      0.000      None
     G A 282                  !!      0.000      None
     A A 290                  !!      0.000      None
     G A 294                  !!      0.000     gamma
     C A 295                  !!      0.000      None
     G A 296                  !!      0.000      None
  1 suites triaged and 0 incomplete leaving 134 suites
  11/135 suite outliers present
  Average suiteness: 0.803
