
                    ----------Backbone bond lenths----------                   

  All bonds within 4.0 sigma of ideal values.

                    ----------Backbone bond angles----------                   

  All angles within 4.0 sigma of ideal values.

                        ----------Sugar pucker----------                       

  residue                  delta   outlier   epsilon   outlier
   A 281    G               77.8        no     133.6       yes
  1/134 pucker outliers present

                  ----------Backbone torsion suites----------                  

  Suite ID                 suite  suiteness  triaged angle
     C A 210                  !!      0.000      None
     A A 220                  !!      0.000      None
     U A 228                  !!      0.000      None
     C A 250                  !!      0.000      None
     G A 282                  !!      0.000  epsilon-1
     G A 292                  !!      0.000      None
     G A 294                  !!      0.000      None
     G A 315                  !!      0.000      None
  1 suites triaged and 0 incomplete leaving 134 suites
  8/135 suite outliers present
  Average suiteness: 0.814
