
                    ----------Backbone bond lenths----------                   

  All bonds within 4.0 sigma of ideal values.

                    ----------Backbone bond angles----------                   

  All angles within 4.0 sigma of ideal values.

                        ----------Sugar pucker----------                       

  All puckers have reasonable geometry.

                  ----------Backbone torsion suites----------                  

  Suite ID                 suite  suiteness  triaged angle
     U A 198                  !!      0.000      None
     G A 204                  !!      0.000      None
     C A 210                  !!      0.000      None
     U A 221                  !!      0.000      None
     C A 234                  !!      0.000      None
     C A 250                  !!      0.000      None
     G A 252                  !!      0.000      None
     U A 253                  !!      0.000      None
     U A 266                  !!      0.000      None
     G A 272                  !!      0.000      None
     G A 282                  !!      0.000      None
     G A 292                  !!      0.000      None
     C A 295                  !!      0.000     gamma
  1 suites triaged and 0 incomplete leaving 134 suites
  13/135 suite outliers present
  Average suiteness: 0.748
