
                    ----------Backbone bond lenths----------                   

  All bonds within 4.0 sigma of ideal values.

                    ----------Backbone bond angles----------                   

  All angles within 4.0 sigma of ideal values.

                        ----------Sugar pucker----------                       

  All puckers have reasonable geometry.

                  ----------Backbone torsion suites----------                  

  Suite ID                 suite  suiteness  triaged angle
     C A 199                  !!      0.000     alpha
     C A 210                  !!      0.000      None
     A A 220                  !!      0.000      None
     U A 221                  !!      0.000      None
     U A 229                  !!      0.000      None
     A A 247                  !!      0.000      None
     C A 250                  !!      0.000      None
     U A 253                  !!      0.000      None
     U A 267                  !!      0.000      None
     G A 282                  !!      0.000      None
     G A 291                  !!      0.000      None
     G A 296                  !!      0.000      None
     A A 309                  !!      0.000      None
  1 suites triaged and 0 incomplete leaving 134 suites
  13/135 suite outliers present
  Average suiteness: 0.746
