
                    ----------Backbone bond lenths----------                   

  All bonds within 4.0 sigma of ideal values.

                    ----------Backbone bond angles----------                   

  All angles within 4.0 sigma of ideal values.

                        ----------Sugar pucker----------                       

  residue                  delta   outlier   epsilon   outlier
   A 251    G               80.8        no     109.4       yes
  1/142 pucker outliers present

                  ----------Backbone torsion suites----------                  

  Suite ID                 suite  suiteness  triaged angle
     A A 160                  !!      0.000     gamma
     A A 161                  !!      0.000      None
     U A 167                  !!      0.000     alpha
     A A 168                  !!      0.000     gamma
     C A 182                  !!      0.000     gamma
     A A 186                  !!      0.000    zeta-1
     U A 193                  !!      0.000     gamma
     U A 201                  !!      0.000      None
     U A 210                  !!      0.000     gamma
     G A 218                  !!      0.000      None
     A A 234                  !!      0.000     gamma
     G A 235                  !!      0.000      None
     G A 241                  !!      0.000     gamma
     A A 252                  !!      0.000  epsilon-1
     A A 262                  !!      0.000     gamma
     G A 284                  !!      0.000      None
     U A 285                  !!      0.000      None
     G A 286                  !!      0.000     gamma
  12 suites triaged and 0 incomplete leaving 131 suites
  18/143 suite outliers present
  Average suiteness: 0.768
