
                    ----------Backbone bond lenths----------                   

  All bonds within 4.0 sigma of ideal values.

                    ----------Backbone bond angles----------                   

  residue               atom 1  atom 2  atom 3  sigmas
   A 239    U              C4'     C3'     C2'    4.35
  1/3137 angle outliers present

                        ----------Sugar pucker----------                       

  residue                  delta   outlier   epsilon   outlier
   A 217    C               81.4        no      20.7       yes
   A 251    G               80.8        no     109.3       yes
   A 283    G               76.7        no     113.9       yes
  3/142 pucker outliers present

                  ----------Backbone torsion suites----------                  

  Suite ID                 suite  suiteness  triaged angle
     A A 160                  !!      0.000      None
     A A 161                  !!      0.000      None
     C A 182                  !!      0.000     gamma
     A A 186                  !!      0.000     gamma
     U A 193                  !!      0.000     gamma
     C A 202                  !!      0.000      None
     U A 210                  !!      0.000      None
     U A 211                  !!      0.000      None
     G A 218                  !!      0.000  epsilon-1
     A A 222                  !!      0.000      beta
     A A 252                  !!      0.000  epsilon-1
     A A 257                  !!      0.000      None
     A A 262                  !!      0.000     gamma
     G A 284                  !!      0.000  epsilon-1
     U A 285                  !!      0.000      None
     G A 286                  !!      0.000      None
  8 suites triaged and 0 incomplete leaving 135 suites
  16/143 suite outliers present
  Average suiteness: 0.747
