
                    ----------Backbone bond lenths----------                   

  All bonds within 4.0 sigma of ideal values.

                    ----------Backbone bond angles----------                   

  All angles within 4.0 sigma of ideal values.

                        ----------Sugar pucker----------                       

  residue                  delta   outlier   epsilon   outlier
   A 251    G               80.8        no     109.3       yes
   A 256    A               80.8        no      80.3       yes
   A 284    G               78.4        no     331.7       yes
  3/142 pucker outliers present

                  ----------Backbone torsion suites----------                  

  Suite ID                 suite  suiteness  triaged angle
     A A 160                  !!      0.000      None
     A A 161                  !!      0.000      None
     C A 182                  !!      0.000     gamma
     A A 186                  !!      0.000     gamma
     G A 187                  !!      0.000     gamma
     U A 193                  !!      0.000     gamma
     U A 201                  !!      0.000     gamma
     U A 210                  !!      0.000      None
     A A 222                  !!      0.000      None
     A A 234                  !!      0.000      None
     G A 235                  !!      0.000      None
     A A 252                  !!      0.000  epsilon-1
     A A 256                  !!      0.000     gamma
     A A 257                  !!      0.000  epsilon-1
     A A 262                  !!      0.000     gamma
     G A 267                  !!      0.000      None
     G A 284                  !!      0.000     gamma
     U A 285                  !!      0.000  epsilon-1
     G A 286                  !!      0.000      None
  11 suites triaged and 0 incomplete leaving 132 suites
  19/143 suite outliers present
  Average suiteness: 0.760
