
Using nuclear cloud x-H distances and vdW radii

Using input model H/D atoms...

Bad Clashes >= 0.4 Angstrom:
 A 234    A  C8   A 234    A  OP2 :0.835
 A 160    A  C8   A 160    A  OP1 :0.820
 A 251    G  O2'  A 252    A  O5' :0.818
 A 251    G  O2'  A 252    A  P   :0.745
 A 217    C  O2'  A 222    A  N1  :0.632
 A 186    A  O2'  A 187    G  N7  :0.594
 A 218    G  N7   A 222    A  N6  :0.527
 A 251    G  C2'  A 252    A  OP2 :0.511
 A 233    U  O3'  A 234    A  O4' :0.508
 A 258    A  H8   A 258    A  O5' :0.483
 A 283    G  H8   A 283    G  O5' :0.472
 A 234    A  H8   A 234    A  OP2 :0.471
 A 283    G  OP1  A 285    U  N3  :0.458
 A 234    A  C8   A 234    A  P   :0.452
 A 187    G  H8   A 187    G  P   :0.450
 A 177    C  H2'  A 178    U  C6  :0.427
 A 284    G  O4'  A 284    G  OP2 :0.424
 A 266    U  H2'  A 267    G  C8  :0.421
 A 242    U  H2'  A 243    C  O4' :0.417
 A 160    A  H3'  A 160    A  OP1 :0.404
clashscore = 4.38
