
Using nuclear cloud x-H distances and vdW radii

Using input model H/D atoms...

Bad Clashes >= 0.4 Angstrom:
 A 251    G  O2'  A 252    A  O5' :0.817
 A 220    U  O2'  A 221    C  OP2 :0.807
 A 159    G  O2'  A 160    A  P   :0.766
 A 159    G  O2'  A 160    A  O5' :0.745
 A 251    G  O2'  A 252    A  P   :0.744
 A 185    C  H4'  A 185    C  OP2 :0.737
 A 283    G  O2'  A 287    U  O4  :0.663
 A 168    A  H4'  A 168    A  OP1 :0.621
 A 234    A  N7   A 245    G  N2  :0.618
 A 159    G  C2'  A 160    A  OP2 :0.618
 A 219    A  H8   A 219    A  OP1 :0.614
 A 233    U  O2'  A 234    A  O5' :0.594
 A 219    A  O2'  A 251    G  OP1 :0.584
 A 159    G  O2'  A 160    A  OP2 :0.580
 A 220    U  H4'  A 221    C  OP2 :0.560
 A 187    G  N2   A 223    U  O4  :0.555
 A 160    A  N6   A 281    U  O2  :0.547
 A 155    A  N7   A 283    G  N2  :0.518
 A 251    G  C2'  A 252    A  OP2 :0.513
 A 186    A  N7   A 218    G  N2  :0.507
 A 240    C  H6   A 240    C  O5' :0.480
 A 258    A  H8   A 258    A  O5' :0.479
 A 217    C  O2   A 222    A  N6  :0.476
 A 168    A  C4'  A 168    A  OP1 :0.474
 A 200    U  N3   A 203    G  O6  :0.449
 A 154    G  N7   A 283    G  N2  :0.434
 A 219    A  C8   A 219    A  OP1 :0.434
 A 257    A  H8   A 257    A  O5' :0.426
 A 169    A  C5   A 170    C  C5  :0.425
 A 266    U  H2'  A 267    G  C8  :0.421
 A 219    A  H4'  A 251    G  OP2 :0.420
 A 254    C  N4   A 255    G  C6  :0.405
 A 186    A  H2'  A 187    G  O4' :0.401
clashscore = 7.23
