
                    ----------Backbone bond lenths----------                   

  All bonds within 4.0 sigma of ideal values.

                    ----------Backbone bond angles----------                   

  residue               atom 1  atom 2  atom 3  sigmas
   A 284    G              O3'     C3'     C2'    4.59
  1/3137 angle outliers present

                        ----------Sugar pucker----------                       

  residue                  delta   outlier   epsilon   outlier
   A 251    G               80.8        no     109.3       yes
   A 283    G               89.0       yes      37.8       yes
  2/142 pucker outliers present

                  ----------Backbone torsion suites----------                  

  Suite ID                 suite  suiteness  triaged angle
     A A 160                  !!      0.000      None
     A A 161                  !!      0.000     gamma
     A A 168                  !!      0.000      None
     A A 169                  !!      0.000      None
     C A 182                  !!      0.000     gamma
     C A 185                  !!      0.000      None
     U A 193                  !!      0.000     gamma
     U A 201                  !!      0.000    zeta-1
     U A 210                  !!      0.000      None
     U A 220                  !!      0.000      None
     A A 252                  !!      0.000  epsilon-1
     A A 257                  !!      0.000     gamma
     A A 262                  !!      0.000     gamma
     U A 266                  !!      0.000     gamma
     G A 267                  !!      0.000      None
     G A 283                  !!      0.000      beta
     G A 284                  !!      0.000  epsilon-1
     U A 285                  !!      0.000     gamma
     G A 286                  !!      0.000    zeta-1
  12 suites triaged and 0 incomplete leaving 131 suites
  19/143 suite outliers present
  Average suiteness: 0.776
