
Using nuclear cloud x-H distances and vdW radii

Using input model H/D atoms...

Bad Clashes >= 0.4 Angstrom:
 A 169    A  C8   A 169    A  OP1 :1.193
 A 169    A  H3'  A 169    A  OP1 :0.884
 A 251    G  O2'  A 252    A  O5' :0.818
 A 283    G  O4'  A 283    G  OP2 :0.816
 A 251    G  O2'  A 252    A  P   :0.744
 A 283    G  O2'  A 284    G  O5' :0.675
 A 169    A  C3'  A 169    A  OP1 :0.664
 A 169    A  N9   A 169    A  OP1 :0.662
 A 169    A  C8   A 169    A  P   :0.636
 A 282    U  O3'  A 284    G  O2' :0.627
 A 257    A  H8   A 257    A  OP2 :0.594
 A 257    A  C8   A 257    A  OP2 :0.581
 A 169    A  H3'  A 169    A  P   :0.531
 A 169    A  N6   A 273    C  O2  :0.515
 A 251    G  C2'  A 252    A  OP2 :0.513
 A 240    C  H6   A 240    C  O5' :0.506
 A 201    U  H6   A 201    U  OP1 :0.489
 A 169    A  H8   A 169    A  P   :0.478
 A 284    G  H2'  A 284    G  OP1 :0.451
 A 201    U  C6   A 201    U  OP1 :0.440
 A 241    G  H2'  A 242    U  O4' :0.406
 A 160    A  O2'  A 161    A  C8  :0.405
clashscore = 4.82
