
Using nuclear cloud x-H distances and vdW radii

Using input model H/D atoms...

Bad Clashes >= 0.4 Angstrom:
 A 234    A  C8   A 234    A  OP2 :1.066
 A 251    G  O2'  A 252    A  O5' :0.818
 A 283    G  O2'  A 287    U  O4  :0.763
 A 168    A H5''  A 169    A  OP1 :0.759
 A 251    G  O2'  A 252    A  P   :0.745
 A 285    U  H3'  A 285    U  OP2 :0.677
 A 239    U  O2'  A 240    C  O5' :0.674
 A 169    A  N6   A 273    C  O2  :0.602
 A 187    G  N2   A 222    A  N1  :0.573
 A 159    G  O2'  A 161    A  OP1 :0.573
 A 203    G  H8   A 203    G  OP2 :0.556
 A 201    U  O2'  A 202    C  P   :0.553
 A 155    A  N7   A 283    G  N2  :0.533
 A 251    G  C2'  A 252    A  OP2 :0.513
 A 188    A  N3   A 218    G  N2  :0.472
 A 258    A  H8   A 258    A  O5' :0.461
 A 186    A  N1   A 223    U  N3  :0.455
 A 201    U  O2'  A 202    C  O5' :0.453
 A 203    G  C8   A 203    G  OP2 :0.446
 A 168    A  C5'  A 169    A  OP1 :0.445
 A 189    C  O4'  A 218    G  N2  :0.442
 A 217    C  H4'  A 218    G  O5' :0.432
 A 257    A  H8   A 257    A  O5' :0.428
 A 285    U  H3'  A 286    G  C5' :0.428
 A 217    C H5''  A 218    G  OP1 :0.427
 A 234    A  C2   A 235    G  O6  :0.418
 A 241    G  H2'  A 242    U  O4' :0.416
 A 177    C  H2'  A 178    U  C6  :0.410
 A 255    G  N2   A 258    A  N7  :0.405
 A 217    C  O2'  A 218    G  O5' :0.402
 A 266    U  H2'  A 267    G  C8  :0.402
 A 242    U  H2'  A 243    C  O4' :0.401
clashscore = 7.01
