
                    ----------Backbone bond lenths----------                   

  All bonds within 4.0 sigma of ideal values.

                    ----------Backbone bond angles----------                   

  All angles within 4.0 sigma of ideal values.

                        ----------Sugar pucker----------                       

  residue                  delta   outlier   epsilon   outlier
   A 252    G               77.8        no      31.8       yes
  1/144 pucker outliers present

                  ----------Backbone torsion suites----------                  

  Suite ID                 suite  suiteness  triaged angle
     C A 164                  !!      0.000      None
     U A 168                  !!      0.000      None
     A A 169                  !!      0.000      None
     A A 170                  !!      0.000      None
     C A 171                  !!      0.000      None
     C A 183                  !!      0.000      None
     C A 203                  !!      0.000      None
     C A 222                  !!      0.000      None
     A A 223                  !!      0.000      None
     U A 238                  !!      0.000      None
     A A 253                  !!      0.000  epsilon-1
     C A 275                  !!      0.000      None
     U A 286                  !!      0.000      None
     U A 288                  !!      0.000      None
  1 suites triaged and 0 incomplete leaving 144 suites
  14/145 suite outliers present
  Average suiteness: 0.773
