
                    ----------Backbone bond lenths----------                   

  All bonds within 4.0 sigma of ideal values.

                    ----------Backbone bond angles----------                   

  All angles within 4.0 sigma of ideal values.

                        ----------Sugar pucker----------                       

  residue                  delta   outlier   epsilon   outlier
   A 252    G               78.9        no      29.3       yes
  1/144 pucker outliers present

                  ----------Backbone torsion suites----------                  

  Suite ID                 suite  suiteness  triaged angle
     C A 164                  !!      0.000      None
     U A 168                  !!      0.000      None
     C A 171                  !!      0.000      None
     C A 183                  !!      0.000      None
     G A 188                  !!      0.000      None
     U A 201                  !!      0.000      None
     C A 206                  !!      0.000      None
     A A 220                  !!      0.000      None
     A A 223                  !!      0.000      None
     A A 253                  !!      0.000  epsilon-1
     C A 274                  !!      0.000      None
     U A 287                  !!      0.000      None
     U A 288                  !!      0.000      None
  1 suites triaged and 0 incomplete leaving 144 suites
  13/145 suite outliers present
  Average suiteness: 0.788
