
                    ----------Backbone bond lenths----------                   

  All bonds within 4.0 sigma of ideal values.

                    ----------Backbone bond angles----------                   

  All angles within 4.0 sigma of ideal values.

                        ----------Sugar pucker----------                       

  residue                  delta   outlier   epsilon   outlier
   A 252    G               78.8        no      31.6       yes
  1/144 pucker outliers present

                  ----------Backbone torsion suites----------                  

  Suite ID                 suite  suiteness  triaged angle
     C A 164                  !!      0.000      None
     U A 202                  !!      0.000      None
     C A 206                  !!      0.000      None
     U A 221                  !!      0.000      None
     U A 240                  !!      0.000      None
     C A 241                  !!      0.000      None
     G A 242                  !!      0.000     alpha
     A A 253                  !!      0.000  epsilon-1
     C A 274                  !!      0.000      None
     C A 275                  !!      0.000      None
  2 suites triaged and 0 incomplete leaving 143 suites
  10/145 suite outliers present
  Average suiteness: 0.796
