
                    ----------Backbone bond lenths----------                   

  All bonds within 4.0 sigma of ideal values.

                    ----------Backbone bond angles----------                   

  All angles within 4.0 sigma of ideal values.

                        ----------Sugar pucker----------                       

  residue                  delta   outlier   epsilon   outlier
   A 252    G               79.5        no      30.3       yes
  1/144 pucker outliers present

                  ----------Backbone torsion suites----------                  

  Suite ID                 suite  suiteness  triaged angle
     C A 164                  !!      0.000      None
     C A 183                  !!      0.000      None
     G A 204                  !!      0.000      None
     U A 205                  !!      0.000      None
     G A 242                  !!      0.000      None
     A A 253                  !!      0.000  epsilon-1
     C A 274                  !!      0.000      None
     G A 285                  !!      0.000      None
     U A 286                  !!      0.000    zeta-1
  2 suites triaged and 0 incomplete leaving 143 suites
  9/145 suite outliers present
  Average suiteness: 0.805
