
                    ----------Backbone bond lenths----------                   

  All bonds within 4.0 sigma of ideal values.

                    ----------Backbone bond angles----------                   

  All angles within 4.0 sigma of ideal values.

                        ----------Sugar pucker----------                       

  residue                  delta   outlier   epsilon   outlier
   A 252    G               78.5        no      30.9       yes
  1/144 pucker outliers present

                  ----------Backbone torsion suites----------                  

  Suite ID                 suite  suiteness  triaged angle
     A A 163                  !!      0.000      None
     G A 165                  !!      0.000      None
     C A 183                  !!      0.000      None
     U A 201                  !!      0.000      None
     C A 203                  !!      0.000      None
     A A 220                  !!      0.000      None
     A A 253                  !!      0.000  epsilon-1
     G A 285                  !!      0.000      None
     U A 286                  !!      0.000      None
  1 suites triaged and 0 incomplete leaving 144 suites
  9/145 suite outliers present
  Average suiteness: 0.782
