
                    ----------Backbone bond lenths----------                   

  residue               atom 1  atom 2  sigmas
   A 271    U              C4'     O4'   -9.69
  1/1885 bond outliers present

                    ----------Backbone bond angles----------                   

  residue               atom 1  atom 2  atom 3  sigmas
   A 203    A              O3'     P       OP1   18.85
   A 203    A              O3'     P       OP2  -11.55
   A 213    G              O3'     P       OP1    4.20
   A 220    A              O3'     P       O5'   -4.26
   A 220    A              O3'     P       OP1   -5.19
   A 220    A              O3'     P       OP2    7.66
   A 233    U              O3'     P       OP2    4.62
   A 249    U              O3'     P       OP2    4.66
   A 262    U              O3'     P       OP1    4.20
   A 271    U              C5'     C4'     O4'   13.12
   A 271    U              C4'     O4'     C1'    8.43
   A 271    U              O3'     P       OP2   28.66
   A 295    C              O3'     P       OP1   18.84
   A 295    C              O3'     P       OP2  -11.51
   A 309    A              O3'     P       OP1   32.44
  15/2961 angle outliers present

                        ----------Sugar pucker----------                       

  residue                  delta   outlier   epsilon   outlier
   A 220    A              151.6        no     357.6       yes
   A 271    U              165.5       yes     268.4        no
   A 281    G               80.9        no     114.4       yes
  3/134 pucker outliers present

                  ----------Backbone torsion suites----------                  

  Suite ID                 suite  suiteness  triaged angle
     U A 196                  !!      0.000      None
     C A 199                  !!      0.000     gamma
     C A 210                  !!      0.000      None
     G A 213                  !!      0.000     alpha
     G A 214                  !!      0.000      None
     A A 220                  !!      0.000     gamma
     U A 221                  !!      0.000  epsilon-1
     C A 225                  !!      0.000      None
     U A 230                  !!      0.000     gamma
     C A 231                  !!      0.000      None
     U A 233                  !!      0.000      None
     U A 249                  !!      0.000     gamma
     C A 250                  !!      0.000      None
     G A 252                  !!      0.000      None
     U A 262                  !!      0.000      None
     G A 263                  !!      0.000      None
     U A 268                  !!      0.000      None
     U A 271                  !!      0.000     delta
     G A 272                  !!      0.000   delta-1
     G A 282                  !!      0.000  epsilon-1
     C A 295                  !!      0.000      None
     G A 296                  !!      0.000      None
     G A 310                  !!      0.000     gamma
  10 suites triaged and 0 incomplete leaving 125 suites
  23/135 suite outliers present
  Average suiteness: 0.742
