
                    ----------Backbone bond lenths----------                   

  All bonds within 4.0 sigma of ideal values.

                    ----------Backbone bond angles----------                   

  residue               atom 1  atom 2  atom 3  sigmas
   A 309    A              C4'     C3'     C2'    4.00
  1/2961 angle outliers present

                        ----------Sugar pucker----------                       

  residue                  delta   outlier   epsilon   outlier
   A 223    U               80.2        no     115.4       yes
   A 251    G               85.8        no     148.8       yes
   A 281    G               80.8        no     115.6       yes
  3/134 pucker outliers present

                  ----------Backbone torsion suites----------                  

  Suite ID                 suite  suiteness  triaged angle
     A A 192                  !!      0.000      None
     U A 193                  !!      0.000     gamma
     C A 210                  !!      0.000      None
     G A 214                  !!      0.000      None
     A A 219                  !!      0.000     gamma
     A A 220                  !!      0.000      None
     A A 224                  !!      0.000  epsilon-1
     C A 225                  !!      0.000      None
     U A 230                  !!      0.000      None
     C A 250                  !!      0.000      None
     G A 251                  !!      0.000     gamma
     G A 252                  !!      0.000  epsilon-1
     U A 267                  !!      0.000    zeta-1
     U A 275                  !!      0.000      None
     G A 282                  !!      0.000  epsilon-1
     G A 291                  !!      0.000      None
     G A 294                  !!      0.000      None
     C A 295                  !!      0.000     alpha
     G A 296                  !!      0.000      None
     A A 309                  !!      0.000      None
     C A 318                  !!      0.000      None
  8 suites triaged and 0 incomplete leaving 127 suites
  21/135 suite outliers present
  Average suiteness: 0.733
