
Using nuclear cloud x-H distances and vdW radii

Using input model H/D atoms...

Bad Clashes >= 0.4 Angstrom:
 A 194    C  O2'  A 195    G  OP1 :1.038
 A 193    U  C6   A 193    U  OP1 :0.954
 A 193    U  H6   A 193    U  P   :0.749
 A 292    G  H8   A 292    G  OP2 :0.719
 A 281    G  O2'  A 282    G  P   :0.695
 A 203    A  H8   A 203    A  OP2 :0.680
 A 194    C  O2'  A 195    G  P   :0.669
 A 193    U  C6   A 193    U  P   :0.666
 A 281    G  O2'  A 282    G  O5' :0.650
 A 292    G  C8   A 292    G  OP2 :0.633
 A 281    G  C2'  A 282    G  OP2 :0.627
 A 193    U  H3'  A 193    U  OP1 :0.623
 A 247    A  O2'  A 248    U  O5' :0.587
 A 293    U  H6   A 293    U  OP2 :0.538
 A 218    C  O2'  A 219    A  O5' :0.505
 A 289    A  O2'  A 290    A  O4' :0.499
 A 203    A  C8   A 203    A  OP2 :0.484
 A 218    C  C2'  A 219    A  OP2 :0.446
 A 281    G  O2'  A 282    G  OP2 :0.441
 A 261    A  C2   A 262    U  C2  :0.437
 A 197    G  N1   A 198    U  C4  :0.427
 A 270    G  H8   A 270    G  OP2 :0.427
 A 198    U  C4   A 199    C  C4  :0.420
 A 288    C  H2'  A 289    A  O4' :0.413
 A 230    U  H6   A 230    U  O5' :0.408
 A 218    C  H2'  A 219    A  OP2 :0.404
 A 195    G  C2   A 196    U  C2  :0.402
 A 251    G  H2'  A 251    G  N3  :0.401
clashscore = 6.48
