
Using nuclear cloud x-H distances and vdW radii

Using input model H/D atoms...

Bad Clashes >= 0.4 Angstrom:
 A 252    G  O4'  A 252    G  OP1 :1.151
 A 224    A  H4'  A 224    A  OP1 :0.989
 A 224    A  C4'  A 224    A  OP1 :0.836
 A 252    G  O4'  A 252    G  P   :0.823
 A 251    G  O4'  A 251    G  OP2 :0.819
 A 281    G  O2'  A 282    G  P   :0.696
 A 223    U  C2'  A 224    A  OP2 :0.688
 A 295    C  C6   A 295    C  OP2 :0.679
 A 281    G  O2'  A 282    G  O5' :0.651
 A 281    G  C2'  A 282    G  OP2 :0.628
 A 295    C  H6   A 295    C  OP2 :0.620
 A 223    U  O2'  A 224    A  P   :0.619
 A 251    G  O2'  A 252    G  OP1 :0.593
 A 223    U  O2'  A 224    A  OP2 :0.556
 A 192    A  H3'  A 192    A  N3  :0.487
 A 295    C  C5   A 295    C  OP2 :0.483
 A 266    U  N3   A 271    U  O4  :0.449
 A 251    G  O4'  A 251    G  P   :0.443
 A 281    G  O2'  A 282    G  OP2 :0.441
 A 198    U  C4   A 199    C  C4  :0.437
 A 223    U  O2'  A 224    A  O5' :0.424
 A 262    U  H2'  A 263    G  C8  :0.418
 A 252    G  C1'  A 252    G  OP1 :0.418
 A 224    A  O2'  A 225    C  OP1 :0.409
 A 261    A  C2   A 262    U  C2  :0.401
clashscore = 5.78
