
Using nuclear cloud x-H distances and vdW radii

Using input model H/D atoms...

Bad Clashes >= 0.4 Angstrom:
 A 318    C  C6   A 318    C  OP2 :0.711
 A 281    G  O2'  A 282    G  P   :0.695
 A 267    U  H6   A 267    U  O5' :0.653
 A 281    G  O2'  A 282    G  O5' :0.650
 A 232    G  H8   A 232    G  OP2 :0.647
 A 281    G  C2'  A 282    G  OP2 :0.627
 A 219    A  H8   A 219    A  O5' :0.571
 A 220    A  O2'  A 222    A  OP2 :0.570
 A 272    G  H8   A 272    G  OP2 :0.564
 A 318    C  H6   A 318    C  OP2 :0.518
 A 318    C  C5   A 318    C  OP2 :0.515
 A 262    U  H2'  A 263    G  C8  :0.497
 A 192    A  H2'  A 192    A  N3  :0.464
 A 232    G  C8   A 232    G  OP2 :0.452
 A 198    U  H2'  A 199    C  C6  :0.448
 A 292    G  O4'  A 295    C  N4  :0.444
 A 281    G  O2'  A 282    G  OP2 :0.441
 A 251    G  H2'  A 252    G  C8  :0.418
 A 195    G  H2'  A 196    U  C6  :0.407
 A 218    C  H2'  A 219    A  C8  :0.403
 A 288    C  H2'  A 289    A  O4' :0.403
 A 247    A  O2'  A 250    C  O2' :0.403
 A 274    C  C2'  A 275    U  O5' :0.400
clashscore = 5.32
