
                    ----------Backbone bond lenths----------                   

  All bonds within 4.0 sigma of ideal values.

                    ----------Backbone bond angles----------                   

  residue               atom 1  atom 2  atom 3  sigmas
   A 213    G              O3'     P       OP1    8.68
   A 213    G              O3'     P       OP2   22.37
   A 220    A              O3'     P       OP1    5.82
   A 220    A              O3'     P       OP2   25.36
   A 233    U              O3'     P       OP1   18.84
   A 233    U              O3'     P       OP2  -11.51
   A 240    C              O3'     P       OP1   18.85
   A 240    C              O3'     P       OP2  -11.54
   A 251    G              O3'     P       OP1    5.77
   A 251    G              O3'     P       OP2   -4.02
   A 262    U              O3'     P       OP1    5.82
   A 262    U              O3'     P       OP2   -4.66
   A 271    U              O3'     P       O5'   -4.08
   A 271    U              C3'     O3'     P     -4.06
   A 317    G              O3'     P       OP1   18.85
   A 317    G              O3'     P       OP2  -11.53
  16/2961 angle outliers present

                        ----------Sugar pucker----------                       

  residue                  delta   outlier   epsilon   outlier
   A 209    U               79.2        no     349.2       yes
   A 262    U               88.3        no      73.2       yes
   A 271    U               82.1        no     323.4       yes
   A 281    G               80.8        no      39.3       yes
  4/134 pucker outliers present

                  ----------Backbone torsion suites----------                  

  Suite ID                 suite  suiteness  triaged angle
     U A 193                  !!      0.000     alpha
     C A 199                  !!      0.000     gamma
     C A 210                  !!      0.000  epsilon-1
     U A 221                  !!      0.000     gamma
     A A 224                  !!      0.000      None
     C A 234                  !!      0.000     gamma
     G A 241                  !!      0.000      None
     U A 249                  !!      0.000     gamma
     C A 250                  !!      0.000      beta
     G A 252                  !!      0.000     gamma
     G A 263                  !!      0.000  epsilon-1
     G A 270                  !!      0.000     gamma
     G A 272                  !!      0.000  epsilon-1
     G A 282                  !!      0.000  epsilon-1
     A A 289                  !!      0.000      None
     G A 291                  !!      0.000      None
     G A 292                  !!      0.000      None
  12 suites triaged and 0 incomplete leaving 123 suites
  17/135 suite outliers present
  Average suiteness: 0.767
