
                    ----------Backbone bond lenths----------                   

  residue               atom 1  atom 2  sigmas
   A 249    U              O3'     P      4.32
  1/1885 bond outliers present

                    ----------Backbone bond angles----------                   

  residue               atom 1  atom 2  atom 3  sigmas
   A 198    U              O3'     P       OP1  -11.53
   A 198    U              O3'     P       OP2   20.60
   A 203    A              O3'     P       OP1    9.03
   A 203    A              O3'     P       OP2   -6.68
   A 251    G              O3'     P       OP1   -9.77
   A 251    G              O3'     P       OP2   13.80
   A 262    U              O3'     P       OP1   27.29
   A 262    U              O3'     P       OP2   -9.74
   A 295    C              O3'     P       OP1   14.81
   A 295    C              O3'     P       OP2   16.13
   A 309    A              O3'     P       OP1   -5.08
   A 309    A              O3'     P       OP2   34.20
   A 317    G              O3'     P       OP2   27.97
  13/2961 angle outliers present

                        ----------Sugar pucker----------                       

  residue                  delta   outlier   epsilon   outlier
   A 233    U              149.0        no       5.2       yes
   A 249    U               79.6        no       7.0       yes
   A 271    U               79.5        no      61.5       yes
   A 281    G               80.9        no     120.5       yes
   A 317    G               78.6        no     130.1       yes
  5/134 pucker outliers present

                  ----------Backbone torsion suites----------                  

  Suite ID                 suite  suiteness  triaged angle
     U A 196                  !!      0.000      None
     C A 199                  !!      0.000     gamma
     G A 204                  !!      0.000    zeta-1
     C A 210                  !!      0.000      None
     G A 214                  !!      0.000      None
     A A 220                  !!      0.000     gamma
     U A 221                  !!      0.000    zeta-1
     A A 224                  !!      0.000      None
     C A 225                  !!      0.000     gamma
     U A 233                  !!      0.000     gamma
     C A 234                  !!      0.000  epsilon-1
     G A 241                  !!      0.000    zeta-1
     U A 249                  !!      0.000     gamma
     C A 250                  !!      0.000  epsilon-1
     G A 252                  !!      0.000      None
     G A 263                  !!      0.000     gamma
     G A 270                  !!      0.000      None
     U A 271                  !!      0.000      None
     G A 272                  !!      0.000  epsilon-1
     U A 275                  !!      0.000      None
     G A 282                  !!      0.000  epsilon-1
     A A 290                  !!      0.000      None
     G A 291                  !!      0.000     gamma
     U A 293                  !!      0.000      None
     G A 296                  !!      0.000      None
     G A 310                  !!      0.000      None
     C A 318                  !!      0.000  epsilon-1
  15 suites triaged and 0 incomplete leaving 120 suites
  27/135 suite outliers present
  Average suiteness: 0.749
