
                    ----------Backbone bond lenths----------                   

  All bonds within 4.0 sigma of ideal values.

                    ----------Backbone bond angles----------                   

  residue               atom 1  atom 2  atom 3  sigmas
   A 224    A              O3'     P       OP1   18.84
   A 224    A              O3'     P       OP2  -11.44
   A 231    C              C4'     C3'     C2'    4.73
   A 240    C              O3'     P       OP2   28.10
   A 251    G              O3'     P       OP1   -4.76
   A 251    G              O3'     P       OP2    6.75
   A 271    U              O3'     P       OP1   -8.09
   A 271    U              O3'     P       OP2   30.06
   A 295    C              O3'     P       OP1   -4.96
   A 295    C              O3'     P       OP2    6.90
   A 317    G              O3'     P       OP2    5.48
  11/2961 angle outliers present

                        ----------Sugar pucker----------                       

  residue                  delta   outlier   epsilon   outlier
   A 224    A               82.1       yes      58.4       yes
   A 249    U               86.7        no      75.3       yes
   A 281    G               80.8        no     115.6       yes
  3/134 pucker outliers present

                  ----------Backbone torsion suites----------                  

  Suite ID                 suite  suiteness  triaged angle
     U A 193                  !!      0.000      None
     U A 196                  !!      0.000      None
     C A 199                  !!      0.000     gamma
     A A 203                  !!      0.000      None
     C A 210                  !!      0.000      None
     G A 214                  !!      0.000      None
     A A 219                  !!      0.000      None
     A A 220                  !!      0.000      None
     C A 225                  !!      0.000  epsilon-1
     C A 231                  !!      0.000      None
     C A 234                  !!      0.000    zeta-1
     U A 249                  !!      0.000      None
     C A 250                  !!      0.000  epsilon-1
     G A 252                  !!      0.000     gamma
     G A 263                  !!      0.000     gamma
     G A 272                  !!      0.000    zeta-1
     U A 275                  !!      0.000      None
     G A 282                  !!      0.000  epsilon-1
     A A 290                  !!      0.000      None
     G A 296                  !!      0.000      None
     C A 318                  !!      0.000     gamma
  9 suites triaged and 0 incomplete leaving 126 suites
  21/135 suite outliers present
  Average suiteness: 0.743
