
Using nuclear cloud x-H distances and vdW radii

Using input model H/D atoms...

Bad Clashes >= 0.4 Angstrom:
 A 281    G  C8   A 281    G  OP1 :1.182
 A 281    G  H3'  A 281    G  OP1 :1.022
 A 248    U  C6   A 248    U  OP1 :0.848
 A 281    G  C8   A 281    G  P   :0.821
 A 332    A  O2'  A 333    G  OP1 :0.808
 A 320    U  O2'  A 321    A  OP1 :0.783
 A 281    G  C3'  A 281    G  OP1 :0.752
 A 281    G  H8   A 281    G  P   :0.750
 A 216    U  H4'  A 216    U  OP1 :0.732
 A 320    U  O2'  A 321    A  P   :0.722
 A 227    U  O2'  A 228    C  P   :0.721
 A 215    G  O2'  A 216    U  O5' :0.709
 A 254    G  O2'  A 255    G  OP1 :0.690
 A 238    A  H8   A 238    A  OP2 :0.686
 A 281    G  N9   A 281    G  OP1 :0.672
 A 266    U  O2'  A 267    U  OP2 :0.662
 A 280    U  O4'  A 280    U  OP2 :0.654
 A 272    G  N2   A 272    G  OP1 :0.640
 A 332    A  O2'  A 333    G  P   :0.638
 A 254    G  O2'  A 255    G  P   :0.633
 A 227    U  O2'  A 228    C  OP2 :0.627
 A 266    U  O2'  A 267    U  P   :0.624
 A 281    G  H3'  A 281    G  P   :0.607
 A 272    G  H22  A 272    G  P   :0.602
 A 286    U  O2'  A 287    C  O5' :0.596
 A 238    A  N1   A 241    C  N4  :0.596
 A 247    U  O2'  A 248    U  O5' :0.576
 A 267    U  C2'  A 267    U  O2  :0.563
 A 267    U  H3'  A 268    C  O4' :0.560
 A 248    U  H6   A 248    U  OP1 :0.559
 A 267    U  O2'  A 268    C  H4' :0.547
 A 281    G  H8   A 281    G  OP2 :0.529
 A 292    C  C4   A 293    U  C4  :0.518
 A 216    U  C4'  A 216    U  OP1 :0.515
 A 215    G  O2'  A 216    U  P   :0.482
 A 299    G H5''  A 300    A  OP1 :0.473
 A 267    U  O3'  A 268    C  H4' :0.463
 A 215    G  C2'  A 216    U  OP2 :0.456
 A 211    U  H2'  A 212    C  C4  :0.454
 A 267    U  O3'  A 268    C  C4' :0.452
 A 267    U  O2   A 267    U  O2' :0.449
 A 299    G  C4'  A 300    A  OP1 :0.447
 A 238    A  C8   A 238    A  OP2 :0.446
 A 265    A  C2'  A 266    U  O5' :0.443
 A 227    U  H4'  A 228    C  OP2 :0.442
 A 265    A  O2'  A 266    U  O5' :0.432
 A 306    C  H2'  A 307    A  O4' :0.430
 A 281    G  C1'  A 281    G  OP1 :0.426
 A 332    A  C2'  A 333    G  O5' :0.415
 A 264    A  C5   A 265    A  H1' :0.407
 A 263    C  H2'  A 264    A  C8  :0.406
 A 231    G  N2   A 266    U  H1' :0.401
 A 237    A  N6   A 258    C  N3  :0.401
 A 211    U  H2'  A 212    C  C5  :0.400
clashscore = 12.51
