
Using nuclear cloud x-H distances and vdW radii

Using input model H/D atoms...

Bad Clashes >= 0.4 Angstrom:
 A 232    G  C8   A 232    G  OP2 :1.144
 A 232    G  H8   A 232    G  OP2 :1.057
 A 239    U  H6   A 239    U  P   :1.037
 A 239    U  C6   A 239    U  P   :1.008
 A 239    U  H3'  A 239    U  OP1 :0.972
 A 239    U  C6   A 239    U  OP1 :0.969
 A 299    G  O2'  A 300    A  O5' :0.820
 A 281    G  H3'  A 281    G  P   :0.735
 A 213    G  O2'  A 214    U  OP2 :0.732
 A 239    U  C6   A 239    U  OP2 :0.695
 A 308    A  C8   A 308    A  OP1 :0.690
 A 221    U  H3'  A 221    U  OP1 :0.685
 A 221    U  H2'  A 221    U  OP1 :0.684
 A 227    U  H4'  A 228    C  OP2 :0.674
 A 267    U  O2'  A 268    C  OP1 :0.663
 A 239    U  C5   A 239    U  OP2 :0.649
 A 227    U  O2'  A 228    C  OP2 :0.622
 A 221    U  C2'  A 221    U  OP1 :0.607
 A 281    G  N7   A 288    G  N2  :0.596
 A 221    U  C3'  A 221    U  OP1 :0.592
 A 258    C  H6   A 258    C  O5' :0.588
 A 287    C  C2'  A 288    G  OP1 :0.585
 A 239    U  C3'  A 239    U  OP1 :0.577
 A 238    A  O2'  A 239    U  OP1 :0.577
 A 232    G  H8   A 232    G  P   :0.574
 A 308    A  O4'  A 308    A  OP1 :0.553
 A 289    U  O2'  A 290    G  OP2 :0.539
 A 267    U  H2'  A 267    U  O5' :0.530
 A 227    U  O2'  A 228    C  P   :0.506
 A 212    C  N4   A 214    U  O4  :0.503
 A 267    U  C5   A 267    U  OP1 :0.499
 A 267    U  C6   A 267    U  O5' :0.485
 A 268    C  N4   A 313    C  OP2 :0.485
 A 249    C  O4'  A 252    C  N4  :0.482
 A 267    U  C6   A 267    U  OP1 :0.482
 A 310    G  H8   A 310    G  O5' :0.481
 A 249    C  H6   A 249    C  O5' :0.471
 A 267    U  C6   A 267    U  P   :0.464
 A 308    A  H8   A 308    A  P   :0.464
 A 267    U  H6   A 267    U  P   :0.463
 A 281    G  C3'  A 281    G  P   :0.461
 A 267    U  H6   A 267    U  O5' :0.458
 A 239    U  H6   A 239    U  OP2 :0.447
 A 272    G  H2'  A 273    C  C6  :0.444
 A 308    A  H8   A 308    A  OP1 :0.443
 A 241    C  O2'  A 242    A  O4' :0.440
 A 238    A  O2'  A 240    A  OP2 :0.435
 A 267    U  H3'  A 268    C  H4' :0.434
 A 286    U  H6   A 286    U  O5' :0.423
 A 287    C  O2'  A 288    G  OP1 :0.418
 A 212    C  H6   A 212    C  O5' :0.416
 A 267    U  C2'  A 267    U  O5' :0.411
 A 238    A  N6   A 255    G  O6  :0.410
 A 258    C  C6   A 258    C  O5' :0.405
 A 239    U  H5   A 239    U  OP2 :0.404
 A 299    G  O2'  A 300    A  P   :0.401
clashscore = 12.97
