
                    ----------Backbone bond lenths----------                   

  residue               atom 1  atom 2  sigmas
   A 287    C              O4'     C1'   -6.03
  1/1885 bond outliers present

                    ----------Backbone bond angles----------                   

  residue               atom 1  atom 2  atom 3  sigmas
   A 213    G              O3'     P       OP2    4.01
   A 221    U              O3'     P       OP1    9.22
   A 221    U              O3'     P       OP2   21.82
   A 242    A              O3'     P       OP1   26.34
   A 242    A              O3'     P       OP2    4.95
   A 258    C              O3'     P       OP1   18.86
   A 258    C              O3'     P       OP2  -11.52
   A 272    G              O3'     P       OP1   -5.43
   A 272    G              O3'     P       OP2   33.77
   A 280    U              O3'     P       OP1   20.68
   A 280    U              O3'     P       OP2   10.33
   A 287    C              C4'     C3'     C2'   -4.34
   A 287    C              C5'     C4'     O4'   -4.01
   A 327    C              O3'     P       OP1    5.88
   A 327    C              O3'     P       OP2   25.31
  15/2961 angle outliers present

                        ----------Sugar pucker----------                       

  residue                  delta   outlier   epsilon   outlier
   A 213    G               84.9       yes      25.2       yes
   A 227    U               79.4        no      69.6       yes
   A 238    A              156.4        no       0.6       yes
   A 299    G               80.8        no      38.0       yes
   A 320    U               81.4        no      89.2       yes
  5/134 pucker outliers present

                  ----------Backbone torsion suites----------                  

  Suite ID                 suite  suiteness  triaged angle
     U A 214                  !!      0.000  epsilon-1
     U A 216                  !!      0.000      None
     C A 217                  !!      0.000      None
     C A 228                  !!      0.000  epsilon-1
     G A 232                  !!      0.000      None
     A A 237                  !!      0.000     gamma
     A A 238                  !!      0.000      None
     U A 239                  !!      0.000  epsilon-1
     A A 242                  !!      0.000      None
     C A 243                  !!      0.000     gamma
     C A 252                  !!      0.000      None
     A A 264                  !!      0.000     gamma
     A A 265                  !!      0.000     gamma
     U A 266                  !!      0.000      None
     U A 267                  !!      0.000     gamma
     C A 268                  !!      0.000     gamma
     G A 272                  !!      0.000      None
     C A 273                  !!      0.000      None
     U A 280                  !!      0.000     gamma
     G A 281                  !!      0.000     gamma
     U A 286                  !!      0.000      None
     G A 290                  !!      0.000    zeta-1
     A A 300                  !!      0.000  epsilon-1
     U A 311                  !!      0.000      None
     G A 314                  !!      0.000      None
     A A 321                  !!      0.000  epsilon-1
     G A 333                  !!      0.000      None
  14 suites triaged and 0 incomplete leaving 121 suites
  27/135 suite outliers present
  Average suiteness: 0.750
