
Using nuclear cloud x-H distances and vdW radii

Using input model H/D atoms...

Bad Clashes >= 0.4 Angstrom:
 A 280    U  O2'  A 281    G  OP2 :0.857
 A 213    G  O2'  A 214    U  OP2 :0.742
 A 250    G  O2'  A 251    U  O5' :0.720
 A 271    G  O2'  A 272    G  O5' :0.712
 A 280    U  H4'  A 281    G  OP2 :0.698
 A 309    G  H8   A 309    G  OP2 :0.690
 A 227    U  C2'  A 228    C  OP1 :0.689
 A 232    G  H8   A 232    G  OP2 :0.668
 A 332    A  C2'  A 333    G  O5' :0.622
 A 248    U  H6   A 248    U  O5' :0.599
 A 227    U  O2'  A 228    C  OP1 :0.596
 A 232    G  C8   A 232    G  OP2 :0.578
 A 281    G  OP1  A 282    U  OP2 :0.562
 A 284    U  N3   A 289    U  O4  :0.553
 A 266    U  H6   A 266    U  O5' :0.546
 A 267    U  O3'  A 268    C  O4' :0.545
 A 258    C  H6   A 258    C  O5' :0.534
 A 227    U  O2'  A 228    C  P   :0.530
 A 245    G  N7   A 250    G  N2  :0.512
 A 280    U  C4'  A 281    G  OP2 :0.498
 A 229    U  H1'  A 272    G  O6  :0.496
 A 251    U  O4'  A 251    U  OP2 :0.495
 A 309    G  C8   A 309    G  OP2 :0.492
 A 249    C  N3   A 252    C  N4  :0.476
 A 310    G  O2'  A 312    G  OP2 :0.470
 A 216    U  H6   A 216    U  O5' :0.468
 A 242    A  N6   A 254    G  O6  :0.465
 A 239    U  C6   A 239    U  OP2 :0.459
 A 271    G  O2'  A 272    G  C8  :0.459
 A 332    A  O2'  A 333    G  O5' :0.452
 A 271    G  O2'  A 272    G  P   :0.441
 A 271    G  N2   A 272    G  O6  :0.435
 A 264    A  N7   A 266    U  N3  :0.424
 A 299    G  O2'  A 300    A  O5' :0.423
 A 215    G  H2'  A 216    U  C6  :0.422
 A 250    G  H4'  A 251    U  O5' :0.414
 A 306    C  H2'  A 307    A  O4' :0.414
 A 244    G  N7   A 250    G  N1  :0.413
 A 332    A  H2'  A 333    G  O5' :0.409
 A 289    U  O2'  A 290    G  OP1 :0.406
 A 213    G  N1   A 328    G  OP2 :0.404
clashscore = 9.50
