
Using nuclear cloud x-H distances and vdW radii

Using input model H/D atoms...

Bad Clashes >= 0.4 Angstrom:
 A 243    C  H3'  A 243    C  OP2 :1.269
 A 239    U  C6   A 239    U  OP1 :1.020
 A 243    C  C3'  A 243    C  OP2 :0.967
 A 213    G  O2'  A 214    U  OP1 :0.853
 A 243    C  H3'  A 243    C  P   :0.840
 A 243    C  C6   A 243    C  OP2 :0.734
 A 232    G  C8   A 232    G  OP2 :0.728
 A 290    G  C8   A 290    G  OP1 :0.697
 A 299    G  O2'  A 300    A  O5' :0.685
 A 290    G  H8   A 290    G  OP1 :0.674
 A 271    G  O2'  A 272    G  O4' :0.669
 A 227    U  O2'  A 228    C  OP2 :0.645
 A 239    U  H6   A 239    U  P   :0.615
 A 266    U  O2'  A 268    C  O2' :0.609
 A 267    U  O2'  A 310    G  O2' :0.608
 A 239    U  C5   A 239    U  OP1 :0.591
 A 242    A  O2'  A 243    C  OP2 :0.587
 A 239    U  C6   A 239    U  P   :0.578
 A 227    U  H4'  A 228    C  OP2 :0.577
 A 290    G  H8   A 290    G  P   :0.572
 A 232    G  H8   A 232    G  OP2 :0.563
 A 247    U  O2'  A 251    U  O4  :0.554
 A 286    U  O4'  A 289    U  O4  :0.548
 A 213    G  H4'  A 214    U  OP1 :0.516
 A 267    U  C5   A 267    U  OP1 :0.495
 A 267    U  C6   A 267    U  OP1 :0.491
 A 268    C  H4'  A 268    C  OP2 :0.488
 A 250    G  H8   A 250    G  O5' :0.488
 A 213    G  N2   A 328    G  OP2 :0.472
 A 286    U  O2'  A 288    G  N7  :0.464
 A 243    C  C3'  A 243    C  P   :0.462
 A 257    G  C6   A 258    C  C2  :0.453
 A 238    A  N6   A 252    C  OP1 :0.450
 A 243    C  C6   A 243    C  P   :0.438
 A 221    U  H5'  A 222    G  OP1 :0.438
 A 221    U  H4'  A 222    G  O5' :0.432
 A 271    G  H2'  A 272    G  C8  :0.429
 A 237    A  N1   A 258    C  N4  :0.425
 A 308    A  N1   A 314    G  H1' :0.421
 A 272    G  C5   A 273    C  C4  :0.414
 A 267    U  H6   A 267    U  O5' :0.408
 A 283    C  H2'  A 284    U  C6  :0.402
 A 267    U  C6   A 267    U  O5' :0.401
clashscore = 9.96
