
                    ----------Backbone bond lenths----------                   

  All bonds within 4.0 sigma of ideal values.

                    ----------Backbone bond angles----------                   

  residue               atom 1  atom 2  atom 3  sigmas
   A 238    A              O3'     P       OP1   -6.60
   A 238    A              O3'     P       OP2    8.97
   A 242    A              O3'     P       OP2    5.07
   A 258    C              O3'     P       OP1  -10.82
   A 258    C              O3'     P       OP2   16.12
   A 267    U              O3'     P       OP1   34.24
   A 267    U              O3'     P       OP2   -5.04
   A 280    U              O3'     P       OP1   11.75
   A 280    U              O3'     P       OP2   -8.57
   A 313    C              O3'     P       OP1   18.32
   A 313    C              O3'     P       OP2   12.63
   A 327    C              O3'     P       OP1   18.80
   A 327    C              O3'     P       OP2  -11.83
  13/2961 angle outliers present

                        ----------Sugar pucker----------                       

  residue                  delta   outlier   epsilon   outlier
   A 227    U               79.4       yes      68.8       yes
   A 242    A              145.7        no      10.8       yes
   A 267    U              143.7        no      33.9       yes
   A 280    U               77.3        no      60.3       yes
   A 299    G               80.9        no      30.4       yes
   A 320    U               81.4        no      83.6       yes
   A 327    C               78.7        no     140.9       yes
  7/134 pucker outliers present

                  ----------Backbone torsion suites----------                  

  Suite ID                 suite  suiteness  triaged angle
     C A 212                  !!      0.000     alpha
     U A 214                  !!      0.000      None
     U A 216                  !!      0.000      None
     C A 217                  !!      0.000     gamma
     C A 228                  !!      0.000  epsilon-1
     A A 237                  !!      0.000      None
     A A 242                  !!      0.000      None
     C A 243                  !!      0.000  epsilon-1
     U A 246                  !!      0.000     gamma
     G A 250                  !!      0.000    zeta-1
     C A 252                  !!      0.000     gamma
     C A 268                  !!      0.000  epsilon-1
     G A 272                  !!      0.000     gamma
     C A 273                  !!      0.000     gamma
     G A 281                  !!      0.000  epsilon-1
     U A 285                  !!      0.000      None
     U A 286                  !!      0.000      None
     C A 287                  !!      0.000      None
     A A 300                  !!      0.000  epsilon-1
     G A 314                  !!      0.000    zeta-1
     A A 321                  !!      0.000  epsilon-1
     G A 328                  !!      0.000  epsilon-1
  15 suites triaged and 0 incomplete leaving 120 suites
  22/135 suite outliers present
  Average suiteness: 0.775
