
Using nuclear cloud x-H distances and vdW radii

Using input model H/D atoms...

Bad Clashes >= 0.4 Angstrom:
 A 281    G  C8   A 281    G  OP2 :1.106
 A 320    U  O2'  A 321    A  P   :0.779
 A 281    G  H3'  A 281    G  OP2 :0.775
 A 320    U  O2'  A 321    A  OP1 :0.769
 A 267    U  O2'  A 268    C  OP2 :0.759
 A 227    U  H4'  A 228    C  OP2 :0.733
 A 255    G  H8   A 255    G  OP2 :0.724
 A 299    G  O2'  A 300    A  O5' :0.711
 A 299    G  O2'  A 300    A  P   :0.708
 A 238    A  O2'  A 240    A  OP2 :0.701
 A 255    G  C8   A 255    G  OP2 :0.625
 A 227    U  C4'  A 228    C  OP2 :0.624
 A 251    U  O2'  A 252    C  O5' :0.614
 A 266    U  O2'  A 268    C  O2' :0.614
 A 287    C  O2   A 287    C  O4' :0.606
 A 299    G  C2'  A 300    A  OP2 :0.586
 A 267    U  O2'  A 268    C  P   :0.586
 A 281    G  H8   A 281    G  OP2 :0.577
 A 285    U  O2'  A 286    U  O4' :0.570
 A 216    U  H6   A 216    U  OP1 :0.563
 A 271    G  O2'  A 272    G  O4' :0.537
 A 251    U  H4'  A 252    C  OP1 :0.529
 A 250    G  O2'  A 251    U  O4' :0.512
 A 281    G  H3'  A 281    G  P   :0.505
 A 320    U  O2'  A 321    A  O5' :0.500
 A 271    G  N2   A 272    G  C4  :0.481
 A 289    U  H2'  A 290    G  O4' :0.480
 A 248    U  H6   A 248    U  O5' :0.473
 A 285    U  O2'  A 286    U  O5' :0.468
 A 284    U  O2   A 288    G  N1  :0.466
 A 271    G  O6   A 312    G  N2  :0.458
 A 320    U  C2'  A 321    A  O5' :0.453
 A 309    G  H4'  A 309    G  OP1 :0.444
 A 281    G  C3'  A 281    G  OP2 :0.440
 A 251    U  C4'  A 252    C  OP1 :0.436
 A 332    A  C6   A 333    G  C5  :0.423
 A 283    C  C4   A 284    U  C5  :0.422
 A 306    C  H2'  A 307    A  O4' :0.411
 A 299    G  O2'  A 300    A  OP2 :0.410
 A 238    A  O4'  A 239    U  C5  :0.410
 A 292    C  C4   A 293    U  C5  :0.410
 A 272    G  C5   A 273    C  C4  :0.400
clashscore = 9.73
