
                    ----------Backbone bond lenths----------                   

  All bonds within 4.0 sigma of ideal values.

                    ----------Backbone bond angles----------                   

  residue               atom 1  atom 2  atom 3  sigmas
   A 216    U              O3'     P       OP1   -5.90
   A 216    U              O3'     P       OP2    8.04
   A 221    U              O3'     P       OP1    5.33
   A 258    C              O3'     P       OP1   -8.77
   A 258    C              O3'     P       OP2   29.01
   A 267    U              O3'     P       OP2   27.97
   A 289    U              O3'     P       OP1   18.84
   A 289    U              O3'     P       OP2  -11.52
   A 313    C              O3'     P       OP2    4.86
  9/2961 angle outliers present

                        ----------Sugar pucker----------                       

  residue                  delta   outlier   epsilon   outlier
   A 227    U               79.5        no      75.2       yes
   A 254    G               80.9        no     101.3       yes
   A 299    G               80.9        no      24.1       yes
   A 320    U               81.4        no      83.9       yes
   A 332    A               81.4        no     121.4       yes
  5/134 pucker outliers present

                  ----------Backbone torsion suites----------                  

  Suite ID                 suite  suiteness  triaged angle
     U A 214                  !!      0.000    zeta-1
     U A 216                  !!      0.000     gamma
     C A 217                  !!      0.000      None
     C A 228                  !!      0.000  epsilon-1
     G A 232                  !!      0.000     alpha
     A A 238                  !!      0.000      None
     U A 239                  !!      0.000     gamma
     A A 242                  !!      0.000      None
     C A 243                  !!      0.000      None
     C A 252                  !!      0.000      None
     G A 255                  !!      0.000  epsilon-1
     U A 266                  !!      0.000      None
     U A 267                  !!      0.000      None
     C A 268                  !!      0.000      beta
     G A 272                  !!      0.000     gamma
     C A 273                  !!      0.000     gamma
     G A 281                  !!      0.000     gamma
     G A 290                  !!      0.000     gamma
     A A 300                  !!      0.000  epsilon-1
     G A 312                  !!      0.000     gamma
     G A 314                  !!      0.000     gamma
     A A 321                  !!      0.000  epsilon-1
     G A 333                  !!      0.000  epsilon-1
  16 suites triaged and 0 incomplete leaving 119 suites
  23/135 suite outliers present
  Average suiteness: 0.780
