
Using nuclear cloud x-H distances and vdW radii

Using input model H/D atoms...

Bad Clashes >= 0.4 Angstrom:
 A 287    C  O2'  A 288    G  OP2 :0.891
 A 216    U  H3'  A 216    U  OP2 :0.836
 A 332    A  O2'  A 333    G  OP1 :0.807
 A 320    U  O2'  A 321    A  OP1 :0.783
 A 242    A  H3'  A 242    A  OP2 :0.751
 A 216    U  C3'  A 216    U  OP2 :0.734
 A 242    A  H2'  A 242    A  N3  :0.726
 A 227    U  O2'  A 228    C  P   :0.722
 A 320    U  O2'  A 321    A  P   :0.721
 A 254    G  O2'  A 255    G  OP1 :0.689
 A 212    C  O2'  A 213    G  N7  :0.686
 A 280    U  H3'  A 280    U  OP1 :0.679
 A 309    G  O2'  A 312    G  O6  :0.645
 A 332    A  O2'  A 333    G  P   :0.640
 A 254    G  O2'  A 255    G  P   :0.632
 A 227    U  O2'  A 228    C  OP2 :0.626
 A 216    U  C2'  A 216    U  OP2 :0.622
 A 216    U  H2'  A 216    U  OP2 :0.620
 A 216    U  H2'  A 216    U  P   :0.574
 A 267    U  O2'  A 268    C  O4' :0.560
 A 266    U  O2'  A 267    U  O5' :0.559
 A 269    G  OP2  A 312    G  O2' :0.547
 A 241    C  O2'  A 242    A  OP2 :0.543
 A 267    U  O2'  A 268    C  O5' :0.530
 A 266    U  O2'  A 267    U  O4' :0.520
 A 292    C  C4   A 293    U  C4  :0.516
 A 273    C  H3'  A 273    C  OP1 :0.495
 A 299    G H5''  A 300    A  OP1 :0.473
 A 241    C  C2'  A 242    A  OP2 :0.469
 A 211    U  H2'  A 212    C  O4' :0.466
 A 283    C  H2'  A 284    U  C6  :0.454
 A 306    C  H2'  A 307    A  O4' :0.452
 A 267    U  H4'  A 268    C  C4' :0.448
 A 299    G  C4'  A 300    A  OP1 :0.447
 A 227    U  H4'  A 228    C  OP2 :0.442
 A 284    U  H6   A 284    U  O5' :0.439
 A 284    U  H2'  A 285    U  C6  :0.432
 A 310    G  H8   A 310    G  P   :0.428
 A 287    C  H4'  A 288    G  OP2 :0.423
 A 241    C  O2'  A 242    A  C8  :0.419
 A 332    A  C2'  A 333    G  O5' :0.414
 A 285    U  H2'  A 286    U  O4' :0.410
 A 310    G  O4'  A 310    G  OP1 :0.406
 A 251    U  C4   A 252    C  C4  :0.400
clashscore = 10.19
