
                    ----------Backbone bond lenths----------                   

  All bonds within 4.0 sigma of ideal values.

                    ----------Backbone bond angles----------                   

  All angles within 4.0 sigma of ideal values.

                        ----------Sugar pucker----------                       

  residue                  delta   outlier   epsilon   outlier
   A 227    U               79.5        no      75.1       yes
   A 254    G               80.8        no     101.3       yes
   A 267    U               79.1        no      30.6       yes
   A 287    C               80.5        no      32.3       yes
   A 299    G               80.9        no      24.1       yes
   A 320    U               81.4        no      83.9       yes
   A 332    A               81.3        no     121.4       yes
  7/134 pucker outliers present

                  ----------Backbone torsion suites----------                  

  Suite ID                 suite  suiteness  triaged angle
     G A 213                  !!      0.000     gamma
     U A 216                  !!      0.000      None
     C A 217                  !!      0.000      None
     C A 228                  !!      0.000  epsilon-1
     G A 232                  !!      0.000     alpha
     A A 242                  !!      0.000     gamma
     U A 248                  !!      0.000      None
     G A 250                  !!      0.000      None
     G A 255                  !!      0.000  epsilon-1
     U A 267                  !!      0.000     gamma
     C A 268                  !!      0.000  epsilon-1
     G A 272                  !!      0.000      None
     G A 281                  !!      0.000      None
     U A 285                  !!      0.000      None
     G A 288                  !!      0.000  epsilon-1
     U A 289                  !!      0.000    zeta-1
     A A 300                  !!      0.000  epsilon-1
     G A 310                  !!      0.000      None
     G A 312                  !!      0.000      None
     G A 314                  !!      0.000      None
     A A 321                  !!      0.000  epsilon-1
     G A 333                  !!      0.000  epsilon-1
  12 suites triaged and 0 incomplete leaving 123 suites
  22/135 suite outliers present
  Average suiteness: 0.753
