
Using nuclear cloud x-H distances and vdW radii

Using input model H/D atoms...

Bad Clashes >= 0.4 Angstrom:
 A 273    C  C6   A 273    C  OP2 :1.231
 A 214    U  H3'  A 214    U  OP2 :1.118
 A 273    C  H3'  A 273    C  OP2 :1.061
 A 327    C  O2'  A 328    G  OP1 :0.911
 A 287    C  C6   A 287    C  OP2 :0.896
 A 285    U  H3'  A 285    U  O2  :0.862
 A 272    G  H4'  A 272    G  OP2 :0.820
 A 273    C  C3'  A 273    C  OP2 :0.813
 A 273    C  H3'  A 273    C  P   :0.795
 A 242    A  H3'  A 242    A  OP1 :0.767
 A 320    U  O2'  A 321    A  OP1 :0.750
 A 272    G  C4'  A 272    G  OP2 :0.732
 A 273    C  H6   A 273    C  OP2 :0.730
 A 287    C  H6   A 287    C  OP2 :0.722
 A 320    U  O2'  A 321    A  P   :0.696
 A 287    C  C5   A 287    C  OP2 :0.692
 A 243    C  H6   A 243    C  OP2 :0.689
 A 310    G  H8   A 310    G  OP2 :0.688
 A 285    U  C3'  A 285    U  O2  :0.660
 A 227    U  O2'  A 228    C  P   :0.649
 A 227    U  O2'  A 228    C  OP2 :0.602
 A 280    U  O2'  A 281    G  P   :0.576
 A 214    U  C6   A 214    U  OP2 :0.568
 A 266    U  O2'  A 268    C  O2' :0.567
 A 214    U  H3'  A 214    U  P   :0.561
 A 285    U  C2'  A 285    U  O2  :0.543
 A 327    C  C2'  A 328    G  O5' :0.541
 A 227    U  H4'  A 228    C  OP2 :0.538
 A 327    C  H2'  A 328    G  O5' :0.534
 A 216    U  O2'  A 218    U  OP2 :0.531
 A 258    C  H6   A 258    C  O5' :0.526
 A 299    G  O2'  A 300    A  O5' :0.516
 A 307    A  O2'  A 308    A  O4' :0.514
 A 243    C  C6   A 243    C  OP2 :0.510
 A 280    U  O2'  A 282    U  OP2 :0.508
 A 267    U  H6   A 267    U  O5' :0.498
 A 214    U  C3'  A 214    U  OP2 :0.497
 A 212    C  N4   A 214    U  O4  :0.495
 A 273    C  N1   A 273    C  OP2 :0.494
 A 273    C  C6   A 273    C  P   :0.491
 A 237    A  H8   A 237    A  O5' :0.472
 A 211    U  O2'  A 212    C  O4' :0.463
 A 280    U  H4'  A 281    G  O5' :0.456
 A 313    C  H6   A 313    C  O5' :0.442
 A 242    A  C4'  A 243    C  OP1 :0.430
 A 306    C  H2'  A 307    A  O4' :0.421
clashscore = 10.65
