
                    ----------Backbone bond lenths----------                   

  All bonds within 4.0 sigma of ideal values.

                    ----------Backbone bond angles----------                   

  residue               atom 1  atom 2  atom 3  sigmas
   A 212    C              O3'     C3'     C2'    4.25
   A 213    G              O3'     P       OP2   27.72
   A 250    G              C4'     C3'     C2'    4.40
   A 251    U              O3'     P       OP2   34.02
   A 280    U              O3'     P       OP2    4.46
   A 313    C              O3'     P       OP1   18.41
   A 313    C              O3'     P       OP2   12.56
  7/2961 angle outliers present

                        ----------Sugar pucker----------                       

  residue                  delta   outlier   epsilon   outlier
   A 213    G               84.1        no      72.2       yes
   A 267    U               80.2       yes      35.2       yes
   A 272    G               76.3       yes      37.3       yes
   A 280    U               76.2        no      36.7       yes
   A 299    G               80.9        no      35.8       yes
  5/134 pucker outliers present

                  ----------Backbone torsion suites----------                  

  Suite ID                 suite  suiteness  triaged angle
     G A 213                  !!      0.000     alpha
     U A 214                  !!      0.000  epsilon-1
     C A 217                  !!      0.000     gamma
     C A 228                  !!      0.000     alpha
     G A 232                  !!      0.000     alpha
     A A 238                  !!      0.000     gamma
     U A 239                  !!      0.000      None
     A A 242                  !!      0.000     gamma
     C A 243                  !!      0.000     gamma
     U A 248                  !!      0.000      None
     U A 267                  !!      0.000     gamma
     C A 268                  !!      0.000  epsilon-1
     G A 272                  !!      0.000      None
     C A 273                  !!      0.000  epsilon-1
     G A 281                  !!      0.000  epsilon-1
     U A 285                  !!      0.000     gamma
     U A 286                  !!      0.000     gamma
     C A 287                  !!      0.000      None
     G A 290                  !!      0.000      None
     A A 300                  !!      0.000  epsilon-1
     A A 308                  !!      0.000     gamma
     G A 314                  !!      0.000      None
     A A 321                  !!      0.000     gamma
     C A 331                  !!      0.000      None
     G A 333                  !!      0.000      None
  17 suites triaged and 0 incomplete leaving 118 suites
  25/135 suite outliers present
  Average suiteness: 0.759
