
                    ----------Backbone bond lenths----------                   

  All bonds within 4.0 sigma of ideal values.

                    ----------Backbone bond angles----------                   

  residue               atom 1  atom 2  atom 3  sigmas
   A 216    U              O3'     P       OP1   18.84
   A 216    U              O3'     P       OP2  -11.52
   A 227    U              O3'     P       O5'   -5.02
   A 238    A              O3'     P       OP2    4.68
   A 242    A              O3'     P       OP2    5.36
   A 267    U              O3'     P       OP1   -4.00
   A 267    U              O3'     P       OP2    5.74
   A 280    U              O3'     P       OP2    5.32
   A 313    C              O3'     P       OP2    5.32
  9/2961 angle outliers present

                        ----------Sugar pucker----------                       

  residue                  delta   outlier   epsilon   outlier
   A 213    G               73.6       yes      37.2       yes
   A 227    U               79.4        no     119.9       yes
   A 250    G               82.1        no      29.5       yes
   A 271    G               81.2        no     136.7       yes
   A 280    U               81.5        no      32.6       yes
   A 299    G               80.8        no      27.1       yes
  6/134 pucker outliers present

                  ----------Backbone torsion suites----------                  

  Suite ID                 suite  suiteness  triaged angle
     U A 214                  !!      0.000  epsilon-1
     C A 228                  !!      0.000  epsilon-1
     G A 232                  !!      0.000     alpha
     A A 238                  !!      0.000      None
     U A 239                  !!      0.000      None
     U A 247                  !!      0.000      None
     G A 250                  !!      0.000     gamma
     U A 251                  !!      0.000  epsilon-1
     C A 252                  !!      0.000      None
     A A 265                  !!      0.000      None
     U A 267                  !!      0.000     gamma
     C A 268                  !!      0.000     gamma
     G A 272                  !!      0.000  epsilon-1
     C A 273                  !!      0.000     gamma
     G A 281                  !!      0.000  epsilon-1
     G A 288                  !!      0.000      None
     G A 290                  !!      0.000     gamma
     A A 300                  !!      0.000  epsilon-1
     G A 309                  !!      0.000      None
     U A 311                  !!      0.000     alpha
     G A 312                  !!      0.000     gamma
     C A 313                  !!      0.000     gamma
     G A 314                  !!      0.000      None
     G A 333                  !!      0.000      None
  15 suites triaged and 0 incomplete leaving 120 suites
  24/135 suite outliers present
  Average suiteness: 0.736
