
                    ----------Backbone bond lenths----------                   

  All bonds within 4.0 sigma of ideal values.

                    ----------Backbone bond angles----------                   

  All angles within 4.0 sigma of ideal values.

                        ----------Sugar pucker----------                       

  residue                  delta   outlier   epsilon   outlier
   A 299    G               78.6        no      27.1       yes
  1/134 pucker outliers present

                  ----------Backbone torsion suites----------                  

  Suite ID                 suite  suiteness  triaged angle
     C A 217                  !!      0.000      None
     C A 228                  !!      0.000      None
     C A 268                  !!      0.000      None
     G A 272                  !!      0.000      None
     U A 280                  !!      0.000      None
     A A 300                  !!      0.000  epsilon-1
     A A 307                  !!      0.000      None
     G A 312                  !!      0.000      None
     C A 313                  !!      0.000     gamma
  2 suites triaged and 0 incomplete leaving 133 suites
  9/135 suite outliers present
  Average suiteness: 0.791
