
                    ----------Backbone bond lenths----------                   

  All bonds within 4.0 sigma of ideal values.

                    ----------Backbone bond angles----------                   

  All angles within 4.0 sigma of ideal values.

                        ----------Sugar pucker----------                       

  residue                  delta   outlier   epsilon   outlier
   A 299    G               78.6        no      31.0       yes
  1/134 pucker outliers present

                  ----------Backbone torsion suites----------                  

  Suite ID                 suite  suiteness  triaged angle
     U A 216                  !!      0.000      None
     C A 217                  !!      0.000      None
     C A 228                  !!      0.000      None
     G A 232                  !!      0.000      None
     G A 254                  !!      0.000      None
     G A 255                  !!      0.000      None
     U A 267                  !!      0.000      None
     C A 268                  !!      0.000      None
     C A 287                  !!      0.000      None
     A A 300                  !!      0.000  epsilon-1
     A A 308                  !!      0.000      None
     C A 313                  !!      0.000    zeta-1
     G A 314                  !!      0.000      None
  2 suites triaged and 0 incomplete leaving 133 suites
  13/135 suite outliers present
  Average suiteness: 0.787
