
                    ----------Backbone bond lenths----------                   

  All bonds within 4.0 sigma of ideal values.

                    ----------Backbone bond angles----------                   

  All angles within 4.0 sigma of ideal values.

                        ----------Sugar pucker----------                       

  residue                  delta   outlier   epsilon   outlier
   A 299    G               78.4        no      29.1       yes
  1/134 pucker outliers present

                  ----------Backbone torsion suites----------                  

  Suite ID                 suite  suiteness  triaged angle
     U A 266                  !!      0.000      None
     C A 268                  !!      0.000      None
     G A 281                  !!      0.000      None
     U A 284                  !!      0.000      None
     A A 300                  !!      0.000  epsilon-1
     U A 311                  !!      0.000      None
     G A 314                  !!      0.000     gamma
  2 suites triaged and 0 incomplete leaving 133 suites
  7/135 suite outliers present
  Average suiteness: 0.831
