
                    ----------Backbone bond lenths----------                   

  All bonds within 4.0 sigma of ideal values.

                    ----------Backbone bond angles----------                   

  All angles within 4.0 sigma of ideal values.

                        ----------Sugar pucker----------                       

  residue                  delta   outlier   epsilon   outlier
   A 281    G               78.5        no      28.8       yes
  1/134 pucker outliers present

                  ----------Backbone torsion suites----------                  

  Suite ID                 suite  suiteness  triaged angle
     C A 199                  !!      0.000    zeta-1
     C A 210                  !!      0.000      None
     A A 219                  !!      0.000      None
     A A 220                  !!      0.000      None
     U A 229                  !!      0.000      None
     C A 234                  !!      0.000      None
     U A 248                  !!      0.000      None
     U A 262                  !!      0.000      None
     G A 263                  !!      0.000      None
     G A 282                  !!      0.000  epsilon-1
     C A 295                  !!      0.000      None
  2 suites triaged and 0 incomplete leaving 133 suites
  11/135 suite outliers present
  Average suiteness: 0.809
