
                    ----------Backbone bond lenths----------                   

  All bonds within 4.0 sigma of ideal values.

                    ----------Backbone bond angles----------                   

  All angles within 4.0 sigma of ideal values.

                        ----------Sugar pucker----------                       

  residue                  delta   outlier   epsilon   outlier
   A 281    G               78.6        no      30.5       yes
  1/134 pucker outliers present

                  ----------Backbone torsion suites----------                  

  Suite ID                 suite  suiteness  triaged angle
     G A 213                  !!      0.000      None
     U A 230                  !!      0.000      None
     U A 249                  !!      0.000      None
     U A 262                  !!      0.000      None
     U A 268                  !!      0.000      None
     C A 269                  !!      0.000      None
     G A 282                  !!      0.000  epsilon-1
  1 suites triaged and 0 incomplete leaving 134 suites
  7/135 suite outliers present
  Average suiteness: 0.817
