
                    ----------Backbone bond lenths----------                   

  All bonds within 4.0 sigma of ideal values.

                    ----------Backbone bond angles----------                   

  residue               atom 1  atom 2  atom 3  sigmas
   A 220    A              O3'     C3'     C2'    5.18
   A 251    G              C4'     C3'     C2'    6.82
   A 251    G              O3'     C3'     C2'    4.76
   A 251    G              O4'     C4'     C3'    4.18
  4/2961 angle outliers present

                        ----------Sugar pucker----------                       

  residue                  delta   outlier   epsilon   outlier
   A 209    U               79.2        no      72.8       yes
   A 248    U               87.1        no     143.0       yes
   A 281    G               80.9        no      33.0       yes
   A 293    U               78.7        no      81.5       yes
  4/134 pucker outliers present

                  ----------Backbone torsion suites----------                  

  Suite ID                 suite  suiteness  triaged angle
     U A 196                  !!      0.000      None
     U A 198                  !!      0.000      None
     C A 199                  !!      0.000      None
     G A 204                  !!      0.000     gamma
     C A 210                  !!      0.000  epsilon-1
     G A 213                  !!      0.000     alpha
     G A 214                  !!      0.000      None
     U A 229                  !!      0.000     gamma
     U A 230                  !!      0.000    zeta-1
     U A 249                  !!      0.000  epsilon-1
     C A 250                  !!      0.000      None
     G A 251                  !!      0.000     alpha
     U A 262                  !!      0.000      None
     G A 263                  !!      0.000     gamma
     G A 282                  !!      0.000  epsilon-1
     G A 292                  !!      0.000      None
     G A 294                  !!      0.000  epsilon-1
     G A 317                  !!      0.000      None
  10 suites triaged and 0 incomplete leaving 125 suites
  18/135 suite outliers present
  Average suiteness: 0.747
