
                    ----------Backbone bond lenths----------                   

  All bonds within 4.0 sigma of ideal values.

                    ----------Backbone bond angles----------                   

  All angles within 4.0 sigma of ideal values.

                        ----------Sugar pucker----------                       

  residue                  delta   outlier   epsilon   outlier
   A 197    G               79.9        no      72.4       yes
   A 209    U               79.2        no      72.8       yes
   A 212    C               79.8        no     140.2       yes
   A 230    U               80.0        no     147.4       yes
   A 248    U               76.9        no      39.5       yes
   A 249    U               77.4        no     137.0       yes
   A 281    G               80.9        no      33.0       yes
  7/134 pucker outliers present

                  ----------Backbone torsion suites----------                  

  Suite ID                 suite  suiteness  triaged angle
     U A 193                  !!      0.000      None
     U A 196                  !!      0.000      None
     U A 198                  !!      0.000  epsilon-1
     C A 199                  !!      0.000      None
     G A 204                  !!      0.000     gamma
     C A 210                  !!      0.000  epsilon-1
     G A 213                  !!      0.000  epsilon-1
     G A 214                  !!      0.000     gamma
     A A 219                  !!      0.000      None
     C A 231                  !!      0.000  epsilon-1
     G A 232                  !!      0.000     gamma
     A A 247                  !!      0.000      None
     U A 249                  !!      0.000  epsilon-1
     C A 250                  !!      0.000  epsilon-1
     G A 252                  !!      0.000      None
     U A 262                  !!      0.000     gamma
     G A 282                  !!      0.000  epsilon-1
     U A 293                  !!      0.000      None
     G A 296                  !!      0.000     gamma
     G A 317                  !!      0.000      None
  12 suites triaged and 0 incomplete leaving 123 suites
  20/135 suite outliers present
  Average suiteness: 0.768
