
Using nuclear cloud x-H distances and vdW radii

Using input model H/D atoms...

Bad Clashes >= 0.4 Angstrom:
 A 209    U  O2'  A 210    C  OP1 :0.732
 A 209    U  O2'  A 210    C  P   :0.702
 A 291    G  O2'  A 292    G  OP1 :0.689
 A 290    A  O2'  A 291    G  O5' :0.687
 A 198    U  H4'  A 198    U  OP2 :0.589
 A 281    G  O2'  A 282    G  O5' :0.579
 A 220    A  N6   A 240    C  N3  :0.576
 A 317    G  C8   A 317    G  OP2 :0.574
 A 228    U  C6   A 228    U  OP1 :0.548
 A 213    G  H4'  A 213    G  OP1 :0.524
 A 290    A  O2'  A 291    G  O4' :0.501
 A 197    G  H4'  A 198    U  OP1 :0.488
 A 197    G  O2'  A 198    U  O5' :0.479
 A 209    U  H4'  A 210    C  OP2 :0.450
 A 289    A  O2'  A 290    A  O5' :0.434
 A 203    A  N1   A 309    A  C2  :0.426
 A 228    U  H6   A 228    U  P   :0.424
 A 228    U  H6   A 228    U  OP1 :0.409
 A 224    A  N6   A 236    G  O6  :0.405
clashscore = 4.40
