
Using nuclear cloud x-H distances and vdW radii

Using input model H/D atoms...

Bad Clashes >= 0.4 Angstrom:
 A 293    U  O2'  A 294    G  OP2 :0.754
 A 293    U  O2'  A 294    G  P   :0.753
 A 209    U  O2'  A 210    C  OP1 :0.731
 A 209    U  O2'  A 210    C  P   :0.701
 A 248    U  O2'  A 249    U  OP1 :0.628
 A 281    G  O2'  A 282    G  O5' :0.579
 A 317    G  C8   A 317    G  OP2 :0.575
 A 293    U  O2'  A 294    G  O5' :0.516
 A 289    A  O2'  A 291    G  O6  :0.506
 A 213    G H5''  A 214    G  OP1 :0.485
 A 212    C  C2'  A 213    G  H5' :0.481
 A 251    G  OP1  A 294    G  O2' :0.473
 A 248    U  O2'  A 249    U  P   :0.452
 A 209    U  H4'  A 210    C  OP2 :0.451
 A 212    C  H2'  A 213    G  O4' :0.449
 A 293    U  C2'  A 294    G  OP2 :0.432
 A 203    A  N1   A 309    A  C2  :0.426
 A 212    C  O2'  A 213    G  H5' :0.423
 A 224    A  N6   A 236    G  O6  :0.415
 A 195    G  H2'  A 196    U  C6  :0.405
clashscore = 4.63
