
                    ----------Backbone bond lenths----------                   

  All bonds within 4.0 sigma of ideal values.

                    ----------Backbone bond angles----------                   

  All angles within 4.0 sigma of ideal values.

                        ----------Sugar pucker----------                       

  residue                  delta   outlier   epsilon   outlier
   A 209    U               79.2        no      72.8       yes
   A 281    G               80.8        no      33.0       yes
  2/134 pucker outliers present

                  ----------Backbone torsion suites----------                  

  Suite ID                 suite  suiteness  triaged angle
     U A 196                  !!      0.000      None
     U A 198                  !!      0.000     gamma
     C A 199                  !!      0.000      None
     G A 204                  !!      0.000     gamma
     C A 210                  !!      0.000  epsilon-1
     G A 214                  !!      0.000     alpha
     U A 230                  !!      0.000      None
     C A 231                  !!      0.000     gamma
     U A 233                  !!      0.000      None
     U A 248                  !!      0.000      None
     G A 252                  !!      0.000      beta
     G A 282                  !!      0.000  epsilon-1
     A A 290                  !!      0.000      None
     G A 291                  !!      0.000     gamma
     U A 293                  !!      0.000     gamma
     C A 295                  !!      0.000      None
     G A 296                  !!      0.000     gamma
     G A 317                  !!      0.000      None
  10 suites triaged and 0 incomplete leaving 125 suites
  18/135 suite outliers present
  Average suiteness: 0.742
