
Using nuclear cloud x-H distances and vdW radii

Using input model H/D atoms...

Bad Clashes >= 0.4 Angstrom:
 A 295    C  O4'  A 295    C  OP2 :1.193
 A 249    U  O2'  A 250    C  OP2 :0.735
 A 209    U  O2'  A 210    C  OP1 :0.731
 A 209    U  O2'  A 210    C  P   :0.702
 A 249    U  O2'  A 250    C  P   :0.663
 A 240    C  H6   A 240    C  O5' :0.645
 A 295    C  O4'  A 295    C  P   :0.644
 A 220    A  O2'  A 221    U  O5' :0.630
 A 214    G  C8   A 214    G  OP2 :0.618
 A 214    G  H8   A 214    G  OP2 :0.595
 A 281    G  O2'  A 282    G  O5' :0.579
 A 317    G  C8   A 317    G  OP2 :0.575
 A 289    A  O2'  A 290    A  O4' :0.569
 A 249    U  C2'  A 250    C  OP2 :0.561
 A 220    A  O2'  A 222    A  OP2 :0.560
 A 209    U  H4'  A 210    C  OP2 :0.451
 A 212    C  C2'  A 213    G  H5' :0.440
 A 262    U  H4'  A 262    U  OP1 :0.439
 A 224    A  N6   A 236    G  O6  :0.430
 A 203    A  N1   A 309    A  C2  :0.425
 A 251    G  N2   A 252    G  C2  :0.425
 A 251    G  OP1  A 293    U  O2' :0.420
 A 291    G  N1   A 295    C  O2  :0.416
 A 212    C  O2'  A 213    G  H5' :0.404
clashscore = 5.55
