
Using nuclear cloud x-H distances and vdW radii

Using input model H/D atoms...

Bad Clashes >= 0.4 Angstrom:
 A 214    G  C8   A 214    G  OP2 :0.999
 A 214    G  H8   A 214    G  OP2 :0.933
 A 209    U  O2'  A 210    C  OP1 :0.731
 A 291    G  O2'  A 294    G  N7  :0.710
 A 209    U  O2'  A 210    C  P   :0.702
 A 230    U  H6   A 230    U  OP1 :0.614
 A 281    G  O2'  A 282    G  O5' :0.579
 A 317    G  C8   A 317    G  OP2 :0.575
 A 240    C  H6   A 240    C  O5' :0.570
 A 248    U  O2'  A 250    C  O2' :0.554
 A 230    U  C6   A 230    U  OP1 :0.512
 A 231    C  O2   A 233    U  N3  :0.451
 A 209    U  H4'  A 210    C  OP2 :0.450
 A 203    A  N1   A 309    A  C2  :0.426
 A 224    A  N6   A 236    G  O6  :0.423
 A 251    G  H2'  A 252    G  C8  :0.421
clashscore = 3.70
