
Using nuclear cloud x-H distances and vdW radii

Using input model H/D atoms...

Bad Clashes >= 0.4 Angstrom:
 A 213    G  H8   A 213    G  OP2 :1.299
 A 213    G  C8   A 213    G  OP2 :1.212
 A 212    C  O2'  A 213    G  O5' :0.868
 A 197    G  O2'  A 198    U  OP1 :0.760
 A 209    U  O2'  A 210    C  OP1 :0.731
 A 209    U  O2'  A 210    C  P   :0.701
 A 197    G  O2'  A 198    U  P   :0.693
 A 248    U  O2'  A 249    U  O5' :0.675
 A 252    G  H8   A 252    G  OP2 :0.670
 A 230    U  O2'  A 231    C  O5' :0.597
 A 281    G  O2'  A 282    G  O5' :0.580
 A 317    G  C8   A 317    G  OP2 :0.575
 A 197    G  H4'  A 198    U  OP2 :0.511
 A 251    G  O3'  A 252    G  O4' :0.511
 A 233    U  H2'  A 234    C  C6  :0.503
 A 252    G  C8   A 252    G  OP2 :0.453
 A 249    U  O2'  A 250    C  P   :0.452
 A 209    U  H4'  A 210    C  OP2 :0.450
 A 252    G  O4'  A 252    G  P   :0.440
 A 203    A  N1   A 309    A  C2  :0.426
 A 288    C  H2'  A 289    A  O4' :0.422
 A 195    G  H2'  A 196    U  C6  :0.418
 A 251    G  OP1  A 293    U  N3  :0.405
 A 224    A  N6   A 236    G  O6  :0.403
clashscore = 5.55
