
                    ----------Backbone bond lenths----------                   

  All bonds within 4.0 sigma of ideal values.

                    ----------Backbone bond angles----------                   

  residue               atom 1  atom 2  atom 3  sigmas
   A 213    G              O3'     P       OP2    5.52
   A 224    A              O3'     P       OP2    5.41
   A 233    U              O3'     P       OP1   18.84
   A 233    U              O3'     P       OP2  -11.49
   A 251    G              O3'     P       OP1   33.16
   A 251    G              O3'     P       OP2   -5.90
  6/2961 angle outliers present

                        ----------Sugar pucker----------                       

  residue                  delta   outlier   epsilon   outlier
   A 209    U               79.2        no      72.8       yes
   A 281    G               80.8        no      33.0       yes
  2/134 pucker outliers present

                  ----------Backbone torsion suites----------                  

  Suite ID                 suite  suiteness  triaged angle
     U A 196                  !!      0.000     gamma
     U A 198                  !!      0.000      None
     C A 199                  !!      0.000    zeta-1
     G A 204                  !!      0.000     gamma
     C A 210                  !!      0.000  epsilon-1
     G A 214                  !!      0.000     alpha
     U A 221                  !!      0.000      None
     U A 230                  !!      0.000     gamma
     C A 231                  !!      0.000     gamma
     G A 232                  !!      0.000      None
     C A 234                  !!      0.000      None
     U A 249                  !!      0.000     gamma
     C A 250                  !!      0.000     gamma
     G A 251                  !!      0.000      None
     U A 262                  !!      0.000      None
     G A 263                  !!      0.000      None
     G A 282                  !!      0.000  epsilon-1
     G A 296                  !!      0.000    zeta-1
     G A 317                  !!      0.000      None
  11 suites triaged and 0 incomplete leaving 124 suites
  19/135 suite outliers present
  Average suiteness: 0.768
