
Using nuclear cloud x-H distances and vdW radii

Using input model H/D atoms...

Bad Clashes >= 0.4 Angstrom:
 A 209    U  O2'  A 210    C  OP1 :0.732
 A 209    U  O2'  A 210    C  P   :0.702
 A 220    A  O2'  A 221    U  O5' :0.676
 A 281    G  O2'  A 282    G  O5' :0.579
 A 317    G  C8   A 317    G  OP2 :0.575
 A 220    A  H4'  A 221    U  OP1 :0.486
 A 212    C  O2'  A 213    G  H5' :0.478
 A 229    U  O2'  A 232    G  O6  :0.469
 A 218    C  H2'  A 219    A  O4' :0.461
 A 248    U  O2'  A 250    C  O2' :0.459
 A 209    U  H4'  A 210    C  OP2 :0.450
 A 295    C  H2'  A 296    G H5'' :0.432
 A 203    A  N1   A 309    A  C2  :0.425
 A 295    C  C2'  A 296    G H5'' :0.409
 A 224    A  N6   A 236    G  O6  :0.401
 A 212    C  C2'  A 213    G  H5' :0.400
clashscore = 3.70
