
Using nuclear cloud x-H distances and vdW radii

Using input model H/D atoms...

Bad Clashes >= 0.4 Angstrom:
 A 209    U  O2'  A 210    C  OP1 :0.732
 A 209    U  O2'  A 210    C  P   :0.702
 A 246    A  H3'  A 246    A  N3  :0.649
 A 289    A  O2'  A 290    A  O4' :0.617
 A 247    A  O2'  A 249    U  O4' :0.607
 A 213    G  H4'  A 213    G  OP1 :0.581
 A 281    G  O2'  A 282    G  O5' :0.579
 A 317    G  C8   A 317    G  OP2 :0.575
 A 262    U  O2'  A 264    U  OP2 :0.528
 A 246    A  O2'  A 247    A  OP2 :0.490
 A 262    U H5''  A 263    G  OP1 :0.470
 A 209    U  H4'  A 210    C  OP2 :0.450
 A 262    U  H4'  A 263    G  O5' :0.446
 A 245    C  C4   A 246    A  O2' :0.445
 A 224    A  H2'  A 225    C  C6  :0.444
 A 195    G  H2'  A 196    U  C6  :0.442
 A 213    G  C4'  A 213    G  OP1 :0.434
 A 203    A  N1   A 309    A  C2  :0.425
 A 293    U  H6   A 293    U  O5' :0.416
 A 295    C  H6   A 295    C  O5' :0.406
clashscore = 4.63
