
                    ----------Backbone bond lenths----------                   

  residue               atom 1  atom 2  sigmas
   A 246    A              C3'     C2'    5.85
   A 262    U              O3'     P      7.25
  2/1885 bond outliers present

                    ----------Backbone bond angles----------                   

  residue               atom 1  atom 2  atom 3  sigmas
   A 262    U              O3'     P       O5'   -5.28
   A 262    U              C3'     O3'     P     -5.70
  2/2961 angle outliers present

                        ----------Sugar pucker----------                       

  residue                  delta   outlier   epsilon   outlier
   A 209    U               79.2        no      72.8       yes
   A 262    U               82.6        no     351.4       yes
   A 281    G               80.9        no      33.0       yes
  3/134 pucker outliers present

                  ----------Backbone torsion suites----------                  

  Suite ID                 suite  suiteness  triaged angle
     U A 196                  !!      0.000      None
     C A 199                  !!      0.000      None
     G A 204                  !!      0.000     gamma
     C A 210                  !!      0.000  epsilon-1
     G A 213                  !!      0.000     gamma
     G A 214                  !!      0.000      None
     A A 220                  !!      0.000      None
     C A 225                  !!      0.000      None
     U A 230                  !!      0.000     gamma
     C A 231                  !!      0.000      None
     A A 246                  !!      0.000    zeta-1
     A A 247                  !!      0.000     alpha
     U A 248                  !!      0.000     gamma
     U A 249                  !!      0.000     gamma
     C A 250                  !!      0.000      None
     G A 251                  !!      0.000     gamma
     G A 252                  !!      0.000      None
     G A 263                  !!      0.000  epsilon-1
     G A 282                  !!      0.000  epsilon-1
     A A 290                  !!      0.000      None
     G A 292                  !!      0.000      None
     G A 317                  !!      0.000      None
  11 suites triaged and 0 incomplete leaving 124 suites
  22/135 suite outliers present
  Average suiteness: 0.736
