
Using nuclear cloud x-H distances and vdW radii

Using input model H/D atoms...

Bad Clashes >= 0.4 Angstrom:
 A 286    U  C6   A 286    U  OP1 :1.107
 A 239    U  C6   A 239    U  OP1 :1.105
 A 212    U  C6   A 212    U  OP1 :1.028
 A 286    U  C6   A 286    U  P   :0.968
 A 252    G  O2'  A 253    A  OP2 :0.899
 A 175    U  H6   A 175    U  OP1 :0.886
 A 286    U  H2'  A 286    U  OP1 :0.868
 A 279    U  O2'  A 280    C  OP1 :0.830
 A 162    C  H4'  A 162    C  OP1 :0.809
 A 251    U  O2'  A 254    C  OP1 :0.803
 A 239    U  H3'  A 239    U  OP1 :0.786
 A 252    G  O2'  A 253    A  P   :0.766
 A 175    U  C6   A 175    U  OP1 :0.750
 A 170    A  H2'  A 170    A  N3  :0.742
 A 286    U  H6   A 286    U  P   :0.725
 A 286    U  N1   A 286    U  OP1 :0.713
 A 239    U  C6   A 239    U  P   :0.705
 A 212    U  C5   A 212    U  OP1 :0.704
 A 187    A  N7   A 219    G  N2  :0.674
 A 239    U  H6   A 239    U  P   :0.672
 A 287    U  O2'  A 288    U  OP1 :0.670
 A 285    G  O2'  A 288    U  O4  :0.661
 A 223    A  O2'  A 250    G  OP2 :0.655
 A 211    U  O2'  A 212    U  OP1 :0.655
 A 286    U  C2'  A 286    U  OP1 :0.645
 A 171    C  H6   A 171    C  OP2 :0.612
 A 162    C  C4'  A 162    C  OP1 :0.596
 A 239    U  C3'  A 239    U  OP1 :0.595
 A 170    A  N6   A 274    C  O2  :0.575
 A 170    A  C2'  A 170    A  N3  :0.562
 A 204    G  H3'  A 204    G  N3  :0.559
 A 227    G H5''  A 228    C  OP2 :0.557
 A 262    U  H2'  A 263    A  O5' :0.555
 A 183    C  N4   A 222    C  O2' :0.548
 A 194    U  O2   A 194    U  O4' :0.534
 A 212    U  C6   A 212    U  P   :0.529
 A 238    U  O2'  A 239    U  OP2 :0.525
 A 262    U  C2'  A 263    A  O5' :0.519
 A 162    C  N4   A 280    C  N3  :0.505
 A 235    A  O2'  A 236    G  OP2 :0.500
 A 279    U  O2'  A 280    C  P   :0.493
 A 232    U  OP2  A 242    G  O2' :0.489
 A 252    G  C2'  A 253    A  OP2 :0.487
 A 233    C  N4   A 243    U  OP1 :0.466
 A 198    G  O6   A 204    G  N1  :0.460
 A 194    U  O2   A 194    U  O5' :0.451
 A 171    C  C6   A 171    C  OP2 :0.451
 A 169    A  N6   A 270    A  N7  :0.450
 A 183    C  N4   A 252    G  C6  :0.450
 A 203    C  H4'  A 204    G  O4' :0.445
 A 286    U  C1'  A 286    U  OP1 :0.435
 A 286    U  H6   A 286    U  O5' :0.428
 A 257    A  H8   A 257    A  OP1 :0.425
 A 199    G  N1   A 200    U  O4  :0.422
 A 188    G  H8   A 188    G  OP2 :0.418
 A 219    G  H8   A 219    G  O5' :0.414
 A 212    U  H6   A 212    U  P   :0.407
 A 259    A  H2'  A 260    G  O4' :0.406
 A 255    C  N4   A 256    G  C6  :0.403
clashscore = 12.75
