
                    ----------Backbone bond lenths----------                   

  All bonds within 4.0 sigma of ideal values.

                    ----------Backbone bond angles----------                   

  residue               atom 1  atom 2  atom 3  sigmas
   A 161    A              O3'     C3'     C2'    5.27
   A 161    A              C5'     C4'     O4'    4.90
   A 169    A              C4'     C3'     C2'    4.05
   A 245    C              O3'     P       OP2   30.19
  4/3181 angle outliers present

                        ----------Sugar pucker----------                       

  residue                  delta   outlier   epsilon   outlier
   A 169    A               81.0        no      24.3       yes
   A 194    U               80.3        no      84.8       yes
   A 252    G               80.8        no      85.8       yes
   A 257    A               88.0        no     128.9       yes
   A 285    G               80.4       yes      30.8       yes
  5/144 pucker outliers present

                  ----------Backbone torsion suites----------                  

  Suite ID                 suite  suiteness  triaged angle
     A A 163                  !!      0.000     gamma
     A A 170                  !!      0.000  epsilon-1
     G A 174                  !!      0.000     gamma
     U A 175                  !!      0.000      None
     C A 183                  !!      0.000      None
     U A 194                  !!      0.000      None
     U A 195                  !!      0.000  epsilon-1
     U A 200                  !!      0.000      None
     U A 201                  !!      0.000      None
     U A 202                  !!      0.000      None
     U A 212                  !!      0.000     gamma
     A A 220                  !!      0.000     gamma
     C A 222                  !!      0.000      None
     A A 235                  !!      0.000      None
     G A 236                  !!      0.000      None
     C A 241                  !!      0.000     alpha
     A A 253                  !!      0.000  epsilon-1
     A A 258                  !!      0.000  epsilon-1
     A A 263                  !!      0.000    zeta-1
     G A 285                  !!      0.000     gamma
     U A 286                  !!      0.000  epsilon-1
     U A 288                  !!      0.000     gamma
  13 suites triaged and 0 incomplete leaving 132 suites
  22/145 suite outliers present
  Average suiteness: 0.744
