
Using nuclear cloud x-H distances and vdW radii

Using input model H/D atoms...

Bad Clashes >= 0.4 Angstrom:
 A 213    G  C8   A 213    G  OP1 :1.207
 A 175    U  H3'  A 175    U  OP2 :1.074
 A 213    G  H3'  A 213    G  OP1 :1.016
 A 252    G  O2'  A 253    A  OP2 :0.896
 A 213    G  C8   A 213    G  P   :0.862
 A 251    U  O2'  A 254    C  OP1 :0.803
 A 252    G  O2'  A 253    A  P   :0.765
 A 175    U  C6   A 175    U  OP2 :0.763
 A 213    G  C3'  A 213    G  OP1 :0.754
 A 213    G  H8   A 213    G  P   :0.752
 A 219    G  O2'  A 223    A  N6  :0.751
 A 213    G  N9   A 213    G  OP1 :0.631
 A 212    U  C4'  A 213    G  OP2 :0.629
 A 175    U  H3'  A 175    U  P   :0.628
 A 174    G  H4'  A 174    G  OP2 :0.626
 A 174    G  C4'  A 174    G  OP2 :0.600
 A 233    C  N4   A 243    U  OP1 :0.578
 A 175    U  C3'  A 175    U  OP2 :0.562
 A 262    U  H2'  A 263    A  O5' :0.556
 A 213    G  H3'  A 213    G  P   :0.550
 A 174    G  N1   A 177    U  O4  :0.546
 A 170    A  N6   A 274    C  O2  :0.528
 A 262    U  C2'  A 263    A  O5' :0.524
 A 212    U  O4'  A 213    G  OP2 :0.517
 A 202    U  O2'  A 203    C  OP2 :0.498
 A 187    A  N7   A 219    G  N2  :0.489
 A 252    G  C2'  A 253    A  OP2 :0.488
 A 239    U  O2'  A 242    G  O6  :0.485
 A 212    U  C1'  A 213    G  OP2 :0.455
 A 174    G  C6   A 177    U  O4  :0.450
 A 162    C  C4   A 163    A  N7  :0.444
 A 212    U  H4'  A 213    G  OP2 :0.431
 A 235    A  N6   A 242    G  OP1 :0.420
 A 259    A  H2'  A 260    G  O4' :0.419
 A 222    C  H2'  A 222    C  O2  :0.406
 A 258    A  H8   A 258    A  O5' :0.406
 A 161    A  H2'  A 162    C  C6  :0.406
 A 220    A  N7   A 223    A  N6  :0.400
clashscore = 8.21
