
                    ----------Backbone bond lenths----------                   

  residue               atom 1  atom 2  sigmas
   A 235    A              O4'     C1'    4.02
  1/2025 bond outliers present

                    ----------Backbone bond angles----------                   

  residue               atom 1  atom 2  atom 3  sigmas
   A 245    C              O3'     P       OP2   30.19
  1/3181 angle outliers present

                        ----------Sugar pucker----------                       

  residue                  delta   outlier   epsilon   outlier
   A 252    G               80.9        no      85.7       yes
  1/144 pucker outliers present

                  ----------Backbone torsion suites----------                  

  Suite ID                 suite  suiteness  triaged angle
     C A 162                  !!      0.000      None
     U A 175                  !!      0.000     gamma
     C A 183                  !!      0.000      None
     A A 187                  !!      0.000     gamma
     U A 194                  !!      0.000      None
     U A 195                  !!      0.000      None
     U A 202                  !!      0.000      None
     C A 203                  !!      0.000     gamma
     U A 212                  !!      0.000      None
     G A 213                  !!      0.000      None
     A A 220                  !!      0.000      None
     U A 221                  !!      0.000      None
     C A 222                  !!      0.000     gamma
     A A 223                  !!      0.000      None
     U A 224                  !!      0.000     gamma
     A A 235                  !!      0.000      None
     G A 236                  !!      0.000     gamma
     C A 241                  !!      0.000      None
     G A 242                  !!      0.000      None
     A A 253                  !!      0.000  epsilon-1
     A A 257                  !!      0.000      None
     A A 258                  !!      0.000     gamma
     A A 263                  !!      0.000    zeta-1
     G A 285                  !!      0.000     gamma
     U A 287                  !!      0.000     gamma
     U A 288                  !!      0.000      None
  11 suites triaged and 0 incomplete leaving 134 suites
  26/145 suite outliers present
  Average suiteness: 0.725
