
Using nuclear cloud x-H distances and vdW radii

Using input model H/D atoms...

Bad Clashes >= 0.4 Angstrom:
 A 252    G  O2'  A 253    A  OP2 :0.898
 A 286    U  C6   A 286    U  OP2 :0.895
 A 251    U  O2'  A 254    C  OP1 :0.803
 A 252    G  O2'  A 253    A  P   :0.765
 A 169    A  O2'  A 170    A  OP1 :0.717
 A 260    G  H8   A 260    G  OP2 :0.700
 A 185    G  O2'  A 186    C  OP1 :0.684
 A 185    G  O2'  A 186    C  P   :0.673
 A 222    C  O2'  A 223    A  OP2 :0.593
 A 227    G H5''  A 228    C  OP2 :0.587
 A 170    A  H8   A 170    A  OP1 :0.571
 A 257    A  H8   A 257    A  OP1 :0.571
 A 258    A  H8   A 258    A  OP2 :0.565
 A 256    G  O2'  A 258    A  N7  :0.558
 A 262    U  H2'  A 263    A  O5' :0.555
 A 286    U  O4'  A 286    U  P   :0.550
 A 259    A  H8   A 259    A  O5' :0.539
 A 262    U  C2'  A 263    A  O5' :0.520
 A 233    C  N4   A 243    U  OP1 :0.510
 A 239    U  N3   A 243    U  O4  :0.504
 A 286    U  H6   A 286    U  OP2 :0.496
 A 252    G  C2'  A 253    A  OP2 :0.488
 A 285    G  O3'  A 286    U  O4' :0.483
 A 185    G  C2'  A 186    C  O5' :0.481
 A 258    A  H2'  A 259    A  C8  :0.470
 A 183    C  N4   A 252    G  C6  :0.459
 A 162    C  H2'  A 163    A  O4' :0.447
 A 222    C  H4'  A 223    A  OP2 :0.440
 A 174    G  H4'  A 175    U  O5' :0.434
 A 258    A  C8   A 258    A  OP2 :0.432
 A 155    G  O6   A 285    G  N2  :0.428
 A 187    A  N3   A 223    A  N6  :0.421
 A 196    A  N6   A 204    G  O6  :0.417
 A 255    C  N4   A 256    G  C5  :0.412
 A 284    G  H3'  A 285    G  H5' :0.401
clashscore = 7.56
