
Using nuclear cloud x-H distances and vdW radii

Using input model H/D atoms...

Bad Clashes >= 0.4 Angstrom:
 A 220    A  C8   A 220    A  OP1 :0.955
 A 252    G  O2'  A 253    A  OP2 :0.898
 A 222    C  H2'  A 222    C  OP1 :0.842
 A 220    A  H2'  A 220    A  N3  :0.804
 A 251    U  O2'  A 254    C  OP1 :0.803
 A 287    U  C6   A 287    U  OP1 :0.793
 A 220    A  O4'  A 220    A  OP1 :0.789
 A 160    G  O2'  A 161    A  P   :0.779
 A 252    G  O2'  A 253    A  P   :0.765
 A 220    A  N9   A 220    A  OP1 :0.758
 A 221    U  H3'  A 221    U  OP1 :0.758
 A 221    U  C6   A 221    U  OP1 :0.756
 A 222    C  C2'  A 222    C  OP1 :0.691
 A 186    C  C6   A 186    C  OP2 :0.650
 A 287    U  H6   A 287    U  OP1 :0.648
 A 160    G  O2'  A 161    A  OP1 :0.641
 A 186    C  H6   A 186    C  OP2 :0.633
 A 170    A  N6   A 274    C  O2  :0.633
 A 194    U  O2   A 194    U  O2' :0.618
 A 173    C  O2'  A 174    G  OP1 :0.596
 A 194    U  O2'  A 195    U  P   :0.591
 A 160    G  O2'  A 161    A  O5' :0.586
 A 262    U  H2'  A 263    A  O5' :0.555
 A 220    A  C2'  A 220    A  N3  :0.555
 A 287    U  H5'  A 287    U  H6  :0.548
 A 220    A  C1'  A 220    A  OP1 :0.535
 A 240    U  H6   A 240    U  O5' :0.534
 A 287    U  C5   A 287    U  OP1 :0.529
 A 194    U  C2   A 195    U  C5  :0.526
 A 262    U  C2'  A 263    A  O5' :0.520
 A 194    U  O2'  A 195    U  O5' :0.495
 A 222    C  C3'  A 222    C  OP1 :0.492
 A 252    G  C2'  A 253    A  OP2 :0.488
 A 222    C  H3'  A 222    C  OP1 :0.486
 A 211    U  O2'  A 213    G  OP2 :0.482
 A 205    U  H6   A 205    U  O5' :0.471
 A 173    C  O3'  A 174    G  H4' :0.470
 A 169    A  N6   A 274    C  O2  :0.469
 A 227    G  H2'  A 228    C  C6  :0.466
 A 239    U  O2'  A 242    G  O6  :0.460
 A 240    U  C6   A 240    U  O5' :0.451
 A 255    C  N4   A 256    G  C6  :0.435
 A 221    U  H6   A 221    U  OP1 :0.421
 A 259    A  H2'  A 260    G  O4' :0.419
 A 170    A  C5   A 171    C  C4  :0.411
 A 194    U  C2'  A 194    U  O2  :0.410
 A 186    C  C5   A 186    C  OP2 :0.406
 A 239    U  H6   A 239    U  O5' :0.401
clashscore = 10.37
