
Using nuclear cloud x-H distances and vdW radii

Using input model H/D atoms...

Bad Clashes >= 0.4 Angstrom:
 A 252    G  O2'  A 253    A  OP2 :0.898
 A 251    U  O2'  A 254    C  OP1 :0.804
 A 252    G  O2'  A 253    A  P   :0.764
 A 168    U  O2'  A 169    A  N7  :0.702
 A 259    A  H8   A 259    A  OP2 :0.669
 A 187    A  H8   A 187    A  OP2 :0.668
 A 170    A  N6   A 274    C  O2  :0.655
 A 219    G  H8   A 219    G  O5' :0.655
 A 196    A  O4'  A 212    U  O4  :0.650
 A 233    C  N4   A 243    U  OP1 :0.620
 A 194    U  C4'  A 194    U  OP2 :0.611
 A 286    U  C4'  A 287    U  O5' :0.567
 A 262    U  H2'  A 263    A  O5' :0.554
 A 227    G  H2'  A 228    C  C6  :0.534
 A 259    A  C8   A 259    A  OP2 :0.523
 A 262    U  C2'  A 263    A  O5' :0.520
 A 169    A  N6   A 274    C  O2  :0.510
 A 256    G  N2   A 259    A  OP2 :0.509
 A 194    U  H4'  A 194    U  OP2 :0.505
 A 186    C  H6   A 186    C  OP2 :0.504
 A 252    G  C2'  A 253    A  OP2 :0.489
 A 220    A  C8   A 220    A  OP1 :0.482
 A 286    U  H4'  A 287    U  O5' :0.465
 A 286    U  H6   A 286    U  P   :0.460
 A 220    A  O4'  A 223    A  OP2 :0.450
 A 220    A  H8   A 220    A  OP1 :0.449
 A 286    U  H6   A 286    U  O5' :0.447
 A 219    G  C8   A 219    G  O5' :0.433
 A 220    A  N6   A 223    A  N7  :0.431
 A 286    U  C6   A 286    U  OP2 :0.429
 A 195    U  OP1  A 213    G  N2  :0.428
 A 243    U  C6   A 243    U  OP2 :0.420
 A 187    A  C8   A 187    A  OP2 :0.420
 A 286    U  O2'  A 287    U  OP2 :0.414
 A 168    U  O2'  A 169    A  C8  :0.411
 A 183    C  O4'  A 252    G  O3' :0.411
 A 227    G  C3'  A 228    C  C6  :0.410
 A 170    A  C5   A 171    C  C4  :0.408
 A 232    U  OP2  A 242    G  O2' :0.400
clashscore = 8.43
