
                    ----------Backbone bond lenths----------                   

  All bonds within 4.0 sigma of ideal values.

                    ----------Backbone bond angles----------                   

  residue               atom 1  atom 2  atom 3  sigmas
   A 168    U              C4'     C3'     C2'   -4.02
   A 168    U              O3'     C3'     C2'  -17.64
   A 245    C              O3'     P       OP2   30.19
  3/3181 angle outliers present

                        ----------Sugar pucker----------                       

  residue                  delta   outlier   epsilon   outlier
   A 168    U               42.6       yes     108.2       yes
   A 252    G               80.9        no      85.7       yes
   A 286    U              141.3        no      56.9       yes
  3/144 pucker outliers present

                  ----------Backbone torsion suites----------                  

  Suite ID                 suite  suiteness  triaged angle
     A A 163                  !!      0.000      None
     U A 168                  !!      0.000     delta
     A A 169                  !!      0.000  epsilon-1
     G A 174                  !!      0.000      None
     U A 175                  !!      0.000     gamma
     C A 183                  !!      0.000      None
     C A 186                  !!      0.000      None
     A A 187                  !!      0.000      None
     U A 194                  !!      0.000      beta
     U A 201                  !!      0.000      None
     U A 202                  !!      0.000     alpha
     C A 203                  !!      0.000     gamma
     C A 206                  !!      0.000      None
     U A 211                  !!      0.000      None
     U A 221                  !!      0.000     gamma
     A A 223                  !!      0.000      None
     G A 236                  !!      0.000      None
     U A 240                  !!      0.000     gamma
     C A 241                  !!      0.000      None
     U A 243                  !!      0.000     alpha
     A A 253                  !!      0.000  epsilon-1
     A A 259                  !!      0.000     gamma
     A A 263                  !!      0.000    zeta-1
     C A 281                  !!      0.000     gamma
     U A 286                  !!      0.000      None
     U A 287                  !!      0.000  epsilon-1
     U A 288                  !!      0.000      None
  14 suites triaged and 0 incomplete leaving 131 suites
  27/145 suite outliers present
  Average suiteness: 0.729
