
                    ----------Backbone bond lenths----------                   

  All bonds within 4.0 sigma of ideal values.

                    ----------Backbone bond angles----------                   

  residue               atom 1  atom 2  atom 3  sigmas
   A 182    U              O3'     P       O5'   -4.34
   A 200    U              C4'     C3'     C2'    4.30
   A 221    U              O3'     C3'     C2'    4.30
   A 222    C              C5'     C4'     O4'   -4.11
   A 222    C              O3'     P       O5'   -4.35
   A 245    C              O3'     P       OP2   30.18
  6/3181 angle outliers present

                        ----------Sugar pucker----------                       

  residue                  delta   outlier   epsilon   outlier
   A 182    U               79.2        no      20.9       yes
   A 211    U               78.4        no      26.2       yes
   A 222    C               75.6       yes      72.9       yes
   A 252    G               80.9        no      85.8       yes
  4/144 pucker outliers present

                  ----------Backbone torsion suites----------                  

  Suite ID                 suite  suiteness  triaged angle
     A A 163                  !!      0.000      None
     G A 174                  !!      0.000     gamma
     U A 175                  !!      0.000     gamma
     C A 183                  !!      0.000  epsilon-1
     A A 187                  !!      0.000     gamma
     U A 194                  !!      0.000     gamma
     U A 195                  !!      0.000      None
     U A 200                  !!      0.000      None
     G A 204                  !!      0.000      None
     U A 205                  !!      0.000      None
     U A 211                  !!      0.000     gamma
     U A 212                  !!      0.000  epsilon-1
     U A 221                  !!      0.000      None
     C A 222                  !!      0.000      None
     A A 223                  !!      0.000  epsilon-1
     C A 225                  !!      0.000      None
     A A 235                  !!      0.000      None
     G A 236                  !!      0.000     gamma
     C A 244                  !!      0.000     gamma
     A A 253                  !!      0.000  epsilon-1
     A A 263                  !!      0.000    zeta-1
     G A 285                  !!      0.000     gamma
     U A 286                  !!      0.000      None
     U A 287                  !!      0.000     gamma
     U A 288                  !!      0.000     gamma
  15 suites triaged and 0 incomplete leaving 130 suites
  25/145 suite outliers present
  Average suiteness: 0.742
