
                    ----------Backbone bond lenths----------                   

  All bonds within 4.0 sigma of ideal values.

                    ----------Backbone bond angles----------                   

  residue               atom 1  atom 2  atom 3  sigmas
   A 240    U              C4'     C3'     C2'   -5.41
   A 240    U              O3'     C3'     C2'  -15.56
   A 245    C              O3'     P       OP2   30.18
  3/3181 angle outliers present

                        ----------Sugar pucker----------                       

  residue                  delta   outlier   epsilon   outlier
   A 160    G               79.4        no      92.8       yes
   A 173    C               79.4       yes      33.7       yes
   A 240    U               55.0       yes      83.2       yes
   A 252    G               80.9        no      85.8       yes
  4/144 pucker outliers present

                  ----------Backbone torsion suites----------                  

  Suite ID                 suite  suiteness  triaged angle
     A A 161                  !!      0.000  epsilon-1
     A A 163                  !!      0.000      None
     G A 174                  !!      0.000  epsilon-1
     U A 175                  !!      0.000      None
     C A 183                  !!      0.000      None
     C A 186                  !!      0.000     gamma
     G A 188                  !!      0.000      None
     U A 194                  !!      0.000     gamma
     U A 195                  !!      0.000     gamma
     U A 202                  !!      0.000      None
     C A 206                  !!      0.000      None
     U A 212                  !!      0.000      None
     G A 213                  !!      0.000     gamma
     A A 220                  !!      0.000      None
     U A 221                  !!      0.000      None
     C A 222                  !!      0.000     gamma
     A A 223                  !!      0.000     gamma
     C A 225                  !!      0.000     gamma
     G A 236                  !!      0.000      None
     U A 240                  !!      0.000     delta
     C A 241                  !!      0.000  epsilon-1
     G A 242                  !!      0.000     gamma
     A A 253                  !!      0.000  epsilon-1
     A A 263                  !!      0.000    zeta-1
     U A 286                  !!      0.000      None
     U A 287                  !!      0.000     gamma
     U A 288                  !!      0.000      None
  15 suites triaged and 0 incomplete leaving 130 suites
  27/145 suite outliers present
  Average suiteness: 0.740
