
                    ----------Backbone bond lenths----------                   

  All bonds within 4.0 sigma of ideal values.

                    ----------Backbone bond angles----------                   

  residue               atom 1  atom 2  atom 3  sigmas
   A 245    C              O3'     P       OP2   30.19
  1/3181 angle outliers present

                        ----------Sugar pucker----------                       

  residue                  delta   outlier   epsilon   outlier
   A 174    G               83.2       yes      56.9       yes
   A 227    G               81.0        no     326.7       yes
   A 252    G               80.8        no      85.8       yes
  3/144 pucker outliers present

                  ----------Backbone torsion suites----------                  

  Suite ID                 suite  suiteness  triaged angle
     A A 163                  !!      0.000     gamma
     G A 174                  !!      0.000     gamma
     U A 175                  !!      0.000  epsilon-1
     C A 183                  !!      0.000      None
     U A 194                  !!      0.000     gamma
     U A 195                  !!      0.000      None
     U A 201                  !!      0.000     gamma
     U A 202                  !!      0.000     gamma
     U A 212                  !!      0.000      None
     G A 213                  !!      0.000      None
     U A 221                  !!      0.000      None
     C A 228                  !!      0.000  epsilon-1
     A A 235                  !!      0.000      None
     G A 236                  !!      0.000      None
     U A 240                  !!      0.000    zeta-1
     C A 241                  !!      0.000      None
     A A 253                  !!      0.000  epsilon-1
     A A 259                  !!      0.000      None
     A A 263                  !!      0.000    zeta-1
     G A 285                  !!      0.000     gamma
     U A 286                  !!      0.000      None
     U A 287                  !!      0.000     gamma
     U A 288                  !!      0.000     gamma
  13 suites triaged and 0 incomplete leaving 132 suites
  23/145 suite outliers present
  Average suiteness: 0.750
