
                    ----------Backbone bond lenths----------                   

  All bonds within 4.0 sigma of ideal values.

                    ----------Backbone bond angles----------                   

  residue               atom 1  atom 2  atom 3  sigmas
   A 243    U              C4'     C3'     C2'    4.63
   A 245    C              O3'     P       OP2   30.18
   A 279    U              O3'     P       O5'   -4.77
   A 279    U              C3'     O3'     P     -5.99
  4/3181 angle outliers present

                        ----------Sugar pucker----------                       

  residue                  delta   outlier   epsilon   outlier
   A 194    U              148.8        no     357.7       yes
   A 211    U               90.0       yes      34.1       yes
   A 238    U               81.1        no     145.5       yes
   A 252    G               80.8        no      85.8       yes
   A 279    U               81.4        no     112.6       yes
  5/144 pucker outliers present

                  ----------Backbone torsion suites----------                  

  Suite ID                 suite  suiteness  triaged angle
     C A 162                  !!      0.000      beta
     A A 169                  !!      0.000      None
     A A 170                  !!      0.000      None
     C A 171                  !!      0.000     gamma
     G A 174                  !!      0.000      None
     U A 175                  !!      0.000     gamma
     C A 183                  !!      0.000      None
     C A 186                  !!      0.000    zeta-1
     A A 187                  !!      0.000     alpha
     U A 195                  !!      0.000  epsilon-1
     U A 200                  !!      0.000      None
     U A 201                  !!      0.000     gamma
     C A 203                  !!      0.000      None
     G A 204                  !!      0.000     alpha
     U A 211                  !!      0.000      None
     U A 212                  !!      0.000  epsilon-1
     G A 213                  !!      0.000     gamma
     U A 221                  !!      0.000     gamma
     C A 222                  !!      0.000      None
     C A 228                  !!      0.000      None
     G A 236                  !!      0.000     gamma
     U A 239                  !!      0.000  epsilon-1
     C A 241                  !!      0.000     gamma
     C A 244                  !!      0.000      None
     A A 253                  !!      0.000  epsilon-1
     A A 263                  !!      0.000    zeta-1
     C A 274                  !!      0.000    zeta-1
     C A 280                  !!      0.000  epsilon-1
     G A 285                  !!      0.000    zeta-1
     U A 286                  !!      0.000     gamma
     U A 287                  !!      0.000      None
     U A 288                  !!      0.000      None
  20 suites triaged and 0 incomplete leaving 125 suites
  32/145 suite outliers present
  Average suiteness: 0.744
