
Using nuclear cloud x-H distances and vdW radii

Using input model H/D atoms...

Bad Clashes >= 0.4 Angstrom:
 A 242    G  H3'  A 242    G  N3  :1.152
 A 195    U  H3'  A 195    U  OP2 :1.072
 A 252    G  O2'  A 253    A  OP2 :0.897
 A 240    U  O2'  A 242    G  N7  :0.853
 A 242    G  C3'  A 242    G  N3  :0.831
 A 251    U  O2'  A 254    C  OP1 :0.802
 A 252    G  O2'  A 253    A  P   :0.766
 A 195    U  C6   A 195    U  OP2 :0.764
 A 235    A  H8   A 235    A  O5' :0.697
 A 195    U  H3'  A 195    U  P   :0.629
 A 220    A  O2'  A 252    G  OP2 :0.590
 A 262    U  H2'  A 263    A  O5' :0.556
 A 170    A  N6   A 274    C  O2  :0.540
 A 174    G  H3'  A 174    G  OP1 :0.524
 A 262    U  C2'  A 263    A  O5' :0.523
 A 224    U  C6   A 224    U  OP2 :0.523
 A 212    U  O2'  A 214    C  OP2 :0.516
 A 224    U  C5   A 224    U  OP2 :0.511
 A 241    C  H4'  A 242    G  C5  :0.500
 A 195    U  C3'  A 195    U  OP2 :0.499
 A 252    G  C2'  A 253    A  OP2 :0.487
 A 194    U  O2'  A 195    U  OP2 :0.476
 A 236    G  H8   A 236    G  OP2 :0.471
 A 174    G  H4'  A 175    U  O5' :0.467
 A 258    A  H8   A 258    A  OP2 :0.458
 A 236    G  C8   A 236    G  OP2 :0.454
 A 227    G  H2'  A 228    C  C6  :0.454
 A 235    A  H2'  A 236    G  N7  :0.450
 A 195    U  C6   A 195    U  P   :0.448
 A 185    G  H2'  A 186    C  C6  :0.443
 A 235    A  H2'  A 236    G  C8  :0.427
 A 183    C H5''  A 252    G  O3' :0.425
 A 235    A  C8   A 235    A  O5' :0.420
 A 258    A  H2'  A 259    A  C8  :0.412
 A 259    A  H2'  A 260    G  O4' :0.403
 A 194    U  O2'  A 195    U  P   :0.400
clashscore = 7.78
