
                    ----------Backbone bond lenths----------                   

  residue               atom 1  atom 2  sigmas
   A 182    U              O3'     P      4.86
  1/2025 bond outliers present

                    ----------Backbone bond angles----------                   

  residue               atom 1  atom 2  atom 3  sigmas
   A 162    C              O3'     C3'     C2'   -9.10
   A 219    G              O3'     C3'     C2'   -4.04
   A 245    C              O3'     P       OP1  -11.47
   A 245    C              O3'     P       OP2   18.83
   A 262    U              O3'     P       OP1   -4.09
   A 262    U              O3'     P       OP2    5.85
  6/3181 angle outliers present

                        ----------Sugar pucker----------                       

  residue                  delta   outlier   epsilon   outlier
   A 162    C              123.1       yes     213.7        no
   A 173    C               79.5        no      20.2       yes
   A 185    G               79.6        no     110.9       yes
   A 219    G              122.6       yes     211.8        no
   A 245    C               81.3        no     114.1       yes
   A 252    G               80.8        no     117.3       yes
   A 262    U               81.5        no      78.4       yes
   A 274    C               83.2        no     136.9       yes
   A 280    C               84.2        no     153.2       yes
  9/144 pucker outliers present

                  ----------Backbone torsion suites----------                  

  Suite ID                 suite  suiteness  triaged angle
     A A 161                  !!      0.000     gamma
     C A 162                  !!      0.000     delta
     A A 163                  !!      0.000   delta-1
     G A 174                  !!      0.000  epsilon-1
     C A 183                  !!      0.000     gamma
     C A 186                  !!      0.000  epsilon-1
     U A 202                  !!      0.000      None
     U A 211                  !!      0.000      None
     U A 212                  !!      0.000      None
     G A 219                  !!      0.000     delta
     A A 220                  !!      0.000   delta-1
     C A 222                  !!      0.000      None
     A A 223                  !!      0.000      None
     C A 225                  !!      0.000     gamma
     G A 236                  !!      0.000      None
     C A 241                  !!      0.000      None
     G A 246                  !!      0.000  epsilon-1
     A A 253                  !!      0.000  epsilon-1
     A A 263                  !!      0.000  epsilon-1
     C A 275                  !!      0.000  epsilon-1
     C A 281                  !!      0.000  epsilon-1
     G A 285                  !!      0.000     gamma
     U A 286                  !!      0.000      None
     U A 287                  !!      0.000      None
  15 suites triaged and 0 incomplete leaving 130 suites
  24/145 suite outliers present
  Average suiteness: 0.748
