
                    ----------Backbone bond lenths----------                   

  All bonds within 4.0 sigma of ideal values.

                    ----------Backbone bond angles----------                   

  residue               atom 1  atom 2  atom 3  sigmas
   A 245    C              O3'     P       OP1  -11.47
   A 245    C              O3'     P       OP2   18.83
   A 262    U              O3'     P       OP1   -4.08
   A 262    U              O3'     P       OP2    5.84
  4/3181 angle outliers present

                        ----------Sugar pucker----------                       

  residue                  delta   outlier   epsilon   outlier
   A 223    A              105.8       yes     278.4        no
   A 245    C               81.3        no     114.1       yes
   A 252    G               80.9        no     117.2       yes
   A 262    U               81.5        no      78.4       yes
   A 273    G               81.2        no     151.8       yes
  5/144 pucker outliers present

                  ----------Backbone torsion suites----------                  

  Suite ID                 suite  suiteness  triaged angle
     C A 157                  !!      0.000      None
     C A 162                  !!      0.000      beta
     A A 169                  !!      0.000      None
     U A 175                  !!      0.000      None
     C A 183                  !!      0.000     gamma
     A A 187                  !!      0.000      None
     U A 195                  !!      0.000     gamma
     C A 203                  !!      0.000     gamma
     G A 204                  !!      0.000      None
     U A 211                  !!      0.000     gamma
     A A 220                  !!      0.000      None
     U A 221                  !!      0.000      None
     A A 223                  !!      0.000     delta
     U A 224                  !!      0.000   delta-1
     G A 236                  !!      0.000     gamma
     U A 240                  !!      0.000      None
     C A 241                  !!      0.000     gamma
     G A 246                  !!      0.000  epsilon-1
     A A 253                  !!      0.000  epsilon-1
     A A 259                  !!      0.000     alpha
     G A 260                  !!      0.000     gamma
     A A 263                  !!      0.000  epsilon-1
     C A 274                  !!      0.000  epsilon-1
     C A 275                  !!      0.000      None
     C A 281                  !!      0.000     gamma
     U A 286                  !!      0.000     gamma
     U A 287                  !!      0.000     gamma
     U A 288                  !!      0.000     gamma
  19 suites triaged and 0 incomplete leaving 126 suites
  28/145 suite outliers present
  Average suiteness: 0.794
