
                    ----------Backbone bond lenths----------                   

  All bonds within 4.0 sigma of ideal values.

                    ----------Backbone bond angles----------                   

  residue               atom 1  atom 2  atom 3  sigmas
   A 169    A              C3'     C2'     C1'    5.32
   A 169    A              O3'     C3'     C2'    4.80
   A 169    A              O4'     C4'     C3'    5.36
   A 245    C              O3'     P       OP1  -11.46
   A 245    C              O3'     P       OP2   18.82
   A 262    U              O3'     P       OP1   -4.07
   A 262    U              O3'     P       OP2    5.85
  7/3181 angle outliers present

                        ----------Sugar pucker----------                       

  residue                  delta   outlier   epsilon   outlier
   A 202    U               81.7        no     154.8       yes
   A 245    C               81.4        no     114.1       yes
   A 252    G               80.9        no     117.2       yes
   A 262    U               81.4        no      78.5       yes
  4/144 pucker outliers present

                  ----------Backbone torsion suites----------                  

  Suite ID                 suite  suiteness  triaged angle
     A A 163                  !!      0.000    zeta-1
     U A 175                  !!      0.000      None
     C A 183                  !!      0.000     gamma
     C A 186                  !!      0.000     gamma
     G A 188                  !!      0.000     gamma
     U A 194                  !!      0.000      None
     C A 203                  !!      0.000  epsilon-1
     U A 205                  !!      0.000      None
     C A 206                  !!      0.000     gamma
     U A 211                  !!      0.000      beta
     U A 221                  !!      0.000      None
     C A 222                  !!      0.000      None
     C A 225                  !!      0.000    zeta-1
     C A 228                  !!      0.000     gamma
     G A 236                  !!      0.000     gamma
     U A 240                  !!      0.000     gamma
     G A 242                  !!      0.000     gamma
     U A 243                  !!      0.000     alpha
     G A 246                  !!      0.000  epsilon-1
     A A 253                  !!      0.000  epsilon-1
     A A 263                  !!      0.000  epsilon-1
     C A 274                  !!      0.000      None
     C A 275                  !!      0.000     gamma
     U A 287                  !!      0.000      None
  17 suites triaged and 0 incomplete leaving 128 suites
  24/145 suite outliers present
  Average suiteness: 0.748
