
                    ----------Backbone bond lenths----------                   

  All bonds within 4.0 sigma of ideal values.

                    ----------Backbone bond angles----------                   

  residue               atom 1  atom 2  atom 3  sigmas
   A 245    C              O3'     P       OP1  -11.46
   A 245    C              O3'     P       OP2   18.83
   A 256    G              C4'     C3'     C2'    4.18
   A 262    U              O3'     P       OP1   -4.07
   A 262    U              O3'     P       OP2    5.85
   A 286    U              O3'     P       O5'   -4.20
  6/3181 angle outliers present

                        ----------Sugar pucker----------                       

  residue                  delta   outlier   epsilon   outlier
   A 211    U               78.9       yes      46.2       yes
   A 245    C               81.3        no     114.2       yes
   A 252    G               80.8        no     117.3       yes
   A 262    U               81.5        no      78.5       yes
   A 286    U               80.7        no     138.7       yes
  5/144 pucker outliers present

                  ----------Backbone torsion suites----------                  

  Suite ID                 suite  suiteness  triaged angle
     U A 175                  !!      0.000      None
     C A 183                  !!      0.000     gamma
     C A 186                  !!      0.000      None
     A A 187                  !!      0.000      None
     G A 188                  !!      0.000     gamma
     U A 195                  !!      0.000      None
     C A 203                  !!      0.000     gamma
     U A 211                  !!      0.000     gamma
     U A 212                  !!      0.000  epsilon-1
     G A 219                  !!      0.000      None
     A A 220                  !!      0.000     alpha
     A A 223                  !!      0.000     gamma
     U A 224                  !!      0.000      None
     A A 235                  !!      0.000      None
     C A 241                  !!      0.000      None
     G A 242                  !!      0.000      None
     G A 246                  !!      0.000  epsilon-1
     A A 253                  !!      0.000  epsilon-1
     A A 257                  !!      0.000    zeta-1
     A A 263                  !!      0.000  epsilon-1
     C A 274                  !!      0.000    zeta-1
     C A 275                  !!      0.000     gamma
     U A 286                  !!      0.000      None
     U A 287                  !!      0.000  epsilon-1
     U A 288                  !!      0.000     gamma
  15 suites triaged and 0 incomplete leaving 130 suites
  25/145 suite outliers present
  Average suiteness: 0.758
