
Using nuclear cloud x-H distances and vdW radii

Using input model H/D atoms...

Bad Clashes >= 0.4 Angstrom:
 A 286    U  H2'  A 286    U  OP2 :0.957
 A 213    G  C4'  A 213    G  OP1 :0.856
 A 274    C  O2'  A 275    C  OP1 :0.803
 A 213    G  H4'  A 213    G  OP1 :0.777
 A 262    U  O2'  A 263    A  P   :0.755
 A 252    G  O2'  A 253    A  O5' :0.732
 A 211    U  O2'  A 213    G  N7  :0.726
 A 245    C  O2'  A 246    G  P   :0.716
 A 183    C  OP1  A 253    A  O4' :0.715
 A 213    G  O4'  A 213    G  OP1 :0.700
 A 288    U  C6   A 288    U  OP1 :0.685
 A 262    U  O2'  A 263    A  OP1 :0.676
 A 252    G  O2'  A 253    A  P   :0.668
 A 286    U  C2'  A 286    U  OP2 :0.636
 A 170    A  N6   A 274    C  O2  :0.618
 A 288    U  H6   A 288    U  P   :0.604
 A 274    C  O2'  A 275    C  P   :0.592
 A 287    U  O2'  A 288    U  O5' :0.567
 A 288    U  C6   A 288    U  P   :0.567
 A 201    U  O2'  A 204    G  O6  :0.558
 A 252    G  H4'  A 254    C  P   :0.555
 A 258    A  H8   A 258    A  O5' :0.550
 A 252    G  C2'  A 253    A  OP2 :0.549
 A 187    A  N7   A 219    G  N2  :0.543
 A 262    U  H2'  A 263    A  C8  :0.541
 A 245    C  N4   A 246    G  O6  :0.511
 A 286    U  OP1  A 289    C  N4  :0.510
 A 259    A  H8   A 259    A  O5' :0.499
 A 288    U  H6   A 288    U  OP2 :0.486
 A 245    C  O2'  A 246    G  OP1 :0.475
 A 252    G  H4'  A 254    C  OP2 :0.470
 A 183    C  OP1  A 253    A  C4' :0.465
 A 259    A  H2'  A 260    G  O4' :0.458
 A 235    A  C8   A 235    A  OP2 :0.453
 A 203    C  H6   A 203    C  O5' :0.453
 A 183    C  OP1  A 253    A  C5' :0.452
 A 156    A  H2'  A 157    C  O4' :0.449
 A 161    A  N6   A 280    C  N3  :0.447
 A 235    A  O4'  A 236    G  N7  :0.445
 A 174    G  N2   A 177    U  OP2 :0.440
 A 194    U  C4   A 195    U  C4  :0.437
 A 235    A  H8   A 235    A  OP2 :0.430
 A 259    A  C8   A 259    A  O5' :0.422
 A 162    C  C6   A 162    C  OP2 :0.416
 A 287    U  H4'  A 288    U  O5' :0.413
 A 288    U  C5   A 288    U  OP1 :0.410
 A 255    C  N4   A 256    G  C6  :0.405
 A 235    A  C2   A 237    G  O6  :0.404
clashscore = 10.37
