
Using nuclear cloud x-H distances and vdW radii

Using input model H/D atoms...

Bad Clashes >= 0.4 Angstrom:
 A 175    U  H3'  A 175    U  OP2 :1.230
 A 175    U  C3'  A 175    U  OP2 :1.099
 A 260    G  H8   A 260    G  OP2 :0.894
 A 212    U  C6   A 212    U  OP2 :0.869
 A 174    G  O2'  A 175    U  P   :0.853
 A 260    G  C8   A 260    G  OP2 :0.813
 A 218    C  O2'  A 219    G  O5' :0.808
 A 262    U  O2'  A 263    A  P   :0.754
 A 175    U  H3'  A 175    U  P   :0.751
 A 212    U  H3'  A 212    U  OP2 :0.740
 A 252    G  O2'  A 253    A  O5' :0.733
 A 245    C  O2'  A 246    G  P   :0.719
 A 285    G  O3'  A 286    U  O4' :0.690
 A 262    U  O2'  A 263    A  OP1 :0.674
 A 241    C  O2'  A 242    G  O4' :0.670
 A 182    U  H4'  A 183    C  OP2 :0.670
 A 252    G  O2'  A 253    A  P   :0.664
 A 182    U  C4'  A 183    C  OP2 :0.655
 A 211    U  O2'  A 212    U  OP1 :0.649
 A 183    C  O4'  A 183    C  OP1 :0.641
 A 170    A  N6   A 274    C  O2  :0.634
 A 218    C  O2'  A 219    G  O4' :0.626
 A 285    G  O3'  A 286    U  C4' :0.583
 A 186    C  N4   A 215    A  N7  :0.581
 A 174    G  O2'  A 175    U  OP2 :0.571
 A 183    C  C4'  A 183    C  OP1 :0.567
 A 235    A  C2   A 237    G  O6  :0.556
 A 252    G  H4'  A 254    C  P   :0.555
 A 212    U  H3'  A 212    U  P   :0.553
 A 203    C  H6   A 203    C  OP2 :0.553
 A 252    G  C2'  A 253    A  OP2 :0.552
 A 262    U  H2'  A 263    A  C8  :0.541
 A 175    U  OP2  A 176    C  OP2 :0.538
 A 286    U  O4'  A 286    U  P   :0.535
 A 169    A  N6   A 274    C  O2  :0.527
 A 235    A  C8   A 235    A  OP2 :0.526
 A 200    U  O2'  A 202    U  OP2 :0.526
 A 203    C  H6   A 203    C  P   :0.523
 A 194    U  C4   A 195    U  C4  :0.514
 A 245    C  N4   A 246    G  O6  :0.509
 A 187    A  N1   A 224    U  N3  :0.507
 A 259    A  H8   A 259    A  O5' :0.497
 A 182    U H5''  A 183    C  P   :0.492
 A 235    A  H8   A 235    A  OP2 :0.486
 A 182    U  C5'  A 183    C  OP2 :0.484
 A 182    U H5''  A 183    C  OP2 :0.480
 A 284    G  N2   A 287    U  O4  :0.479
 A 245    C  O2'  A 246    G  OP1 :0.474
 A 252    G  H4'  A 254    C  OP2 :0.470
 A 174    G  O2'  A 176    C  OP2 :0.470
 A 224    U  H6   A 224    U  O5' :0.456
 A 162    C  H2'  A 163    A  C8  :0.452
 A 211    U  H3'  A 211    U  OP1 :0.447
 A 223    A  H2'  A 224    U  C6  :0.440
 A 239    U  O2   A 243    U  N3  :0.430
 A 193    C  C4   A 194    U  C4  :0.422
 A 211    U  O2'  A 212    U  P   :0.409
 A 170    A  C5   A 171    C  C4  :0.409
 A 175    U  C3'  A 175    U  P   :0.407
 A 259    A  H2'  A 260    G  O4' :0.405
 A 174    G  O2'  A 175    U  OP1 :0.403
 A 239    U  H6   A 239    U  O5' :0.402
clashscore = 13.40
