
                    ----------Backbone bond lenths----------                   

  All bonds within 4.0 sigma of ideal values.

                    ----------Backbone bond angles----------                   

  residue               atom 1  atom 2  atom 3  sigmas
   A 245    C              O3'     P       OP1  -11.48
   A 245    C              O3'     P       OP2   18.84
   A 257    A              O3'     C3'     C2'    6.57
   A 262    U              O3'     P       OP1   -4.07
   A 262    U              O3'     P       OP2    5.85
   A 286    U              C4'     C3'     C2'    4.23
  6/3181 angle outliers present

                        ----------Sugar pucker----------                       

  residue                  delta   outlier   epsilon   outlier
   A 185    G               79.6       yes      39.8       yes
   A 245    C               81.3        no     114.1       yes
   A 252    G               80.9        no     117.2       yes
   A 262    U               81.5        no      78.5       yes
  4/144 pucker outliers present

                  ----------Backbone torsion suites----------                  

  Suite ID                 suite  suiteness  triaged angle
     A A 169                  !!      0.000     gamma
     U A 175                  !!      0.000      None
     C A 183                  !!      0.000     gamma
     C A 186                  !!      0.000  epsilon-1
     A A 187                  !!      0.000      None
     U A 201                  !!      0.000      None
     U A 211                  !!      0.000     gamma
     G A 213                  !!      0.000      None
     A A 220                  !!      0.000      None
     U A 221                  !!      0.000      None
     U A 224                  !!      0.000     gamma
     C A 241                  !!      0.000     gamma
     G A 242                  !!      0.000      None
     G A 246                  !!      0.000  epsilon-1
     A A 253                  !!      0.000  epsilon-1
     G A 260                  !!      0.000     gamma
     A A 263                  !!      0.000  epsilon-1
     C A 275                  !!      0.000      None
     G A 285                  !!      0.000     alpha
     U A 286                  !!      0.000     alpha
     U A 287                  !!      0.000     alpha
  13 suites triaged and 0 incomplete leaving 132 suites
  21/145 suite outliers present
  Average suiteness: 0.734
