
                    ----------Backbone bond lenths----------                   

  residue               atom 1  atom 2  sigmas
   A 182    U              O3'     P     -6.56
  1/2025 bond outliers present

                    ----------Backbone bond angles----------                   

  residue               atom 1  atom 2  atom 3  sigmas
   A 170    A              O3'     C3'     C2'    4.16
   A 182    U              O3'     P       O5'   -4.16
   A 222    C              O3'     C3'     C2'   -5.10
   A 245    C              O3'     P       OP1  -11.47
   A 245    C              O3'     P       OP2   18.84
   A 262    U              O3'     P       OP1   -4.08
   A 262    U              O3'     P       OP2    5.84
  7/3181 angle outliers present

                        ----------Sugar pucker----------                       

  residue                  delta   outlier   epsilon   outlier
   A 182    U               79.2        no     333.1       yes
   A 221    U               88.5        no      23.2       yes
   A 222    C              124.2       yes     202.3        no
   A 245    C               81.3        no     114.1       yes
   A 252    G               80.9        no     117.2       yes
   A 262    U               81.4        no      78.5       yes
   A 286    U               90.9       yes      22.8       yes
  7/144 pucker outliers present

                  ----------Backbone torsion suites----------                  

  Suite ID                 suite  suiteness  triaged angle
     A A 163                  !!      0.000    zeta-1
     A A 169                  !!      0.000     gamma
     G A 174                  !!      0.000     gamma
     U A 175                  !!      0.000     gamma
     C A 183                  !!      0.000  epsilon-1
     C A 186                  !!      0.000      None
     A A 187                  !!      0.000      None
     G A 188                  !!      0.000      None
     U A 194                  !!      0.000      None
     U A 200                  !!      0.000     gamma
     U A 201                  !!      0.000     gamma
     C A 206                  !!      0.000      None
     U A 211                  !!      0.000     gamma
     U A 212                  !!      0.000      None
     U A 221                  !!      0.000      None
     C A 222                  !!      0.000  epsilon-1
     A A 223                  !!      0.000   delta-1
     U A 240                  !!      0.000      None
     G A 246                  !!      0.000  epsilon-1
     A A 253                  !!      0.000  epsilon-1
     G A 260                  !!      0.000     gamma
     A A 263                  !!      0.000  epsilon-1
     C A 275                  !!      0.000      None
     U A 286                  !!      0.000     alpha
     U A 287                  !!      0.000  epsilon-1
     U A 288                  !!      0.000      None
  16 suites triaged and 0 incomplete leaving 129 suites
  26/145 suite outliers present
  Average suiteness: 0.750
