
                    ----------Backbone bond lenths----------                   

  All bonds within 4.0 sigma of ideal values.

                    ----------Backbone bond angles----------                   

  residue               atom 1  atom 2  atom 3  sigmas
   A 180    A              O3'     C3'     C2'    4.35
   A 209    A              C4'     O4'     C1'    4.76
  2/3071 angle outliers present

                        ----------Sugar pucker----------                       

  residue                  delta   outlier   epsilon   outlier
   A 156    A               79.6        no     147.8       yes
   A 208    C               78.7        no      35.9       yes
   A 273    U               82.5        no      32.9       yes
  3/139 pucker outliers present

                  ----------Backbone torsion suites----------                  

  Suite ID                 suite  suiteness  triaged angle
     G A 157                  !!      0.000  epsilon-1
     U A 167                  !!      0.000     gamma
     G A 168                  !!      0.000      None
     U A 171                  !!      0.000    zeta-1
     A A 175                  !!      0.000      None
     G A 176                  !!      0.000      None
     U A 177                  !!      0.000      None
     U A 179                  !!      0.000     gamma
     A A 180                  !!      0.000      None
     A A 181                  !!      0.000      None
     U A 193                  !!      0.000      None
     A A 209                  !!      0.000  epsilon-1
     G A 220                  !!      0.000      beta
     A A 225                  !!      0.000     gamma
     C A 228                  !!      0.000     alpha
     C A 235                  !!      0.000    zeta-1
     U A 246                  !!      0.000      None
     U A 247                  !!      0.000      None
     G A 248                  !!      0.000     gamma
     U A 249                  !!      0.000     gamma
     G A 256                  !!      0.000     gamma
     U A 263                  !!      0.000     gamma
     U A 265                  !!      0.000      None
     G A 266                  !!      0.000     gamma
     G A 274                  !!      0.000  epsilon-1
     A A 277                  !!      0.000      None
  15 suites triaged and 0 incomplete leaving 125 suites
  26/140 suite outliers present
  Average suiteness: 0.725
