
                    ----------Backbone bond lenths----------                   

  All bonds within 4.0 sigma of ideal values.

                    ----------Backbone bond angles----------                   

  residue               atom 1  atom 2  atom 3  sigmas
   A 243    U              O3'     P       O5'   -4.13
  1/3071 angle outliers present

                        ----------Sugar pucker----------                       

  residue                  delta   outlier   epsilon   outlier
   A 243    U               82.6        no      77.3       yes
   A 273    U               82.5        no      32.8       yes
  2/139 pucker outliers present

                  ----------Backbone torsion suites----------                  

  Suite ID                 suite  suiteness  triaged angle
     G A 157                  !!      0.000     gamma
     C A 158                  !!      0.000      None
     U A 167                  !!      0.000     gamma
     G A 168                  !!      0.000     gamma
     U A 171                  !!      0.000      None
     U A 174                  !!      0.000      None
     A A 180                  !!      0.000     gamma
     A A 181                  !!      0.000     gamma
     G A 182                  !!      0.000     gamma
     A A 209                  !!      0.000     gamma
     G A 220                  !!      0.000      beta
     U A 224                  !!      0.000     gamma
     C A 235                  !!      0.000      None
     U A 236                  !!      0.000      None
     G A 244                  !!      0.000  epsilon-1
     U A 246                  !!      0.000      None
     U A 247                  !!      0.000      None
     G A 248                  !!      0.000      None
     U A 249                  !!      0.000      None
     G A 256                  !!      0.000     gamma
     U A 264                  !!      0.000      None
     U A 265                  !!      0.000     gamma
     G A 274                  !!      0.000  epsilon-1
  13 suites triaged and 0 incomplete leaving 127 suites
  23/140 suite outliers present
  Average suiteness: 0.731
