
Using nuclear cloud x-H distances and vdW radii

Using input model H/D atoms...

Bad Clashes >= 0.4 Angstrom:
 A 198    C  C6   A 198    C  OP2 :0.897
 A 249    U  C6   A 249    U  OP2 :0.850
 A 181    A  N3   A 181    A  OP1 :0.838
 A 224    U  O2'  A 225    A  OP2 :0.801
 A 209    A  H8   A 209    A  O5' :0.789
 A 249    U  H6   A 249    U  OP2 :0.755
 A 277    A  O2'  A 278    A  OP1 :0.648
 A 220    G  O2'  A 247    U  O4  :0.646
 A 225    A  C8   A 225    A  OP2 :0.641
 A 225    A  H8   A 225    A  OP2 :0.636
 A 166    G  O6   A 277    A  N6  :0.625
 A 161    G  N1   A 285    A  N1  :0.604
 A 157    G  O2'  A 159    A  OP2 :0.603
 A 179    U  O2'  A 183    G  N7  :0.602
 A 158    C  H6   A 158    C  OP1 :0.587
 A 209    A  C8   A 209    A  O5' :0.573
 A 249    U  C5   A 249    U  OP2 :0.552
 A 237    G  C8   A 237    G  OP2 :0.545
 A 237    G  H8   A 237    G  OP2 :0.539
 A 158    C  H6   A 158    C  P   :0.532
 A 198    C  H6   A 198    C  P   :0.527
 A 198    C  H6   A 198    C  OP2 :0.499
 A 209    A  O2'  A 210    U  P   :0.494
 A 170    G  O2'  A 177    U  O4' :0.488
 A 181    A  N3   A 181    A  P   :0.484
 A 209    A  C2'  A 210    U  OP1 :0.480
 A 178    C  O2'  A 203    G  OP2 :0.473
 A 265    U  H6   A 265    U  O5' :0.471
 A 273    U  O2'  A 274    G  OP1 :0.468
 A 181    A  C2   A 181    A  OP1 :0.448
 A 224    U  H4'  A 225    A  O5' :0.448
 A 198    C  C5   A 198    C  OP2 :0.444
 A 179    U  O4   A 202    A  N6  :0.442
 A 175    A  H2'  A 176    G  C8  :0.442
 A 178    C  H6   A 178    C  O5' :0.439
 A 286    C  H2'  A 287    U  C6  :0.437
 A 206    U  H2'  A 207    C  C6  :0.435
 A 238    U  H2'  A 239    C  C6  :0.425
 A 273    U  C4'  A 274    G  OP2 :0.416
 A 248    G  H3'  A 249    U  C6  :0.415
 A 273    U  H4'  A 274    G  OP2 :0.410
 A 249    U  H6   A 249    U  P   :0.403
 A 160    A  C6   A 161    G  C6  :0.402
clashscore = 9.65
