
Using nuclear cloud x-H distances and vdW radii

Using input model H/D atoms...

Bad Clashes >= 0.4 Angstrom:
 A 249    U  O4'  A 249    U  OP1 :0.721
 A 237    G  O2'  A 238    U  OP1 :0.714
 A 249    U  H6   A 249    U  P   :0.682
 A 273    U  O2'  A 274    G  OP1 :0.674
 A 198    C  C6   A 198    C  OP1 :0.662
 A 277    A  H8   A 277    A  OP2 :0.644
 A 161    G  N1   A 285    A  N1  :0.613
 A 249    U  C6   A 249    U  OP1 :0.611
 A 198    C  H6   A 198    C  OP1 :0.592
 A 223    U  H6   A 223    U  O5' :0.578
 A 208    C  H6   A 208    C  O5' :0.577
 A 249    U  C6   A 249    U  P   :0.558
 A 276    A  O2'  A 277    A  O5' :0.533
 A 176    G  OP1  A 248    G  O2' :0.523
 A 191    G  N7   A 196    G  N2  :0.507
 A 220    G  N2   A 247    U  O4' :0.502
 A 197    U  O2'  A 198    C  O5' :0.496
 A 265    U  H6   A 265    U  O5' :0.482
 A 237    G  C2'  A 238    U  OP1 :0.466
 A 166    G  H2'  A 167    U  C6  :0.460
 A 206    U  H2'  A 207    C  C6  :0.438
 A 167    U  H6   A 167    U  O5' :0.428
 A 263    U  O2'  A 265    U  O4  :0.424
 A 238    U  H2'  A 239    C  C6  :0.423
 A 235    C  O2'  A 236    U  O4' :0.422
 A 243    U  H6   A 243    U  O5' :0.418
 A 177    U  OP1  A 181    A  N6  :0.417
 A 234    U  O2'  A 236    U  O4  :0.408
 A 195    C  H3'  A 196    G H5'' :0.404
clashscore = 6.51
