
Using nuclear cloud x-H distances and vdW radii

Using input model H/D atoms...

Bad Clashes >= 0.4 Angstrom:
 A 236    U  O4'  A 236    U  OP2 :1.007
 A 236    U  C6   A 236    U  OP2 :0.961
 A 182    G  H8   A 182    G  OP2 :0.807
 A 249    U  C6   A 249    U  OP1 :0.782
 A 236    U  H6   A 236    U  P   :0.735
 A 177    U  O2'  A 178    C  OP1 :0.707
 A 249    U  H6   A 249    U  P   :0.678
 A 175    A  O2'  A 176    G  OP1 :0.674
 A 249    U  H6   A 249    U  OP1 :0.668
 A 208    C  O2'  A 209    A  OP1 :0.658
 A 209    A  O2'  A 274    G  O2' :0.650
 A 236    U  C6   A 236    U  P   :0.646
 A 273    U  O2'  A 274    G  OP1 :0.624
 A 161    G  N1   A 285    A  N1  :0.612
 A 166    G  O2'  A 168    G  OP1 :0.599
 A 246    U  C2'  A 247    U  OP1 :0.597
 A 167    U  H6   A 167    U  O5' :0.577
 A 237    G  H8   A 237    G  O5' :0.518
 A 181    A  N1   A 208    C  N4  :0.507
 A 263    U  O2'  A 265    U  O4  :0.486
 A 170    G  H2'  A 171    U  H4' :0.480
 A 236    U  C1'  A 236    U  OP2 :0.464
 A 246    U  H2'  A 247    U  OP1 :0.448
 A 220    G  N2   A 247    U  O4  :0.443
 A 249    U  C6   A 249    U  P   :0.439
 A 209    A  H4'  A 274    G  H1' :0.438
 A 206    U  H2'  A 207    C  C6  :0.427
 A 238    U  H2'  A 239    C  C6  :0.426
 A 175    A  O2'  A 176    G  P   :0.425
 A 181    A  H3'  A 182    G  C8  :0.424
 A 265    U  H6   A 265    U  O5' :0.423
 A 286    C  H2'  A 287    U  C6  :0.420
 A 228    C  C6   A 228    C  OP2 :0.410
 A 208    C  H6   A 208    C  O5' :0.409
 A 166    G  C3'  A 167    U H5'' :0.403
 A 263    U  H1'  A 266    G  O6  :0.402
clashscore = 8.08
