
Using nuclear cloud x-H distances and vdW radii

Using input model H/D atoms...

Bad Clashes >= 0.4 Angstrom:
 A 169    U  O2'  A 170    G  OP1 :0.821
 A 248    G  C8   A 248    G  OP2 :0.779
 A 219    C  O2'  A 220    G  P   :0.738
 A 168    G  H8   A 168    G  OP1 :0.727
 A 219    C  O2'  A 220    G  OP2 :0.720
 A 218    A  O2'  A 220    G  N7  :0.718
 A 237    G  H8   A 237    G  OP2 :0.674
 A 173    C  O2'  A 174    U  OP1 :0.673
 A 248    G  H8   A 248    G  OP2 :0.644
 A 273    U  O2'  A 274    G  OP1 :0.625
 A 161    G  N1   A 285    A  N1  :0.612
 A 169    U  O2'  A 170    G  P   :0.598
 A 217    A  C8   A 217    A  OP2 :0.577
 A 277    A  H8   A 277    A  O5' :0.563
 A 176    G  H8   A 176    G  O5' :0.561
 A 248    G  H8   A 248    G  P   :0.552
 A 156    A  O2'  A 158    C  OP1 :0.551
 A 263    U  H4'  A 263    U  OP1 :0.550
 A 219    C  O2'  A 220    G  O5' :0.535
 A 248    G  H3'  A 249    U  C6  :0.513
 A 217    A  H8   A 217    A  OP2 :0.502
 A 237    G  C8   A 237    G  OP2 :0.501
 A 222    C  O2'  A 223    U  O4' :0.495
 A 278    A  C8   A 278    A  OP2 :0.480
 A 193    U  O2'  A 196    G  O6  :0.463
 A 172    U  OP2  A 181    A  N6  :0.449
 A 234    U  O2'  A 235    C  O5' :0.446
 A 267    U  H2'  A 268    C  C6  :0.444
 A 248    G  H8   A 248    G  O5' :0.440
 A 219    C  C2'  A 220    G  OP2 :0.436
 A 170    G  O6   A 278    A  N6  :0.434
 A 276    A  C2   A 277    A  C6  :0.428
 A 206    U  H2'  A 207    C  C6  :0.428
 A 238    U  H2'  A 239    C  C6  :0.427
 A 176    G  N1   A 179    U  OP2 :0.426
 A 170    G  N1   A 277    A  N1  :0.425
 A 156    A  C2   A 158    C  N4  :0.424
 A 168    G  C8   A 168    G  OP1 :0.422
 A 217    A  O2'  A 218    A  O5' :0.411
 A 209    A H5''  A 274    G  C2  :0.407
 A 235    C  H6   A 235    C  P   :0.405
 A 170    G  H2'  A 171    U  H4' :0.402
 A 263    U  C4'  A 263    U  OP1 :0.400
clashscore = 9.65
