
                    ----------Backbone bond lenths----------                   

  All bonds within 4.0 sigma of ideal values.

                    ----------Backbone bond angles----------                   

  residue               atom 1  atom 2  atom 3  sigmas
   A 167    U              O3'     P       OP1    6.18
   A 167    U              O3'     P       OP2   -4.37
   A 170    G              O3'     P       OP1   -7.42
   A 170    G              O3'     P       OP2   10.05
   A 209    A              O3'     P       OP1   32.06
   A 248    G              O3'     P       OP1    5.29
  6/3071 angle outliers present

                        ----------Sugar pucker----------                       

  residue                  delta   outlier   epsilon   outlier
   A 167    U              150.9        no      12.9       yes
   A 181    A              147.2        no     320.9       yes
   A 207    C               82.4        no     130.4       yes
   A 265    U              162.4       yes     282.1        no
   A 273    U               82.5        no      32.9       yes
  5/139 pucker outliers present

                  ----------Backbone torsion suites----------                  

  Suite ID                 suite  suiteness  triaged angle
     C A 158                  !!      0.000     gamma
     U A 167                  !!      0.000     alpha
     G A 168                  !!      0.000  epsilon-1
     U A 171                  !!      0.000    zeta-1
     U A 174                  !!      0.000     gamma
     A A 180                  !!      0.000     gamma
     G A 182                  !!      0.000  epsilon-1
     C A 198                  !!      0.000     gamma
     C A 208                  !!      0.000  epsilon-1
     A A 209                  !!      0.000      None
     A A 225                  !!      0.000     gamma
     U A 234                  !!      0.000      None
     U A 246                  !!      0.000     gamma
     U A 247                  !!      0.000      None
     U A 249                  !!      0.000     gamma
     G A 256                  !!      0.000     gamma
     U A 265                  !!      0.000     gamma
     G A 266                  !!      0.000     gamma
     G A 274                  !!      0.000  epsilon-1
     A A 278                  !!      0.000      None
  16 suites triaged and 0 incomplete leaving 124 suites
  20/140 suite outliers present
  Average suiteness: 0.750
