
Using nuclear cloud x-H distances and vdW radii

Using input model H/D atoms...

Bad Clashes >= 0.4 Angstrom:
 A 168    G  C8   A 168    G  OP1 :0.926
 A 277    A  C8   A 277    A  OP2 :0.751
 A 168    G  H8   A 168    G  P   :0.666
 A 248    G  C8   A 248    G  OP1 :0.658
 A 220    G  O2'  A 222    C  N4  :0.647
 A 168    G  H3'  A 168    G  OP1 :0.636
 A 273    U  O2'  A 274    G  OP1 :0.624
 A 161    G  N1   A 285    A  N1  :0.613
 A 248    G  O4'  A 248    G  P   :0.576
 A 168    G  C8   A 168    G  P   :0.557
 A 170    G  C5'  A 170    G  H8  :0.539
 A 208    C  O2'  A 209    A  OP1 :0.488
 A 217    A  H2'  A 218    A  C8  :0.481
 A 157    G  O2'  A 159    A  OP2 :0.470
 A 170    G  H8   A 170    G H5'' :0.458
 A 170    G  C5'  A 170    G  C8  :0.455
 A 206    U  H2'  A 207    C  C6  :0.428
 A 238    U  H2'  A 239    C  C6  :0.426
 A 157    G  N1   A 282    G  OP2 :0.411
 A 277    A  H2'  A 278    A  C8  :0.409
 A 265    U  O4'  A 265    U  OP1 :0.402
clashscore = 4.71
