
                    ----------Backbone bond lenths----------                   

  All bonds within 4.0 sigma of ideal values.

                    ----------Backbone bond angles----------                   

  residue               atom 1  atom 2  atom 3  sigmas
   A 248    G              O3'     C3'     C2'    4.11
  1/3071 angle outliers present

                        ----------Sugar pucker----------                       

  residue                  delta   outlier   epsilon   outlier
   A 219    C               79.1       yes      40.9       yes
   A 273    U               82.4        no      32.9       yes
   A 276    A               81.5        no     153.6       yes
  3/139 pucker outliers present

                  ----------Backbone torsion suites----------                  

  Suite ID                 suite  suiteness  triaged angle
     G A 157                  !!      0.000      None
     U A 167                  !!      0.000     gamma
     G A 168                  !!      0.000     gamma
     U A 171                  !!      0.000      None
     A A 175                  !!      0.000      None
     C A 178                  !!      0.000      None
     C A 195                  !!      0.000     gamma
     A A 209                  !!      0.000     gamma
     G A 220                  !!      0.000  epsilon-1
     C A 235                  !!      0.000      None
     U A 236                  !!      0.000      None
     U A 238                  !!      0.000     gamma
     U A 247                  !!      0.000     gamma
     G A 248                  !!      0.000     gamma
     U A 249                  !!      0.000     gamma
     G A 256                  !!      0.000     gamma
     U A 264                  !!      0.000      None
     G A 274                  !!      0.000  epsilon-1
     A A 277                  !!      0.000  epsilon-1
     A A 278                  !!      0.000      None
     U A 289                  !!      0.000     alpha
  13 suites triaged and 0 incomplete leaving 127 suites
  21/140 suite outliers present
  Average suiteness: 0.721
