
Using nuclear cloud x-H distances and vdW radii

Using input model H/D atoms...

Bad Clashes >= 0.4 Angstrom:
 A 168    G  C8   A 168    G  OP1 :0.840
 A 158    C  H6   A 158    C  P   :0.813
 A 220    G  H4'  A 220    G  OP1 :0.794
 A 210    U  H6   A 210    U  P   :0.786
 A 158    C  H3'  A 158    C  OP1 :0.717
 A 158    C  C6   A 158    C  P   :0.711
 A 220    G  C4'  A 220    G  OP1 :0.709
 A 243    U  O2'  A 244    G  P   :0.645
 A 219    C  O2'  A 248    G  O6  :0.636
 A 263    U  H6   A 263    U  OP2 :0.630
 A 158    C  C6   A 158    C  OP1 :0.625
 A 273    U  O2'  A 274    G  OP1 :0.624
 A 161    G  N1   A 285    A  N1  :0.611
 A 210    U  C6   A 210    U  P   :0.580
 A 210    U  H6   A 210    U  OP2 :0.561
 A 178    C  N3   A 221    C  N4  :0.545
 A 263    U  C6   A 263    U  OP2 :0.540
 A 243    U  O2'  A 244    G  OP1 :0.533
 A 175    A  O2'  A 248    G  O5' :0.522
 A 264    U  H6   A 264    U  O5' :0.522
 A 168    G  H8   A 168    G  P   :0.515
 A 156    A  O2'  A 158    C  OP2 :0.512
 A 181    A  O2'  A 182    G  OP2 :0.495
 A 168    G  H8   A 168    G  OP1 :0.486
 A 235    C  O2'  A 236    U  OP2 :0.485
 A 210    U  C6   A 210    U  OP2 :0.462
 A 181    A  O2'  A 182    G  P   :0.457
 A 158    C  C6   A 158    C  OP2 :0.444
 A 243    U  H6   A 243    U  O5' :0.444
 A 206    U  H2'  A 207    C  C6  :0.429
 A 238    U  H2'  A 239    C  C6  :0.428
 A 224    U  H2'  A 225    A  O4' :0.422
 A 210    U  C6   A 210    U  OP1 :0.420
 A 170    G  H2'  A 171    U  H4' :0.418
 A 207    C  H2'  A 208    C  C6  :0.416
 A 222    C  H2'  A 223    U  C6  :0.411
clashscore = 8.08
