
Using nuclear cloud x-H distances and vdW radii

Using input model H/D atoms...

Bad Clashes >= 0.4 Angstrom:
 A 235    C  C6   A 235    C  OP1 :1.075
 A 249    U  O4'  A 249    U  OP1 :1.031
 A 168    G  C8   A 168    G  OP1 :0.939
 A 235    C  H6   A 235    C  OP1 :0.680
 A 208    C  O2'  A 209    A  OP1 :0.651
 A 236    U  H6   A 236    U  O5' :0.631
 A 220    G  H4'  A 220    G  OP1 :0.630
 A 273    U  O2'  A 274    G  OP1 :0.625
 A 161    G  N1   A 285    A  N1  :0.613
 A 156    A  O2'  A 157    G  O5' :0.591
 A 220    G  C4'  A 220    G  OP1 :0.590
 A 168    G  H8   A 168    G  P   :0.576
 A 168    G  H8   A 168    G  OP1 :0.559
 A 178    C  N4   A 248    G  N3  :0.559
 A 263    U  N3   A 266    G  N7  :0.557
 A 249    U  O4'  A 249    U  P   :0.556
 A 219    C  O2'  A 248    G  O6  :0.530
 A 277    A  C8   A 277    A  H3' :0.527
 A 235    C  H6   A 235    C  P   :0.484
 A 171    U  O2   A 277    A  N1  :0.464
 A 156    A  O2'  A 157    G  C5' :0.458
 A 168    G  H3'  A 168    G  OP1 :0.456
 A 235    C  C5   A 235    C  OP1 :0.454
 A 248    G  C2'  A 249    U  OP2 :0.448
 A 193    U  O2'  A 196    G  O6  :0.429
 A 206    U  H2'  A 207    C  C6  :0.429
 A 170    G  C6   A 278    A  N6  :0.427
 A 238    U  H2'  A 239    C  C6  :0.426
 A 277    A  C3'  A 277    A  C8  :0.416
 A 236    U  C6   A 236    U  O5' :0.408
 A 171    U  H4'  A 171    U  OP1 :0.406
 A 277    A  H3'  A 277    A  H8  :0.404
 A 243    U  H6   A 243    U  O5' :0.403
clashscore = 7.41
