
                    ----------Backbone bond lenths----------                   

  All bonds within 4.0 sigma of ideal values.

                    ----------Backbone bond angles----------                   

  residue               atom 1  atom 2  atom 3  sigmas
   A 265    U              C4'     C3'     C2'    4.45
  1/3071 angle outliers present

                        ----------Sugar pucker----------                       

  residue                  delta   outlier   epsilon   outlier
   A 208    C               86.5        no      25.9       yes
   A 273    U               82.5        no      32.9       yes
  2/139 pucker outliers present

                  ----------Backbone torsion suites----------                  

  Suite ID                 suite  suiteness  triaged angle
     C A 158                  !!      0.000      None
     U A 167                  !!      0.000     gamma
     G A 168                  !!      0.000      None
     G A 170                  !!      0.000     gamma
     U A 171                  !!      0.000      None
     U A 174                  !!      0.000      None
     A A 175                  !!      0.000      None
     C A 178                  !!      0.000      None
     U A 179                  !!      0.000     gamma
     A A 180                  !!      0.000      None
     C A 194                  !!      0.000     gamma
     A A 209                  !!      0.000  epsilon-1
     C A 221                  !!      0.000      None
     A A 225                  !!      0.000     gamma
     C A 235                  !!      0.000     gamma
     U A 236                  !!      0.000     gamma
     G A 248                  !!      0.000     gamma
     U A 249                  !!      0.000     gamma
     G A 256                  !!      0.000     gamma
     U A 263                  !!      0.000      None
     U A 265                  !!      0.000     gamma
     G A 274                  !!      0.000  epsilon-1
     A A 277                  !!      0.000     alpha
  14 suites triaged and 0 incomplete leaving 126 suites
  23/140 suite outliers present
  Average suiteness: 0.750
