
                    ----------Backbone bond lenths----------                   

  All bonds within 4.0 sigma of ideal values.

                    ----------Backbone bond angles----------                   

  residue               atom 1  atom 2  atom 3  sigmas
   A 170    A              O3'     C3'     C2'    4.73
   A 220    A              O3'     C3'     C2'    5.25
   A 220    A              C5'     C4'     O4'    4.91
  3/2719 angle outliers present

                        ----------Sugar pucker----------                       

  residue                  delta   outlier   epsilon   outlier
   A 182    U               79.1       yes      34.7       yes
   A 219    G               82.4        no      31.2       yes
   A 252    G               80.8        no      33.3       yes
  3/123 pucker outliers present

                  ----------Backbone torsion suites----------                  

  Suite ID                 suite  suiteness  triaged angle
     A A 170                  !!      0.000      None
     C A 176                  !!      0.000      None
     C A 183                  !!      0.000  epsilon-1
     U A 201                  !!      0.000    zeta-1
     C A 203                  !!      0.000     gamma
     U A 211                  !!      0.000     gamma
     U A 212                  !!      0.000      None
     A A 220                  !!      0.000  epsilon-1
     U A 221                  !!      0.000    zeta-1
     C A 222                  !!      0.000     gamma
     A A 223                  !!      0.000      None
     G A 242                  !!      0.000     gamma
     A A 253                  !!      0.000  epsilon-1
     A A 270                  !!      0.000     gamma
  10 suites triaged and 0 incomplete leaving 114 suites
  14/124 suite outliers present
  Average suiteness: 0.772
