
                    ----------Backbone bond lenths----------                   

  All bonds within 4.0 sigma of ideal values.

                    ----------Backbone bond angles----------                   

  residue               atom 1  atom 2  atom 3  sigmas
   A 239    U              O3'     C3'     C2'   -4.23
  1/2719 angle outliers present

                        ----------Sugar pucker----------                       

  residue                  delta   outlier   epsilon   outlier
   A 182    U               79.2       yes      34.7       yes
   A 220    A               80.3        no      31.1       yes
   A 239    U               79.2        no      55.6       yes
   A 252    G               80.8        no      33.3       yes
  4/123 pucker outliers present

                  ----------Backbone torsion suites----------                  

  Suite ID                 suite  suiteness  triaged angle
     A A 169                  !!      0.000      None
     C A 183                  !!      0.000  epsilon-1
     U A 211                  !!      0.000     gamma
     U A 212                  !!      0.000      None
     U A 221                  !!      0.000  epsilon-1
     A A 235                  !!      0.000      None
     U A 240                  !!      0.000  epsilon-1
     G A 246                  !!      0.000     gamma
     A A 253                  !!      0.000  epsilon-1
     A A 270                  !!      0.000     gamma
     C A 275                  !!      0.000      None
  7 suites triaged and 0 incomplete leaving 117 suites
  11/124 suite outliers present
  Average suiteness: 0.762
