
Using nuclear cloud x-H distances and vdW radii

Using input model H/D atoms...

Bad Clashes >= 0.4 Angstrom:
 A 170    A  C8   A 170    A  OP1 :0.815
 A 176    C  C6   A 176    C  OP1 :0.754
 A 182    U  O2'  A 183    C  OP1 :0.697
 A 170    A  H8   A 170    A  P   :0.689
 A 219    G  O2'  A 220    A  O5' :0.649
 A 169    A  H3'  A 169    A  N3  :0.648
 A 170    A  C8   A 170    A  P   :0.643
 A 242    G  O4'  A 242    G  P   :0.622
 A 170    A  H8   A 170    A  OP2 :0.614
 A 176    C  H6   A 176    C  P   :0.594
 A 252    G  O2'  A 253    A  O5' :0.562
 A 245    C  H6   A 245    C  O5' :0.501
 A 176    C  C6   A 176    C  P   :0.456
 A 176    C  H3'  A 176    C  OP1 :0.456
 A 161    A  C2   A 162    C  N4  :0.455
 A 244    C  H2'  A 245    C  C6  :0.443
 A 170    A  O4'  A 170    A  OP2 :0.424
 A 252    G  H4'  A 253    A  O5' :0.422
 A 170    A  C8   A 170    A  OP2 :0.417
 A 242    G  O4'  A 242    G  OP1 :0.411
 A 205    U  H2'  A 206    C  C6  :0.408
 A 242    G  C4'  A 242    G  OP1 :0.407
 A 194    U  N3   A 212    U  O4  :0.404
clashscore = 5.81
