
Using nuclear cloud x-H distances and vdW radii

Using input model H/D atoms...

Bad Clashes >= 0.4 Angstrom:
 A 182    U  O2'  A 183    C  OP1 :0.698
 A 176    C  C6   A 176    C  OP1 :0.657
 A 242    G  H8   A 242    G  OP2 :0.653
 A 202    U  O4'  A 203    C  OP2 :0.628
 A 176    C  H6   A 176    C  OP1 :0.622
 A 225    C  H6   A 225    C  OP2 :0.617
 A 202    U  C4'  A 203    C  OP2 :0.564
 A 252    G  O2'  A 253    A  O5' :0.562
 A 201    U  O2'  A 204    G  O6  :0.521
 A 245    C  H6   A 245    C  O5' :0.496
 A 225    C  C6   A 225    C  OP2 :0.486
 A 161    A  C2   A 162    C  C5  :0.467
 A 244    C  H2'  A 245    C  C6  :0.453
 A 161    A  N1   A 162    C  N4  :0.426
 A 176    C  C5   A 176    C  OP1 :0.424
 A 252    G  H4'  A 253    A  O5' :0.422
 A 194    U  N3   A 212    U  O4  :0.404
 A 202    U  H6   A 202    U  OP2 :0.404
 A 204    G  H8   A 204    G  OP2 :0.400
clashscore = 4.80
