
                    ----------Backbone bond lenths----------                   

  All bonds within 4.0 sigma of ideal values.

                    ----------Backbone bond angles----------                   

  residue               atom 1  atom 2  atom 3  sigmas
   A 169    A              O3'     C3'     C2'    4.20
   A 240    U              O3'     C3'     C2'    5.17
  2/2719 angle outliers present

                        ----------Sugar pucker----------                       

  residue                  delta   outlier   epsilon   outlier
   A 182    U               79.2       yes      34.7       yes
   A 202    U              168.5       yes     349.5       yes
   A 252    G               80.9        no      33.2       yes
  3/123 pucker outliers present

                  ----------Backbone torsion suites----------                  

  Suite ID                 suite  suiteness  triaged angle
     C A 162                  !!      0.000     alpha
     U A 175                  !!      0.000     gamma
     C A 183                  !!      0.000  epsilon-1
     U A 202                  !!      0.000     delta
     C A 203                  !!      0.000  epsilon-1
     U A 211                  !!      0.000     gamma
     U A 212                  !!      0.000      None
     C A 222                  !!      0.000    zeta-1
     C A 225                  !!      0.000      None
     U A 239                  !!      0.000      None
     U A 240                  !!      0.000      None
     G A 242                  !!      0.000     gamma
     A A 253                  !!      0.000  epsilon-1
     A A 270                  !!      0.000     gamma
  10 suites triaged and 0 incomplete leaving 114 suites
  14/124 suite outliers present
  Average suiteness: 0.764
