
                    ----------Backbone bond lenths----------                   

  All bonds within 4.0 sigma of ideal values.

                    ----------Backbone bond angles----------                   

  residue               atom 1  atom 2  atom 3  sigmas
   A 186    C              C4'     C3'     C2'    4.28
   A 186    C              O3'     C3'     C2'    4.66
  2/2719 angle outliers present

                        ----------Sugar pucker----------                       

  residue                  delta   outlier   epsilon   outlier
   A 168    U               75.4        no      98.3       yes
   A 182    U               79.1       yes      34.7       yes
   A 220    A               75.6        no      43.4       yes
   A 252    G               80.9        no      33.2       yes
  4/123 pucker outliers present

                  ----------Backbone torsion suites----------                  

  Suite ID                 suite  suiteness  triaged angle
     C A 162                  !!      0.000     alpha
     A A 169                  !!      0.000  epsilon-1
     U A 175                  !!      0.000      None
     C A 176                  !!      0.000      None
     C A 183                  !!      0.000  epsilon-1
     G A 204                  !!      0.000      None
     U A 211                  !!      0.000     gamma
     U A 212                  !!      0.000      None
     U A 221                  !!      0.000  epsilon-1
     U A 224                  !!      0.000      None
     C A 225                  !!      0.000      None
     C A 241                  !!      0.000     gamma
     G A 242                  !!      0.000      None
     C A 245                  !!      0.000      None
     A A 253                  !!      0.000  epsilon-1
     A A 270                  !!      0.000     gamma
     C A 275                  !!      0.000      None
  8 suites triaged and 0 incomplete leaving 116 suites
  17/124 suite outliers present
  Average suiteness: 0.753
