
Using nuclear cloud x-H distances and vdW radii

Using input model H/D atoms...

Bad Clashes >= 0.4 Angstrom:
 A 220    A  C8   A 220    A  OP2 :0.876
 A 242    G  O4'  A 242    G  OP2 :0.844
 A 182    U  O2'  A 183    C  OP1 :0.697
 A 274    C  O2'  A 275    C  OP1 :0.695
 A 220    A  O4'  A 220    A  OP2 :0.620
 A 220    A  H8   A 220    A  P   :0.592
 A 175    U  C6   A 175    U  OP1 :0.568
 A 252    G  O2'  A 253    A  O5' :0.562
 A 175    U  H6   A 175    U  OP1 :0.543
 A 235    A  H8   A 235    A  O5' :0.539
 A 219    G  N3   A 223    A  N6  :0.537
 A 187    A  N1   A 219    G  N2  :0.528
 A 274    C  O2'  A 275    C  P   :0.516
 A 219    G  H8   A 219    G  OP2 :0.515
 A 220    A  C8   A 220    A  P   :0.507
 A 168    U  C4'  A 168    U  OP1 :0.500
 A 224    U  H2'  A 225    C  C6  :0.489
 A 161    A  C2   A 162    C  N4  :0.467
 A 252    G  H4'  A 253    A  O5' :0.421
 A 205    U  H6   A 205    U  O5' :0.417
 A 239    U  O2   A 242    G  N1  :0.406
 A 194    U  N3   A 212    U  O4  :0.404
clashscore = 5.56
