
                    ----------Backbone bond lenths----------                   

  All bonds within 4.0 sigma of ideal values.

                    ----------Backbone bond angles----------                   

  All angles within 4.0 sigma of ideal values.

                        ----------Sugar pucker----------                       

  residue                  delta   outlier   epsilon   outlier
   A 182    U               79.2       yes      34.7       yes
   A 252    G               80.8        no      33.3       yes
   A 274    C               79.1        no     130.2       yes
  3/123 pucker outliers present

                  ----------Backbone torsion suites----------                  

  Suite ID                 suite  suiteness  triaged angle
     U A 168                  !!      0.000     gamma
     G A 174                  !!      0.000      None
     C A 183                  !!      0.000  epsilon-1
     U A 201                  !!      0.000     gamma
     C A 203                  !!      0.000     gamma
     U A 211                  !!      0.000     gamma
     U A 212                  !!      0.000      None
     A A 220                  !!      0.000      None
     A A 223                  !!      0.000     gamma
     U A 224                  !!      0.000      None
     A A 235                  !!      0.000      None
     G A 236                  !!      0.000     gamma
     U A 239                  !!      0.000      None
     C A 241                  !!      0.000     gamma
     G A 242                  !!      0.000      None
     A A 253                  !!      0.000  epsilon-1
     A A 270                  !!      0.000     gamma
     C A 275                  !!      0.000  epsilon-1
  11 suites triaged and 0 incomplete leaving 113 suites
  18/124 suite outliers present
  Average suiteness: 0.766
