
                    ----------Backbone bond lenths----------                   

  All bonds within 4.0 sigma of ideal values.

                    ----------Backbone bond angles----------                   

  All angles within 4.0 sigma of ideal values.

                        ----------Sugar pucker----------                       

  residue                  delta   outlier   epsilon   outlier
   A 209    U               79.1       yes      37.8       yes
   A 223    U               80.2        no      25.7       yes
   A 281    G               80.8        no     103.7       yes
  3/134 pucker outliers present

                  ----------Backbone torsion suites----------                  

  Suite ID                 suite  suiteness  triaged angle
     A A 203                  !!      0.000      None
     C A 210                  !!      0.000  epsilon-1
     G A 213                  !!      0.000      None
     A A 224                  !!      0.000  epsilon-1
     C A 225                  !!      0.000      None
     U A 230                  !!      0.000      None
     C A 231                  !!      0.000     gamma
     C A 240                  !!      0.000     gamma
     U A 249                  !!      0.000     gamma
     C A 250                  !!      0.000      beta
     U A 262                  !!      0.000     gamma
     G A 263                  !!      0.000     gamma
     U A 268                  !!      0.000    zeta-1
     C A 269                  !!      0.000     alpha
     G A 282                  !!      0.000  epsilon-1
     G A 296                  !!      0.000     gamma
     G A 317                  !!      0.000      None
  12 suites triaged and 0 incomplete leaving 123 suites
  17/135 suite outliers present
  Average suiteness: 0.766
