
                    ----------Backbone bond lenths----------                   

  All bonds within 4.0 sigma of ideal values.

                    ----------Backbone bond angles----------                   

  residue               atom 1  atom 2  atom 3  sigmas
   A 195    G              O3'     P       OP1   -5.80
   A 195    G              O3'     P       OP2   33.32
   A 203    A              O3'     P       OP2    4.79
   A 219    A              O3'     C3'     C2'    4.94
   A 240    C              O3'     P       OP1    5.68
   A 240    C              O3'     P       OP2   25.51
   A 295    C              O3'     P       OP1    7.67
   A 295    C              O3'     P       OP2   23.33
   A 309    A              O3'     P       OP1    4.67
  9/2961 angle outliers present

                        ----------Sugar pucker----------                       

  residue                  delta   outlier   epsilon   outlier
   A 271    U              144.5        no     347.4       yes
   A 281    G               80.8        no     112.3       yes
  2/134 pucker outliers present

                  ----------Backbone torsion suites----------                  

  Suite ID                 suite  suiteness  triaged angle
     C A 199                  !!      0.000     gamma
     C A 210                  !!      0.000     gamma
     A A 220                  !!      0.000      None
     U A 221                  !!      0.000      None
     A A 224                  !!      0.000      None
     C A 225                  !!      0.000      None
     U A 229                  !!      0.000     gamma
     U A 230                  !!      0.000      None
     C A 231                  !!      0.000      None
     G A 232                  !!      0.000      None
     C A 234                  !!      0.000      beta
     U A 249                  !!      0.000      None
     C A 250                  !!      0.000     gamma
     G A 252                  !!      0.000     gamma
     U A 268                  !!      0.000      None
     G A 272                  !!      0.000  epsilon-1
     G A 282                  !!      0.000  epsilon-1
     A A 289                  !!      0.000      None
     G A 291                  !!      0.000      None
  8 suites triaged and 0 incomplete leaving 127 suites
  19/135 suite outliers present
  Average suiteness: 0.732
