
                    ----------Backbone bond lenths----------                   

  All bonds within 4.0 sigma of ideal values.

                    ----------Backbone bond angles----------                   

  All angles within 4.0 sigma of ideal values.

                        ----------Sugar pucker----------                       

  residue                  delta   outlier   epsilon   outlier
   A 209    U               79.2       yes      37.7       yes
   A 268    U               79.5       yes      70.4       yes
   A 281    G               80.9        no     103.7       yes
   A 291    G               82.3        no     140.2       yes
  4/134 pucker outliers present

                  ----------Backbone torsion suites----------                  

  Suite ID                 suite  suiteness  triaged angle
     C A 210                  !!      0.000  epsilon-1
     A A 219                  !!      0.000     gamma
     A A 224                  !!      0.000      None
     C A 225                  !!      0.000      None
     U A 229                  !!      0.000    zeta-1
     U A 230                  !!      0.000    zeta-1
     G A 241                  !!      0.000     gamma
     U A 248                  !!      0.000      None
     U A 249                  !!      0.000      None
     C A 250                  !!      0.000      None
     G A 252                  !!      0.000     gamma
     U A 262                  !!      0.000     gamma
     C A 269                  !!      0.000  epsilon-1
     G A 270                  !!      0.000      None
     G A 282                  !!      0.000  epsilon-1
     G A 292                  !!      0.000  epsilon-1
     U A 293                  !!      0.000      None
     G A 296                  !!      0.000     gamma
     G A 317                  !!      0.000      None
  11 suites triaged and 0 incomplete leaving 124 suites
  19/135 suite outliers present
  Average suiteness: 0.753
