
                    ----------Backbone bond lenths----------                   

  All bonds within 4.0 sigma of ideal values.

                    ----------Backbone bond angles----------                   

  All angles within 4.0 sigma of ideal values.

                        ----------Sugar pucker----------                       

  residue                  delta   outlier   epsilon   outlier
   A 209    U               79.3       yes      37.6       yes
   A 227    G               79.4        no     145.1       yes
   A 281    G               80.9        no     103.7       yes
  3/134 pucker outliers present

                  ----------Backbone torsion suites----------                  

  Suite ID                 suite  suiteness  triaged angle
     U A 193                  !!      0.000      None
     C A 199                  !!      0.000     gamma
     C A 210                  !!      0.000  epsilon-1
     A A 220                  !!      0.000     gamma
     A A 224                  !!      0.000     alpha
     C A 225                  !!      0.000      None
     U A 228                  !!      0.000  epsilon-1
     U A 233                  !!      0.000      beta
     C A 240                  !!      0.000     gamma
     A A 247                  !!      0.000      None
     U A 249                  !!      0.000      None
     C A 250                  !!      0.000      beta
     G A 251                  !!      0.000     gamma
     G A 252                  !!      0.000      None
     G A 263                  !!      0.000     gamma
     G A 272                  !!      0.000      None
     G A 282                  !!      0.000  epsilon-1
     A A 289                  !!      0.000    zeta-1
     G A 291                  !!      0.000      None
     G A 296                  !!      0.000      None
     G A 317                  !!      0.000      None
  12 suites triaged and 0 incomplete leaving 123 suites
  21/135 suite outliers present
  Average suiteness: 0.737
