
Using nuclear cloud x-H distances and vdW radii

Using input model H/D atoms...

Bad Clashes >= 0.4 Angstrom:
 A 281    G  O2'  A 282    G  P   :0.776
 A 240    C  C6   A 240    C  OP2 :0.759
 A 209    U  O2'  A 210    C  OP1 :0.739
 A 317    G  C8   A 317    G  OP2 :0.704
 A 281    G  O2'  A 282    G  OP2 :0.701
 A 249    U  O2'  A 250    C  OP2 :0.699
 A 281    G  C2'  A 282    G  OP2 :0.648
 A 240    C  C5   A 240    C  OP2 :0.643
 A 240    C  H6   A 240    C  OP2 :0.630
 A 247    A  C8   A 247    A  OP2 :0.611
 A 281    G  O2'  A 282    G  O5' :0.551
 A 247    A  H8   A 247    A  OP2 :0.531
 A 195    G  H2'  A 196    U  C6  :0.497
 A 288    C  H2'  A 289    A  O4' :0.466
 A 269    C  H6   A 269    C  O5' :0.465
 A 317    G  H8   A 317    G  OP2 :0.451
 A 248    U  H2'  A 249    U  O4' :0.434
clashscore = 3.93
