
Using nuclear cloud x-H distances and vdW radii

Using input model H/D atoms...

Bad Clashes >= 0.4 Angstrom:
 A 213    G  H8   A 213    G  OP2 :0.991
 A 213    G  C8   A 213    G  OP2 :0.958
 A 261    A  O2'  A 262    U  OP2 :0.831
 A 281    G  O2'  A 282    G  P   :0.776
 A 261    A  O2'  A 262    U  P   :0.775
 A 219    A  N7   A 241    G  N2  :0.756
 A 209    U  O2'  A 210    C  OP1 :0.739
 A 317    G  C8   A 317    G  OP2 :0.704
 A 281    G  O2'  A 282    G  OP2 :0.701
 A 281    G  C2'  A 282    G  OP2 :0.647
 A 246    A  N6   A 248    U  O4' :0.643
 A 262    U  H3'  A 262    U  P   :0.643
 A 261    A  C2'  A 262    U  OP2 :0.626
 A 250    C  C6   A 250    C  OP2 :0.595
 A 281    G  O2'  A 282    G  O5' :0.551
 A 250    C  O2'  A 251    G  OP1 :0.541
 A 249    U  H3'  A 250    C  O4' :0.530
 A 250    C  H6   A 250    C  OP2 :0.512
 A 261    A  O2'  A 262    U  O5' :0.508
 A 267    U  H6   A 267    U  OP2 :0.501
 A 231    C  O2'  A 232    G  O5' :0.488
 A 317    G  H8   A 317    G  OP2 :0.451
 A 218    C  O2'  A 219    A  O5' :0.420
 A 197    G  C2   A 198    U  C2  :0.411
 A 203    A  H8   A 203    A  O5' :0.411
 A 212    C  H2'  A 213    G  C8  :0.409
clashscore = 6.01
