
Using nuclear cloud x-H distances and vdW radii

Using input model H/D atoms...

Bad Clashes >= 0.4 Angstrom:
 A 213    G  H8   A 213    G  OP2 :1.218
 A 213    G  C8   A 213    G  OP2 :1.160
 A 203    A  N9   A 203    A  OP1 :0.966
 A 203    A  O4'  A 203    A  OP1 :0.899
 A 250    C  H4'  A 250    C  OP2 :0.867
 A 250    C  C4'  A 250    C  OP2 :0.790
 A 281    G  O2'  A 282    G  P   :0.776
 A 209    U  O2'  A 210    C  OP1 :0.738
 A 203    A  C4   A 203    A  OP1 :0.731
 A 203    A  C1'  A 203    A  OP1 :0.715
 A 317    G  C8   A 317    G  OP2 :0.704
 A 281    G  O2'  A 282    G  OP2 :0.701
 A 281    G  C2'  A 282    G  OP2 :0.647
 A 203    A  C8   A 203    A  OP1 :0.631
 A 268    U  H6   A 268    U  OP1 :0.597
 A 202    A  H8   A 202    A  OP2 :0.550
 A 281    G  O2'  A 282    G  O5' :0.550
 A 291    G  O2'  A 294    G  O6  :0.546
 A 268    U  O2'  A 270    G  N7  :0.537
 A 251    G  H2'  A 252    G  C8  :0.496
 A 203    A  O4'  A 203    A  P   :0.494
 A 251    G  OP1  A 293    U  N3  :0.450
 A 317    G  H8   A 317    G  OP2 :0.448
 A 203    A  N6   A 309    A  N1  :0.420
 A 295    C  O2'  A 296    G  H5' :0.411
 A 195    G  H2'  A 196    U  C6  :0.407
 A 289    A  C2   A 296    G  C6  :0.401
clashscore = 6.25
