
Using nuclear cloud x-H distances and vdW radii

Using input model H/D atoms...

Bad Clashes >= 0.4 Angstrom:
 A 263    G  C8   A 263    G  OP1 :1.146
 A 263    G  H3'  A 263    G  OP1 :0.877
 A 281    G  O2'  A 282    G  P   :0.776
 A 213    G  H8   A 213    G  OP2 :0.757
 A 209    U  O2'  A 210    C  OP1 :0.739
 A 317    G  C8   A 317    G  OP2 :0.703
 A 213    G  C8   A 213    G  OP2 :0.701
 A 281    G  O2'  A 282    G  OP2 :0.701
 A 263    G  C8   A 263    G  P   :0.695
 A 281    G  C2'  A 282    G  OP2 :0.647
 A 263    G  H8   A 263    G  P   :0.641
 A 281    G  O2'  A 282    G  O5' :0.551
 A 231    C  H6   A 231    C  O5' :0.546
 A 263    G  C3'  A 263    G  OP1 :0.543
 A 219    A  N1   A 240    C  N4  :0.532
 A 228    U  O4   A 231    C  N4  :0.506
 A 263    G  H3'  A 263    G  P   :0.505
 A 220    A  N6   A 240    C  N3  :0.489
 A 251    G  O3'  A 252    G  O4' :0.475
 A 252    G  O4'  A 252    G  OP1 :0.467
 A 317    G  H8   A 317    G  OP2 :0.451
 A 202    A  N1   A 309    A  N6  :0.449
 A 263    G  N9   A 263    G  OP1 :0.443
 A 201    C  H2'  A 202    A  C8  :0.441
 A 288    C  H2'  A 289    A  O4' :0.424
 A 230    U  H2'  A 231    C  O4' :0.423
 A 249    U HO2'  A 291    G HO2' :0.422
 A 195    G  H2'  A 196    U  C6  :0.400
clashscore = 6.48
