
                    ----------Backbone bond lenths----------                   

  All bonds within 4.0 sigma of ideal values.

                    ----------Backbone bond angles----------                   

  All angles within 4.0 sigma of ideal values.

                        ----------Sugar pucker----------                       

  residue                  delta   outlier   epsilon   outlier
   A 209    U               79.2       yes      37.7       yes
   A 249    U               84.4       yes      34.6       yes
   A 281    G               80.9        no     103.7       yes
  3/134 pucker outliers present

                  ----------Backbone torsion suites----------                  

  Suite ID                 suite  suiteness  triaged angle
     A A 192                  !!      0.000     gamma
     C A 210                  !!      0.000  epsilon-1
     A A 219                  !!      0.000     gamma
     U A 230                  !!      0.000      None
     G A 232                  !!      0.000     gamma
     C A 240                  !!      0.000     gamma
     A A 246                  !!      0.000      None
     A A 247                  !!      0.000      None
     U A 248                  !!      0.000     gamma
     U A 249                  !!      0.000      None
     C A 250                  !!      0.000  epsilon-1
     G A 251                  !!      0.000      None
     U A 262                  !!      0.000     gamma
     G A 263                  !!      0.000      None
     G A 282                  !!      0.000  epsilon-1
     A A 289                  !!      0.000      None
     G A 292                  !!      0.000      None
     G A 317                  !!      0.000      None
  9 suites triaged and 0 incomplete leaving 126 suites
  18/135 suite outliers present
  Average suiteness: 0.734
