
                    ----------Backbone bond lenths----------                   

  All bonds within 4.0 sigma of ideal values.

                    ----------Backbone bond angles----------                   

  residue               atom 1  atom 2  atom 3  sigmas
   A 192    A              O3'     P       OP2   33.06
   A 203    A              O3'     P       OP2    5.73
   A 213    G              O3'     P       OP1   -4.98
   A 213    G              O3'     P       OP2    6.90
   A 220    A              O3'     P       OP1   18.88
   A 220    A              O3'     P       OP2  -11.52
   A 240    C              O3'     P       OP1   -5.08
   A 240    C              O3'     P       OP2    7.03
   A 247    A              O3'     C3'     C2'    4.17
   A 249    U              O3'     P       OP1   18.84
   A 249    U              O3'     P       OP2  -11.51
   A 251    G              O3'     P       OP1   35.31
   A 291    G              C4'     C3'     C2'    4.58
   A 309    A              O3'     P       OP1   29.84
  14/2961 angle outliers present

                        ----------Sugar pucker----------                       

  residue                  delta   outlier   epsilon   outlier
   A 209    U               79.2       yes      37.7       yes
   A 249    U               78.9        no      18.9       yes
   A 281    G               80.9        no     103.7       yes
  3/134 pucker outliers present

                  ----------Backbone torsion suites----------                  

  Suite ID                 suite  suiteness  triaged angle
     C A 199                  !!      0.000      None
     C A 210                  !!      0.000  epsilon-1
     G A 213                  !!      0.000     gamma
     A A 224                  !!      0.000     gamma
     C A 225                  !!      0.000     gamma
     U A 229                  !!      0.000      None
     G A 232                  !!      0.000     gamma
     G A 241                  !!      0.000      None
     C A 250                  !!      0.000  epsilon-1
     G A 252                  !!      0.000     gamma
     G A 263                  !!      0.000      None
     G A 272                  !!      0.000    zeta-1
     G A 282                  !!      0.000  epsilon-1
     G A 296                  !!      0.000     gamma
     G A 317                  !!      0.000      None
  10 suites triaged and 0 incomplete leaving 125 suites
  15/135 suite outliers present
  Average suiteness: 0.744
