
                    ----------Backbone bond lenths----------                   

  All bonds within 4.0 sigma of ideal values.

                    ----------Backbone bond angles----------                   

  residue               atom 1  atom 2  atom 3  sigmas
   A 240    C              O3'     P       OP1   35.26
   A 240    C              O3'     P       OP2   -4.22
   A 262    U              O3'     P       OP1    8.40
   A 262    U              O3'     P       OP2   22.66
   A 294    G              C4'     C3'     C2'    4.74
   A 294    G              O3'     C3'     C2'    4.16
   A 295    C              O3'     P       OP2    5.28
   A 309    A              O3'     P       OP1    6.32
   A 309    A              O3'     P       OP2   24.84
  9/2961 angle outliers present

                        ----------Sugar pucker----------                       

  residue                  delta   outlier   epsilon   outlier
   A 209    U               79.2       yes      42.0       yes
   A 240    C               80.7        no     129.9       yes
   A 281    G               80.9        no      31.7       yes
   A 312    G               81.1        no     145.1       yes
  4/134 pucker outliers present

                  ----------Backbone torsion suites----------                  

  Suite ID                 suite  suiteness  triaged angle
     U A 193                  !!      0.000      None
     U A 196                  !!      0.000      None
     C A 199                  !!      0.000     gamma
     C A 210                  !!      0.000  epsilon-1
     U A 221                  !!      0.000      None
     A A 224                  !!      0.000      None
     C A 225                  !!      0.000      None
     G A 241                  !!      0.000  epsilon-1
     C A 250                  !!      0.000    zeta-1
     G A 252                  !!      0.000     gamma
     G A 263                  !!      0.000      None
     U A 268                  !!      0.000      None
     U A 271                  !!      0.000      None
     G A 272                  !!      0.000      None
     G A 282                  !!      0.000  epsilon-1
     C A 313                  !!      0.000  epsilon-1
     G A 315                  !!      0.000     alpha
  8 suites triaged and 0 incomplete leaving 127 suites
  17/135 suite outliers present
  Average suiteness: 0.725
