
Using nuclear cloud x-H distances and vdW radii

Using input model H/D atoms...

Bad Clashes >= 0.4 Angstrom:
 A 269    C  C6   A 269    C  OP1 :0.799
 A 281    G  O2'  A 282    G  P   :0.776
 A 209    U  O2'  A 210    C  OP1 :0.740
 A 317    G  C8   A 317    G  OP2 :0.703
 A 281    G  O2'  A 282    G  OP2 :0.701
 A 291    G  O2'  A 292    G  OP1 :0.680
 A 281    G  C2'  A 282    G  OP2 :0.648
 A 268    U  O2'  A 269    C  P   :0.633
 A 268    U  O2'  A 269    C  OP1 :0.601
 A 269    C  C5   A 269    C  OP1 :0.563
 A 266    U  O4   A 270    G  N2  :0.558
 A 281    G  O2'  A 282    G  O5' :0.551
 A 269    C  H6   A 269    C  OP1 :0.490
 A 203    A  H8   A 203    A  O5' :0.471
 A 290    A  C2   A 296    G  O4' :0.454
 A 317    G  H8   A 317    G  OP2 :0.448
 A 268    U  H4'  A 269    C  OP1 :0.433
 A 288    C  H2'  A 289    A  O4' :0.431
 A 251    G  OP1  A 293    U  N3  :0.427
 A 196    U  H6   A 196    U  P   :0.425
 A 271    U  H2'  A 272    G  O4' :0.424
clashscore = 4.86
