
                    ----------Backbone bond lenths----------                   

  All bonds within 4.0 sigma of ideal values.

                    ----------Backbone bond angles----------                   

  All angles within 4.0 sigma of ideal values.

                        ----------Sugar pucker----------                       

  residue                  delta   outlier   epsilon   outlier
   A 281    G               78.3        no     143.5       yes
  1/134 pucker outliers present

                  ----------Backbone torsion suites----------                  

  Suite ID                 suite  suiteness  triaged angle
     A A 192                  !!      0.000     gamma
     G A 204                  !!      0.000      None
     C A 212                  !!      0.000     gamma
     G A 214                  !!      0.000      None
     A A 220                  !!      0.000      None
     U A 248                  !!      0.000      None
     U A 249                  !!      0.000      None
     C A 250                  !!      0.000      None
     G A 282                  !!      0.000  epsilon-1
     G A 292                  !!      0.000      None
     U A 293                  !!      0.000      None
     G A 294                  !!      0.000      None
     C A 295                  !!      0.000      None
  3 suites triaged and 0 incomplete leaving 132 suites
  13/135 suite outliers present
  Average suiteness: 0.798
