
                    ----------Backbone bond lenths----------                   

  All bonds within 4.0 sigma of ideal values.

                    ----------Backbone bond angles----------                   

  All angles within 4.0 sigma of ideal values.

                        ----------Sugar pucker----------                       

  All puckers have reasonable geometry.

                  ----------Backbone torsion suites----------                  

  Suite ID                 suite  suiteness  triaged angle
     U A 198                  !!      0.000      None
     C A 212                  !!      0.000     gamma
     U A 221                  !!      0.000      None
     C A 231                  !!      0.000      None
     U A 248                  !!      0.000      None
     C A 250                  !!      0.000      None
     U A 267                  !!      0.000      None
     G A 282                  !!      0.000     gamma
     U A 293                  !!      0.000      None
  2 suites triaged and 0 incomplete leaving 133 suites
  9/135 suite outliers present
  Average suiteness: 0.799
