
                    ----------Backbone bond lenths----------                   

  All bonds within 4.0 sigma of ideal values.

                    ----------Backbone bond angles----------                   

  All angles within 4.0 sigma of ideal values.

                        ----------Sugar pucker----------                       

  All puckers have reasonable geometry.

                  ----------Backbone torsion suites----------                  

  Suite ID                 suite  suiteness  triaged angle
     C A 210                  !!      0.000      None
     A A 220                  !!      0.000      None
     U A 221                  !!      0.000      None
     A A 222                  !!      0.000      None
     U A 230                  !!      0.000      None
     C A 231                  !!      0.000     gamma
     U A 248                  !!      0.000      None
     C A 250                  !!      0.000      None
     U A 271                  !!      0.000      None
     G A 272                  !!      0.000      None
     G A 282                  !!      0.000     gamma
     G A 294                  !!      0.000      None
     C A 295                  !!      0.000    zeta-1
     A A 314                  !!      0.000      None
  3 suites triaged and 0 incomplete leaving 132 suites
  14/135 suite outliers present
  Average suiteness: 0.787
