
                    ----------Backbone bond lenths----------                   

  All bonds within 4.0 sigma of ideal values.

                    ----------Backbone bond angles----------                   

  All angles within 4.0 sigma of ideal values.

                        ----------Sugar pucker----------                       

  All puckers have reasonable geometry.

                  ----------Backbone torsion suites----------                  

  Suite ID                 suite  suiteness  triaged angle
     A A  16                  !!      0.000      None
     C A  17                  !!      0.000      None
     A A  22                  !!      0.000      None
     C A  36                  !!      0.000      None
     G A  57                  !!      0.000      None
     U A  58                  !!      0.000      None
     C A  75                  !!      0.000      None
     G A  99                  !!      0.000      None
     U A 100                  !!      0.000      None
     A A 114                  !!      0.000     gamma
  1 suites triaged and 0 incomplete leaving 152 suites
  10/153 suite outliers present
  Average suiteness: 0.838
