
                    ----------Backbone bond lenths----------                   

  All bonds within 4.0 sigma of ideal values.

                    ----------Backbone bond angles----------                   

  All angles within 4.0 sigma of ideal values.

                        ----------Sugar pucker----------                       

  residue                  delta   outlier   epsilon   outlier
   A 299    G               75.9        no     130.7       yes
  1/134 pucker outliers present

                  ----------Backbone torsion suites----------                  

  Suite ID                 suite  suiteness  triaged angle
     C A 212                  !!      0.000      None
     U A 220                  !!      0.000      None
     G A 232                  !!      0.000     alpha
     U A 246                  !!      0.000      None
     U A 266                  !!      0.000      None
     U A 267                  !!      0.000      None
     C A 268                  !!      0.000      None
     G A 269                  !!      0.000      None
     G A 272                  !!      0.000      None
     U A 280                  !!      0.000      None
     A A 300                  !!      0.000  epsilon-1
     C A 313                  !!      0.000     gamma
  3 suites triaged and 0 incomplete leaving 132 suites
  12/135 suite outliers present
  Average suiteness: 0.819
