
                    ----------Backbone bond lenths----------                   

  All bonds within 4.0 sigma of ideal values.

                    ----------Backbone bond angles----------                   

  All angles within 4.0 sigma of ideal values.

                        ----------Sugar pucker----------                       

  residue                  delta   outlier   epsilon   outlier
   A 271    G               81.2        no      23.4       yes
   A 299    G               78.9        no      27.3       yes
  2/134 pucker outliers present

                  ----------Backbone torsion suites----------                  

  Suite ID                 suite  suiteness  triaged angle
     C A 249                  !!      0.000      None
     C A 252                  !!      0.000      None
     A A 264                  !!      0.000      None
     U A 266                  !!      0.000      None
     G A 272                  !!      0.000  epsilon-1
     U A 280                  !!      0.000      None
     G A 281                  !!      0.000      None
     A A 300                  !!      0.000  epsilon-1
  2 suites triaged and 0 incomplete leaving 133 suites
  8/135 suite outliers present
  Average suiteness: 0.809
