
                    ----------Backbone bond lenths----------                   

  All bonds within 4.0 sigma of ideal values.

                    ----------Backbone bond angles----------                   

  All angles within 4.0 sigma of ideal values.

                        ----------Sugar pucker----------                       

  All puckers have reasonable geometry.

                  ----------Backbone torsion suites----------                  

  Suite ID                 suite  suiteness  triaged angle
     C A 210                  !!      0.000      None
     A A 211                  !!      0.000      None
     C A 218                  !!      0.000      None
     A A 219                  !!      0.000      None
     A A 222                  !!      0.000      None
     A A 224                  !!      0.000      None
     C A 255                  !!      0.000      None
     G A 282                  !!      0.000     gamma
     G A 292                  !!      0.000      None
  1 suites triaged and 0 incomplete leaving 134 suites
  9/135 suite outliers present
  Average suiteness: 0.821
