
                    ----------Backbone bond lenths----------                   

  All bonds within 4.0 sigma of ideal values.

                    ----------Backbone bond angles----------                   

  All angles within 4.0 sigma of ideal values.

                        ----------Sugar pucker----------                       

  All puckers have reasonable geometry.

                  ----------Backbone torsion suites----------                  

  Suite ID                 suite  suiteness  triaged angle
     C A 210                  !!      0.000      None
     A A 211                  !!      0.000      None
     A A 219                  !!      0.000     alpha
     C A 231                  !!      0.000      None
     G A 241                  !!      0.000      None
     C A 255                  !!      0.000      None
     U A 262                  !!      0.000      None
     U A 275                  !!      0.000      None
     G A 282                  !!      0.000      None
     C A 295                  !!      0.000      None
  1 suites triaged and 0 incomplete leaving 134 suites
  10/135 suite outliers present
  Average suiteness: 0.780
