
                    ----------Backbone bond lenths----------                   

  All bonds within 4.0 sigma of ideal values.

                    ----------Backbone bond angles----------                   

  All angles within 4.0 sigma of ideal values.

                        ----------Sugar pucker----------                       

  residue                  delta   outlier   epsilon   outlier
   A 228    U               72.5        no      82.5       yes
  1/134 pucker outliers present

                  ----------Backbone torsion suites----------                  

  Suite ID                 suite  suiteness  triaged angle
     C A 210                  !!      0.000      None
     A A 211                  !!      0.000      None
     A A 217                  !!      0.000      None
     C A 218                  !!      0.000      None
     U A 221                  !!      0.000      None
     A A 222                  !!      0.000      None
     U A 223                  !!      0.000      None
     A A 224                  !!      0.000      None
     U A 229                  !!      0.000  epsilon-1
     G A 244                  !!      0.000      None
     C A 245                  !!      0.000      None
     C A 255                  !!      0.000      None
     U A 262                  !!      0.000      None
     U A 275                  !!      0.000      None
     G A 282                  !!      0.000      None
  1 suites triaged and 0 incomplete leaving 134 suites
  15/135 suite outliers present
  Average suiteness: 0.780
