
                    ----------Backbone bond lenths----------                   

  All bonds within 4.0 sigma of ideal values.

                    ----------Backbone bond angles----------                   

  All angles within 4.0 sigma of ideal values.

                        ----------Sugar pucker----------                       

  residue                  delta   outlier   epsilon   outlier
   A 228    U               75.6        no     127.6       yes
  1/134 pucker outliers present

                  ----------Backbone torsion suites----------                  

  Suite ID                 suite  suiteness  triaged angle
     U A 193                  !!      0.000      None
     G A 204                  !!      0.000      None
     C A 210                  !!      0.000      None
     A A 211                  !!      0.000      None
     U A 215                  !!      0.000      None
     A A 224                  !!      0.000      None
     U A 229                  !!      0.000  epsilon-1
     C A 255                  !!      0.000      None
     G A 282                  !!      0.000      None
  1 suites triaged and 0 incomplete leaving 134 suites
  9/135 suite outliers present
  Average suiteness: 0.791
