
                    ----------Backbone bond lenths----------                   

  All bonds within 4.0 sigma of ideal values.

                    ----------Backbone bond angles----------                   

  All angles within 4.0 sigma of ideal values.

                        ----------Sugar pucker----------                       

  All puckers have reasonable geometry.

                  ----------Backbone torsion suites----------                  

  Suite ID                 suite  suiteness  triaged angle
     U A 198                  !!      0.000      None
     C A 199                  !!      0.000      None
     A A 211                  !!      0.000      None
     U A 215                  !!      0.000      None
     C A 216                  !!      0.000      None
     A A 224                  !!      0.000      None
     U A 230                  !!      0.000      None
     A A 246                  !!      0.000      None
     A A 247                  !!      0.000      None
     C A 255                  !!      0.000      None
     G A 282                  !!      0.000      None
     G A 294                  !!      0.000      None
  0 suites triaged and 0 incomplete leaving 135 suites
  12/135 suite outliers present
  Average suiteness: 0.788
